c:\users\godye\desktop\새 폴더 (3)\myserver\gameserver\x64\debug\gameserver.pch
c:\users\godye\desktop\새 폴더 (3)\myserver\gameserver\x64\debug\vc142.pdb
c:\users\godye\desktop\새 폴더 (3)\myserver\gameserver\x64\debug\vc142.idb
c:\users\godye\desktop\새 폴더 (3)\myserver\gameserver\x64\debug\pch.obj
c:\users\godye\desktop\새 폴더 (3)\myserver\gameserver\x64\debug\usermanager.obj
c:\users\godye\desktop\새 폴더 (3)\myserver\gameserver\x64\debug\user.obj
c:\users\godye\desktop\새 폴더 (3)\myserver\gameserver\x64\debug\gamesessionmanager.obj
c:\users\godye\desktop\새 폴더 (3)\myserver\gameserver\x64\debug\gamesession.obj
c:\users\godye\desktop\새 폴더 (3)\myserver\gameserver\x64\debug\gameserver.obj
c:\users\godye\desktop\새 폴더 (3)\myserver\gameserver\x64\debug\csvreader.obj
c:\users\godye\desktop\새 폴더 (3)\myserver\gameserver\x64\debug\clientpackethandler.obj
c:\users\godye\desktop\새 폴더 (3)\myserver\gameserver\x64\debug\struct.pb.obj
c:\users\godye\desktop\새 폴더 (3)\myserver\gameserver\x64\debug\protocol.pb.obj
c:\users\godye\desktop\새 폴더 (3)\myserver\gameserver\x64\debug\enum.pb.obj
c:\users\godye\desktop\새 폴더 (3)\myserver\gameserver\x64\debug\gameserver.tlog\cl.command.1.tlog
c:\users\godye\desktop\새 폴더 (3)\myserver\gameserver\x64\debug\gameserver.tlog\cl.read.1.tlog
c:\users\godye\desktop\새 폴더 (3)\myserver\gameserver\x64\debug\gameserver.tlog\cl.write.1.tlog
c:\users\godye\desktop\새 폴더 (3)\myserver\gameserver\x64\debug\gameserver.tlog\link.command.1.tlog
c:\users\godye\desktop\새 폴더 (3)\myserver\gameserver\x64\debug\gameserver.tlog\link.read.1.tlog
c:\users\godye\desktop\새 폴더 (3)\myserver\gameserver\x64\debug\gameserver.tlog\link.write.1.tlog
