  pch.cpp
  Allocator.cpp
  BufferReader.cpp
  BufferWriter.cpp
C:\Users\godye\Desktop\Project\MyServer\ServerCore\BufferWriter.cpp(19,17): warning C4018: '<': signed 또는 unsigned가 일치하지 않습니다.
  ConsoleLogger.cpp
  CoreGlobal.cpp
  CorePch.cpp
  CoreTLS.cpp
  DeadLockProfiler.cpp
  IocpCore.cpp
  IocpEvent.cpp
  Listener.cpp
  Lock.cpp
  Memory.cpp
  MemoryPool.cpp
  NetAddress.cpp
  RecvBuffer.cpp
  RefCounting.cpp
  SendBuffer.cpp
  Service.cpp
  Session.cpp
  컴파일하고 있습니다...
  Singleton.cpp
  SocketUtils.cpp
  ThreadManager.cpp
  ServerCore.vcxproj -> C:\Users\godye\Desktop\Project\MyServer\Libraries\Libs\ServerCore\Release\ServerCore.lib
