  pch.cpp
  Allocator.cpp
  BufferReader.cpp
  BufferWriter.cpp
C:\Users\godye\Desktop\Project\ProjectYA\MyServer\ServerCore\BufferWriter.cpp(19,17): warning C4018: '<': signed 또는 unsigned가 일치하지 않습니다.
  ConsoleLogger.cpp
  CoreGlobal.cpp
  CorePch.cpp
  CoreTLS.cpp
  DeadLockProfiler.cpp
  IocpCore.cpp
  IocpEvent.cpp
  Listener.cpp
  Lock.cpp
  Memory.cpp
  MemoryPool.cpp
  NetAddress.cpp
  RecvBuffer.cpp
  RefCounting.cpp
  SendBuffer.cpp
  Service.cpp
  Session.cpp
  코드를 생성하고 있습니다...
  컴파일하고 있습니다...
  Singleton.cpp
  SocketUtils.cpp
  Table.cpp
  ThreadManager.cpp
  코드를 생성하고 있습니다...
  ServerCore.vcxproj -> C:\Users\godye\Desktop\Project\ProjectYA\MyServer\Libraries\Libs\ServerCore\Debug\ServerCore.lib
