c:\users\godye\desktop\project\myserver\servercore\x64\debug\servercore.pch
c:\users\godye\desktop\project\myserver\libraries\libs\servercore\debug\servercore.pdb
c:\users\godye\desktop\project\myserver\libraries\libs\servercore\debug\servercore.idb
c:\users\godye\desktop\project\myserver\servercore\x64\debug\pch.obj
c:\users\godye\desktop\project\myserver\servercore\x64\debug\session.obj
c:\users\godye\desktop\project\myserver\servercore\x64\debug\service.obj
c:\users\godye\desktop\project\myserver\servercore\x64\debug\sendbuffer.obj
c:\users\godye\desktop\project\myserver\servercore\x64\debug\refcounting.obj
c:\users\godye\desktop\project\myserver\servercore\x64\debug\recvbuffer.obj
c:\users\godye\desktop\project\myserver\servercore\x64\debug\netaddress.obj
c:\users\godye\desktop\project\myserver\servercore\x64\debug\memorypool.obj
c:\users\godye\desktop\project\myserver\servercore\x64\debug\memory.obj
c:\users\godye\desktop\project\myserver\servercore\x64\debug\lock.obj
c:\users\godye\desktop\project\myserver\servercore\x64\debug\listener.obj
c:\users\godye\desktop\project\myserver\servercore\x64\debug\iocpevent.obj
c:\users\godye\desktop\project\myserver\servercore\x64\debug\iocpcore.obj
c:\users\godye\desktop\project\myserver\servercore\x64\debug\deadlockprofiler.obj
c:\users\godye\desktop\project\myserver\servercore\x64\debug\coretls.obj
c:\users\godye\desktop\project\myserver\servercore\x64\debug\corepch.obj
c:\users\godye\desktop\project\myserver\servercore\x64\debug\coreglobal.obj
c:\users\godye\desktop\project\myserver\servercore\x64\debug\consolelogger.obj
c:\users\godye\desktop\project\myserver\servercore\x64\debug\bufferwriter.obj
c:\users\godye\desktop\project\myserver\servercore\x64\debug\bufferreader.obj
c:\users\godye\desktop\project\myserver\servercore\x64\debug\allocator.obj
c:\users\godye\desktop\project\myserver\servercore\x64\debug\threadmanager.obj
c:\users\godye\desktop\project\myserver\servercore\x64\debug\table.obj
c:\users\godye\desktop\project\myserver\servercore\x64\debug\socketutils.obj
c:\users\godye\desktop\project\myserver\servercore\x64\debug\singleton.obj
c:\users\godye\desktop\project\myserver\libraries\libs\servercore\debug\servercore.lib
c:\users\godye\desktop\새 폴더 (3)\myserver\servercore\x64\debug\allocator.obj
c:\users\godye\desktop\새 폴더 (3)\myserver\servercore\x64\debug\bufferreader.obj
c:\users\godye\desktop\새 폴더 (3)\myserver\servercore\x64\debug\bufferwriter.obj
c:\users\godye\desktop\새 폴더 (3)\myserver\servercore\x64\debug\consolelogger.obj
c:\users\godye\desktop\새 폴더 (3)\myserver\servercore\x64\debug\coreglobal.obj
c:\users\godye\desktop\새 폴더 (3)\myserver\servercore\x64\debug\corepch.obj
c:\users\godye\desktop\새 폴더 (3)\myserver\servercore\x64\debug\coretls.obj
c:\users\godye\desktop\새 폴더 (3)\myserver\servercore\x64\debug\deadlockprofiler.obj
c:\users\godye\desktop\새 폴더 (3)\myserver\servercore\x64\debug\iocpcore.obj
c:\users\godye\desktop\새 폴더 (3)\myserver\servercore\x64\debug\iocpevent.obj
c:\users\godye\desktop\새 폴더 (3)\myserver\servercore\x64\debug\listener.obj
c:\users\godye\desktop\새 폴더 (3)\myserver\servercore\x64\debug\lock.obj
c:\users\godye\desktop\새 폴더 (3)\myserver\servercore\x64\debug\memory.obj
c:\users\godye\desktop\새 폴더 (3)\myserver\servercore\x64\debug\memorypool.obj
c:\users\godye\desktop\새 폴더 (3)\myserver\servercore\x64\debug\netaddress.obj
c:\users\godye\desktop\새 폴더 (3)\myserver\servercore\x64\debug\pch.obj
c:\users\godye\desktop\새 폴더 (3)\myserver\servercore\x64\debug\recvbuffer.obj
c:\users\godye\desktop\새 폴더 (3)\myserver\servercore\x64\debug\refcounting.obj
c:\users\godye\desktop\새 폴더 (3)\myserver\servercore\x64\debug\sendbuffer.obj
c:\users\godye\desktop\새 폴더 (3)\myserver\servercore\x64\debug\service.obj
c:\users\godye\desktop\새 폴더 (3)\myserver\servercore\x64\debug\session.obj
c:\users\godye\desktop\새 폴더 (3)\myserver\servercore\x64\debug\singleton.obj
c:\users\godye\desktop\새 폴더 (3)\myserver\servercore\x64\debug\socketutils.obj
c:\users\godye\desktop\새 폴더 (3)\myserver\servercore\x64\debug\table.obj
c:\users\godye\desktop\새 폴더 (3)\myserver\servercore\x64\debug\threadmanager.obj
c:\users\godye\desktop\새 폴더 (3)\myserver\servercore\x64\debug\servercore.pch
c:\users\godye\desktop\새 폴더 (3)\myserver\libraries\libs\servercore\debug\servercore.pdb
c:\users\godye\desktop\새 폴더 (3)\myserver\servercore\x64\debug\servercore.tlog\cl.command.1.tlog
c:\users\godye\desktop\새 폴더 (3)\myserver\servercore\x64\debug\servercore.tlog\cl.read.1.tlog
c:\users\godye\desktop\새 폴더 (3)\myserver\servercore\x64\debug\servercore.tlog\cl.write.1.tlog
c:\users\godye\desktop\새 폴더 (3)\myserver\servercore\x64\debug\servercore.tlog\lib-link.read.1.tlog
c:\users\godye\desktop\새 폴더 (3)\myserver\servercore\x64\debug\servercore.tlog\lib-link.write.1.tlog
c:\users\godye\desktop\새 폴더 (3)\myserver\servercore\x64\debug\servercore.tlog\lib.command.1.tlog
