Log file open, 11/13/23 19:00:57
LogWindows: Failed to load 'aqProf.dll' (GetLastError=126)
LogWindows: File 'aqProf.dll' does not exist
LogWindows: Failed to load 'VtuneApi.dll' (GetLastError=126)
LogWindows: File 'VtuneApi.dll' does not exist
LogWindows: Failed to load 'VtuneApi32e.dll' (GetLastError=126)
LogWindows: File 'VtuneApi32e.dll' does not exist
LogConsoleResponse: Display: Failed to find resolution value strings in scalability ini. Falling back to default.
LogConsoleResponse: Display: Failed to find resolution value strings in scalability ini. Falling back to default.
LogInit: Display: Running engine for game: Client
LogPlatformFile: Not using cached read wrapper
LogTaskGraph: Started task graph with 5 named threads and 35 total threads with 3 sets of task threads.
LogStats: Stats thread started at 0.198245
LogICUInternationalization: ICU TimeZone Detection - Raw Offset: +9:00, Platform Override: ''
LogInit: Display: Loading text-based GConfig....
LogPluginManager: Mounting plugin MeshPainting
LogPluginManager: Mounting plugin XGEController
LogPluginManager: Mounting plugin AISupport
LogPluginManager: Mounting plugin Paper2D
LogPluginManager: Mounting plugin EnvironmentQueryEditor
LogPluginManager: Mounting plugin LightPropagationVolume
LogPluginManager: Mounting plugin LiveLink
LogPluginManager: Mounting plugin CameraShakePreviewer
LogPluginManager: Mounting plugin OodleData
LogPluginManager: Mounting plugin OodleNetwork
LogPluginManager: Mounting plugin GameplayCameras
LogPluginManager: Mounting plugin AnimationSharing
LogPluginManager: Mounting plugin CodeLiteSourceCodeAccess
LogPluginManager: Mounting plugin CLionSourceCodeAccess
LogPluginManager: Mounting plugin GitSourceControl
LogPluginManager: Mounting plugin KDevelopSourceCodeAccess
LogPluginManager: Mounting plugin PerforceSourceControl
LogPluginManager: Mounting plugin NullSourceCodeAccess
LogPluginManager: Mounting plugin PlasticSourceControl
LogPluginManager: Mounting plugin PixWinPlugin
LogPluginManager: Mounting plugin PropertyAccessNode
LogPluginManager: Mounting plugin PluginUtils
LogPluginManager: Mounting plugin SubversionSourceControl
LogPluginManager: Mounting plugin TextureFormatOodle
LogPluginManager: Mounting plugin RiderSourceCodeAccess
LogPluginManager: Mounting plugin UObjectPlugin
LogPluginManager: Mounting plugin VisualStudioCodeSourceCodeAccess
LogPluginManager: Mounting plugin VisualStudioSourceCodeAccess
LogPluginManager: Mounting plugin XCodeSourceCodeAccess
LogPluginManager: Mounting plugin AssetManagerEditor
LogPluginManager: Mounting plugin CryptoKeys
LogPluginManager: Mounting plugin DataValidation
LogPluginManager: Mounting plugin CurveEditorTools
LogPluginManager: Mounting plugin FacialAnimation
LogPluginManager: Mounting plugin GeometryMode
LogPluginManager: Mounting plugin GameplayTagsEditor
LogPluginManager: Mounting plugin MacGraphicsSwitching
LogPluginManager: Mounting plugin MaterialAnalyzer
LogPluginManager: Mounting plugin MobileLauncherProfileWizard
LogPluginManager: Mounting plugin PluginBrowser
LogPluginManager: Mounting plugin SpeedTreeImporter
LogPluginManager: Mounting plugin AlembicImporter
LogPluginManager: Mounting plugin AutomationUtils
LogPluginManager: Mounting plugin BackChannel
LogPluginManager: Mounting plugin ChaosEditor
LogPluginManager: Mounting plugin ChaosCloth
LogPluginManager: Mounting plugin ChaosClothEditor
LogPluginManager: Mounting plugin ChaosSolverPlugin
LogPluginManager: Mounting plugin ChaosNiagara
LogPluginManager: Mounting plugin CharacterAI
LogPluginManager: Mounting plugin DatasmithContent
LogPluginManager: Mounting plugin VariantManagerContent
LogPluginManager: Mounting plugin Niagara
LogPluginManager: Mounting plugin GeometryCache
LogPluginManager: Mounting plugin GeometryCollectionPlugin
LogPluginManager: Mounting plugin GeometryProcessing
LogPluginManager: Mounting plugin MotoSynth
LogPluginManager: Mounting plugin OpenImageDenoise
LogPluginManager: Mounting plugin PlanarCut
LogPluginManager: Mounting plugin PlatformCrypto
LogPluginManager: Mounting plugin PythonScriptPlugin
LogPluginManager: Mounting plugin ProxyLODPlugin
LogPluginManager: Mounting plugin SkeletalReduction
LogPluginManager: Mounting plugin MagicLeap
LogPluginManager: Mounting plugin LuminPlatformFeatures
LogPluginManager: Mounting plugin MagicLeapLightEstimation
LogPluginManager: Mounting plugin MagicLeapMedia
LogPluginManager: Mounting plugin MagicLeapPassableWorld
LogPluginManager: Mounting plugin MLSDK
LogPluginManager: Mounting plugin AndroidMedia
LogPluginManager: Mounting plugin AvfMedia
LogPluginManager: Mounting plugin ImgMedia
LogPluginManager: Mounting plugin MediaCompositing
LogPluginManager: Mounting plugin MediaPlayerEditor
LogPluginManager: Mounting plugin WebMMedia
LogPluginManager: Mounting plugin WmfMedia
LogPluginManager: Mounting plugin TcpMessaging
LogPluginManager: Mounting plugin UdpMessaging
LogPluginManager: Mounting plugin ActorSequence
LogPluginManager: Mounting plugin MatineeToLevelSequence
LogPluginManager: Mounting plugin LevelSequenceEditor
LogPluginManager: Mounting plugin TemplateSequence
LogPluginManager: Mounting plugin LauncherChunkInstaller
LogPluginManager: Mounting plugin OnlineSubsystem
LogPluginManager: Mounting plugin OnlineSubsystemNull
LogPluginManager: Mounting plugin OnlineSubsystemUtils
LogPluginManager: Mounting plugin ActorLayerUtilities
LogPluginManager: Mounting plugin AndroidMoviePlayer
LogPluginManager: Mounting plugin AndroidDeviceProfileSelector
LogPluginManager: Mounting plugin AndroidPermission
LogPluginManager: Mounting plugin AppleImageUtils
LogPluginManager: Mounting plugin AppleMoviePlayer
LogPluginManager: Mounting plugin ArchVisCharacter
LogPluginManager: Mounting plugin AssetTags
LogPluginManager: Mounting plugin AudioCapture
LogPluginManager: Mounting plugin AudioSynesthesia
LogPluginManager: Mounting plugin ChunkDownloader
LogPluginManager: Mounting plugin CableComponent
LogPluginManager: Mounting plugin CustomMeshComponent
LogPluginManager: Mounting plugin EditableMesh
LogPluginManager: Mounting plugin ExampleDeviceProfileSelector
LogPluginManager: Mounting plugin GoogleCloudMessaging
LogPluginManager: Mounting plugin GooglePAD
LogPluginManager: Mounting plugin IOSDeviceProfileSelector
LogPluginManager: Mounting plugin LinuxDeviceProfileSelector
LogPluginManager: Mounting plugin LocationServicesBPLibrary
LogPluginManager: Mounting plugin MobilePatchingUtils
LogPluginManager: Mounting plugin OpenXREyeTracker
LogPluginManager: Mounting plugin OpenXR
LogPluginManager: Mounting plugin ScreenshotTools
LogPluginManager: Mounting plugin OpenXRHandTracking
LogPluginManager: Mounting plugin PropertyAccessEditor
LogPluginManager: Mounting plugin PhysXVehicles
LogPluginManager: Mounting plugin PostSplashScreen
LogPluginManager: Mounting plugin ProceduralMeshComponent
LogPluginManager: Mounting plugin RuntimePhysXCooking
LogPluginManager: Mounting plugin SignificanceManager
LogPluginManager: Mounting plugin SoundFields
LogPluginManager: Mounting plugin Synthesis
LogPluginManager: Mounting plugin Takes
LogPluginManager: Mounting plugin WebMMoviePlayer
LogPluginManager: Mounting plugin WindowsMoviePlayer
LogPluginManager: Mounting plugin ContentBrowserAssetDataSource
LogPluginManager: Mounting plugin ContentBrowserClassDataSource
LogPluginManager: Mounting plugin ContentBrowserFileDataSource
LogPluginManager: Mounting plugin OnlineSubsystemGooglePlay
LogPluginManager: Mounting plugin OnlineSubsystemIOS
LogPluginManager: Mounting plugin OculusVR
LogPluginManager: Mounting plugin SteamVR
PixWinPlugin: PIX capture plugin failed to initialize! Check that the process is launched from PIX.
LogInit: Using libcurl 7.55.1-DEV
LogInit:  - built for x86_64-pc-win32
LogInit:  - supports SSL with OpenSSL/1.1.1
LogInit:  - supports HTTP deflate (compression) using libz 1.2.8
LogInit:  - other features:
LogInit:      CURL_VERSION_SSL
LogInit:      CURL_VERSION_LIBZ
LogInit:      CURL_VERSION_IPV6
LogInit:      CURL_VERSION_ASYNCHDNS
LogInit:      CURL_VERSION_LARGEFILE
LogInit:      CURL_VERSION_IDN
LogInit:  CurlRequestOptions (configurable via config and command line):
LogInit:  - bVerifyPeer = true  - Libcurl will verify peer certificate
LogInit:  - bUseHttpProxy = false  - Libcurl will NOT use HTTP proxy
LogInit:  - bDontReuseConnections = false  - Libcurl will reuse connections
LogInit:  - MaxHostConnections = 16  - Libcurl will limit the number of connections to a host
LogInit:  - LocalHostAddr = Default
LogInit:  - BufferSize = 65536
LogOnline: OSS: Creating online subsystem instance for: NULL
LogInit: WinSock: version 1.1 (2.2), MaxSocks=32767, MaxUdp=65467
LogOnline: OSS: TryLoadSubsystemAndSetDefault: Loaded subsystem for module [NULL]
LogOculusPluginWrapper: OculusPlugin initialized successfully
LogHMD: Failed initializing OVRPlugin 1.59.0
LogInit: Build: ++UE4+Release-4.27-CL-18319896
LogInit: Engine Version: 4.27.2-18319896+++UE4+Release-4.27
LogInit: Compatible Engine Version: 4.27.0-17155196+++UE4+Release-4.27
LogInit: Net CL: 17155196
LogInit: OS: Windows 10 (Release 2009) (), CPU: AMD Ryzen 5 5600X 6-Core Processor             , GPU: NVIDIA GeForce RTX 3070
LogInit: Compiled (64-bit): Nov 30 2021 07:12:08
LogInit: Compiled with Visual C++: 19.24.28315.00
LogInit: Build Configuration: Development
LogInit: Branch Name: ++UE4+Release-4.27
LogInit: Command Line: 
LogInit: Base Directory: C:/Program Files/Epic Games/UE_4.27/Engine/Binaries/Win64/
LogInit: Allocator: TBB
LogInit: Installed Engine Build: 1
LogDevObjectVersion: Number of dev versions registered: 29
LogDevObjectVersion:   Dev-Blueprints (B0D832E4-1F89-4F0D-ACCF-7EB736FD4AA2): 10
LogDevObjectVersion:   Dev-Build (E1C64328-A22C-4D53-A36C-8E866417BD8C): 0
LogDevObjectVersion:   Dev-Core (375EC13C-06E4-48FB-B500-84F0262A717E): 4
LogDevObjectVersion:   Dev-Editor (E4B068ED-F494-42E9-A231-DA0B2E46BB41): 40
LogDevObjectVersion:   Dev-Framework (CFFC743F-43B0-4480-9391-14DF171D2073): 37
LogDevObjectVersion:   Dev-Mobile (B02B49B5-BB20-44E9-A304-32B752E40360): 3
LogDevObjectVersion:   Dev-Networking (A4E4105C-59A1-49B5-A7C5-40C4547EDFEE): 0
LogDevObjectVersion:   Dev-Online (39C831C9-5AE6-47DC-9A44-9C173E1C8E7C): 0
LogDevObjectVersion:   Dev-Physics (78F01B33-EBEA-4F98-B9B4-84EACCB95AA2): 14
LogDevObjectVersion:   Dev-Platform (6631380F-2D4D-43E0-8009-CF276956A95A): 0
LogDevObjectVersion:   Dev-Rendering (12F88B9F-8875-4AFC-A67C-D90C383ABD29): 45
LogDevObjectVersion:   Dev-Sequencer (7B5AE74C-D270-4C10-A958-57980B212A5A): 13
LogDevObjectVersion:   Dev-VR (D7296918-1DD6-4BDD-9DE2-64A83CC13884): 3
LogDevObjectVersion:   Dev-LoadTimes (C2A15278-BFE7-4AFE-6C17-90FF531DF755): 1
LogDevObjectVersion:   Private-Geometry (6EACA3D4-40EC-4CC1-B786-8BED09428FC5): 3
LogDevObjectVersion:   Dev-AnimPhys (29E575DD-E0A3-4627-9D10-D276232CDCEA): 17
LogDevObjectVersion:   Dev-Anim (AF43A65D-7FD3-4947-9873-3E8ED9C1BB05): 15
LogDevObjectVersion:   Dev-ReflectionCapture (6B266CEC-1EC7-4B8F-A30B-E4D90942FC07): 1
LogDevObjectVersion:   Dev-Automation (0DF73D61-A23F-47EA-B727-89E90C41499A): 1
LogDevObjectVersion:   FortniteMain (601D1886-AC64-4F84-AA16-D3DE0DEAC7D6): 47
LogDevObjectVersion:   FortniteRelease (E7086368-6B23-4C58-8439-1B7016265E91): 1
LogDevObjectVersion:   Dev-Enterprise (9DFFBCD6-494F-0158-E221-12823C92A888): 10
LogDevObjectVersion:   Dev-Niagara (F2AED0AC-9AFE-416F-8664-AA7FFA26D6FC): 1
LogDevObjectVersion:   Dev-Destruction (174F1F0B-B4C6-45A5-B13F-2EE8D0FB917D): 10
LogDevObjectVersion:   Dev-Physics-Ext (35F94A83-E258-406C-A318-09F59610247C): 41
LogDevObjectVersion:   Dev-PhysicsMaterial-Chaos (B68FC16E-8B1B-42E2-B453-215C058844FE): 1
LogDevObjectVersion:   Dev-CineCamera (B2E18506-4273-CFC2-A54E-F4BB758BBA07): 1
LogDevObjectVersion:   Dev-VirtualProduction (64F58936-FD1B-42BA-BA96-7289D5D0FA4E): 1
LogDevObjectVersion:   Dev-MediaFramework (6F0ED827-A609-4895-9C91-998D90180EA4): 2
LogInit: Presizing for max 25165824 objects, including 0 objects not considered by GC, pre-allocating 0 bytes for permanent pool.
LogConfig: Applying CVar settings from Section [/Script/Engine.StreamingSettings] File [C:/Users/godye/Desktop/Project/ProjectYA/Client/Saved/Config/Windows/Engine.ini]
LogConfig: Setting CVar [[s.MinBulkDataSizeForAsyncLoading:131072]]
LogConfig: Setting CVar [[s.AsyncLoadingThreadEnabled:0]]
LogConfig: Setting CVar [[s.EventDrivenLoaderEnabled:1]]
LogConfig: Setting CVar [[s.WarnIfTimeLimitExceeded:0]]
LogConfig: Setting CVar [[s.TimeLimitExceededMultiplier:1.5]]
LogConfig: Setting CVar [[s.TimeLimitExceededMinTime:0.005]]
LogConfig: Setting CVar [[s.UseBackgroundLevelStreaming:1]]
LogConfig: Setting CVar [[s.PriorityAsyncLoadingExtraTime:15.0]]
LogConfig: Setting CVar [[s.LevelStreamingActorsUpdateTimeLimit:5.0]]
LogConfig: Setting CVar [[s.PriorityLevelStreamingActorsUpdateExtraTime:5.0]]
LogConfig: Setting CVar [[s.LevelStreamingComponentsRegistrationGranularity:10]]
LogConfig: Setting CVar [[s.UnregisterComponentsTimeLimit:1.0]]
LogConfig: Setting CVar [[s.LevelStreamingComponentsUnregistrationGranularity:5]]
LogConfig: Setting CVar [[s.FlushStreamingOnExit:1]]
LogInit: Object subsystem initialized
LogConfig: Setting CVar [[con.DebugEarlyDefault:1]]
LogConfig: Setting CVar [[r.setres:1280x720]]
[2023.11.13-10.00.57:956][  0]LogConfig: Setting CVar [[r.VSync:0]]
[2023.11.13-10.00.57:956][  0]LogConfig: Setting CVar [[r.RHICmdBypass:0]]
[2023.11.13-10.00.57:956][  0]LogConfig: Applying CVar settings from Section [/Script/Engine.RendererSettings] File [C:/Users/godye/Desktop/Project/ProjectYA/Client/Saved/Config/Windows/Engine.ini]
[2023.11.13-10.00.57:956][  0]LogConfig: Setting CVar [[r.GPUCrashDebugging:0]]
[2023.11.13-10.00.57:956][  0]LogConfig: Applying CVar settings from Section [/Script/Engine.RendererOverrideSettings] File [C:/Users/godye/Desktop/Project/ProjectYA/Client/Saved/Config/Windows/Engine.ini]
[2023.11.13-10.00.57:956][  0]LogConfig: Applying CVar settings from Section [/Script/Engine.StreamingSettings] File [C:/Users/godye/Desktop/Project/ProjectYA/Client/Saved/Config/Windows/Engine.ini]
[2023.11.13-10.00.57:956][  0]LogConfig: Setting CVar [[s.MinBulkDataSizeForAsyncLoading:131072]]
[2023.11.13-10.00.57:956][  0]LogConfig: Setting CVar [[s.AsyncLoadingThreadEnabled:0]]
[2023.11.13-10.00.57:956][  0]LogConfig: Setting CVar [[s.EventDrivenLoaderEnabled:1]]
[2023.11.13-10.00.57:956][  0]LogConfig: Setting CVar [[s.WarnIfTimeLimitExceeded:0]]
[2023.11.13-10.00.57:956][  0]LogConfig: Setting CVar [[s.TimeLimitExceededMultiplier:1.5]]
[2023.11.13-10.00.57:956][  0]LogConfig: Setting CVar [[s.TimeLimitExceededMinTime:0.005]]
[2023.11.13-10.00.57:956][  0]LogConfig: Setting CVar [[s.UseBackgroundLevelStreaming:1]]
[2023.11.13-10.00.57:956][  0]LogConfig: Setting CVar [[s.PriorityAsyncLoadingExtraTime:15.0]]
[2023.11.13-10.00.57:956][  0]LogConfig: Setting CVar [[s.LevelStreamingActorsUpdateTimeLimit:5.0]]
[2023.11.13-10.00.57:956][  0]LogConfig: Setting CVar [[s.PriorityLevelStreamingActorsUpdateExtraTime:5.0]]
[2023.11.13-10.00.57:956][  0]LogConfig: Setting CVar [[s.LevelStreamingComponentsRegistrationGranularity:10]]
[2023.11.13-10.00.57:956][  0]LogConfig: Setting CVar [[s.UnregisterComponentsTimeLimit:1.0]]
[2023.11.13-10.00.57:956][  0]LogConfig: Setting CVar [[s.LevelStreamingComponentsUnregistrationGranularity:5]]
[2023.11.13-10.00.57:956][  0]LogConfig: Setting CVar [[s.FlushStreamingOnExit:1]]
[2023.11.13-10.00.57:956][  0]LogConfig: Applying CVar settings from Section [/Script/Engine.GarbageCollectionSettings] File [C:/Users/godye/Desktop/Project/ProjectYA/Client/Saved/Config/Windows/Engine.ini]
[2023.11.13-10.00.57:956][  0]LogConfig: Setting CVar [[gc.MaxObjectsNotConsideredByGC:1]]
[2023.11.13-10.00.57:956][  0]LogConfig: Setting CVar [[gc.SizeOfPermanentObjectPool:0]]
[2023.11.13-10.00.57:956][  0]LogConfig: Setting CVar [[gc.FlushStreamingOnGC:0]]
[2023.11.13-10.00.57:956][  0]LogConfig: Setting CVar [[gc.NumRetriesBeforeForcingGC:10]]
[2023.11.13-10.00.57:956][  0]LogConfig: Setting CVar [[gc.AllowParallelGC:1]]
[2023.11.13-10.00.57:956][  0]LogConfig: Setting CVar [[gc.TimeBetweenPurgingPendingKillObjects:61.1]]
[2023.11.13-10.00.57:956][  0]LogConfig: Setting CVar [[gc.MaxObjectsInEditor:25165824]]
[2023.11.13-10.00.57:956][  0]LogConfig: Setting CVar [[gc.IncrementalBeginDestroyEnabled:1]]
[2023.11.13-10.00.57:956][  0]LogConfig: Setting CVar [[gc.CreateGCClusters:1]]
[2023.11.13-10.00.57:956][  0]LogConfig: Setting CVar [[gc.MinGCClusterSize:5]]
[2023.11.13-10.00.57:956][  0]LogConfig: Setting CVar [[gc.ActorClusteringEnabled:0]]
[2023.11.13-10.00.57:956][  0]LogConfig: Setting CVar [[gc.BlueprintClusteringEnabled:0]]
[2023.11.13-10.00.57:956][  0]LogConfig: Setting CVar [[gc.UseDisregardForGCOnDedicatedServers:0]]
[2023.11.13-10.00.57:956][  0]LogConfig: Setting CVar [[gc.MultithreadedDestructionEnabled:1]]
[2023.11.13-10.00.57:956][  0]LogConfig: Applying CVar settings from Section [/Script/Engine.NetworkSettings] File [C:/Users/godye/Desktop/Project/ProjectYA/Client/Saved/Config/Windows/Engine.ini]
[2023.11.13-10.00.57:956][  0]LogConfig: Applying CVar settings from Section [/Script/UnrealEd.CookerSettings] File [C:/Users/godye/Desktop/Project/ProjectYA/Client/Saved/Config/Windows/Engine.ini]
[2023.11.13-10.00.58:013][  0]LogConfig: Applying CVar settings from Section [ViewDistanceQuality@3] File [C:/Users/godye/Desktop/Project/ProjectYA/Client/Saved/Config/Windows/Scalability.ini]
[2023.11.13-10.00.58:013][  0]LogConfig: Setting CVar [[r.SkeletalMeshLODBias:0]]
[2023.11.13-10.00.58:013][  0]LogConfig: Setting CVar [[r.ViewDistanceScale:1.0]]
[2023.11.13-10.00.58:013][  0]LogConfig: Applying CVar settings from Section [AntiAliasingQuality@3] File [C:/Users/godye/Desktop/Project/ProjectYA/Client/Saved/Config/Windows/Scalability.ini]
[2023.11.13-10.00.58:013][  0]LogConfig: Setting CVar [[r.PostProcessAAQuality:4]]
[2023.11.13-10.00.58:013][  0]LogConfig: Applying CVar settings from Section [ShadowQuality@3] File [C:/Users/godye/Desktop/Project/ProjectYA/Client/Saved/Config/Windows/Scalability.ini]
[2023.11.13-10.00.58:013][  0]LogConfig: Setting CVar [[r.LightFunctionQuality:1]]
[2023.11.13-10.00.58:013][  0]LogConfig: Setting CVar [[r.ShadowQuality:5]]
[2023.11.13-10.00.58:013][  0]LogConfig: Setting CVar [[r.Shadow.CSM.MaxCascades:10]]
[2023.11.13-10.00.58:013][  0]LogConfig: Setting CVar [[r.Shadow.MaxResolution:2048]]
[2023.11.13-10.00.58:013][  0]LogConfig: Setting CVar [[r.Shadow.MaxCSMResolution:2048]]
[2023.11.13-10.00.58:013][  0]LogConfig: Setting CVar [[r.Shadow.RadiusThreshold:0.01]]
[2023.11.13-10.00.58:013][  0]LogConfig: Setting CVar [[r.Shadow.DistanceScale:1.0]]
[2023.11.13-10.00.58:013][  0]LogConfig: Setting CVar [[r.Shadow.CSM.TransitionScale:1.0]]
[2023.11.13-10.00.58:013][  0]LogConfig: Setting CVar [[r.Shadow.PreShadowResolutionFactor:1.0]]
[2023.11.13-10.00.58:013][  0]LogConfig: Setting CVar [[r.DistanceFieldShadowing:1]]
[2023.11.13-10.00.58:013][  0]LogConfig: Setting CVar [[r.DistanceFieldAO:1]]
[2023.11.13-10.00.58:013][  0]LogConfig: Setting CVar [[r.AOQuality:2]]
[2023.11.13-10.00.58:013][  0]LogConfig: Setting CVar [[r.VolumetricFog:1]]
[2023.11.13-10.00.58:013][  0]LogConfig: Setting CVar [[r.VolumetricFog.GridPixelSize:8]]
[2023.11.13-10.00.58:013][  0]LogConfig: Setting CVar [[r.VolumetricFog.GridSizeZ:128]]
[2023.11.13-10.00.58:013][  0]LogConfig: Setting CVar [[r.VolumetricFog.HistoryMissSupersampleCount:4]]
[2023.11.13-10.00.58:013][  0]LogConfig: Setting CVar [[r.LightMaxDrawDistanceScale:1]]
[2023.11.13-10.00.58:014][  0]LogConfig: Setting CVar [[r.CapsuleShadows:1]]
[2023.11.13-10.00.58:014][  0]LogConfig: Applying CVar settings from Section [PostProcessQuality@3] File [C:/Users/godye/Desktop/Project/ProjectYA/Client/Saved/Config/Windows/Scalability.ini]
[2023.11.13-10.00.58:014][  0]LogConfig: Setting CVar [[r.MotionBlurQuality:4]]
[2023.11.13-10.00.58:014][  0]LogConfig: Setting CVar [[r.AmbientOcclusionMipLevelFactor:0.4]]
[2023.11.13-10.00.58:014][  0]LogConfig: Setting CVar [[r.AmbientOcclusionMaxQuality:100]]
[2023.11.13-10.00.58:014][  0]LogConfig: Setting CVar [[r.AmbientOcclusionLevels:-1]]
[2023.11.13-10.00.58:014][  0]LogConfig: Setting CVar [[r.AmbientOcclusionRadiusScale:1.0]]
[2023.11.13-10.00.58:014][  0]LogConfig: Setting CVar [[r.DepthOfFieldQuality:2]]
[2023.11.13-10.00.58:014][  0]LogConfig: Setting CVar [[r.RenderTargetPoolMin:400]]
[2023.11.13-10.00.58:014][  0]LogConfig: Setting CVar [[r.LensFlareQuality:2]]
[2023.11.13-10.00.58:014][  0]LogConfig: Setting CVar [[r.SceneColorFringeQuality:1]]
[2023.11.13-10.00.58:014][  0]LogConfig: Setting CVar [[r.EyeAdaptationQuality:2]]
[2023.11.13-10.00.58:014][  0]LogConfig: Setting CVar [[r.BloomQuality:5]]
[2023.11.13-10.00.58:014][  0]LogConfig: Setting CVar [[r.FastBlurThreshold:100]]
[2023.11.13-10.00.58:014][  0]LogConfig: Setting CVar [[r.Upscale.Quality:3]]
[2023.11.13-10.00.58:014][  0]LogConfig: Setting CVar [[r.Tonemapper.GrainQuantization:1]]
[2023.11.13-10.00.58:014][  0]LogConfig: Setting CVar [[r.LightShaftQuality:1]]
[2023.11.13-10.00.58:014][  0]LogConfig: Setting CVar [[r.Filter.SizeScale:1]]
[2023.11.13-10.00.58:014][  0]LogConfig: Setting CVar [[r.Tonemapper.Quality:5]]
[2023.11.13-10.00.58:014][  0]LogConfig: Setting CVar [[r.DOF.Gather.AccumulatorQuality:1        ; higher gathering accumulator quality]]
[2023.11.13-10.00.58:014][  0]LogConfig: Setting CVar [[r.DOF.Gather.PostfilterMethod:1          ; Median3x3 postfilering method]]
[2023.11.13-10.00.58:014][  0]LogConfig: Setting CVar [[r.DOF.Gather.EnableBokehSettings:0       ; no bokeh simulation when gathering]]
[2023.11.13-10.00.58:014][  0]LogConfig: Setting CVar [[r.DOF.Gather.RingCount:4                 ; medium number of samples when gathering]]
[2023.11.13-10.00.58:014][  0]LogConfig: Setting CVar [[r.DOF.Scatter.ForegroundCompositing:1    ; additive foreground scattering]]
[2023.11.13-10.00.58:014][  0]LogConfig: Setting CVar [[r.DOF.Scatter.BackgroundCompositing:2    ; additive background scattering]]
[2023.11.13-10.00.58:014][  0]LogConfig: Setting CVar [[r.DOF.Scatter.EnableBokehSettings:1      ; bokeh simulation when scattering]]
[2023.11.13-10.00.58:014][  0]LogConfig: Setting CVar [[r.DOF.Scatter.MaxSpriteRatio:0.1         ; only a maximum of 10% of scattered bokeh]]
[2023.11.13-10.00.58:014][  0]LogConfig: Setting CVar [[r.DOF.Recombine.Quality:1                ; cheap slight out of focus]]
[2023.11.13-10.00.58:014][  0]LogConfig: Setting CVar [[r.DOF.Recombine.EnableBokehSettings:0    ; no bokeh simulation on slight out of focus]]
[2023.11.13-10.00.58:014][  0]LogConfig: Setting CVar [[r.DOF.TemporalAAQuality:1                ; more stable temporal accumulation]]
[2023.11.13-10.00.58:014][  0]LogConfig: Setting CVar [[r.DOF.Kernel.MaxForegroundRadius:0.025]]
[2023.11.13-10.00.58:014][  0]LogConfig: Setting CVar [[r.DOF.Kernel.MaxBackgroundRadius:0.025]]
[2023.11.13-10.00.58:014][  0]LogConfig: Applying CVar settings from Section [TextureQuality@3] File [C:/Users/godye/Desktop/Project/ProjectYA/Client/Saved/Config/Windows/Scalability.ini]
[2023.11.13-10.00.58:014][  0]LogConfig: Setting CVar [[r.Streaming.MipBias:0]]
[2023.11.13-10.00.58:014][  0]LogConfig: Setting CVar [[r.Streaming.AmortizeCPUToGPUCopy:0]]
[2023.11.13-10.00.58:014][  0]LogConfig: Setting CVar [[r.Streaming.MaxNumTexturesToStreamPerFrame:0]]
[2023.11.13-10.00.58:014][  0]LogConfig: Setting CVar [[r.Streaming.Boost:1]]
[2023.11.13-10.00.58:014][  0]LogConfig: Setting CVar [[r.MaxAnisotropy:8]]
[2023.11.13-10.00.58:014][  0]LogConfig: Setting CVar [[r.VT.MaxAnisotropy:8]]
[2023.11.13-10.00.58:014][  0]LogConfig: Setting CVar [[r.Streaming.LimitPoolSizeToVRAM:0]]
[2023.11.13-10.00.58:014][  0]LogConfig: Setting CVar [[r.Streaming.PoolSize:1000]]
[2023.11.13-10.00.58:014][  0]LogConfig: Setting CVar [[r.Streaming.MaxEffectiveScreenSize:0]]
[2023.11.13-10.00.58:014][  0]LogConfig: Applying CVar settings from Section [EffectsQuality@3] File [C:/Users/godye/Desktop/Project/ProjectYA/Client/Saved/Config/Windows/Scalability.ini]
[2023.11.13-10.00.58:014][  0]LogConfig: Setting CVar [[r.TranslucencyLightingVolumeDim:64]]
[2023.11.13-10.00.58:014][  0]LogConfig: Setting CVar [[r.RefractionQuality:2]]
[2023.11.13-10.00.58:014][  0]LogConfig: Setting CVar [[r.SSR.Quality:3]]
[2023.11.13-10.00.58:014][  0]LogConfig: Setting CVar [[r.SSR.HalfResSceneColor:0]]
[2023.11.13-10.00.58:014][  0]LogConfig: Setting CVar [[r.SceneColorFormat:4]]
[2023.11.13-10.00.58:014][  0]LogConfig: Setting CVar [[r.DetailMode:2]]
[2023.11.13-10.00.58:014][  0]LogConfig: Setting CVar [[r.TranslucencyVolumeBlur:1]]
[2023.11.13-10.00.58:014][  0]LogConfig: Setting CVar [[r.MaterialQualityLevel:1 ; High quality]]
[2023.11.13-10.00.58:014][  0]LogConfig: Setting CVar [[r.AnisotropicMaterials:1]]
[2023.11.13-10.00.58:014][  0]LogConfig: Setting CVar [[r.SSS.Scale:1]]
[2023.11.13-10.00.58:014][  0]LogConfig: Setting CVar [[r.SSS.SampleSet:2]]
[2023.11.13-10.00.58:014][  0]LogConfig: Setting CVar [[r.SSS.Quality:1]]
[2023.11.13-10.00.58:014][  0]LogConfig: Setting CVar [[r.SSS.HalfRes:0]]
[2023.11.13-10.00.58:014][  0]LogConfig: Setting CVar [[r.SSGI.Quality:3]]
[2023.11.13-10.00.58:014][  0]LogConfig: Setting CVar [[r.EmitterSpawnRateScale:1.0]]
[2023.11.13-10.00.58:014][  0]LogConfig: Setting CVar [[r.ParticleLightQuality:2]]
[2023.11.13-10.00.58:014][  0]LogConfig: Setting CVar [[r.SkyAtmosphere.AerialPerspectiveLUT.FastApplyOnOpaque:1 ; Always have FastSkyLUT 1 in this case to avoid wrong sky]]
[2023.11.13-10.00.58:014][  0]LogConfig: Setting CVar [[r.SkyAtmosphere.AerialPerspectiveLUT.SampleCountMaxPerSlice:4]]
[2023.11.13-10.00.58:014][  0]LogConfig: Setting CVar [[r.SkyAtmosphere.AerialPerspectiveLUT.DepthResolution:16.0]]
[2023.11.13-10.00.58:014][  0]LogConfig: Setting CVar [[r.SkyAtmosphere.FastSkyLUT:1]]
[2023.11.13-10.00.58:014][  0]LogConfig: Setting CVar [[r.SkyAtmosphere.FastSkyLUT.SampleCountMin:4.0]]
[2023.11.13-10.00.58:014][  0]LogConfig: Setting CVar [[r.SkyAtmosphere.FastSkyLUT.SampleCountMax:128.0]]
[2023.11.13-10.00.58:014][  0]LogConfig: Setting CVar [[r.SkyAtmosphere.SampleCountMin:4.0]]
[2023.11.13-10.00.58:014][  0]LogConfig: Setting CVar [[r.SkyAtmosphere.SampleCountMax:128.0]]
[2023.11.13-10.00.58:014][  0]LogConfig: Setting CVar [[r.SkyAtmosphere.TransmittanceLUT.UseSmallFormat:0]]
[2023.11.13-10.00.58:014][  0]LogConfig: Setting CVar [[r.SkyAtmosphere.TransmittanceLUT.SampleCount:10.0]]
[2023.11.13-10.00.58:014][  0]LogConfig: Setting CVar [[r.SkyAtmosphere.MultiScatteringLUT.SampleCount:15.0]]
[2023.11.13-10.00.58:014][  0]LogConfig: Setting CVar [[r.SkyLight.RealTimeReflectionCapture:1]]
[2023.11.13-10.00.58:014][  0]LogConfig: Applying CVar settings from Section [FoliageQuality@3] File [C:/Users/godye/Desktop/Project/ProjectYA/Client/Saved/Config/Windows/Scalability.ini]
[2023.11.13-10.00.58:014][  0]LogConfig: Setting CVar [[foliage.DensityScale:1.0]]
[2023.11.13-10.00.58:014][  0]LogConfig: Setting CVar [[grass.DensityScale:1.0]]
[2023.11.13-10.00.58:014][  0]LogConfig: Applying CVar settings from Section [ShadingQuality@3] File [C:/Users/godye/Desktop/Project/ProjectYA/Client/Saved/Config/Windows/Scalability.ini]
[2023.11.13-10.00.58:014][  0]LogConfig: Setting CVar [[r.HairStrands.SkyLighting.IntegrationType:2]]
[2023.11.13-10.00.58:014][  0]LogConfig: Setting CVar [[r.HairStrands.SkyAO.SampleCount:4]]
[2023.11.13-10.00.58:014][  0]LogConfig: Setting CVar [[r.HairStrands.Visibility.MSAA.SamplePerPixel:4]]
[2023.11.13-10.00.58:014][  0]LogInit: Selected Device Profile: [Windows]
[2023.11.13-10.00.58:014][  0]LogInit: Applying CVar settings loaded from the selected device profile: [Windows]
[2023.11.13-10.00.58:014][  0]LogHAL: Display: Platform has ~ 32 GB [34301599744 / 34359738368 / 32], which maps to Largest [LargestMinGB=32, LargerMinGB=12, DefaultMinGB=8, SmallerMinGB=6, SmallestMinGB=0)
[2023.11.13-10.00.58:014][  0]LogInit: Going up to parent DeviceProfile []
[2023.11.13-10.00.58:014][  0]LogConfig: Applying CVar settings from Section [ViewDistanceQuality@3] File [C:/Users/godye/Desktop/Project/ProjectYA/Client/Saved/Config/Windows/Scalability.ini]
[2023.11.13-10.00.58:014][  0]LogConfig: Setting CVar [[r.SkeletalMeshLODBias:0]]
[2023.11.13-10.00.58:014][  0]LogConfig: Setting CVar [[r.ViewDistanceScale:1.0]]
[2023.11.13-10.00.58:014][  0]LogConfig: Applying CVar settings from Section [AntiAliasingQuality@3] File [C:/Users/godye/Desktop/Project/ProjectYA/Client/Saved/Config/Windows/Scalability.ini]
[2023.11.13-10.00.58:014][  0]LogConfig: Setting CVar [[r.PostProcessAAQuality:4]]
[2023.11.13-10.00.58:014][  0]LogConfig: Applying CVar settings from Section [ShadowQuality@3] File [C:/Users/godye/Desktop/Project/ProjectYA/Client/Saved/Config/Windows/Scalability.ini]
[2023.11.13-10.00.58:014][  0]LogConfig: Setting CVar [[r.LightFunctionQuality:1]]
[2023.11.13-10.00.58:014][  0]LogConfig: Setting CVar [[r.ShadowQuality:5]]
[2023.11.13-10.00.58:014][  0]LogConfig: Setting CVar [[r.Shadow.CSM.MaxCascades:10]]
[2023.11.13-10.00.58:014][  0]LogConfig: Setting CVar [[r.Shadow.MaxResolution:2048]]
[2023.11.13-10.00.58:014][  0]LogConfig: Setting CVar [[r.Shadow.MaxCSMResolution:2048]]
[2023.11.13-10.00.58:014][  0]LogConfig: Setting CVar [[r.Shadow.RadiusThreshold:0.01]]
[2023.11.13-10.00.58:014][  0]LogConfig: Setting CVar [[r.Shadow.DistanceScale:1.0]]
[2023.11.13-10.00.58:014][  0]LogConfig: Setting CVar [[r.Shadow.CSM.TransitionScale:1.0]]
[2023.11.13-10.00.58:014][  0]LogConfig: Setting CVar [[r.Shadow.PreShadowResolutionFactor:1.0]]
[2023.11.13-10.00.58:014][  0]LogConfig: Setting CVar [[r.DistanceFieldShadowing:1]]
[2023.11.13-10.00.58:014][  0]LogConfig: Setting CVar [[r.DistanceFieldAO:1]]
[2023.11.13-10.00.58:014][  0]LogConfig: Setting CVar [[r.AOQuality:2]]
[2023.11.13-10.00.58:014][  0]LogConfig: Setting CVar [[r.VolumetricFog:1]]
[2023.11.13-10.00.58:014][  0]LogConfig: Setting CVar [[r.VolumetricFog.GridPixelSize:8]]
[2023.11.13-10.00.58:014][  0]LogConfig: Setting CVar [[r.VolumetricFog.GridSizeZ:128]]
[2023.11.13-10.00.58:014][  0]LogConfig: Setting CVar [[r.VolumetricFog.HistoryMissSupersampleCount:4]]
[2023.11.13-10.00.58:014][  0]LogConfig: Setting CVar [[r.LightMaxDrawDistanceScale:1]]
[2023.11.13-10.00.58:014][  0]LogConfig: Setting CVar [[r.CapsuleShadows:1]]
[2023.11.13-10.00.58:014][  0]LogConfig: Applying CVar settings from Section [PostProcessQuality@3] File [C:/Users/godye/Desktop/Project/ProjectYA/Client/Saved/Config/Windows/Scalability.ini]
[2023.11.13-10.00.58:014][  0]LogConfig: Setting CVar [[r.MotionBlurQuality:4]]
[2023.11.13-10.00.58:014][  0]LogConfig: Setting CVar [[r.AmbientOcclusionMipLevelFactor:0.4]]
[2023.11.13-10.00.58:015][  0]LogConfig: Setting CVar [[r.AmbientOcclusionMaxQuality:100]]
[2023.11.13-10.00.58:015][  0]LogConfig: Setting CVar [[r.AmbientOcclusionLevels:-1]]
[2023.11.13-10.00.58:015][  0]LogConfig: Setting CVar [[r.AmbientOcclusionRadiusScale:1.0]]
[2023.11.13-10.00.58:015][  0]LogConfig: Setting CVar [[r.DepthOfFieldQuality:2]]
[2023.11.13-10.00.58:015][  0]LogConfig: Setting CVar [[r.RenderTargetPoolMin:400]]
[2023.11.13-10.00.58:015][  0]LogConfig: Setting CVar [[r.LensFlareQuality:2]]
[2023.11.13-10.00.58:015][  0]LogConfig: Setting CVar [[r.SceneColorFringeQuality:1]]
[2023.11.13-10.00.58:015][  0]LogConfig: Setting CVar [[r.EyeAdaptationQuality:2]]
[2023.11.13-10.00.58:015][  0]LogConfig: Setting CVar [[r.BloomQuality:5]]
[2023.11.13-10.00.58:015][  0]LogConfig: Setting CVar [[r.FastBlurThreshold:100]]
[2023.11.13-10.00.58:015][  0]LogConfig: Setting CVar [[r.Upscale.Quality:3]]
[2023.11.13-10.00.58:015][  0]LogConfig: Setting CVar [[r.Tonemapper.GrainQuantization:1]]
[2023.11.13-10.00.58:015][  0]LogConfig: Setting CVar [[r.LightShaftQuality:1]]
[2023.11.13-10.00.58:015][  0]LogConfig: Setting CVar [[r.Filter.SizeScale:1]]
[2023.11.13-10.00.58:015][  0]LogConfig: Setting CVar [[r.Tonemapper.Quality:5]]
[2023.11.13-10.00.58:015][  0]LogConfig: Setting CVar [[r.DOF.Gather.AccumulatorQuality:1        ; higher gathering accumulator quality]]
[2023.11.13-10.00.58:015][  0]LogConfig: Setting CVar [[r.DOF.Gather.PostfilterMethod:1          ; Median3x3 postfilering method]]
[2023.11.13-10.00.58:015][  0]LogConfig: Setting CVar [[r.DOF.Gather.EnableBokehSettings:0       ; no bokeh simulation when gathering]]
[2023.11.13-10.00.58:015][  0]LogConfig: Setting CVar [[r.DOF.Gather.RingCount:4                 ; medium number of samples when gathering]]
[2023.11.13-10.00.58:015][  0]LogConfig: Setting CVar [[r.DOF.Scatter.ForegroundCompositing:1    ; additive foreground scattering]]
[2023.11.13-10.00.58:015][  0]LogConfig: Setting CVar [[r.DOF.Scatter.BackgroundCompositing:2    ; additive background scattering]]
[2023.11.13-10.00.58:015][  0]LogConfig: Setting CVar [[r.DOF.Scatter.EnableBokehSettings:1      ; bokeh simulation when scattering]]
[2023.11.13-10.00.58:015][  0]LogConfig: Setting CVar [[r.DOF.Scatter.MaxSpriteRatio:0.1         ; only a maximum of 10% of scattered bokeh]]
[2023.11.13-10.00.58:015][  0]LogConfig: Setting CVar [[r.DOF.Recombine.Quality:1                ; cheap slight out of focus]]
[2023.11.13-10.00.58:015][  0]LogConfig: Setting CVar [[r.DOF.Recombine.EnableBokehSettings:0    ; no bokeh simulation on slight out of focus]]
[2023.11.13-10.00.58:015][  0]LogConfig: Setting CVar [[r.DOF.TemporalAAQuality:1                ; more stable temporal accumulation]]
[2023.11.13-10.00.58:015][  0]LogConfig: Setting CVar [[r.DOF.Kernel.MaxForegroundRadius:0.025]]
[2023.11.13-10.00.58:015][  0]LogConfig: Setting CVar [[r.DOF.Kernel.MaxBackgroundRadius:0.025]]
[2023.11.13-10.00.58:015][  0]LogConfig: Applying CVar settings from Section [TextureQuality@3] File [C:/Users/godye/Desktop/Project/ProjectYA/Client/Saved/Config/Windows/Scalability.ini]
[2023.11.13-10.00.58:015][  0]LogConfig: Setting CVar [[r.Streaming.MipBias:0]]
[2023.11.13-10.00.58:015][  0]LogConfig: Setting CVar [[r.Streaming.AmortizeCPUToGPUCopy:0]]
[2023.11.13-10.00.58:015][  0]LogConfig: Setting CVar [[r.Streaming.MaxNumTexturesToStreamPerFrame:0]]
[2023.11.13-10.00.58:015][  0]LogConfig: Setting CVar [[r.Streaming.Boost:1]]
[2023.11.13-10.00.58:015][  0]LogConfig: Setting CVar [[r.MaxAnisotropy:8]]
[2023.11.13-10.00.58:015][  0]LogConfig: Setting CVar [[r.VT.MaxAnisotropy:8]]
[2023.11.13-10.00.58:015][  0]LogConfig: Setting CVar [[r.Streaming.LimitPoolSizeToVRAM:0]]
[2023.11.13-10.00.58:015][  0]LogConfig: Setting CVar [[r.Streaming.PoolSize:1000]]
[2023.11.13-10.00.58:015][  0]LogConfig: Setting CVar [[r.Streaming.MaxEffectiveScreenSize:0]]
[2023.11.13-10.00.58:015][  0]LogConfig: Applying CVar settings from Section [EffectsQuality@3] File [C:/Users/godye/Desktop/Project/ProjectYA/Client/Saved/Config/Windows/Scalability.ini]
[2023.11.13-10.00.58:015][  0]LogConfig: Setting CVar [[r.TranslucencyLightingVolumeDim:64]]
[2023.11.13-10.00.58:015][  0]LogConfig: Setting CVar [[r.RefractionQuality:2]]
[2023.11.13-10.00.58:015][  0]LogConfig: Setting CVar [[r.SSR.Quality:3]]
[2023.11.13-10.00.58:015][  0]LogConfig: Setting CVar [[r.SSR.HalfResSceneColor:0]]
[2023.11.13-10.00.58:015][  0]LogConfig: Setting CVar [[r.SceneColorFormat:4]]
[2023.11.13-10.00.58:015][  0]LogConfig: Setting CVar [[r.DetailMode:2]]
[2023.11.13-10.00.58:015][  0]LogConfig: Setting CVar [[r.TranslucencyVolumeBlur:1]]
[2023.11.13-10.00.58:015][  0]LogConfig: Setting CVar [[r.MaterialQualityLevel:1 ; High quality]]
[2023.11.13-10.00.58:015][  0]LogConfig: Setting CVar [[r.AnisotropicMaterials:1]]
[2023.11.13-10.00.58:015][  0]LogConfig: Setting CVar [[r.SSS.Scale:1]]
[2023.11.13-10.00.58:015][  0]LogConfig: Setting CVar [[r.SSS.SampleSet:2]]
[2023.11.13-10.00.58:015][  0]LogConfig: Setting CVar [[r.SSS.Quality:1]]
[2023.11.13-10.00.58:015][  0]LogConfig: Setting CVar [[r.SSS.HalfRes:0]]
[2023.11.13-10.00.58:015][  0]LogConfig: Setting CVar [[r.SSGI.Quality:3]]
[2023.11.13-10.00.58:015][  0]LogConfig: Setting CVar [[r.EmitterSpawnRateScale:1.0]]
[2023.11.13-10.00.58:015][  0]LogConfig: Setting CVar [[r.ParticleLightQuality:2]]
[2023.11.13-10.00.58:015][  0]LogConfig: Setting CVar [[r.SkyAtmosphere.AerialPerspectiveLUT.FastApplyOnOpaque:1 ; Always have FastSkyLUT 1 in this case to avoid wrong sky]]
[2023.11.13-10.00.58:015][  0]LogConfig: Setting CVar [[r.SkyAtmosphere.AerialPerspectiveLUT.SampleCountMaxPerSlice:4]]
[2023.11.13-10.00.58:015][  0]LogConfig: Setting CVar [[r.SkyAtmosphere.AerialPerspectiveLUT.DepthResolution:16.0]]
[2023.11.13-10.00.58:015][  0]LogConfig: Setting CVar [[r.SkyAtmosphere.FastSkyLUT:1]]
[2023.11.13-10.00.58:015][  0]LogConfig: Setting CVar [[r.SkyAtmosphere.FastSkyLUT.SampleCountMin:4.0]]
[2023.11.13-10.00.58:015][  0]LogConfig: Setting CVar [[r.SkyAtmosphere.FastSkyLUT.SampleCountMax:128.0]]
[2023.11.13-10.00.58:015][  0]LogConfig: Setting CVar [[r.SkyAtmosphere.SampleCountMin:4.0]]
[2023.11.13-10.00.58:015][  0]LogConfig: Setting CVar [[r.SkyAtmosphere.SampleCountMax:128.0]]
[2023.11.13-10.00.58:015][  0]LogConfig: Setting CVar [[r.SkyAtmosphere.TransmittanceLUT.UseSmallFormat:0]]
[2023.11.13-10.00.58:015][  0]LogConfig: Setting CVar [[r.SkyAtmosphere.TransmittanceLUT.SampleCount:10.0]]
[2023.11.13-10.00.58:015][  0]LogConfig: Setting CVar [[r.SkyAtmosphere.MultiScatteringLUT.SampleCount:15.0]]
[2023.11.13-10.00.58:015][  0]LogConfig: Setting CVar [[r.SkyLight.RealTimeReflectionCapture:1]]
[2023.11.13-10.00.58:015][  0]LogConfig: Applying CVar settings from Section [FoliageQuality@3] File [C:/Users/godye/Desktop/Project/ProjectYA/Client/Saved/Config/Windows/Scalability.ini]
[2023.11.13-10.00.58:015][  0]LogConfig: Setting CVar [[foliage.DensityScale:1.0]]
[2023.11.13-10.00.58:015][  0]LogConfig: Setting CVar [[grass.DensityScale:1.0]]
[2023.11.13-10.00.58:015][  0]LogConfig: Applying CVar settings from Section [ShadingQuality@3] File [C:/Users/godye/Desktop/Project/ProjectYA/Client/Saved/Config/Windows/Scalability.ini]
[2023.11.13-10.00.58:015][  0]LogConfig: Setting CVar [[r.HairStrands.SkyLighting.IntegrationType:2]]
[2023.11.13-10.00.58:015][  0]LogConfig: Setting CVar [[r.HairStrands.SkyAO.SampleCount:4]]
[2023.11.13-10.00.58:015][  0]LogConfig: Setting CVar [[r.HairStrands.Visibility.MSAA.SamplePerPixel:4]]
[2023.11.13-10.00.58:015][  0]LogConfig: Applying CVar settings from Section [Startup] File [../../../Engine/Config/ConsoleVariables.ini]
[2023.11.13-10.00.58:015][  0]LogConfig: Setting CVar [[net.UseAdaptiveNetUpdateFrequency:0]]
[2023.11.13-10.00.58:015][  0]LogConfig: Setting CVar [[p.chaos.AllowCreatePhysxBodies:1]]
[2023.11.13-10.00.58:015][  0]LogConfig: Setting CVar [[fx.SkipVectorVMBackendOptimizations:1]]
[2023.11.13-10.00.58:015][  0]LogConfig: Applying CVar settings from Section [ConsoleVariables] File [C:/Users/godye/Desktop/Project/ProjectYA/Client/Saved/Config/Windows/Engine.ini]
[2023.11.13-10.00.58:015][  0]LogConfig: Applying CVar settings from Section [ConsoleVariables] File [C:/Users/godye/Desktop/Project/ProjectYA/Client/Saved/Config/Windows/Editor.ini]
[2023.11.13-10.00.58:015][  0]LogInit: Computer: SANGGEUN
[2023.11.13-10.00.58:015][  0]LogInit: User: godye
[2023.11.13-10.00.58:015][  0]LogInit: CPU Page size=4096, Cores=6
[2023.11.13-10.00.58:015][  0]LogInit: High frequency timer resolution =10.000000 MHz
[2023.11.13-10.00.58:015][  0]LogMemory: Memory total: Physical=31.9GB (32GB approx)
[2023.11.13-10.00.58:015][  0]LogMemory: Platform Memory Stats for Windows
[2023.11.13-10.00.58:015][  0]LogMemory: Process Physical Memory: 144.42 MB used, 144.42 MB peak
[2023.11.13-10.00.58:015][  0]LogMemory: Process Virtual Memory: 124.13 MB used, 124.13 MB peak
[2023.11.13-10.00.58:015][  0]LogMemory: Physical Memory: 8642.38 MB used,  24070.18 MB free, 32712.55 MB total
[2023.11.13-10.00.58:015][  0]LogMemory: Virtual Memory: 134190544.00 MB used,  27180.94 MB free, 134217728.00 MB total
[2023.11.13-10.00.58:023][  0]LogWindows: WindowsPlatformFeatures enabled
[2023.11.13-10.00.58:102][  0]LogInit: Physics initialised using underlying interface: PhysX
[2023.11.13-10.00.58:102][  0]LogInit: Using OS detected language (ko-KR).
[2023.11.13-10.00.58:102][  0]LogInit: Using OS detected locale (ko-KR).
[2023.11.13-10.00.58:105][  0]LogTextLocalizationManager: No specific localization for 'ko-KR' exists, so the 'ko' localization will be used.
[2023.11.13-10.00.58:189][  0]LogInit: Setting process to per monitor DPI aware
[2023.11.13-10.00.58:204][  0]LogWindowsTextInputMethodSystem: Display: IME system deactivated.
[2023.11.13-10.00.58:221][  0]LogSlate: New Slate User Created.  User Index 0, Is Virtual User: 0
[2023.11.13-10.00.58:221][  0]LogSlate: Slate User Registered.  User Index 0, Is Virtual User: 0
[2023.11.13-10.00.58:350][  0]LogD3D11RHI: Loaded GFSDK_Aftermath_Lib.x64.dll
[2023.11.13-10.00.58:356][  0]LogHMD: Failed to initialize OpenVR with code 110
[2023.11.13-10.00.58:356][  0]LogD3D11RHI: D3D11 min allowed feature level: 11_0
[2023.11.13-10.00.58:356][  0]LogD3D11RHI: D3D11 max allowed feature level: 11_0
[2023.11.13-10.00.58:356][  0]LogD3D11RHI: D3D11 adapters:
[2023.11.13-10.00.58:522][  0]LogD3D11RHI:    0. 'NVIDIA GeForce RTX 3070' (Feature Level 11_0)
[2023.11.13-10.00.58:522][  0]LogD3D11RHI:       8031/0/16356 MB DedicatedVideo/DedicatedSystem/SharedSystem, Outputs:2, VendorId:0x10de
[2023.11.13-10.00.58:524][  0]LogD3D11RHI:    1. 'Microsoft Basic Render Driver' (Feature Level 11_0)
[2023.11.13-10.00.58:524][  0]LogD3D11RHI:       0/0/16356 MB DedicatedVideo/DedicatedSystem/SharedSystem, Outputs:0, VendorId:0x1414
[2023.11.13-10.00.58:524][  0]LogD3D11RHI: Chosen D3D11 Adapter:
[2023.11.13-10.00.58:524][  0]LogD3D11RHI:     Description : NVIDIA GeForce RTX 3070
[2023.11.13-10.00.58:524][  0]LogD3D11RHI:     VendorId    : 10de
[2023.11.13-10.00.58:524][  0]LogD3D11RHI:     DeviceId    : 2484
[2023.11.13-10.00.58:524][  0]LogD3D11RHI:     SubSysId    : 24841569
[2023.11.13-10.00.58:524][  0]LogD3D11RHI:     Revision    : 00a1
[2023.11.13-10.00.58:524][  0]LogD3D11RHI:     DedicatedVideoMemory : 8421113856 bytes
[2023.11.13-10.00.58:524][  0]LogD3D11RHI:     DedicatedSystemMemory : 0 bytes
[2023.11.13-10.00.58:524][  0]LogD3D11RHI:     SharedSystemMemory : 17150799872 bytes
[2023.11.13-10.00.58:524][  0]LogD3D11RHI:     AdapterLuid : 0 51694
[2023.11.13-10.00.58:530][  0]LogD3D11RHI: Creating new Direct3DDevice
[2023.11.13-10.00.58:530][  0]LogD3D11RHI:     GPU DeviceId: 0x2484 (for the marketing name, search the web for "GPU Device Id")
[2023.11.13-10.00.58:530][  0]LogWindows: EnumDisplayDevices:
[2023.11.13-10.00.58:531][  0]LogWindows:    0. 'NVIDIA GeForce RTX 3070' (P:1 D:1)
[2023.11.13-10.00.58:531][  0]LogWindows:    1. 'NVIDIA GeForce RTX 3070' (P:0 D:1)
[2023.11.13-10.00.58:532][  0]LogWindows:    2. 'NVIDIA GeForce RTX 3070' (P:0 D:0)
[2023.11.13-10.00.58:532][  0]LogWindows:    3. 'NVIDIA GeForce RTX 3070' (P:0 D:0)
[2023.11.13-10.00.58:533][  0]LogWindows: DebugString: FoundDriverCount:4 
[2023.11.13-10.00.58:533][  0]LogD3D11RHI:     Adapter Name: NVIDIA GeForce RTX 3070
[2023.11.13-10.00.58:533][  0]LogD3D11RHI:   Driver Version: 536.67 (internal:31.0.15.3667, unified:536.67)
[2023.11.13-10.00.58:533][  0]LogD3D11RHI:      Driver Date: 7-12-2023
[2023.11.13-10.00.58:533][  0]LogRHI: Texture pool is 5621 MB (70% of 8031 MB)
[2023.11.13-10.00.58:533][  0]LogD3D11RHI: Creating D3DDevice using adapter:
[2023.11.13-10.00.58:533][  0]LogD3D11RHI:     Description : NVIDIA GeForce RTX 3070
[2023.11.13-10.00.58:533][  0]LogD3D11RHI:     VendorId    : 10de
[2023.11.13-10.00.58:533][  0]LogD3D11RHI:     DeviceId    : 2484
[2023.11.13-10.00.58:533][  0]LogD3D11RHI:     SubSysId    : 24841569
[2023.11.13-10.00.58:533][  0]LogD3D11RHI:     Revision    : 00a1
[2023.11.13-10.00.58:533][  0]LogD3D11RHI:     DedicatedVideoMemory : 8421113856 bytes
[2023.11.13-10.00.58:533][  0]LogD3D11RHI:     DedicatedSystemMemory : 0 bytes
[2023.11.13-10.00.58:533][  0]LogD3D11RHI:     SharedSystemMemory : 17150799872 bytes
[2023.11.13-10.00.58:533][  0]LogD3D11RHI:     AdapterLuid : 0 51694
[2023.11.13-10.00.58:606][  0]LogD3D11RHI: RHI has support for 64 bit atomics
[2023.11.13-10.00.58:606][  0]LogD3D11RHI: Async texture creation enabled
[2023.11.13-10.00.58:606][  0]LogD3D11RHI: Array index from any shader is supported
[2023.11.13-10.00.58:608][  0]LogD3D11RHI: HDR output is supported on display 0 (NvId: 0x80061081).
[2023.11.13-10.00.58:643][  0]LogD3D11RHI: GPU Timing Frequency: 1000.000000 (Debug: 2 2)
[2023.11.13-10.00.58:704][  0]LogRHI: GeForceNow SDK initialized: 1
[2023.11.13-10.00.59:003][  0]LogTargetPlatformManager: Display: Loaded TargetPlatform 'AllDesktop'
[2023.11.13-10.00.59:022][  0]LogTargetPlatformManager: Display: Loaded TargetPlatform 'Android'
[2023.11.13-10.00.59:022][  0]LogTargetPlatformManager: Display: Loaded TargetPlatform 'Android_ASTC'
[2023.11.13-10.00.59:022][  0]LogTargetPlatformManager: Display: Loaded TargetPlatform 'Android_DXT'
[2023.11.13-10.00.59:022][  0]LogTargetPlatformManager: Display: Loaded TargetPlatform 'Android_ETC2'
[2023.11.13-10.00.59:022][  0]LogTargetPlatformManager: Display: Loaded TargetPlatform 'AndroidClient'
[2023.11.13-10.00.59:022][  0]LogTargetPlatformManager: Display: Loaded TargetPlatform 'Android_ASTCClient'
[2023.11.13-10.00.59:022][  0]LogTargetPlatformManager: Display: Loaded TargetPlatform 'Android_DXTClient'
[2023.11.13-10.00.59:022][  0]LogTargetPlatformManager: Display: Loaded TargetPlatform 'Android_ETC2Client'
[2023.11.13-10.00.59:022][  0]LogTargetPlatformManager: Display: Loaded TargetPlatform 'Android_Multi'
[2023.11.13-10.00.59:022][  0]LogTargetPlatformManager: Display: Loaded TargetPlatform 'Android_MultiClient'
[2023.11.13-10.00.59:041][  0]LogTargetPlatformManager: Display: Loaded TargetPlatform 'IOSClient'
[2023.11.13-10.00.59:041][  0]LogTargetPlatformManager: Display: Loaded TargetPlatform 'IOS'
[2023.11.13-10.00.59:050][  0]LogTargetPlatformManager: Display: Loaded TargetPlatform 'Linux'
[2023.11.13-10.00.59:055][  0]LogTargetPlatformManager: Display: Loaded TargetPlatform 'LinuxNoEditor'
[2023.11.13-10.00.59:061][  0]LogTargetPlatformManager: Display: Loaded TargetPlatform 'LinuxClient'
[2023.11.13-10.00.59:065][  0]LogTargetPlatformManager: Display: Loaded TargetPlatform 'LinuxServer'
[2023.11.13-10.00.59:074][  0]LogTargetPlatformManager: Display: Loaded TargetPlatform 'LinuxAArch64NoEditor'
[2023.11.13-10.00.59:080][  0]LogTargetPlatformManager: Display: Loaded TargetPlatform 'LinuxAArch64Client'
[2023.11.13-10.00.59:084][  0]LogTargetPlatformManager: Display: Loaded TargetPlatform 'LinuxAArch64Server'
[2023.11.13-10.00.59:105][  0]LogTargetPlatformManager: Display: Loaded TargetPlatform 'Lumin'
[2023.11.13-10.00.59:105][  0]LogTargetPlatformManager: Display: Loaded TargetPlatform 'LuminClient'
[2023.11.13-10.00.59:114][  0]LogTargetPlatformManager: Display: Loaded TargetPlatform 'MacNoEditor'
[2023.11.13-10.00.59:118][  0]LogTargetPlatformManager: Display: Loaded TargetPlatform 'Mac'
[2023.11.13-10.00.59:123][  0]LogTargetPlatformManager: Display: Loaded TargetPlatform 'MacClient'
[2023.11.13-10.00.59:129][  0]LogTargetPlatformManager: Display: Loaded TargetPlatform 'MacServer'
[2023.11.13-10.00.59:138][  0]LogTargetPlatformManager: Display: Loaded TargetPlatform 'TVOSClient'
[2023.11.13-10.00.59:138][  0]LogTargetPlatformManager: Display: Loaded TargetPlatform 'TVOS'
[2023.11.13-10.00.59:147][  0]LogTargetPlatformManager: Display: Loaded TargetPlatform 'WindowsNoEditor'
[2023.11.13-10.00.59:152][  0]LogTargetPlatformManager: Display: Loaded TargetPlatform 'Windows'
[2023.11.13-10.00.59:157][  0]LogTargetPlatformManager: Display: Loaded TargetPlatform 'WindowsClient'
[2023.11.13-10.00.59:162][  0]LogTargetPlatformManager: Display: Loaded TargetPlatform 'WindowsServer'
[2023.11.13-10.00.59:162][  0]LogTargetPlatformManager: Display: Building Assets For Windows
[2023.11.13-10.00.59:171][  0]LogAudioDebug: Display: Lib vorbis DLL was dynamically loaded.
[2023.11.13-10.00.59:210][  0]LogTextureFormatOodle: Display: Oodle Texture 2.9.0 init RDO Off
[2023.11.13-10.00.59:248][  0]LogRendererCore: Ray tracing is disabled. Reason: r.RayTracing=0.
[2023.11.13-10.00.59:248][  0]LogShaderCompilers: Guid format shader working directory is -16 characters bigger than the processId version (../../../../../../Users/godye/Desktop/Project/ProjectYA/Client/Intermediate/Shaders/WorkingDirectory/1916/).
[2023.11.13-10.00.59:248][  0]LogShaderCompilers: Cleaned the shader compiler working directory 'C:/Users/godye/AppData/Local/Temp/UnrealShaderWorkingDir/64EBB8024616F2E8F7D7BFBDDCAB3A19/'.
[2023.11.13-10.00.59:248][  0]LogXGEController: Cannot use XGE Controller as Incredibuild is not installed on this machine.
[2023.11.13-10.00.59:248][  0]LogShaderCompilers: Cannot use XGE Shader Compiler as Incredibuild is not installed on this machine.
[2023.11.13-10.00.59:248][  0]LogShaderCompilers: Display: Using Local Shader Compiler.
[2023.11.13-10.00.59:800][  0]LogDerivedDataCache: Display: Max Cache Size: 512 MB
[2023.11.13-10.00.59:837][  0]LogDerivedDataCache: Loaded boot cache 0.04s 94MB C:/Users/godye/AppData/Local/UnrealEngine/4.27/DerivedDataCache/Boot.ddc.
[2023.11.13-10.00.59:837][  0]LogDerivedDataCache: Display: Loaded Boot cache: C:/Users/godye/AppData/Local/UnrealEngine/4.27/DerivedDataCache/Boot.ddc
[2023.11.13-10.00.59:837][  0]LogDerivedDataCache: FDerivedDataBackendGraph:  Pak pak cache file ../../../../../../Users/godye/Desktop/Project/ProjectYA/Client/DerivedDataCache/DDC.ddp not found, will not use a pak cache.
[2023.11.13-10.00.59:837][  0]LogDerivedDataCache: Unable to find inner node Pak for hierarchical cache Hierarchy.
[2023.11.13-10.00.59:837][  0]LogDerivedDataCache: FDerivedDataBackendGraph:  CompressedPak pak cache file ../../../../../../Users/godye/Desktop/Project/ProjectYA/Client/DerivedDataCache/Compressed.ddp not found, will not use a pak cache.
[2023.11.13-10.00.59:837][  0]LogDerivedDataCache: Unable to find inner node CompressedPak for hierarchical cache Hierarchy.
[2023.11.13-10.00.59:851][  0]LogDerivedDataCache: Display: Pak cache opened for reading ../../../Engine/DerivedDataCache/Compressed.ddp.
[2023.11.13-10.00.59:851][  0]LogDerivedDataCache: FDerivedDataBackendGraph:  EnterprisePak pak cache file ../../../Enterprise/DerivedDataCache/Compressed.ddp not found, will not use a pak cache.
[2023.11.13-10.00.59:851][  0]LogDerivedDataCache: Unable to find inner node EnterprisePak for hierarchical cache Hierarchy.
[2023.11.13-10.00.59:858][  0]LogDerivedDataCache: Speed tests for C:/Users/godye/AppData/Local/UnrealEngine/Common/DerivedDataCache took 0.01 seconds
[2023.11.13-10.00.59:858][  0]LogDerivedDataCache: Display: Performance to C:/Users/godye/AppData/Local/UnrealEngine/Common/DerivedDataCache: Latency=0.03ms. RandomReadSpeed=1150.46MBs, RandomWriteSpeed=170.37MBs. Assigned SpeedClass 'Local'
[2023.11.13-10.00.59:859][  0]LogDerivedDataCache: Using Local data cache path C:/Users/godye/AppData/Local/UnrealEngine/Common/DerivedDataCache: Writable
[2023.11.13-10.00.59:859][  0]LogDerivedDataCache: Shared data cache path not found in *engine.ini, will not use an Shared cache.
[2023.11.13-10.00.59:859][  0]LogDerivedDataCache: Unable to find inner node Shared for hierarchical cache Hierarchy.
[2023.11.13-10.00.59:894][  0]LogSlate: Using FreeType 2.10.0
[2023.11.13-10.00.59:894][  0]LogSlate: SlateFontServices - WITH_FREETYPE: 1, WITH_HARFBUZZ: 1
[2023.11.13-10.00.59:914][  0]LogAssetRegistry: FAssetRegistry took 0.0021 seconds to start up
[2023.11.13-10.01.00:097][  0]LogInit: Selected Device Profile: [Windows]
[2023.11.13-10.01.00:097][  0]LogInit: Active device profile: [000002732E03C700][000002732C553100 49] Windows
[2023.11.13-10.01.00:097][  0]LogInit: Profiles: [000002732E03C700][000002732C553100 49] Windows, [000002732DFFF700][000002732C59F280 49] WindowsNoEditor, [000002732E03F300][000002732C5A3400 49] WindowsServer, [000002732DFFCF00][000002732E775580 49] WindowsClient, [000002732E03F500][000002732E779700 49] IOS, [000002732DFDFF00][000002732E77D880 49] iPadAir, [000002732DFFFB00][000002732E9DDA00 49] iPadAir2, [000002732DF8C500][000002732E9E4140 49] IPadPro, [000002732DF8C600][000002732E9E0180 49] iPadAir3, [000002732DFDC100][000002732E9E8300 49] iPadAir4, [000002732DF8EC00][000002732E9EC480 49] iPadMini2, [000002732DFDE500][0000027324304600 49] iPadMini3, [000002732DF8F400][000002732C556740 49] iPadMini4, [000002732DFDCF00][000002732430C880 49] iPadMini5, [000002732DF8BE00][0000027324314AC0 49] iPhone6, [000002732DF8BF00][0000027324310B00 49] iPodTouch6, [000002732E03F900][000002732A1A4DC0 49] iPhone7, [000002732E03E100][000002732A1A0E00 49] iPodTouch7, [000002732DF88400][000002732EA78F80 49] iPhone5S, [000002732DF8FD00][000002732EA8B100 49] iPhone6Plus, [000002732E03F400][000002732EA8F280 49] iPhone6S, [000002732DF8E000][000002732EA93400 49] iPhone6SPlus, [000002732E03C900][000002732EA97580 49] iPhone7Plus, [000002732DF8CE00][000002732EA9B700 49] iPhoneSE, [000002732E03C200][000002732EA9F880 49] iPhone8, [000002732DF8E400][000002732EAA3A00 49] iPhone8Plus, [000002732E03DE00][000002732EAA7B80 49] iPhoneX, [000002732DF8FE00][000002732EABE180 49] iPhoneXS, [000002732E03D600][000002732E76E300 49] iPhoneXSMax, [000002732DF8E500][000002732EAC2480 49] iPhoneXR, [000002732E03EA00][000002732E978600 49] iPhone11, [000002732DF8FA00][0000027324286780 49] iPhone11Pro, [000002732E03CF00][000002732428A900 49] iPhone11ProMax, [000002732DF8E300][000002732EDFAA40 49] iPhoneSE2, [000002732E03E700][00000273242BEB80 49] iPhone12Mini, [000002732DF8C700][00000273242C2CC0 49] iPhone12, [000002732E03F100][00000273242CAE40 49] iPhone12Pro, [000002732DF8F500][00000273242CEFC0 49] iPhone12ProMax, [000002732E03C800][00000273242D3140 49] iPadPro105, [000002732DF8DC00][00000273242D72C0 49] iPadPro129, [000002732E03C300][00000273242DB440 49] iPadPro97, [000002732DF8DD00][00000273242DF5C0 49] iPadPro2_129, [000002732E03CC00][00000273242E3740 49] iPad5, [000002732DF8F000][000002732C55B8C0 49] iPad6, [000002732E03EC00][0000027324309A40 49] iPad7, [000002732DF8EE00][0000027323F45BC0 49] iPad8, [000002732E03D800][000002732E97C1C0 49] iPadPro11, [000002732DF8DB00][00000273242BA340 49] iPadPro2_11, [000002732E03D500][00000273242E64C0 49] iPadPro3_129, [000002732DF8E700][00000273242EA640 49] iPadPro4_129, [000002732E03C100][00000273242EE7C0 49] AppleTV, [000002732DF8EB00][000002732C566940 49] AppleTV4K, [000002732E03DB00][000002732C56AAC0 49] TVOS, [000002732DF8C900][00000273242C6C00 49] Mac, [000002732E03D700][000002732C56ED40 49] MacClient, [000002732DF8EF00][000002732C572E80 49] MacNoEditor, [000002732E03CD00][000002732C576FC0 49] MacServer, [000002732DF8C300][000002732C57F140 49] Linux, [000002732E03EE00][000002732C5832C0 49] LinuxAArch64, [000002732DF8D500][000002732C587440 49] LinuxNoEditor, [000002732E03E400][000002732C58B5C0 49] LinuxAArch64NoEditor, [000002732DF8C200][000002732EDB5740 49] LinuxClient, [000002732E03ED00][000002732EDB98C0 49] LinuxAArch64Client, [000002732DF8CC00][000002732EDBDA40 49] LinuxServer, [000002732E03C400][000002732EDC1BC0 49] LinuxAArch64Server, [000002732DF8D000][000002732EDC41C0 49] Android, [000002732DFDF900][000002732EDC8340 49] Android_Low, [000002732DF89B00][000002732EDCC4C0 49] Android_Mid, [000002732DFDF000][000002732EDD0640 49] Android_High, [000002732DF8A300][000002732EDD47C0 49] Android_Default, [000002732DFDE000][000002732EDD8940 49] Android_Adreno4xx, [000002732DF88100][000002732EDDCAC0 49] Android_Adreno5xx_Low, [000002732DFDCB00][000002732EDE0C40 49] Android_Adreno5xx, [000002732DF89800][000002732C57AD80 49] Android_Adreno6xx, [000002732DFDD100][000002732EDE4EC0 49] Android_Adreno6xx_Vulkan, [000002732DF88800][000002732EDE9000 49] Android_Mali_T6xx, [000002732DFDF600][000002732EA01140 49] Android_Mali_T7xx, [000002732DF88D00][000002732EA092C0 49] Android_Mali_T8xx, [000002732DFDFC00][000002732EA0D440 49] Android_Mali_G71, [000002732DF89500][000002732EA115C0 49] Android_Mali_G72, [000002732DFDFE00][000002732EA15740 49] Android_Mali_G72_Vulkan, [000002732DF8BD00][000002732EA198C0 49] Android_Mali_G76, [000002732DFDFA00][000002732EA1DA40 49] Android_Mali_G76_Vulkan, [000002732DF8B600][000002732EA21BC0 49] Android_Mali_G77, [000002732DFDE200][000002732EA241C0 49] Android_Mali_G77_Vulkan, [000002732DF89200][000002732EA28340 49] Android_Mali_G78, [000002732DFDCA00][000002732EA2C4C0 49] Android_Mali_G78_Vulkan, [000002732DF8B000][000002732EA30640 49] Android_Mali_G710, [000002732DFDD400][000002732EA347C0 49] Android_Mali_G710_Vulkan, [000002732DF88700][000002732EA38940 49] Android_Vulkan_SM5, [000002732DFDD800][000002732439CAC0 49] Android_PowerVR_G6xxx, [000002732DF88E00][00000273243A0C40 49] Android_PowerVR_GT7xxx, [000002732DFDC200][00000273243A4DC0 49] Android_PowerVR_GE8xxx, [000002732DF88600][00000273243A8F40 49] Android_PowerVR_GM9xxx, [000002732DFDE600][000002732EA05080 49] Android_PowerVR_GM9xxx_Vulkan, [000002732DF8CF00][00000273243AD1C0 49] Android_TegraK1, [000002732DFDEA00][00000273243B1300 49] Android_Unknown_Vulkan, [000002732DF8CD00][00000273243B9480 49] Lumin, [000002732DFDD200][00000273243BD600 49] Lumin_Desktop, [000002732DF8CB00][00000273243C1780 49] HoloLens, 
[2023.11.13-10.01.00:202][  0]LogMeshReduction: Using QuadricMeshReduction for automatic static mesh reduction
[2023.11.13-10.01.00:202][  0]LogMeshReduction: Using SimplygonMeshReduction for automatic skeletal mesh reduction
[2023.11.13-10.01.00:202][  0]LogMeshReduction: Using ProxyLODMeshReduction for automatic mesh merging
[2023.11.13-10.01.00:202][  0]LogMeshReduction: No distributed automatic mesh merging module available
[2023.11.13-10.01.00:202][  0]LogMeshMerging: No distributed automatic mesh merging module available
[2023.11.13-10.01.00:217][  0]LogNetVersion: Client 1.0.0, NetCL: 17155196, EngineNetVer: 17, GameNetVer: 0 (Checksum: 356464601)
[2023.11.13-10.01.00:498][  0]LogTexture: Default maximum texture size for cubemaps generated from long-lat sources has been changed from 512 to unlimited. In order to preserve old behaiour for '/Engine/MapTemplates/Sky/DaylightAmbientCubemap.DaylightAmbientCubemap', its maximum texture size has been explicitly set to 512.
[2023.11.13-10.01.00:542][  0]LogHMD: PokeAHoleMaterial loaded successfully
[2023.11.13-10.01.00:546][  0]LogUObjectArray: 17178 objects as part of root set at end of initial load.
[2023.11.13-10.01.00:546][  0]LogUObjectAllocator: 4302048 out of 0 bytes used by permanent object pool.
[2023.11.13-10.01.00:546][  0]LogUObjectArray: CloseDisregardForGC: 0/0 objects in disregard for GC pool
[2023.11.13-10.01.00:827][  0]LogNiagaraDebuggerClient: Niagara Debugger Client Initialized | Session: 8889D44A494F43BB0CECA7BC63C7CC0A | Instance: A5146C794FF8C0338570919AB8A172E9 (SANGGEUN-1916).
[2023.11.13-10.01.00:851][  0]LogPython: Using Python 3.7.7
[2023.11.13-10.01.01:282][  0]LogTcpMessaging: Initializing TcpMessaging bridge
[2023.11.13-10.01.01:284][  0]LogUdpMessaging: Initializing bridge on interface 0.0.0.0:0 to multicast group 230.0.0.1:6666.
[2023.11.13-10.01.03:282][  0]LogWindows: Failed to load 'C:/Users/godye/Desktop/Project/ProjectYA/Client/Binaries/Win64/UE4Editor-Client.dll' (GetLastError=193)
[2023.11.13-10.01.03:282][  0]LogModuleManager: Warning: ModuleManager: Unable to load module 'C:/Users/godye/Desktop/Project/ProjectYA/Client/Binaries/Win64/UE4Editor-Client.dll' because the file couldn't be loaded by the OS.
[2023.11.13-10.01.03:776][  0]LogWindowsTextInputMethodSystem: Display: IME system activated using TSF (Microsoft 입력기).
[2023.11.13-10.01.03:778][  0]Message dialog closed, result: Ok, title: 메시지, text: Client' 게임 모듈을 로드하지 못했습니다. 운영체제 오류가 있거나 모듈 설정이 제대로 되지 않았을 수 있습니다. 또는 빌드에 포함된 플러그인이 켜짐 상태가 아닐 수 있습니다.
[2023.11.13-10.01.03:778][  0]LogCore: Engine exit requested (reason: EngineExit() was called)
[2023.11.13-10.01.03:783][  0]LogSlate: Slate User Destroyed.  User Index 0, Is Virtual User: 0
[2023.11.13-10.01.03:785][  0]LogExit: Preparing to exit.
[2023.11.13-10.01.04:297][  0]LogUObjectHash: Compacting FUObjectHashTables data took   0.60ms
[2023.11.13-10.01.04:438][  0]LogDemo: Cleaned up 0 splitscreen connections with owner deletion
[2023.11.13-10.01.04:609][  0]LogExit: Object subsystem successfully closed.
[2023.11.13-10.01.04:615][  0]LogShaderCompilers: Display: === FShaderJobCache stats ===
[2023.11.13-10.01.04:615][  0]LogShaderCompilers: Display: Total job queries 0, among them cache hits 0 (0.00%)
[2023.11.13-10.01.04:615][  0]LogShaderCompilers: Display: Tracking 0 distinct input hashes that result in 0 distinct outputs (0.00%)
[2023.11.13-10.01.04:615][  0]LogShaderCompilers: Display: RAM used: 0.00 MB (0.00 GB) of 1638.40 MB (1.60 GB) budget. Usage: 0.00%
[2023.11.13-10.01.04:615][  0]LogShaderCompilers: Display: ================================================
[2023.11.13-10.01.04:630][  0]LogShaderCompilers: Display: Shaders left to compile 0
[2023.11.13-10.01.04:666][  0]LogModuleManager: Shutting down and abandoning module SoundFields (410)
[2023.11.13-10.01.04:666][  0]LogModuleManager: Shutting down and abandoning module SignificanceManager (408)
[2023.11.13-10.01.04:666][  0]LogModuleManager: Shutting down and abandoning module RuntimePhysXCooking (406)
[2023.11.13-10.01.04:666][  0]LogModuleManager: Shutting down and abandoning module PhysXVehiclesEditor (404)
[2023.11.13-10.01.04:666][  0]LogModuleManager: Shutting down and abandoning module PropertyAccessEditor (400)
[2023.11.13-10.01.04:666][  0]LogModuleManager: Shutting down and abandoning module LocationServicesBPLibrary (398)
[2023.11.13-10.01.04:666][  0]LogModuleManager: Shutting down and abandoning module AudioSynesthesia (396)
[2023.11.13-10.01.04:666][  0]LogModuleManager: Shutting down and abandoning module AudioSynesthesiaCore (394)
[2023.11.13-10.01.04:666][  0]LogModuleManager: Shutting down and abandoning module ActorSequence (392)
[2023.11.13-10.01.04:666][  0]LogModuleManager: Shutting down and abandoning module UdpMessaging (390)
[2023.11.13-10.01.04:767][  0]LogModuleManager: Shutting down and abandoning module TcpMessaging (388)
[2023.11.13-10.01.05:286][  0]LogModuleManager: Shutting down and abandoning module ImgMediaEngine (386)
[2023.11.13-10.01.05:286][  0]LogModuleManager: Shutting down and abandoning module MagicLeapARPin (384)
[2023.11.13-10.01.05:286][  0]LogModuleManager: Shutting down and abandoning module MagicLeapHandMeshing (382)
[2023.11.13-10.01.05:286][  0]LogModuleManager: Shutting down and abandoning module MagicLeapSecureStorage (380)
[2023.11.13-10.01.05:286][  0]LogModuleManager: Shutting down and abandoning module MagicLeapPrivileges (378)
[2023.11.13-10.01.05:286][  0]LogModuleManager: Shutting down and abandoning module MagicLeapPlanes (376)
[2023.11.13-10.01.05:286][  0]LogMagicLeapPlanes: Planes tracker already destroyed.
[2023.11.13-10.01.05:286][  0]LogModuleManager: Shutting down and abandoning module MagicLeapImageTracker (374)
[2023.11.13-10.01.05:286][  0]LogModuleManager: Shutting down and abandoning module MagicLeapIdentity (372)
[2023.11.13-10.01.05:286][  0]LogModuleManager: Shutting down and abandoning module MagicLeapHandTracking (370)
[2023.11.13-10.01.05:286][  0]LogModuleManager: Shutting down and abandoning module MagicLeapEyeTracker (368)
[2023.11.13-10.01.05:286][  0]LogModuleManager: Shutting down and abandoning module MagicLeapController (366)
[2023.11.13-10.01.05:286][  0]LogModuleManager: Shutting down and abandoning module MagicLeapARPinImpl (364)
[2023.11.13-10.01.05:286][  0]LogModuleManager: Shutting down and abandoning module MagicLeapAR (362)
[2023.11.13-10.01.05:286][  0]LogModuleManager: Shutting down and abandoning module PythonScriptPlugin (360)
[2023.11.13-10.01.05:286][  0]LogModuleManager: Shutting down and abandoning module NiagaraAnimNotifies (358)
[2023.11.13-10.01.05:286][  0]LogModuleManager: Shutting down and abandoning module Niagara (356)
[2023.11.13-10.01.05:288][  0]LogModuleManager: Shutting down and abandoning module SignalProcessing (355)
[2023.11.13-10.01.05:288][  0]LogModuleManager: Shutting down and abandoning module NiagaraEditor (353)
[2023.11.13-10.01.05:288][  0]LogModuleManager: Shutting down and abandoning module NiagaraCore (350)
[2023.11.13-10.01.05:288][  0]LogModuleManager: Shutting down and abandoning module GameplayTagsEditor (348)
[2023.11.13-10.01.05:289][  0]LogModuleManager: Shutting down and abandoning module FacialAnimationEditor (346)
[2023.11.13-10.01.05:289][  0]LogModuleManager: Shutting down and abandoning module FacialAnimation (344)
[2023.11.13-10.01.05:289][  0]LogModuleManager: Shutting down and abandoning module DataValidation (342)
[2023.11.13-10.01.05:289][  0]LogModuleManager: Shutting down and abandoning module AssetManagerEditor (340)
[2023.11.13-10.01.05:289][  0]LogModuleManager: Shutting down and abandoning module LevelEditor (339)
[2023.11.13-10.01.05:290][  0]LogModuleManager: Shutting down and abandoning module PixelInspectorModule (338)
[2023.11.13-10.01.05:290][  0]LogModuleManager: Shutting down and abandoning module CommonMenuExtensions (336)
[2023.11.13-10.01.05:290][  0]LogModuleManager: Shutting down and abandoning module MainFrame (334)
[2023.11.13-10.01.05:290][  0]LogModuleManager: Shutting down and abandoning module HotReload (333)
[2023.11.13-10.01.05:290][  0]LogModuleManager: Shutting down and abandoning module ToolMenus (329)
[2023.11.13-10.01.05:290][  0]LogModuleManager: Shutting down and abandoning module ContentBrowser (327)
[2023.11.13-10.01.05:291][  0]LogModuleManager: Shutting down and abandoning module ContentBrowserData (326)
[2023.11.13-10.01.05:291][  0]LogModuleManager: Shutting down and abandoning module TreeMap (323)
[2023.11.13-10.01.05:292][  0]LogModuleManager: Shutting down and abandoning module PropertyAccessNode (320)
[2023.11.13-10.01.05:293][  0]LogModuleManager: Shutting down and abandoning module AnimationSharing (318)
[2023.11.13-10.01.05:293][  0]LogModuleManager: Shutting down and abandoning module GameplayCameras (316)
[2023.11.13-10.01.05:293][  0]LogModuleManager: Shutting down and abandoning module LightPropagationVolumeRuntime (314)
[2023.11.13-10.01.05:293][  0]LogModuleManager: Shutting down and abandoning module EnvironmentQueryEditor (312)
[2023.11.13-10.01.05:293][  0]LogModuleManager: Shutting down and abandoning module Paper2D (310)
[2023.11.13-10.01.05:294][  0]LogModuleManager: Shutting down and abandoning module WindowsMoviePlayer (308)
[2023.11.13-10.01.05:295][  0]LogModuleManager: Shutting down and abandoning module WebMMoviePlayer (306)
[2023.11.13-10.01.05:295][  0]LogModuleManager: Shutting down and abandoning module NetworkReplayStreaming (304)
[2023.11.13-10.01.05:295][  0]LogModuleManager: Shutting down and abandoning module PacketHandler (302)
[2023.11.13-10.01.05:295][  0]LogModuleManager: Shutting down and abandoning module ClothingSystemEditor (300)
[2023.11.13-10.01.05:295][  0]LogModuleManager: Shutting down and abandoning module ClothingSystemRuntimeNv (298)
[2023.11.13-10.01.05:296][  0]LogModuleManager: Shutting down and abandoning module MediaAssets (296)
[2023.11.13-10.01.05:296][  0]LogModuleManager: Shutting down and abandoning module Overlay (294)
[2023.11.13-10.01.05:296][  0]LogModuleManager: Shutting down and abandoning module OverlayEditor (293)
[2023.11.13-10.01.05:296][  0]LogModuleManager: Shutting down and abandoning module VREditor (290)
[2023.11.13-10.01.05:296][  0]LogModuleManager: Shutting down and abandoning module StringTableEditor (288)
[2023.11.13-10.01.05:297][  0]LogModuleManager: Shutting down and abandoning module GameplayTasksEditor (286)
[2023.11.13-10.01.05:297][  0]LogModuleManager: Shutting down and abandoning module BehaviorTreeEditor (284)
[2023.11.13-10.01.05:297][  0]LogModuleManager: Shutting down and abandoning module FunctionalTesting (282)
[2023.11.13-10.01.05:297][  0]LogModuleManager: Shutting down and abandoning module CollisionAnalyzer (280)
[2023.11.13-10.01.05:297][  0]LogModuleManager: Shutting down and abandoning module WorkspaceMenuStructure (279)
[2023.11.13-10.01.05:297][  0]LogModuleManager: Shutting down and abandoning module UMG (276)
[2023.11.13-10.01.05:298][  0]LogModuleManager: Shutting down and abandoning module UMGEditor (275)
[2023.11.13-10.01.05:298][  0]LogModuleManager: Shutting down and abandoning module MessageLog (273)
[2023.11.13-10.01.05:298][  0]LogModuleManager: Shutting down and abandoning module SlateReflector (268)
[2023.11.13-10.01.05:300][  0]LogModuleManager: Shutting down and abandoning module Slate (266)
[2023.11.13-10.01.05:300][  0]LogModuleManager: Shutting down and abandoning module SlateCore (264)
[2023.11.13-10.01.05:301][  0]LogModuleManager: Shutting down and abandoning module LandscapeEditorUtilities (262)
[2023.11.13-10.01.05:301][  0]LogModuleManager: Shutting down and abandoning module UnrealEd (260)
[2023.11.13-10.01.05:301][  0]LogModuleManager: Shutting down and abandoning module MRMesh (258)
[2023.11.13-10.01.05:301][  0]LogModuleManager: Shutting down and abandoning module SourceCodeAccess (256)
[2023.11.13-10.01.05:301][  0]LogModuleManager: Shutting down and abandoning module HeadMountedDisplay (254)
[2023.11.13-10.01.05:301][  0]LogModuleManager: Shutting down and abandoning module XAudio2 (252)
[2023.11.13-10.01.05:301][  0]LogModuleManager: Shutting down and abandoning module Networking (250)
[2023.11.13-10.01.05:301][  0]LogModuleManager: Shutting down and abandoning module Core (248)
[2023.11.13-10.01.05:301][  0]LogModuleManager: Shutting down and abandoning module MaterialEditor (246)
[2023.11.13-10.01.05:302][  0]LogModuleManager: Shutting down and abandoning module MovieSceneTools (244)
[2023.11.13-10.01.05:303][  0]LogModuleManager: Shutting down and abandoning module CurveEditor (243)
[2023.11.13-10.01.05:304][  0]LogModuleManager: Shutting down and abandoning module Sequencer (241)
[2023.11.13-10.01.05:305][  0]LogModuleManager: Shutting down and abandoning module EditorStyle (240)
[2023.11.13-10.01.05:306][  0]LogModuleManager: Shutting down and abandoning module KismetCompiler (236)
[2023.11.13-10.01.05:306][  0]LogModuleManager: Shutting down and abandoning module MeshBuilder (234)
[2023.11.13-10.01.05:306][  0]LogModuleManager: Shutting down and abandoning module MeshUtilities (232)
[2023.11.13-10.01.05:306][  0]LogModuleManager: Shutting down and abandoning module MeshMergeUtilities (231)
[2023.11.13-10.01.05:306][  0]LogModuleManager: Shutting down and abandoning module MeshReductionInterface (230)
[2023.11.13-10.01.05:306][  0]LogModuleManager: Shutting down and abandoning module MeshBoneReduction (229)
[2023.11.13-10.01.05:306][  0]LogModuleManager: Shutting down and abandoning module SkeletalMeshReduction (227)
[2023.11.13-10.01.05:306][  0]LogModuleManager: Shutting down and abandoning module ProxyLODMeshReduction (225)
[2023.11.13-10.01.05:307][  0]LogModuleManager: Shutting down and abandoning module QuadricMeshReduction (223)
[2023.11.13-10.01.05:307][  0]LogModuleManager: Shutting down and abandoning module MaterialBaking (219)
[2023.11.13-10.01.05:307][  0]LogModuleManager: Shutting down and abandoning module NullInstallBundleManager (214)
[2023.11.13-10.01.05:307][  0]LogModuleManager: Shutting down and abandoning module DerivedDataCache (212)
[2023.11.13-10.01.05:307][  0]LogModuleManager: Shutting down and abandoning module TargetPlatform (210)
[2023.11.13-10.01.05:307][  0]LogModuleManager: Shutting down and abandoning module VulkanShaderFormat (209)
[2023.11.13-10.01.05:307][  0]LogModuleManager: Shutting down and abandoning module ShaderFormatVectorVM (207)
[2023.11.13-10.01.05:307][  0]LogModuleManager: Shutting down and abandoning module ShaderFormatOpenGL (205)
[2023.11.13-10.01.05:308][  0]LogModuleManager: Shutting down and abandoning module ShaderFormatD3D (203)
[2023.11.13-10.01.05:308][  0]LogModuleManager: Shutting down and abandoning module MetalShaderFormat (201)
[2023.11.13-10.01.05:308][  0]LogModuleManager: Shutting down and abandoning module TextureFormatOodle (199)
[2023.11.13-10.01.05:308][  0]LogModuleManager: Shutting down and abandoning module TextureFormatUncompressed (197)
[2023.11.13-10.01.05:308][  0]LogModuleManager: Shutting down and abandoning module TextureFormatPVR (195)
[2023.11.13-10.01.05:308][  0]LogModuleManager: Shutting down and abandoning module TextureFormatETC2 (193)
[2023.11.13-10.01.05:308][  0]LogModuleManager: Shutting down and abandoning module TextureFormatDXT (191)
[2023.11.13-10.01.05:308][  0]LogModuleManager: Shutting down and abandoning module TextureFormatIntelISPCTexComp (189)
[2023.11.13-10.01.05:308][  0]LogModuleManager: Shutting down and abandoning module TextureFormatASTC (187)
[2023.11.13-10.01.05:308][  0]LogModuleManager: Shutting down and abandoning module ImageWrapper (186)
[2023.11.13-10.01.05:308][  0]LogModuleManager: Shutting down and abandoning module AudioFormatOpus (183)
[2023.11.13-10.01.05:308][  0]LogModuleManager: Shutting down and abandoning module AudioFormatOgg (181)
[2023.11.13-10.01.05:308][  0]LogModuleManager: Shutting down and abandoning module AudioFormatADPCM (179)
[2023.11.13-10.01.05:308][  0]LogModuleManager: Shutting down and abandoning module WindowsServerTargetPlatform (177)
[2023.11.13-10.01.05:308][  0]LogModuleManager: Shutting down and abandoning module WindowsClientTargetPlatform (175)
[2023.11.13-10.01.05:308][  0]LogModuleManager: Shutting down and abandoning module WindowsTargetPlatform (173)
[2023.11.13-10.01.05:308][  0]LogModuleManager: Shutting down and abandoning module WindowsNoEditorTargetPlatform (171)
[2023.11.13-10.01.05:308][  0]LogModuleManager: Shutting down and abandoning module TVOSTargetPlatform (169)
[2023.11.13-10.01.05:309][  0]LogModuleManager: Shutting down and abandoning module MacServerTargetPlatform (167)
[2023.11.13-10.01.05:309][  0]LogModuleManager: Shutting down and abandoning module MacClientTargetPlatform (165)
[2023.11.13-10.01.05:309][  0]LogModuleManager: Shutting down and abandoning module MacTargetPlatform (163)
[2023.11.13-10.01.05:309][  0]LogModuleManager: Shutting down and abandoning module MacNoEditorTargetPlatform (161)
[2023.11.13-10.01.05:309][  0]LogModuleManager: Shutting down and abandoning module LuminTargetPlatform (159)
[2023.11.13-10.01.05:309][  0]LogModuleManager: Shutting down and abandoning module LinuxAArch64ServerTargetPlatform (157)
[2023.11.13-10.01.05:309][  0]LogModuleManager: Shutting down and abandoning module LinuxAArch64ClientTargetPlatform (155)
[2023.11.13-10.01.05:309][  0]LogModuleManager: Shutting down and abandoning module LinuxAArch64NoEditorTargetPlatform (153)
[2023.11.13-10.01.05:309][  0]LogModuleManager: Shutting down and abandoning module LinuxServerTargetPlatform (151)
[2023.11.13-10.01.05:309][  0]LogModuleManager: Shutting down and abandoning module LinuxClientTargetPlatform (149)
[2023.11.13-10.01.05:309][  0]LogModuleManager: Shutting down and abandoning module LinuxNoEditorTargetPlatform (147)
[2023.11.13-10.01.05:309][  0]LogModuleManager: Shutting down and abandoning module LinuxTargetPlatform (145)
[2023.11.13-10.01.05:309][  0]LogModuleManager: Shutting down and abandoning module Messaging (143)
[2023.11.13-10.01.05:309][  0]LogModuleManager: Shutting down and abandoning module IOSTargetPlatform (141)
[2023.11.13-10.01.05:310][  0]LogModuleManager: Shutting down and abandoning module AndroidTargetPlatform (139)
[2023.11.13-10.01.05:312][  0]LogModuleManager: Shutting down and abandoning module AllDesktopTargetPlatform (137)
[2023.11.13-10.01.05:312][  0]LogModuleManager: Shutting down and abandoning module D3D11RHI (134)
[2023.11.13-10.01.05:312][  0]LogModuleManager: Shutting down and abandoning module InputCore (132)
[2023.11.13-10.01.05:312][  0]LogModuleManager: Shutting down and abandoning module Settings (130)
[2023.11.13-10.01.05:312][  0]LogModuleManager: Shutting down and abandoning module DirectoryWatcher (128)
[2023.11.13-10.01.05:312][  0]LogModuleManager: Shutting down and abandoning module PhysXCooking (126)
[2023.11.13-10.01.05:312][  0]LogModuleManager: Shutting down and abandoning module Chaos (124)
[2023.11.13-10.01.05:312][  0]LogModuleManager: Shutting down and abandoning module WindowsPlatformFeatures (122)
[2023.11.13-10.01.05:312][  0]LogModuleManager: Shutting down and abandoning module GameplayMediaEncoder (121)
[2023.11.13-10.01.05:312][  0]LogModuleManager: Shutting down and abandoning module AVEncoder (120)
[2023.11.13-10.01.05:312][  0]LogModuleManager: Shutting down and abandoning module SteamVRInputDevice (116)
[2023.11.13-10.01.05:312][  0]LogModuleManager: Shutting down and abandoning module SteamVRInput (114)
[2023.11.13-10.01.05:312][  0]LogModuleManager: Shutting down and abandoning module SteamVR (112)
[2023.11.13-10.01.05:312][  0]LogHMD: Freeing OpenVRDLLHandle.
[2023.11.13-10.01.05:313][  0]LogModuleManager: Shutting down and abandoning module OculusHMD (110)
[2023.11.13-10.01.05:313][  0]LogModuleManager: Shutting down and abandoning module OpenXRHandTracking (108)
[2023.11.13-10.01.05:313][  0]LogModuleManager: Shutting down and abandoning module OpenXRAR (106)
[2023.11.13-10.01.05:313][  0]LogModuleManager: Shutting down and abandoning module AugmentedReality (105)
[2023.11.13-10.01.05:313][  0]LogModuleManager: Shutting down and abandoning module OpenXRHMD (102)
[2023.11.13-10.01.05:313][  0]LogModuleManager: Shutting down and abandoning module OpenXREyeTracker (100)
[2023.11.13-10.01.05:313][  0]LogModuleManager: Shutting down and abandoning module ExampleDeviceProfileSelector (98)
[2023.11.13-10.01.05:313][  0]LogModuleManager: Shutting down and abandoning module ChunkDownloader (96)
[2023.11.13-10.01.05:313][  0]LogModuleManager: Shutting down and abandoning module OnlineBlueprintSupport (94)
[2023.11.13-10.01.05:313][  0]LogModuleManager: Shutting down and abandoning module OnlineSubsystem (90)
[2023.11.13-10.01.05:315][  0]LogModuleManager: Shutting down and abandoning module XMPP (85)
[2023.11.13-10.01.05:316][  0]LogModuleManager: Shutting down and abandoning module WebSockets (84)
[2023.11.13-10.01.05:325][  0]LogModuleManager: Shutting down and abandoning module HTTP (81)
[2023.11.13-10.01.05:325][  0]LogHttp: Display: cleaning up 0 outstanding Http requests.
[2023.11.13-10.01.05:343][  0]LogModuleManager: Shutting down and abandoning module SSL (80)
[2023.11.13-10.01.05:344][  0]LogModuleManager: Shutting down and abandoning module LauncherChunkInstaller (76)
[2023.11.13-10.01.05:344][  0]LogModuleManager: Shutting down and abandoning module WmfMedia (74)
[2023.11.13-10.01.05:348][  0]LogModuleManager: Shutting down and abandoning module Media (73)
[2023.11.13-10.01.05:349][  0]LogModuleManager: Shutting down and abandoning module MediaInfo (72)
[2023.11.13-10.01.05:349][  0]LogModuleManager: Shutting down and abandoning module ExrReaderGpu (68)
[2023.11.13-10.01.05:349][  0]LogModuleManager: Shutting down and abandoning module MLSDK (66)
[2023.11.13-10.01.05:349][  0]LogModuleManager: Shutting down and abandoning module MagicLeap (64)
[2023.11.13-10.01.05:349][  0]LogModuleManager: Shutting down and abandoning module NiagaraVertexFactories (62)
[2023.11.13-10.01.05:349][  0]LogModuleManager: Shutting down and abandoning module NiagaraShader (60)
[2023.11.13-10.01.05:349][  0]LogModuleManager: Shutting down and abandoning module VariantManagerContent (58)
[2023.11.13-10.01.05:349][  0]LogModuleManager: Shutting down and abandoning module DatasmithContent (56)
[2023.11.13-10.01.05:349][  0]LogModuleManager: Shutting down and abandoning module ChaosCloth (54)
[2023.11.13-10.01.05:349][  0]LogModuleManager: Shutting down and abandoning module PixWinPlugin (52)
[2023.11.13-10.01.05:349][  0]LogModuleManager: Shutting down and abandoning module AISupportModule (50)
[2023.11.13-10.01.05:349][  0]LogModuleManager: Shutting down and abandoning module DesktopPlatform (48)
[2023.11.13-10.01.05:349][  0]LogModuleManager: Shutting down and abandoning module PythonScriptPluginPreload (46)
[2023.11.13-10.01.05:349][  0]LogModuleManager: Shutting down and abandoning module PlatformCryptoOpenSSL (44)
[2023.11.13-10.01.05:349][  0]LogModuleManager: Shutting down and abandoning module PlatformCryptoTypes (42)
[2023.11.13-10.01.05:349][  0]LogModuleManager: Shutting down and abandoning module PlatformCrypto (40)
[2023.11.13-10.01.05:349][  0]LogModuleManager: Shutting down and abandoning module OodleDataCompressionFormat (38)
[2023.11.13-10.01.05:349][  0]LogModuleManager: Shutting down and abandoning module XGEController (36)
[2023.11.13-10.01.05:349][  0]LogModuleManager: Shutting down and abandoning module AnimationModifiers (34)
[2023.11.13-10.01.05:350][  0]LogModuleManager: Shutting down and abandoning module AudioEditor (32)
[2023.11.13-10.01.05:351][  0]LogModuleManager: Shutting down and abandoning module PropertyEditor (31)
[2023.11.13-10.01.05:353][  0]LogModuleManager: Shutting down and abandoning module TextureCompressor (28)
[2023.11.13-10.01.05:353][  0]LogModuleManager: Shutting down and abandoning module RenderCore (26)
[2023.11.13-10.01.05:353][  0]LogModuleManager: Shutting down and abandoning module Landscape (24)
[2023.11.13-10.01.05:353][  0]LogModuleManager: Shutting down and abandoning module SlateRHIRenderer (22)
[2023.11.13-10.01.05:354][  0]LogModuleManager: Shutting down and abandoning module AnimGraphRuntime (20)
[2023.11.13-10.01.05:354][  0]LogModuleManager: Shutting down and abandoning module Renderer (18)
[2023.11.13-10.01.05:354][  0]LogModuleManager: Shutting down and abandoning module Engine (16)
[2023.11.13-10.01.05:354][  0]LogModuleManager: Shutting down and abandoning module CoreUObject (14)
[2023.11.13-10.01.05:354][  0]LogModuleManager: Shutting down and abandoning module NetworkFile (12)
[2023.11.13-10.01.05:354][  0]LogModuleManager: Shutting down and abandoning module CookedIterativeFile (10)
[2023.11.13-10.01.05:354][  0]LogModuleManager: Shutting down and abandoning module StreamingFile (8)
[2023.11.13-10.01.05:354][  0]LogModuleManager: Shutting down and abandoning module SandboxFile (6)
[2023.11.13-10.01.05:354][  0]LogModuleManager: Shutting down and abandoning module PakFile (4)
[2023.11.13-10.01.05:355][  0]LogModuleManager: Shutting down and abandoning module RSA (3)
[2023.11.13-10.01.05:612][  0]LogD3D11RHI: Shutdown
[2023.11.13-10.01.05:612][  0]LogD3D11RHI: CleanupD3DDevice
[2023.11.13-10.01.05:654][  0]LogExit: Exiting.
[2023.11.13-10.01.05:667][  0]Log file closed, 11/13/23 19:01:05
