Log file open, 11/14/23 08:43:39
LogWindows: Failed to load 'aqProf.dll' (GetLastError=126)
LogWindows: File 'aqProf.dll' does not exist
LogWindows: Failed to load 'VtuneApi.dll' (GetLastError=126)
LogWindows: File 'VtuneApi.dll' does not exist
LogWindows: Failed to load 'VtuneApi32e.dll' (GetLastError=126)
LogWindows: File 'VtuneApi32e.dll' does not exist
LogConsoleResponse: Display: Failed to find resolution value strings in scalability ini. Falling back to default.
LogConsoleResponse: Display: Failed to find resolution value strings in scalability ini. Falling back to default.
LogInit: Display: Running engine for game: Client
LogPlatformFile: Not using cached read wrapper
LogTaskGraph: Started task graph with 5 named threads and 35 total threads with 3 sets of task threads.
LogStats: Stats thread started at 0.356098
LogICUInternationalization: ICU TimeZone Detection - Raw Offset: +9:00, Platform Override: ''
LogInit: Display: Loading text-based GConfig....
LogPluginManager: Mounting plugin MeshPainting
LogPluginManager: Mounting plugin XGEController
LogPluginManager: Mounting plugin Paper2D
LogPluginManager: Mounting plugin LiveLink
LogPluginManager: Mounting plugin LightPropagationVolume
LogPluginManager: Mounting plugin GameplayCameras
LogPluginManager: Mounting plugin CameraShakePreviewer
LogPluginManager: Mounting plugin OodleData
LogPluginManager: Mounting plugin OodleNetwork
LogPluginManager: Mounting plugin AssetManagerEditor
LogPluginManager: Mounting plugin CurveEditorTools
LogPluginManager: Mounting plugin CryptoKeys
LogPluginManager: Mounting plugin FacialAnimation
LogPluginManager: Mounting plugin GameplayTagsEditor
LogPluginManager: Mounting plugin MacGraphicsSwitching
LogPluginManager: Mounting plugin MaterialAnalyzer
LogPluginManager: Mounting plugin GeometryMode
LogPluginManager: Mounting plugin MobileLauncherProfileWizard
LogPluginManager: Mounting plugin PluginBrowser
LogPluginManager: Mounting plugin SpeedTreeImporter
LogPluginManager: Mounting plugin DataValidation
LogPluginManager: Mounting plugin DatasmithContent
LogPluginManager: Mounting plugin CLionSourceCodeAccess
LogPluginManager: Mounting plugin AnimationSharing
LogPluginManager: Mounting plugin CodeLiteSourceCodeAccess
LogPluginManager: Mounting plugin GitSourceControl
LogPluginManager: Mounting plugin KDevelopSourceCodeAccess
LogPluginManager: Mounting plugin VariantManagerContent
LogPluginManager: Mounting plugin NullSourceCodeAccess
LogPluginManager: Mounting plugin PerforceSourceControl
LogPluginManager: Mounting plugin PixWinPlugin
LogPluginManager: Mounting plugin PluginUtils
LogPluginManager: Mounting plugin PlasticSourceControl
LogPluginManager: Mounting plugin PropertyAccessNode
LogPluginManager: Mounting plugin RiderSourceCodeAccess
LogPluginManager: Mounting plugin TextureFormatOodle
LogPluginManager: Mounting plugin UObjectPlugin
LogPluginManager: Mounting plugin VisualStudioCodeSourceCodeAccess
LogPluginManager: Mounting plugin VisualStudioSourceCodeAccess
LogPluginManager: Mounting plugin AlembicImporter
LogPluginManager: Mounting plugin AutomationUtils
LogPluginManager: Mounting plugin BackChannel
LogPluginManager: Mounting plugin ChaosCloth
LogPluginManager: Mounting plugin ChaosClothEditor
LogPluginManager: Mounting plugin XCodeSourceCodeAccess
LogPluginManager: Mounting plugin ChaosEditor
LogPluginManager: Mounting plugin ChaosNiagara
LogPluginManager: Mounting plugin ChaosSolverPlugin
LogPluginManager: Mounting plugin CharacterAI
LogPluginManager: Mounting plugin SubversionSourceControl
LogPluginManager: Mounting plugin GeometryCache
LogPluginManager: Mounting plugin GeometryCollectionPlugin
LogPluginManager: Mounting plugin GeometryProcessing
LogPluginManager: Mounting plugin MotoSynth
LogPluginManager: Mounting plugin OpenImageDenoise
LogPluginManager: Mounting plugin PlanarCut
LogPluginManager: Mounting plugin PlatformCrypto
LogPluginManager: Mounting plugin ProxyLODPlugin
LogPluginManager: Mounting plugin PythonScriptPlugin
LogPluginManager: Mounting plugin LuminPlatformFeatures
LogPluginManager: Mounting plugin MagicLeapLightEstimation
LogPluginManager: Mounting plugin MagicLeap
LogPluginManager: Mounting plugin MagicLeapMedia
LogPluginManager: Mounting plugin MagicLeapPassableWorld
LogPluginManager: Mounting plugin MLSDK
LogPluginManager: Mounting plugin Niagara
LogPluginManager: Mounting plugin SkeletalReduction
LogPluginManager: Mounting plugin UdpMessaging
LogPluginManager: Mounting plugin TcpMessaging
LogPluginManager: Mounting plugin AvfMedia
LogPluginManager: Mounting plugin AndroidMedia
LogPluginManager: Mounting plugin ImgMedia
LogPluginManager: Mounting plugin MediaCompositing
LogPluginManager: Mounting plugin WebMMedia
LogPluginManager: Mounting plugin WmfMedia
LogPluginManager: Mounting plugin MediaPlayerEditor
LogPluginManager: Mounting plugin ActorSequence
LogPluginManager: Mounting plugin MatineeToLevelSequence
LogPluginManager: Mounting plugin LevelSequenceEditor
LogPluginManager: Mounting plugin OnlineSubsystem
LogPluginManager: Mounting plugin OnlineSubsystemNull
LogPluginManager: Mounting plugin TemplateSequence
LogPluginManager: Mounting plugin OnlineSubsystemUtils
LogPluginManager: Mounting plugin ActorLayerUtilities
LogPluginManager: Mounting plugin LauncherChunkInstaller
LogPluginManager: Mounting plugin AndroidMoviePlayer
LogPluginManager: Mounting plugin AndroidPermission
LogPluginManager: Mounting plugin AndroidDeviceProfileSelector
LogPluginManager: Mounting plugin AppleImageUtils
LogPluginManager: Mounting plugin AppleMoviePlayer
LogPluginManager: Mounting plugin AssetTags
LogPluginManager: Mounting plugin ArchVisCharacter
LogPluginManager: Mounting plugin AudioCapture
LogPluginManager: Mounting plugin AudioSynesthesia
LogPluginManager: Mounting plugin CableComponent
LogPluginManager: Mounting plugin ChunkDownloader
LogPluginManager: Mounting plugin CustomMeshComponent
LogPluginManager: Mounting plugin ExampleDeviceProfileSelector
LogPluginManager: Mounting plugin EditableMesh
LogPluginManager: Mounting plugin GoogleCloudMessaging
LogPluginManager: Mounting plugin GooglePAD
LogPluginManager: Mounting plugin IOSDeviceProfileSelector
LogPluginManager: Mounting plugin LinuxDeviceProfileSelector
LogPluginManager: Mounting plugin LocationServicesBPLibrary
LogPluginManager: Mounting plugin MobilePatchingUtils
LogPluginManager: Mounting plugin OpenXR
LogPluginManager: Mounting plugin OpenXREyeTracker
LogPluginManager: Mounting plugin OpenXRHandTracking
LogPluginManager: Mounting plugin PhysXVehicles
LogPluginManager: Mounting plugin PostSplashScreen
LogPluginManager: Mounting plugin ProceduralMeshComponent
LogPluginManager: Mounting plugin PropertyAccessEditor
LogPluginManager: Mounting plugin RuntimePhysXCooking
LogPluginManager: Mounting plugin SignificanceManager
LogPluginManager: Mounting plugin SoundFields
LogPluginManager: Mounting plugin Synthesis
LogPluginManager: Mounting plugin WebMMoviePlayer
LogPluginManager: Mounting plugin WindowsMoviePlayer
LogPluginManager: Mounting plugin ScreenshotTools
LogPluginManager: Mounting plugin AISupport
LogPluginManager: Mounting plugin EnvironmentQueryEditor
LogPluginManager: Mounting plugin Takes
LogPluginManager: Mounting plugin ContentBrowserAssetDataSource
LogPluginManager: Mounting plugin ContentBrowserClassDataSource
LogPluginManager: Mounting plugin ContentBrowserFileDataSource
LogPluginManager: Mounting plugin OnlineSubsystemGooglePlay
LogPluginManager: Mounting plugin OnlineSubsystemIOS
LogPluginManager: Mounting plugin OculusVR
LogPluginManager: Mounting plugin SteamVR
PixWinPlugin: PIX capture plugin failed to initialize! Check that the process is launched from PIX.
LogInit: Using libcurl 7.55.1-DEV
LogInit:  - built for x86_64-pc-win32
LogInit:  - supports SSL with OpenSSL/1.1.1
LogInit:  - supports HTTP deflate (compression) using libz 1.2.8
LogInit:  - other features:
LogInit:      CURL_VERSION_SSL
LogInit:      CURL_VERSION_LIBZ
LogInit:      CURL_VERSION_IPV6
LogInit:      CURL_VERSION_ASYNCHDNS
LogInit:      CURL_VERSION_LARGEFILE
LogInit:      CURL_VERSION_IDN
LogInit:  CurlRequestOptions (configurable via config and command line):
LogInit:  - bVerifyPeer = true  - Libcurl will verify peer certificate
LogInit:  - bUseHttpProxy = false  - Libcurl will NOT use HTTP proxy
LogInit:  - bDontReuseConnections = false  - Libcurl will reuse connections
LogInit:  - MaxHostConnections = 16  - Libcurl will limit the number of connections to a host
LogInit:  - LocalHostAddr = Default
LogInit:  - BufferSize = 65536
LogOnline: OSS: Creating online subsystem instance for: NULL
LogInit: WinSock: version 1.1 (2.2), MaxSocks=32767, MaxUdp=65467
LogOnline: OSS: TryLoadSubsystemAndSetDefault: Loaded subsystem for module [NULL]
LogOculusPluginWrapper: OculusPlugin initialized successfully
LogHMD: Failed initializing OVRPlugin 1.59.0
LogInit: Build: ++UE4+Release-4.27-CL-18319896
LogInit: Engine Version: 4.27.2-18319896+++UE4+Release-4.27
LogInit: Compatible Engine Version: 4.27.0-17155196+++UE4+Release-4.27
LogInit: Net CL: 17155196
LogInit: OS: Windows 10 (Release 2009) (), CPU: AMD Ryzen 5 5600X 6-Core Processor             , GPU: NVIDIA GeForce RTX 3070
LogInit: Compiled (64-bit): Nov 30 2021 07:12:08
LogInit: Compiled with Visual C++: 19.24.28315.00
LogInit: Build Configuration: Development
LogInit: Branch Name: ++UE4+Release-4.27
LogInit: Command Line:  -skipcompile
LogInit: Base Directory: C:/Program Files/Epic Games/UE_4.27/Engine/Binaries/Win64/
LogInit: Allocator: TBB
LogInit: Installed Engine Build: 1
LogDevObjectVersion: Number of dev versions registered: 29
LogDevObjectVersion:   Dev-Blueprints (B0D832E4-1F89-4F0D-ACCF-7EB736FD4AA2): 10
LogDevObjectVersion:   Dev-Build (E1C64328-A22C-4D53-A36C-8E866417BD8C): 0
LogDevObjectVersion:   Dev-Core (375EC13C-06E4-48FB-B500-84F0262A717E): 4
LogDevObjectVersion:   Dev-Editor (E4B068ED-F494-42E9-A231-DA0B2E46BB41): 40
LogDevObjectVersion:   Dev-Framework (CFFC743F-43B0-4480-9391-14DF171D2073): 37
LogDevObjectVersion:   Dev-Mobile (B02B49B5-BB20-44E9-A304-32B752E40360): 3
LogDevObjectVersion:   Dev-Networking (A4E4105C-59A1-49B5-A7C5-40C4547EDFEE): 0
LogDevObjectVersion:   Dev-Online (39C831C9-5AE6-47DC-9A44-9C173E1C8E7C): 0
LogDevObjectVersion:   Dev-Physics (78F01B33-EBEA-4F98-B9B4-84EACCB95AA2): 14
LogDevObjectVersion:   Dev-Platform (6631380F-2D4D-43E0-8009-CF276956A95A): 0
LogDevObjectVersion:   Dev-Rendering (12F88B9F-8875-4AFC-A67C-D90C383ABD29): 45
LogDevObjectVersion:   Dev-Sequencer (7B5AE74C-D270-4C10-A958-57980B212A5A): 13
LogDevObjectVersion:   Dev-VR (D7296918-1DD6-4BDD-9DE2-64A83CC13884): 3
LogDevObjectVersion:   Dev-LoadTimes (C2A15278-BFE7-4AFE-6C17-90FF531DF755): 1
LogDevObjectVersion:   Private-Geometry (6EACA3D4-40EC-4CC1-B786-8BED09428FC5): 3
LogDevObjectVersion:   Dev-AnimPhys (29E575DD-E0A3-4627-9D10-D276232CDCEA): 17
LogDevObjectVersion:   Dev-Anim (AF43A65D-7FD3-4947-9873-3E8ED9C1BB05): 15
LogDevObjectVersion:   Dev-ReflectionCapture (6B266CEC-1EC7-4B8F-A30B-E4D90942FC07): 1
LogDevObjectVersion:   Dev-Automation (0DF73D61-A23F-47EA-B727-89E90C41499A): 1
LogDevObjectVersion:   FortniteMain (601D1886-AC64-4F84-AA16-D3DE0DEAC7D6): 47
LogDevObjectVersion:   FortniteRelease (E7086368-6B23-4C58-8439-1B7016265E91): 1
LogDevObjectVersion:   Dev-Enterprise (9DFFBCD6-494F-0158-E221-12823C92A888): 10
LogDevObjectVersion:   Dev-Niagara (F2AED0AC-9AFE-416F-8664-AA7FFA26D6FC): 1
LogDevObjectVersion:   Dev-Destruction (174F1F0B-B4C6-45A5-B13F-2EE8D0FB917D): 10
LogDevObjectVersion:   Dev-Physics-Ext (35F94A83-E258-406C-A318-09F59610247C): 41
LogDevObjectVersion:   Dev-PhysicsMaterial-Chaos (B68FC16E-8B1B-42E2-B453-215C058844FE): 1
LogDevObjectVersion:   Dev-CineCamera (B2E18506-4273-CFC2-A54E-F4BB758BBA07): 1
LogDevObjectVersion:   Dev-VirtualProduction (64F58936-FD1B-42BA-BA96-7289D5D0FA4E): 1
LogDevObjectVersion:   Dev-MediaFramework (6F0ED827-A609-4895-9C91-998D90180EA4): 2
LogInit: Presizing for max 25165824 objects, including 0 objects not considered by GC, pre-allocating 0 bytes for permanent pool.
LogConfig: Applying CVar settings from Section [/Script/Engine.StreamingSettings] File [C:/Users/godye/Desktop/Project/ProjectYA/Client/Saved/Config/Windows/Engine.ini]
LogConfig: Setting CVar [[s.MinBulkDataSizeForAsyncLoading:131072]]
LogConfig: Setting CVar [[s.AsyncLoadingThreadEnabled:0]]
LogConfig: Setting CVar [[s.EventDrivenLoaderEnabled:1]]
LogConfig: Setting CVar [[s.WarnIfTimeLimitExceeded:0]]
LogConfig: Setting CVar [[s.TimeLimitExceededMultiplier:1.5]]
LogConfig: Setting CVar [[s.TimeLimitExceededMinTime:0.005]]
LogConfig: Setting CVar [[s.UseBackgroundLevelStreaming:1]]
LogConfig: Setting CVar [[s.PriorityAsyncLoadingExtraTime:15.0]]
LogConfig: Setting CVar [[s.LevelStreamingActorsUpdateTimeLimit:5.0]]
LogConfig: Setting CVar [[s.PriorityLevelStreamingActorsUpdateExtraTime:5.0]]
LogConfig: Setting CVar [[s.LevelStreamingComponentsRegistrationGranularity:10]]
LogConfig: Setting CVar [[s.UnregisterComponentsTimeLimit:1.0]]
LogConfig: Setting CVar [[s.LevelStreamingComponentsUnregistrationGranularity:5]]
LogConfig: Setting CVar [[s.FlushStreamingOnExit:1]]
LogInit: Object subsystem initialized
LogConfig: Setting CVar [[con.DebugEarlyDefault:1]]
LogConfig: Setting CVar [[r.setres:1280x720]]
[2023.11.13-23.43.41:198][  0]LogConfig: Setting CVar [[r.VSync:0]]
[2023.11.13-23.43.41:198][  0]LogConfig: Setting CVar [[r.RHICmdBypass:0]]
[2023.11.13-23.43.41:198][  0]LogConfig: Applying CVar settings from Section [/Script/Engine.RendererSettings] File [C:/Users/godye/Desktop/Project/ProjectYA/Client/Saved/Config/Windows/Engine.ini]
[2023.11.13-23.43.41:198][  0]LogConfig: Setting CVar [[r.GPUCrashDebugging:0]]
[2023.11.13-23.43.41:198][  0]LogConfig: Applying CVar settings from Section [/Script/Engine.RendererOverrideSettings] File [C:/Users/godye/Desktop/Project/ProjectYA/Client/Saved/Config/Windows/Engine.ini]
[2023.11.13-23.43.41:198][  0]LogConfig: Applying CVar settings from Section [/Script/Engine.StreamingSettings] File [C:/Users/godye/Desktop/Project/ProjectYA/Client/Saved/Config/Windows/Engine.ini]
[2023.11.13-23.43.41:198][  0]LogConfig: Setting CVar [[s.MinBulkDataSizeForAsyncLoading:131072]]
[2023.11.13-23.43.41:198][  0]LogConfig: Setting CVar [[s.AsyncLoadingThreadEnabled:0]]
[2023.11.13-23.43.41:198][  0]LogConfig: Setting CVar [[s.EventDrivenLoaderEnabled:1]]
[2023.11.13-23.43.41:198][  0]LogConfig: Setting CVar [[s.WarnIfTimeLimitExceeded:0]]
[2023.11.13-23.43.41:198][  0]LogConfig: Setting CVar [[s.TimeLimitExceededMultiplier:1.5]]
[2023.11.13-23.43.41:198][  0]LogConfig: Setting CVar [[s.TimeLimitExceededMinTime:0.005]]
[2023.11.13-23.43.41:198][  0]LogConfig: Setting CVar [[s.UseBackgroundLevelStreaming:1]]
[2023.11.13-23.43.41:198][  0]LogConfig: Setting CVar [[s.PriorityAsyncLoadingExtraTime:15.0]]
[2023.11.13-23.43.41:198][  0]LogConfig: Setting CVar [[s.LevelStreamingActorsUpdateTimeLimit:5.0]]
[2023.11.13-23.43.41:198][  0]LogConfig: Setting CVar [[s.PriorityLevelStreamingActorsUpdateExtraTime:5.0]]
[2023.11.13-23.43.41:198][  0]LogConfig: Setting CVar [[s.LevelStreamingComponentsRegistrationGranularity:10]]
[2023.11.13-23.43.41:198][  0]LogConfig: Setting CVar [[s.UnregisterComponentsTimeLimit:1.0]]
[2023.11.13-23.43.41:198][  0]LogConfig: Setting CVar [[s.LevelStreamingComponentsUnregistrationGranularity:5]]
[2023.11.13-23.43.41:198][  0]LogConfig: Setting CVar [[s.FlushStreamingOnExit:1]]
[2023.11.13-23.43.41:198][  0]LogConfig: Applying CVar settings from Section [/Script/Engine.GarbageCollectionSettings] File [C:/Users/godye/Desktop/Project/ProjectYA/Client/Saved/Config/Windows/Engine.ini]
[2023.11.13-23.43.41:198][  0]LogConfig: Setting CVar [[gc.MaxObjectsNotConsideredByGC:1]]
[2023.11.13-23.43.41:198][  0]LogConfig: Setting CVar [[gc.SizeOfPermanentObjectPool:0]]
[2023.11.13-23.43.41:198][  0]LogConfig: Setting CVar [[gc.FlushStreamingOnGC:0]]
[2023.11.13-23.43.41:198][  0]LogConfig: Setting CVar [[gc.NumRetriesBeforeForcingGC:10]]
[2023.11.13-23.43.41:198][  0]LogConfig: Setting CVar [[gc.AllowParallelGC:1]]
[2023.11.13-23.43.41:198][  0]LogConfig: Setting CVar [[gc.TimeBetweenPurgingPendingKillObjects:61.1]]
[2023.11.13-23.43.41:198][  0]LogConfig: Setting CVar [[gc.MaxObjectsInEditor:25165824]]
[2023.11.13-23.43.41:198][  0]LogConfig: Setting CVar [[gc.IncrementalBeginDestroyEnabled:1]]
[2023.11.13-23.43.41:198][  0]LogConfig: Setting CVar [[gc.CreateGCClusters:1]]
[2023.11.13-23.43.41:198][  0]LogConfig: Setting CVar [[gc.MinGCClusterSize:5]]
[2023.11.13-23.43.41:198][  0]LogConfig: Setting CVar [[gc.ActorClusteringEnabled:0]]
[2023.11.13-23.43.41:198][  0]LogConfig: Setting CVar [[gc.BlueprintClusteringEnabled:0]]
[2023.11.13-23.43.41:198][  0]LogConfig: Setting CVar [[gc.UseDisregardForGCOnDedicatedServers:0]]
[2023.11.13-23.43.41:199][  0]LogConfig: Setting CVar [[gc.MultithreadedDestructionEnabled:1]]
[2023.11.13-23.43.41:199][  0]LogConfig: Applying CVar settings from Section [/Script/Engine.NetworkSettings] File [C:/Users/godye/Desktop/Project/ProjectYA/Client/Saved/Config/Windows/Engine.ini]
[2023.11.13-23.43.41:199][  0]LogConfig: Applying CVar settings from Section [/Script/UnrealEd.CookerSettings] File [C:/Users/godye/Desktop/Project/ProjectYA/Client/Saved/Config/Windows/Engine.ini]
[2023.11.13-23.43.41:304][  0]LogConfig: Applying CVar settings from Section [ViewDistanceQuality@3] File [C:/Users/godye/Desktop/Project/ProjectYA/Client/Saved/Config/Windows/Scalability.ini]
[2023.11.13-23.43.41:304][  0]LogConfig: Setting CVar [[r.SkeletalMeshLODBias:0]]
[2023.11.13-23.43.41:304][  0]LogConfig: Setting CVar [[r.ViewDistanceScale:1.0]]
[2023.11.13-23.43.41:304][  0]LogConfig: Applying CVar settings from Section [AntiAliasingQuality@3] File [C:/Users/godye/Desktop/Project/ProjectYA/Client/Saved/Config/Windows/Scalability.ini]
[2023.11.13-23.43.41:304][  0]LogConfig: Setting CVar [[r.PostProcessAAQuality:4]]
[2023.11.13-23.43.41:304][  0]LogConfig: Applying CVar settings from Section [ShadowQuality@3] File [C:/Users/godye/Desktop/Project/ProjectYA/Client/Saved/Config/Windows/Scalability.ini]
[2023.11.13-23.43.41:304][  0]LogConfig: Setting CVar [[r.LightFunctionQuality:1]]
[2023.11.13-23.43.41:304][  0]LogConfig: Setting CVar [[r.ShadowQuality:5]]
[2023.11.13-23.43.41:304][  0]LogConfig: Setting CVar [[r.Shadow.CSM.MaxCascades:10]]
[2023.11.13-23.43.41:304][  0]LogConfig: Setting CVar [[r.Shadow.MaxResolution:2048]]
[2023.11.13-23.43.41:304][  0]LogConfig: Setting CVar [[r.Shadow.MaxCSMResolution:2048]]
[2023.11.13-23.43.41:304][  0]LogConfig: Setting CVar [[r.Shadow.RadiusThreshold:0.01]]
[2023.11.13-23.43.41:304][  0]LogConfig: Setting CVar [[r.Shadow.DistanceScale:1.0]]
[2023.11.13-23.43.41:305][  0]LogConfig: Setting CVar [[r.Shadow.CSM.TransitionScale:1.0]]
[2023.11.13-23.43.41:305][  0]LogConfig: Setting CVar [[r.Shadow.PreShadowResolutionFactor:1.0]]
[2023.11.13-23.43.41:305][  0]LogConfig: Setting CVar [[r.DistanceFieldShadowing:1]]
[2023.11.13-23.43.41:305][  0]LogConfig: Setting CVar [[r.DistanceFieldAO:1]]
[2023.11.13-23.43.41:305][  0]LogConfig: Setting CVar [[r.AOQuality:2]]
[2023.11.13-23.43.41:305][  0]LogConfig: Setting CVar [[r.VolumetricFog:1]]
[2023.11.13-23.43.41:305][  0]LogConfig: Setting CVar [[r.VolumetricFog.GridPixelSize:8]]
[2023.11.13-23.43.41:305][  0]LogConfig: Setting CVar [[r.VolumetricFog.GridSizeZ:128]]
[2023.11.13-23.43.41:305][  0]LogConfig: Setting CVar [[r.VolumetricFog.HistoryMissSupersampleCount:4]]
[2023.11.13-23.43.41:305][  0]LogConfig: Setting CVar [[r.LightMaxDrawDistanceScale:1]]
[2023.11.13-23.43.41:305][  0]LogConfig: Setting CVar [[r.CapsuleShadows:1]]
[2023.11.13-23.43.41:305][  0]LogConfig: Applying CVar settings from Section [PostProcessQuality@3] File [C:/Users/godye/Desktop/Project/ProjectYA/Client/Saved/Config/Windows/Scalability.ini]
[2023.11.13-23.43.41:305][  0]LogConfig: Setting CVar [[r.MotionBlurQuality:4]]
[2023.11.13-23.43.41:305][  0]LogConfig: Setting CVar [[r.AmbientOcclusionMipLevelFactor:0.4]]
[2023.11.13-23.43.41:305][  0]LogConfig: Setting CVar [[r.AmbientOcclusionMaxQuality:100]]
[2023.11.13-23.43.41:305][  0]LogConfig: Setting CVar [[r.AmbientOcclusionLevels:-1]]
[2023.11.13-23.43.41:305][  0]LogConfig: Setting CVar [[r.AmbientOcclusionRadiusScale:1.0]]
[2023.11.13-23.43.41:305][  0]LogConfig: Setting CVar [[r.DepthOfFieldQuality:2]]
[2023.11.13-23.43.41:305][  0]LogConfig: Setting CVar [[r.RenderTargetPoolMin:400]]
[2023.11.13-23.43.41:305][  0]LogConfig: Setting CVar [[r.LensFlareQuality:2]]
[2023.11.13-23.43.41:305][  0]LogConfig: Setting CVar [[r.SceneColorFringeQuality:1]]
[2023.11.13-23.43.41:305][  0]LogConfig: Setting CVar [[r.EyeAdaptationQuality:2]]
[2023.11.13-23.43.41:306][  0]LogConfig: Setting CVar [[r.BloomQuality:5]]
[2023.11.13-23.43.41:306][  0]LogConfig: Setting CVar [[r.FastBlurThreshold:100]]
[2023.11.13-23.43.41:306][  0]LogConfig: Setting CVar [[r.Upscale.Quality:3]]
[2023.11.13-23.43.41:306][  0]LogConfig: Setting CVar [[r.Tonemapper.GrainQuantization:1]]
[2023.11.13-23.43.41:306][  0]LogConfig: Setting CVar [[r.LightShaftQuality:1]]
[2023.11.13-23.43.41:306][  0]LogConfig: Setting CVar [[r.Filter.SizeScale:1]]
[2023.11.13-23.43.41:306][  0]LogConfig: Setting CVar [[r.Tonemapper.Quality:5]]
[2023.11.13-23.43.41:306][  0]LogConfig: Setting CVar [[r.DOF.Gather.AccumulatorQuality:1        ; higher gathering accumulator quality]]
[2023.11.13-23.43.41:306][  0]LogConfig: Setting CVar [[r.DOF.Gather.PostfilterMethod:1          ; Median3x3 postfilering method]]
[2023.11.13-23.43.41:306][  0]LogConfig: Setting CVar [[r.DOF.Gather.EnableBokehSettings:0       ; no bokeh simulation when gathering]]
[2023.11.13-23.43.41:306][  0]LogConfig: Setting CVar [[r.DOF.Gather.RingCount:4                 ; medium number of samples when gathering]]
[2023.11.13-23.43.41:306][  0]LogConfig: Setting CVar [[r.DOF.Scatter.ForegroundCompositing:1    ; additive foreground scattering]]
[2023.11.13-23.43.41:306][  0]LogConfig: Setting CVar [[r.DOF.Scatter.BackgroundCompositing:2    ; additive background scattering]]
[2023.11.13-23.43.41:306][  0]LogConfig: Setting CVar [[r.DOF.Scatter.EnableBokehSettings:1      ; bokeh simulation when scattering]]
[2023.11.13-23.43.41:306][  0]LogConfig: Setting CVar [[r.DOF.Scatter.MaxSpriteRatio:0.1         ; only a maximum of 10% of scattered bokeh]]
[2023.11.13-23.43.41:306][  0]LogConfig: Setting CVar [[r.DOF.Recombine.Quality:1                ; cheap slight out of focus]]
[2023.11.13-23.43.41:306][  0]LogConfig: Setting CVar [[r.DOF.Recombine.EnableBokehSettings:0    ; no bokeh simulation on slight out of focus]]
[2023.11.13-23.43.41:306][  0]LogConfig: Setting CVar [[r.DOF.TemporalAAQuality:1                ; more stable temporal accumulation]]
[2023.11.13-23.43.41:306][  0]LogConfig: Setting CVar [[r.DOF.Kernel.MaxForegroundRadius:0.025]]
[2023.11.13-23.43.41:306][  0]LogConfig: Setting CVar [[r.DOF.Kernel.MaxBackgroundRadius:0.025]]
[2023.11.13-23.43.41:306][  0]LogConfig: Applying CVar settings from Section [TextureQuality@3] File [C:/Users/godye/Desktop/Project/ProjectYA/Client/Saved/Config/Windows/Scalability.ini]
[2023.11.13-23.43.41:306][  0]LogConfig: Setting CVar [[r.Streaming.MipBias:0]]
[2023.11.13-23.43.41:306][  0]LogConfig: Setting CVar [[r.Streaming.AmortizeCPUToGPUCopy:0]]
[2023.11.13-23.43.41:306][  0]LogConfig: Setting CVar [[r.Streaming.MaxNumTexturesToStreamPerFrame:0]]
[2023.11.13-23.43.41:306][  0]LogConfig: Setting CVar [[r.Streaming.Boost:1]]
[2023.11.13-23.43.41:306][  0]LogConfig: Setting CVar [[r.MaxAnisotropy:8]]
[2023.11.13-23.43.41:307][  0]LogConfig: Setting CVar [[r.VT.MaxAnisotropy:8]]
[2023.11.13-23.43.41:307][  0]LogConfig: Setting CVar [[r.Streaming.LimitPoolSizeToVRAM:0]]
[2023.11.13-23.43.41:307][  0]LogConfig: Setting CVar [[r.Streaming.PoolSize:1000]]
[2023.11.13-23.43.41:307][  0]LogConfig: Setting CVar [[r.Streaming.MaxEffectiveScreenSize:0]]
[2023.11.13-23.43.41:307][  0]LogConfig: Applying CVar settings from Section [EffectsQuality@3] File [C:/Users/godye/Desktop/Project/ProjectYA/Client/Saved/Config/Windows/Scalability.ini]
[2023.11.13-23.43.41:307][  0]LogConfig: Setting CVar [[r.TranslucencyLightingVolumeDim:64]]
[2023.11.13-23.43.41:307][  0]LogConfig: Setting CVar [[r.RefractionQuality:2]]
[2023.11.13-23.43.41:307][  0]LogConfig: Setting CVar [[r.SSR.Quality:3]]
[2023.11.13-23.43.41:307][  0]LogConfig: Setting CVar [[r.SSR.HalfResSceneColor:0]]
[2023.11.13-23.43.41:307][  0]LogConfig: Setting CVar [[r.SceneColorFormat:4]]
[2023.11.13-23.43.41:307][  0]LogConfig: Setting CVar [[r.DetailMode:2]]
[2023.11.13-23.43.41:307][  0]LogConfig: Setting CVar [[r.TranslucencyVolumeBlur:1]]
[2023.11.13-23.43.41:307][  0]LogConfig: Setting CVar [[r.MaterialQualityLevel:1 ; High quality]]
[2023.11.13-23.43.41:307][  0]LogConfig: Setting CVar [[r.AnisotropicMaterials:1]]
[2023.11.13-23.43.41:307][  0]LogConfig: Setting CVar [[r.SSS.Scale:1]]
[2023.11.13-23.43.41:307][  0]LogConfig: Setting CVar [[r.SSS.SampleSet:2]]
[2023.11.13-23.43.41:307][  0]LogConfig: Setting CVar [[r.SSS.Quality:1]]
[2023.11.13-23.43.41:307][  0]LogConfig: Setting CVar [[r.SSS.HalfRes:0]]
[2023.11.13-23.43.41:307][  0]LogConfig: Setting CVar [[r.SSGI.Quality:3]]
[2023.11.13-23.43.41:307][  0]LogConfig: Setting CVar [[r.EmitterSpawnRateScale:1.0]]
[2023.11.13-23.43.41:307][  0]LogConfig: Setting CVar [[r.ParticleLightQuality:2]]
[2023.11.13-23.43.41:307][  0]LogConfig: Setting CVar [[r.SkyAtmosphere.AerialPerspectiveLUT.FastApplyOnOpaque:1 ; Always have FastSkyLUT 1 in this case to avoid wrong sky]]
[2023.11.13-23.43.41:307][  0]LogConfig: Setting CVar [[r.SkyAtmosphere.AerialPerspectiveLUT.SampleCountMaxPerSlice:4]]
[2023.11.13-23.43.41:307][  0]LogConfig: Setting CVar [[r.SkyAtmosphere.AerialPerspectiveLUT.DepthResolution:16.0]]
[2023.11.13-23.43.41:307][  0]LogConfig: Setting CVar [[r.SkyAtmosphere.FastSkyLUT:1]]
[2023.11.13-23.43.41:307][  0]LogConfig: Setting CVar [[r.SkyAtmosphere.FastSkyLUT.SampleCountMin:4.0]]
[2023.11.13-23.43.41:307][  0]LogConfig: Setting CVar [[r.SkyAtmosphere.FastSkyLUT.SampleCountMax:128.0]]
[2023.11.13-23.43.41:308][  0]LogConfig: Setting CVar [[r.SkyAtmosphere.SampleCountMin:4.0]]
[2023.11.13-23.43.41:308][  0]LogConfig: Setting CVar [[r.SkyAtmosphere.SampleCountMax:128.0]]
[2023.11.13-23.43.41:308][  0]LogConfig: Setting CVar [[r.SkyAtmosphere.TransmittanceLUT.UseSmallFormat:0]]
[2023.11.13-23.43.41:308][  0]LogConfig: Setting CVar [[r.SkyAtmosphere.TransmittanceLUT.SampleCount:10.0]]
[2023.11.13-23.43.41:308][  0]LogConfig: Setting CVar [[r.SkyAtmosphere.MultiScatteringLUT.SampleCount:15.0]]
[2023.11.13-23.43.41:308][  0]LogConfig: Setting CVar [[r.SkyLight.RealTimeReflectionCapture:1]]
[2023.11.13-23.43.41:308][  0]LogConfig: Applying CVar settings from Section [FoliageQuality@3] File [C:/Users/godye/Desktop/Project/ProjectYA/Client/Saved/Config/Windows/Scalability.ini]
[2023.11.13-23.43.41:308][  0]LogConfig: Setting CVar [[foliage.DensityScale:1.0]]
[2023.11.13-23.43.41:308][  0]LogConfig: Setting CVar [[grass.DensityScale:1.0]]
[2023.11.13-23.43.41:308][  0]LogConfig: Applying CVar settings from Section [ShadingQuality@3] File [C:/Users/godye/Desktop/Project/ProjectYA/Client/Saved/Config/Windows/Scalability.ini]
[2023.11.13-23.43.41:308][  0]LogConfig: Setting CVar [[r.HairStrands.SkyLighting.IntegrationType:2]]
[2023.11.13-23.43.41:308][  0]LogConfig: Setting CVar [[r.HairStrands.SkyAO.SampleCount:4]]
[2023.11.13-23.43.41:308][  0]LogConfig: Setting CVar [[r.HairStrands.Visibility.MSAA.SamplePerPixel:4]]
[2023.11.13-23.43.41:308][  0]LogInit: Selected Device Profile: [Windows]
[2023.11.13-23.43.41:308][  0]LogInit: Applying CVar settings loaded from the selected device profile: [Windows]
[2023.11.13-23.43.41:308][  0]LogHAL: Display: Platform has ~ 32 GB [34301599744 / 34359738368 / 32], which maps to Largest [LargestMinGB=32, LargerMinGB=12, DefaultMinGB=8, SmallerMinGB=6, SmallestMinGB=0)
[2023.11.13-23.43.41:308][  0]LogInit: Going up to parent DeviceProfile []
[2023.11.13-23.43.41:308][  0]LogConfig: Applying CVar settings from Section [ViewDistanceQuality@3] File [C:/Users/godye/Desktop/Project/ProjectYA/Client/Saved/Config/Windows/Scalability.ini]
[2023.11.13-23.43.41:308][  0]LogConfig: Setting CVar [[r.SkeletalMeshLODBias:0]]
[2023.11.13-23.43.41:308][  0]LogConfig: Setting CVar [[r.ViewDistanceScale:1.0]]
[2023.11.13-23.43.41:308][  0]LogConfig: Applying CVar settings from Section [AntiAliasingQuality@3] File [C:/Users/godye/Desktop/Project/ProjectYA/Client/Saved/Config/Windows/Scalability.ini]
[2023.11.13-23.43.41:308][  0]LogConfig: Setting CVar [[r.PostProcessAAQuality:4]]
[2023.11.13-23.43.41:308][  0]LogConfig: Applying CVar settings from Section [ShadowQuality@3] File [C:/Users/godye/Desktop/Project/ProjectYA/Client/Saved/Config/Windows/Scalability.ini]
[2023.11.13-23.43.41:309][  0]LogConfig: Setting CVar [[r.LightFunctionQuality:1]]
[2023.11.13-23.43.41:309][  0]LogConfig: Setting CVar [[r.ShadowQuality:5]]
[2023.11.13-23.43.41:309][  0]LogConfig: Setting CVar [[r.Shadow.CSM.MaxCascades:10]]
[2023.11.13-23.43.41:309][  0]LogConfig: Setting CVar [[r.Shadow.MaxResolution:2048]]
[2023.11.13-23.43.41:309][  0]LogConfig: Setting CVar [[r.Shadow.MaxCSMResolution:2048]]
[2023.11.13-23.43.41:309][  0]LogConfig: Setting CVar [[r.Shadow.RadiusThreshold:0.01]]
[2023.11.13-23.43.41:309][  0]LogConfig: Setting CVar [[r.Shadow.DistanceScale:1.0]]
[2023.11.13-23.43.41:309][  0]LogConfig: Setting CVar [[r.Shadow.CSM.TransitionScale:1.0]]
[2023.11.13-23.43.41:309][  0]LogConfig: Setting CVar [[r.Shadow.PreShadowResolutionFactor:1.0]]
[2023.11.13-23.43.41:309][  0]LogConfig: Setting CVar [[r.DistanceFieldShadowing:1]]
[2023.11.13-23.43.41:309][  0]LogConfig: Setting CVar [[r.DistanceFieldAO:1]]
[2023.11.13-23.43.41:309][  0]LogConfig: Setting CVar [[r.AOQuality:2]]
[2023.11.13-23.43.41:309][  0]LogConfig: Setting CVar [[r.VolumetricFog:1]]
[2023.11.13-23.43.41:309][  0]LogConfig: Setting CVar [[r.VolumetricFog.GridPixelSize:8]]
[2023.11.13-23.43.41:309][  0]LogConfig: Setting CVar [[r.VolumetricFog.GridSizeZ:128]]
[2023.11.13-23.43.41:309][  0]LogConfig: Setting CVar [[r.VolumetricFog.HistoryMissSupersampleCount:4]]
[2023.11.13-23.43.41:309][  0]LogConfig: Setting CVar [[r.LightMaxDrawDistanceScale:1]]
[2023.11.13-23.43.41:309][  0]LogConfig: Setting CVar [[r.CapsuleShadows:1]]
[2023.11.13-23.43.41:309][  0]LogConfig: Applying CVar settings from Section [PostProcessQuality@3] File [C:/Users/godye/Desktop/Project/ProjectYA/Client/Saved/Config/Windows/Scalability.ini]
[2023.11.13-23.43.41:309][  0]LogConfig: Setting CVar [[r.MotionBlurQuality:4]]
[2023.11.13-23.43.41:309][  0]LogConfig: Setting CVar [[r.AmbientOcclusionMipLevelFactor:0.4]]
[2023.11.13-23.43.41:309][  0]LogConfig: Setting CVar [[r.AmbientOcclusionMaxQuality:100]]
[2023.11.13-23.43.41:309][  0]LogConfig: Setting CVar [[r.AmbientOcclusionLevels:-1]]
[2023.11.13-23.43.41:309][  0]LogConfig: Setting CVar [[r.AmbientOcclusionRadiusScale:1.0]]
[2023.11.13-23.43.41:310][  0]LogConfig: Setting CVar [[r.DepthOfFieldQuality:2]]
[2023.11.13-23.43.41:310][  0]LogConfig: Setting CVar [[r.RenderTargetPoolMin:400]]
[2023.11.13-23.43.41:310][  0]LogConfig: Setting CVar [[r.LensFlareQuality:2]]
[2023.11.13-23.43.41:310][  0]LogConfig: Setting CVar [[r.SceneColorFringeQuality:1]]
[2023.11.13-23.43.41:310][  0]LogConfig: Setting CVar [[r.EyeAdaptationQuality:2]]
[2023.11.13-23.43.41:310][  0]LogConfig: Setting CVar [[r.BloomQuality:5]]
[2023.11.13-23.43.41:310][  0]LogConfig: Setting CVar [[r.FastBlurThreshold:100]]
[2023.11.13-23.43.41:310][  0]LogConfig: Setting CVar [[r.Upscale.Quality:3]]
[2023.11.13-23.43.41:310][  0]LogConfig: Setting CVar [[r.Tonemapper.GrainQuantization:1]]
[2023.11.13-23.43.41:310][  0]LogConfig: Setting CVar [[r.LightShaftQuality:1]]
[2023.11.13-23.43.41:310][  0]LogConfig: Setting CVar [[r.Filter.SizeScale:1]]
[2023.11.13-23.43.41:310][  0]LogConfig: Setting CVar [[r.Tonemapper.Quality:5]]
[2023.11.13-23.43.41:310][  0]LogConfig: Setting CVar [[r.DOF.Gather.AccumulatorQuality:1        ; higher gathering accumulator quality]]
[2023.11.13-23.43.41:310][  0]LogConfig: Setting CVar [[r.DOF.Gather.PostfilterMethod:1          ; Median3x3 postfilering method]]
[2023.11.13-23.43.41:310][  0]LogConfig: Setting CVar [[r.DOF.Gather.EnableBokehSettings:0       ; no bokeh simulation when gathering]]
[2023.11.13-23.43.41:310][  0]LogConfig: Setting CVar [[r.DOF.Gather.RingCount:4                 ; medium number of samples when gathering]]
[2023.11.13-23.43.41:310][  0]LogConfig: Setting CVar [[r.DOF.Scatter.ForegroundCompositing:1    ; additive foreground scattering]]
[2023.11.13-23.43.41:310][  0]LogConfig: Setting CVar [[r.DOF.Scatter.BackgroundCompositing:2    ; additive background scattering]]
[2023.11.13-23.43.41:310][  0]LogConfig: Setting CVar [[r.DOF.Scatter.EnableBokehSettings:1      ; bokeh simulation when scattering]]
[2023.11.13-23.43.41:310][  0]LogConfig: Setting CVar [[r.DOF.Scatter.MaxSpriteRatio:0.1         ; only a maximum of 10% of scattered bokeh]]
[2023.11.13-23.43.41:310][  0]LogConfig: Setting CVar [[r.DOF.Recombine.Quality:1                ; cheap slight out of focus]]
[2023.11.13-23.43.41:310][  0]LogConfig: Setting CVar [[r.DOF.Recombine.EnableBokehSettings:0    ; no bokeh simulation on slight out of focus]]
[2023.11.13-23.43.41:310][  0]LogConfig: Setting CVar [[r.DOF.TemporalAAQuality:1                ; more stable temporal accumulation]]
[2023.11.13-23.43.41:310][  0]LogConfig: Setting CVar [[r.DOF.Kernel.MaxForegroundRadius:0.025]]
[2023.11.13-23.43.41:310][  0]LogConfig: Setting CVar [[r.DOF.Kernel.MaxBackgroundRadius:0.025]]
[2023.11.13-23.43.41:310][  0]LogConfig: Applying CVar settings from Section [TextureQuality@3] File [C:/Users/godye/Desktop/Project/ProjectYA/Client/Saved/Config/Windows/Scalability.ini]
[2023.11.13-23.43.41:310][  0]LogConfig: Setting CVar [[r.Streaming.MipBias:0]]
[2023.11.13-23.43.41:310][  0]LogConfig: Setting CVar [[r.Streaming.AmortizeCPUToGPUCopy:0]]
[2023.11.13-23.43.41:310][  0]LogConfig: Setting CVar [[r.Streaming.MaxNumTexturesToStreamPerFrame:0]]
[2023.11.13-23.43.41:310][  0]LogConfig: Setting CVar [[r.Streaming.Boost:1]]
[2023.11.13-23.43.41:310][  0]LogConfig: Setting CVar [[r.MaxAnisotropy:8]]
[2023.11.13-23.43.41:310][  0]LogConfig: Setting CVar [[r.VT.MaxAnisotropy:8]]
[2023.11.13-23.43.41:310][  0]LogConfig: Setting CVar [[r.Streaming.LimitPoolSizeToVRAM:0]]
[2023.11.13-23.43.41:310][  0]LogConfig: Setting CVar [[r.Streaming.PoolSize:1000]]
[2023.11.13-23.43.41:310][  0]LogConfig: Setting CVar [[r.Streaming.MaxEffectiveScreenSize:0]]
[2023.11.13-23.43.41:310][  0]LogConfig: Applying CVar settings from Section [EffectsQuality@3] File [C:/Users/godye/Desktop/Project/ProjectYA/Client/Saved/Config/Windows/Scalability.ini]
[2023.11.13-23.43.41:310][  0]LogConfig: Setting CVar [[r.TranslucencyLightingVolumeDim:64]]
[2023.11.13-23.43.41:311][  0]LogConfig: Setting CVar [[r.RefractionQuality:2]]
[2023.11.13-23.43.41:311][  0]LogConfig: Setting CVar [[r.SSR.Quality:3]]
[2023.11.13-23.43.41:311][  0]LogConfig: Setting CVar [[r.SSR.HalfResSceneColor:0]]
[2023.11.13-23.43.41:311][  0]LogConfig: Setting CVar [[r.SceneColorFormat:4]]
[2023.11.13-23.43.41:311][  0]LogConfig: Setting CVar [[r.DetailMode:2]]
[2023.11.13-23.43.41:311][  0]LogConfig: Setting CVar [[r.TranslucencyVolumeBlur:1]]
[2023.11.13-23.43.41:311][  0]LogConfig: Setting CVar [[r.MaterialQualityLevel:1 ; High quality]]
[2023.11.13-23.43.41:311][  0]LogConfig: Setting CVar [[r.AnisotropicMaterials:1]]
[2023.11.13-23.43.41:311][  0]LogConfig: Setting CVar [[r.SSS.Scale:1]]
[2023.11.13-23.43.41:311][  0]LogConfig: Setting CVar [[r.SSS.SampleSet:2]]
[2023.11.13-23.43.41:311][  0]LogConfig: Setting CVar [[r.SSS.Quality:1]]
[2023.11.13-23.43.41:311][  0]LogConfig: Setting CVar [[r.SSS.HalfRes:0]]
[2023.11.13-23.43.41:311][  0]LogConfig: Setting CVar [[r.SSGI.Quality:3]]
[2023.11.13-23.43.41:311][  0]LogConfig: Setting CVar [[r.EmitterSpawnRateScale:1.0]]
[2023.11.13-23.43.41:311][  0]LogConfig: Setting CVar [[r.ParticleLightQuality:2]]
[2023.11.13-23.43.41:311][  0]LogConfig: Setting CVar [[r.SkyAtmosphere.AerialPerspectiveLUT.FastApplyOnOpaque:1 ; Always have FastSkyLUT 1 in this case to avoid wrong sky]]
[2023.11.13-23.43.41:311][  0]LogConfig: Setting CVar [[r.SkyAtmosphere.AerialPerspectiveLUT.SampleCountMaxPerSlice:4]]
[2023.11.13-23.43.41:311][  0]LogConfig: Setting CVar [[r.SkyAtmosphere.AerialPerspectiveLUT.DepthResolution:16.0]]
[2023.11.13-23.43.41:311][  0]LogConfig: Setting CVar [[r.SkyAtmosphere.FastSkyLUT:1]]
[2023.11.13-23.43.41:311][  0]LogConfig: Setting CVar [[r.SkyAtmosphere.FastSkyLUT.SampleCountMin:4.0]]
[2023.11.13-23.43.41:311][  0]LogConfig: Setting CVar [[r.SkyAtmosphere.FastSkyLUT.SampleCountMax:128.0]]
[2023.11.13-23.43.41:311][  0]LogConfig: Setting CVar [[r.SkyAtmosphere.SampleCountMin:4.0]]
[2023.11.13-23.43.41:311][  0]LogConfig: Setting CVar [[r.SkyAtmosphere.SampleCountMax:128.0]]
[2023.11.13-23.43.41:311][  0]LogConfig: Setting CVar [[r.SkyAtmosphere.TransmittanceLUT.UseSmallFormat:0]]
[2023.11.13-23.43.41:311][  0]LogConfig: Setting CVar [[r.SkyAtmosphere.TransmittanceLUT.SampleCount:10.0]]
[2023.11.13-23.43.41:311][  0]LogConfig: Setting CVar [[r.SkyAtmosphere.MultiScatteringLUT.SampleCount:15.0]]
[2023.11.13-23.43.41:311][  0]LogConfig: Setting CVar [[r.SkyLight.RealTimeReflectionCapture:1]]
[2023.11.13-23.43.41:312][  0]LogConfig: Applying CVar settings from Section [FoliageQuality@3] File [C:/Users/godye/Desktop/Project/ProjectYA/Client/Saved/Config/Windows/Scalability.ini]
[2023.11.13-23.43.41:312][  0]LogConfig: Setting CVar [[foliage.DensityScale:1.0]]
[2023.11.13-23.43.41:312][  0]LogConfig: Setting CVar [[grass.DensityScale:1.0]]
[2023.11.13-23.43.41:312][  0]LogConfig: Applying CVar settings from Section [ShadingQuality@3] File [C:/Users/godye/Desktop/Project/ProjectYA/Client/Saved/Config/Windows/Scalability.ini]
[2023.11.13-23.43.41:312][  0]LogConfig: Setting CVar [[r.HairStrands.SkyLighting.IntegrationType:2]]
[2023.11.13-23.43.41:312][  0]LogConfig: Setting CVar [[r.HairStrands.SkyAO.SampleCount:4]]
[2023.11.13-23.43.41:312][  0]LogConfig: Setting CVar [[r.HairStrands.Visibility.MSAA.SamplePerPixel:4]]
[2023.11.13-23.43.41:312][  0]LogConfig: Applying CVar settings from Section [Startup] File [../../../Engine/Config/ConsoleVariables.ini]
[2023.11.13-23.43.41:312][  0]LogConfig: Setting CVar [[net.UseAdaptiveNetUpdateFrequency:0]]
[2023.11.13-23.43.41:312][  0]LogConfig: Setting CVar [[p.chaos.AllowCreatePhysxBodies:1]]
[2023.11.13-23.43.41:312][  0]LogConfig: Setting CVar [[fx.SkipVectorVMBackendOptimizations:1]]
[2023.11.13-23.43.41:312][  0]LogConfig: Applying CVar settings from Section [ConsoleVariables] File [C:/Users/godye/Desktop/Project/ProjectYA/Client/Saved/Config/Windows/Engine.ini]
[2023.11.13-23.43.41:312][  0]LogConfig: Applying CVar settings from Section [ConsoleVariables] File [C:/Users/godye/Desktop/Project/ProjectYA/Client/Saved/Config/Windows/Editor.ini]
[2023.11.13-23.43.41:312][  0]LogInit: Computer: SANGGEUN
[2023.11.13-23.43.41:312][  0]LogInit: User: godye
[2023.11.13-23.43.41:312][  0]LogInit: CPU Page size=4096, Cores=6
[2023.11.13-23.43.41:313][  0]LogInit: High frequency timer resolution =10.000000 MHz
[2023.11.13-23.43.41:313][  0]LogMemory: Memory total: Physical=31.9GB (32GB approx)
[2023.11.13-23.43.41:313][  0]LogMemory: Platform Memory Stats for Windows
[2023.11.13-23.43.41:313][  0]LogMemory: Process Physical Memory: 146.13 MB used, 146.13 MB peak
[2023.11.13-23.43.41:313][  0]LogMemory: Process Virtual Memory: 127.83 MB used, 127.83 MB peak
[2023.11.13-23.43.41:313][  0]LogMemory: Physical Memory: 16718.51 MB used,  15994.05 MB free, 32712.55 MB total
[2023.11.13-23.43.41:313][  0]LogMemory: Virtual Memory: 134203288.00 MB used,  14441.41 MB free, 134217728.00 MB total
[2023.11.13-23.43.41:344][  0]LogWindows: WindowsPlatformFeatures enabled
[2023.11.13-23.43.41:600][  0]LogInit: Physics initialised using underlying interface: PhysX
[2023.11.13-23.43.41:601][  0]LogInit: Using OS detected language (ko-KR).
[2023.11.13-23.43.41:601][  0]LogInit: Using OS detected locale (ko-KR).
[2023.11.13-23.43.41:606][  0]LogTextLocalizationManager: No specific localization for 'ko-KR' exists, so the 'ko' localization will be used.
[2023.11.13-23.43.41:724][  0]LogInit: Setting process to per monitor DPI aware
[2023.11.13-23.43.41:753][  0]LogWindowsTextInputMethodSystem: Display: IME system deactivated.
[2023.11.13-23.43.41:784][  0]LogSlate: New Slate User Created.  User Index 0, Is Virtual User: 0
[2023.11.13-23.43.41:784][  0]LogSlate: Slate User Registered.  User Index 0, Is Virtual User: 0
[2023.11.13-23.43.41:958][  0]LogD3D11RHI: Loaded GFSDK_Aftermath_Lib.x64.dll
[2023.11.13-23.43.41:969][  0]LogHMD: Failed to initialize OpenVR with code 110
[2023.11.13-23.43.41:969][  0]LogD3D11RHI: D3D11 min allowed feature level: 11_0
[2023.11.13-23.43.41:969][  0]LogD3D11RHI: D3D11 max allowed feature level: 11_0
[2023.11.13-23.43.41:969][  0]LogD3D11RHI: D3D11 adapters:
[2023.11.13-23.43.42:162][  0]LogD3D11RHI:    0. 'NVIDIA GeForce RTX 3070' (Feature Level 11_0)
[2023.11.13-23.43.42:162][  0]LogD3D11RHI:       8031/0/16356 MB DedicatedVideo/DedicatedSystem/SharedSystem, Outputs:2, VendorId:0x10de
[2023.11.13-23.43.42:167][  0]LogD3D11RHI:    1. 'Microsoft Basic Render Driver' (Feature Level 11_0)
[2023.11.13-23.43.42:167][  0]LogD3D11RHI:       0/0/16356 MB DedicatedVideo/DedicatedSystem/SharedSystem, Outputs:0, VendorId:0x1414
[2023.11.13-23.43.42:168][  0]LogD3D11RHI: Chosen D3D11 Adapter:
[2023.11.13-23.43.42:168][  0]LogD3D11RHI:     Description : NVIDIA GeForce RTX 3070
[2023.11.13-23.43.42:168][  0]LogD3D11RHI:     VendorId    : 10de
[2023.11.13-23.43.42:168][  0]LogD3D11RHI:     DeviceId    : 2484
[2023.11.13-23.43.42:168][  0]LogD3D11RHI:     SubSysId    : 24841569
[2023.11.13-23.43.42:168][  0]LogD3D11RHI:     Revision    : 00a1
[2023.11.13-23.43.42:168][  0]LogD3D11RHI:     DedicatedVideoMemory : 8421113856 bytes
[2023.11.13-23.43.42:168][  0]LogD3D11RHI:     DedicatedSystemMemory : 0 bytes
[2023.11.13-23.43.42:168][  0]LogD3D11RHI:     SharedSystemMemory : 17150799872 bytes
[2023.11.13-23.43.42:168][  0]LogD3D11RHI:     AdapterLuid : 0 51589
[2023.11.13-23.43.42:179][  0]LogD3D11RHI: Creating new Direct3DDevice
[2023.11.13-23.43.42:179][  0]LogD3D11RHI:     GPU DeviceId: 0x2484 (for the marketing name, search the web for "GPU Device Id")
[2023.11.13-23.43.42:179][  0]LogWindows: EnumDisplayDevices:
[2023.11.13-23.43.42:179][  0]LogWindows:    0. 'NVIDIA GeForce RTX 3070' (P:1 D:1)
[2023.11.13-23.43.42:180][  0]LogWindows:    1. 'NVIDIA GeForce RTX 3070' (P:0 D:1)
[2023.11.13-23.43.42:181][  0]LogWindows:    2. 'NVIDIA GeForce RTX 3070' (P:0 D:0)
[2023.11.13-23.43.42:181][  0]LogWindows:    3. 'NVIDIA GeForce RTX 3070' (P:0 D:0)
[2023.11.13-23.43.42:182][  0]LogWindows: DebugString: FoundDriverCount:4 
[2023.11.13-23.43.42:182][  0]LogD3D11RHI:     Adapter Name: NVIDIA GeForce RTX 3070
[2023.11.13-23.43.42:182][  0]LogD3D11RHI:   Driver Version: 536.67 (internal:31.0.15.3667, unified:536.67)
[2023.11.13-23.43.42:182][  0]LogD3D11RHI:      Driver Date: 7-12-2023
[2023.11.13-23.43.42:182][  0]LogRHI: Texture pool is 5621 MB (70% of 8031 MB)
[2023.11.13-23.43.42:182][  0]LogD3D11RHI: Creating D3DDevice using adapter:
[2023.11.13-23.43.42:182][  0]LogD3D11RHI:     Description : NVIDIA GeForce RTX 3070
[2023.11.13-23.43.42:182][  0]LogD3D11RHI:     VendorId    : 10de
[2023.11.13-23.43.42:182][  0]LogD3D11RHI:     DeviceId    : 2484
[2023.11.13-23.43.42:182][  0]LogD3D11RHI:     SubSysId    : 24841569
[2023.11.13-23.43.42:182][  0]LogD3D11RHI:     Revision    : 00a1
[2023.11.13-23.43.42:182][  0]LogD3D11RHI:     DedicatedVideoMemory : 8421113856 bytes
[2023.11.13-23.43.42:183][  0]LogD3D11RHI:     DedicatedSystemMemory : 0 bytes
[2023.11.13-23.43.42:183][  0]LogD3D11RHI:     SharedSystemMemory : 17150799872 bytes
[2023.11.13-23.43.42:183][  0]LogD3D11RHI:     AdapterLuid : 0 51589
[2023.11.13-23.43.42:263][  0]LogD3D11RHI: RHI has support for 64 bit atomics
[2023.11.13-23.43.42:263][  0]LogD3D11RHI: Async texture creation enabled
[2023.11.13-23.43.42:263][  0]LogD3D11RHI: Array index from any shader is supported
[2023.11.13-23.43.42:265][  0]LogD3D11RHI: HDR output is supported on display 0 (NvId: 0x80061081).
[2023.11.13-23.43.42:288][  0]LogD3D11RHI: GPU Timing Frequency: 1000.000000 (Debug: 2 2)
[2023.11.13-23.43.42:358][  0]LogRHI: GeForceNow SDK initialized: 1
[2023.11.13-23.43.42:722][  0]LogTargetPlatformManager: Display: Loaded TargetPlatform 'AllDesktop'
[2023.11.13-23.43.42:750][  0]LogTargetPlatformManager: Display: Loaded TargetPlatform 'Android'
[2023.11.13-23.43.42:750][  0]LogTargetPlatformManager: Display: Loaded TargetPlatform 'Android_ASTC'
[2023.11.13-23.43.42:750][  0]LogTargetPlatformManager: Display: Loaded TargetPlatform 'Android_DXT'
[2023.11.13-23.43.42:750][  0]LogTargetPlatformManager: Display: Loaded TargetPlatform 'Android_ETC2'
[2023.11.13-23.43.42:750][  0]LogTargetPlatformManager: Display: Loaded TargetPlatform 'AndroidClient'
[2023.11.13-23.43.42:750][  0]LogTargetPlatformManager: Display: Loaded TargetPlatform 'Android_ASTCClient'
[2023.11.13-23.43.42:751][  0]LogTargetPlatformManager: Display: Loaded TargetPlatform 'Android_DXTClient'
[2023.11.13-23.43.42:751][  0]LogTargetPlatformManager: Display: Loaded TargetPlatform 'Android_ETC2Client'
[2023.11.13-23.43.42:751][  0]LogTargetPlatformManager: Display: Loaded TargetPlatform 'Android_Multi'
[2023.11.13-23.43.42:751][  0]LogTargetPlatformManager: Display: Loaded TargetPlatform 'Android_MultiClient'
[2023.11.13-23.43.42:800][  0]LogTargetPlatformManager: Display: Loaded TargetPlatform 'IOSClient'
[2023.11.13-23.43.42:801][  0]LogTargetPlatformManager: Display: Loaded TargetPlatform 'IOS'
[2023.11.13-23.43.42:819][  0]LogTargetPlatformManager: Display: Loaded TargetPlatform 'Linux'
[2023.11.13-23.43.42:833][  0]LogTargetPlatformManager: Display: Loaded TargetPlatform 'LinuxNoEditor'
[2023.11.13-23.43.42:845][  0]LogTargetPlatformManager: Display: Loaded TargetPlatform 'LinuxClient'
[2023.11.13-23.43.42:859][  0]LogTargetPlatformManager: Display: Loaded TargetPlatform 'LinuxServer'
[2023.11.13-23.43.42:876][  0]LogTargetPlatformManager: Display: Loaded TargetPlatform 'LinuxAArch64NoEditor'
[2023.11.13-23.43.42:889][  0]LogTargetPlatformManager: Display: Loaded TargetPlatform 'LinuxAArch64Client'
[2023.11.13-23.43.42:904][  0]LogTargetPlatformManager: Display: Loaded TargetPlatform 'LinuxAArch64Server'
[2023.11.13-23.43.42:934][  0]LogTargetPlatformManager: Display: Loaded TargetPlatform 'Lumin'
[2023.11.13-23.43.42:934][  0]LogTargetPlatformManager: Display: Loaded TargetPlatform 'LuminClient'
[2023.11.13-23.43.42:952][  0]LogTargetPlatformManager: Display: Loaded TargetPlatform 'MacNoEditor'
[2023.11.13-23.43.42:966][  0]LogTargetPlatformManager: Display: Loaded TargetPlatform 'Mac'
[2023.11.13-23.43.42:980][  0]LogTargetPlatformManager: Display: Loaded TargetPlatform 'MacClient'
[2023.11.13-23.43.42:994][  0]LogTargetPlatformManager: Display: Loaded TargetPlatform 'MacServer'
[2023.11.13-23.43.43:011][  0]LogTargetPlatformManager: Display: Loaded TargetPlatform 'TVOSClient'
[2023.11.13-23.43.43:011][  0]LogTargetPlatformManager: Display: Loaded TargetPlatform 'TVOS'
[2023.11.13-23.43.43:031][  0]LogTargetPlatformManager: Display: Loaded TargetPlatform 'WindowsNoEditor'
[2023.11.13-23.43.43:045][  0]LogTargetPlatformManager: Display: Loaded TargetPlatform 'Windows'
[2023.11.13-23.43.43:059][  0]LogTargetPlatformManager: Display: Loaded TargetPlatform 'WindowsClient'
[2023.11.13-23.43.43:075][  0]LogTargetPlatformManager: Display: Loaded TargetPlatform 'WindowsServer'
[2023.11.13-23.43.43:075][  0]LogTargetPlatformManager: Display: Building Assets For Windows
[2023.11.13-23.43.43:106][  0]LogAudioDebug: Display: Lib vorbis DLL was dynamically loaded.
[2023.11.13-23.43.43:227][  0]LogTextureFormatOodle: Display: Oodle Texture 2.9.0 init RDO Off
[2023.11.13-23.43.43:361][  0]LogRendererCore: Ray tracing is disabled. Reason: r.RayTracing=0.
[2023.11.13-23.43.43:361][  0]LogShaderCompilers: Guid format shader working directory is -17 characters bigger than the processId version (../../../../../../Users/godye/Desktop/Project/ProjectYA/Client/Intermediate/Shaders/WorkingDirectory/22112/).
[2023.11.13-23.43.43:361][  0]LogShaderCompilers: Cleaned the shader compiler working directory 'C:/Users/godye/AppData/Local/Temp/UnrealShaderWorkingDir/A65DCAA1462AB3B5423B5782C8C45979/'.
[2023.11.13-23.43.43:361][  0]LogXGEController: Cannot use XGE Controller as Incredibuild is not installed on this machine.
[2023.11.13-23.43.43:361][  0]LogShaderCompilers: Cannot use XGE Shader Compiler as Incredibuild is not installed on this machine.
[2023.11.13-23.43.43:361][  0]LogShaderCompilers: Display: Using Local Shader Compiler.
[2023.11.13-23.43.43:926][  0]LogDerivedDataCache: Display: Max Cache Size: 512 MB
[2023.11.13-23.43.43:968][  0]LogDerivedDataCache: Loaded boot cache 0.04s 94MB C:/Users/godye/AppData/Local/UnrealEngine/4.27/DerivedDataCache/Boot.ddc.
[2023.11.13-23.43.43:968][  0]LogDerivedDataCache: Display: Loaded Boot cache: C:/Users/godye/AppData/Local/UnrealEngine/4.27/DerivedDataCache/Boot.ddc
[2023.11.13-23.43.43:969][  0]LogDerivedDataCache: FDerivedDataBackendGraph:  Pak pak cache file ../../../../../../Users/godye/Desktop/Project/ProjectYA/Client/DerivedDataCache/DDC.ddp not found, will not use a pak cache.
[2023.11.13-23.43.43:969][  0]LogDerivedDataCache: Unable to find inner node Pak for hierarchical cache Hierarchy.
[2023.11.13-23.43.43:969][  0]LogDerivedDataCache: FDerivedDataBackendGraph:  CompressedPak pak cache file ../../../../../../Users/godye/Desktop/Project/ProjectYA/Client/DerivedDataCache/Compressed.ddp not found, will not use a pak cache.
[2023.11.13-23.43.43:969][  0]LogDerivedDataCache: Unable to find inner node CompressedPak for hierarchical cache Hierarchy.
[2023.11.13-23.43.43:984][  0]LogDerivedDataCache: Display: Pak cache opened for reading ../../../Engine/DerivedDataCache/Compressed.ddp.
[2023.11.13-23.43.43:985][  0]LogDerivedDataCache: FDerivedDataBackendGraph:  EnterprisePak pak cache file ../../../Enterprise/DerivedDataCache/Compressed.ddp not found, will not use a pak cache.
[2023.11.13-23.43.43:985][  0]LogDerivedDataCache: Unable to find inner node EnterprisePak for hierarchical cache Hierarchy.
[2023.11.13-23.43.43:992][  0]LogDerivedDataCache: Speed tests for C:/Users/godye/AppData/Local/UnrealEngine/Common/DerivedDataCache took 0.01 seconds
[2023.11.13-23.43.43:992][  0]LogDerivedDataCache: Display: Performance to C:/Users/godye/AppData/Local/UnrealEngine/Common/DerivedDataCache: Latency=0.04ms. RandomReadSpeed=984.84MBs, RandomWriteSpeed=149.28MBs. Assigned SpeedClass 'Local'
[2023.11.13-23.43.43:994][  0]LogDerivedDataCache: Using Local data cache path C:/Users/godye/AppData/Local/UnrealEngine/Common/DerivedDataCache: Writable
[2023.11.13-23.43.43:995][  0]LogDerivedDataCache: Shared data cache path not found in *engine.ini, will not use an Shared cache.
[2023.11.13-23.43.43:995][  0]LogDerivedDataCache: Unable to find inner node Shared for hierarchical cache Hierarchy.
[2023.11.13-23.43.44:030][  0]LogSlate: Using FreeType 2.10.0
[2023.11.13-23.43.44:031][  0]LogSlate: SlateFontServices - WITH_FREETYPE: 1, WITH_HARFBUZZ: 1
[2023.11.13-23.43.44:061][  0]LogAssetRegistry: FAssetRegistry took 0.0041 seconds to start up
[2023.11.13-23.43.44:264][  0]LogInit: Selected Device Profile: [Windows]
[2023.11.13-23.43.44:264][  0]LogInit: Active device profile: [000001F0A7BDC700][000001F0A8697300 49] Windows
[2023.11.13-23.43.44:264][  0]LogInit: Profiles: [000001F0A7BDC700][000001F0A8697300 49] Windows, [000001F0A7BBB700][000001F0A8567480 49] WindowsNoEditor, [000001F0A7BDF300][000001F0A856B600 49] WindowsServer, [000001F0A7BB8F00][000001F0A856F780 49] WindowsClient, [000001F0A7BDF500][000001F0A8573900 49] IOS, [000001F0A7B6BF00][000001F0A8577A80 49] iPadAir, [000001F0A7BBBB00][000001F0A81C1C00 49] iPadAir2, [000001F0A7B14500][000001F0A81C8340 49] IPadPro, [000001F0A7B14600][000001F0A81C4380 49] iPadAir3, [000001F0A7B68100][000001F0A8200500 49] iPadAir4, [000001F0A7B16C00][000001F0A820C680 49] iPadMini2, [000001F0A7B6A500][000001F0A823A7C0 49] iPadMini3, [000001F0A7B17400][000001F0A8DA2900 49] iPadMini4, [000001F0A7B68F00][000001F0851D6A40 49] iPadMini5, [000001F0A7B0BE00][000001F0851DECC0 49] iPhone6, [000001F0A7B0BF00][000001F0851DAD00 49] iPodTouch6, [000001F0A7BDF900][000001F0851E6FC0 49] iPhone7, [000001F0A7BDE100][000001F0851E3000 49] iPodTouch7, [000001F0A7B08400][000001F0851EB180 49] iPhone5S, [000001F0A7B17D00][000001F0851FB300 49] iPhone6Plus, [000001F0A7BDF400][000001F0A8227480 49] iPhone6S, [000001F0A7B16000][000001F0A822B600 49] iPhone6SPlus, [000001F0A7BDC900][000001F0851FF780 49] iPhone7Plus, [000001F0A7B14E00][000001F085203900 49] iPhoneSE, [000001F0A7BDC200][000001F0A83CFA80 49] iPhone8, [000001F0A7B16400][000001F0A83D3C00 49] iPhone8Plus, [000001F0A7BDDE00][000001F09DFF6200 49] iPhoneX, [000001F0A7B17E00][000001F0A89B0380 49] iPhoneXS, [000001F0A7BDD600][000001F0A89B4500 49] iPhoneXSMax, [000001F0A7B16500][000001F0A8DA6680 49] iPhoneXR, [000001F0A7BDEA00][000001F0A8DD6800 49] iPhone11, [000001F0A7B17A00][000001F0A8DDA940 49] iPhone11Pro, [000001F0A7BDCF00][000001F0A8588A80 49] iPhone11ProMax, [000001F0A7B16300][000001F0A858CBC0 49] iPhoneSE2, [000001F0A7BDE700][000001F0A8590D00 49] iPhone12Mini, [000001F0A7B14700][000001F0A8598E80 49] iPhone12, [000001F0A7BDF100][000001F0A859D000 49] iPhone12Pro, [000001F0A7B17500][000001F0A85A1180 49] iPhone12ProMax, [000001F0A7BDC800][000001F0A85A5300 49] iPadPro105, [000001F0A7B15C00][000001F0A85A9480 49] iPadPro129, [000001F0A7BDC300][000001F0A85AD600 49] iPadPro97, [000001F0A7B15D00][000001F0A83D7780 49] iPadPro2_129, [000001F0A7BDCC00][000001F0A83DB900 49] iPad5, [000001F0A7B17000][000001F0A83DFA80 49] iPad6, [000001F0A7BDEC00][000001F0A83E3C00 49] iPad7, [000001F0A7B16E00][000001F0A83E6200 49] iPad8, [000001F0A7BDD800][000001F0A83EA380 49] iPadPro11, [000001F0A7B15B00][000001F0A83EE500 49] iPadPro2_11, [000001F0A7BDD500][000001F0A83F2680 49] iPadPro3_129, [000001F0A7B16700][000001F0A83F6800 49] iPadPro4_129, [000001F0A7BDC100][000001F0A83FA980 49] AppleTV, [000001F0A7B16B00][000001F0A83FEB00 49] AppleTV4K, [000001F0A7BDDB00][000001F0A8594C40 49] TVOS, [000001F0A7B14900][000001F0A8402D80 49] Mac, [000001F0A7BDD700][000001F09DF18EC0 49] MacClient, [000001F0A7B16F00][000001F09DF21040 49] MacNoEditor, [000001F0A7BDCD00][000001F09DF251C0 49] MacServer, [000001F0A7B14300][000001F09DF29340 49] Linux, [000001F0A7BDEE00][000001F09DF2D4C0 49] LinuxAArch64, [000001F0A7B15500][000001F09DF31640 49] LinuxNoEditor, [000001F0A7BDE400][000001F09DF357C0 49] LinuxAArch64NoEditor, [000001F0A7B14200][000001F09DF39940 49] LinuxClient, [000001F0A7BDED00][000001F09DF3DAC0 49] LinuxAArch64Client, [000001F0A7B14C00][000001F09DF400C0 49] LinuxServer, [000001F0A7BDC400][000001F09DF44240 49] LinuxAArch64Server, [000001F0A7B15000][000001F09DF483C0 49] Android, [000001F0A7B6B900][000001F09DF4C540 49] Android_Low, [000001F0A7B09B00][000001F09DF506C0 49] Android_Mid, [000001F0A7B6B000][000001F09DE5A840 49] Android_High, [000001F0A7B0A300][000001F09DE5E9C0 49] Android_Default, [000001F0A7B6A000][000001F09DE62B40 49] Android_Adreno4xx, [000001F0A7B08100][000001F09DE66CC0 49] Android_Adreno5xx_Low, [000001F0A7B68B00][000001F09DF1CE00 49] Android_Adreno5xx, [000001F0A7B09800][000001F09DE6AF40 49] Android_Adreno6xx, [000001F0A7B69100][000001F09DE6F080 49] Android_Adreno6xx_Vulkan, [000001F0A7B08800][000001F09DE731C0 49] Android_Mali_T6xx, [000001F0A7B6B600][000001F09DE7B340 49] Android_Mali_T7xx, [000001F0A7B08D00][000001F09DE7F4C0 49] Android_Mali_T8xx, [000001F0A7B6BC00][000001F09DE83640 49] Android_Mali_G71, [000001F0A7B09500][000001F09DE87800 49] Android_Mali_G72, [000001F0A7B6BE00][000001F09DE8B980 49] Android_Mali_G72_Vulkan, [000001F0A7B0BD00][000001F09DE8FB00 49] Android_Mali_G76, [000001F0A7B6BA00][000001F09DE92100 49] Android_Mali_G76_Vulkan, [000001F0A7B0B600][000001F09DE96280 49] Android_Mali_G77, [000001F0A7B6A200][000001F09DE9A400 49] Android_Mali_G77_Vulkan, [000001F0A7B09200][000001F09DE9E580 49] Android_Mali_G78, [000001F0A7B68A00][000001F09DEA2700 49] Android_Mali_G78_Vulkan, [000001F0A7B0B000][000001F09DEA6880 49] Android_Mali_G710, [000001F0A7B69400][000001F09DEAAA00 49] Android_Mali_G710_Vulkan, [000001F0A7B08700][000001F09DEAEB80 49] Android_Vulkan_SM5, [000001F0A7B69800][000001F09DEB2D00 49] Android_PowerVR_G6xxx, [000001F0A7B08E00][000001F09DEB6E80 49] Android_PowerVR_GT7xxx, [000001F0A7B68200][000001F09DE76FC0 49] Android_PowerVR_GE8xxx, [000001F0A7B08600][000001F09DEBB100 49] Android_PowerVR_GM9xxx, [000001F0A7B6A600][000001F09DEBF240 49] Android_PowerVR_GM9xxx_Vulkan, [000001F0A7B14F00][000001F09DEC3380 49] Android_TegraK1, [000001F0A7B6AA00][000001F0A8DF5500 49] Android_Unknown_Vulkan, [000001F0A7B14D00][000001F0A8DF9680 49] Lumin, [000001F0A7B69200][000001F0A8DFD800 49] Lumin_Desktop, [000001F0A7B14B00][000001F0A8E01980 49] HoloLens, 
[2023.11.13-23.43.44:475][  0]LogMeshReduction: Using QuadricMeshReduction for automatic static mesh reduction
[2023.11.13-23.43.44:475][  0]LogMeshReduction: Using SimplygonMeshReduction for automatic skeletal mesh reduction
[2023.11.13-23.43.44:475][  0]LogMeshReduction: Using ProxyLODMeshReduction for automatic mesh merging
[2023.11.13-23.43.44:475][  0]LogMeshReduction: No distributed automatic mesh merging module available
[2023.11.13-23.43.44:475][  0]LogMeshMerging: No distributed automatic mesh merging module available
[2023.11.13-23.43.44:503][  0]LogNetVersion: Client 1.0.0, NetCL: 17155196, EngineNetVer: 17, GameNetVer: 0 (Checksum: 356464601)
[2023.11.13-23.43.44:834][  0]LogTexture: Default maximum texture size for cubemaps generated from long-lat sources has been changed from 512 to unlimited. In order to preserve old behaiour for '/Engine/MapTemplates/Sky/DaylightAmbientCubemap.DaylightAmbientCubemap', its maximum texture size has been explicitly set to 512.
[2023.11.13-23.43.44:887][  0]LogHMD: PokeAHoleMaterial loaded successfully
[2023.11.13-23.43.44:893][  0]LogUObjectArray: 17178 objects as part of root set at end of initial load.
[2023.11.13-23.43.44:893][  0]LogUObjectAllocator: 4302048 out of 0 bytes used by permanent object pool.
[2023.11.13-23.43.44:893][  0]LogUObjectArray: CloseDisregardForGC: 0/0 objects in disregard for GC pool
[2023.11.13-23.43.45:694][  0]LogPython: Using Python 3.7.7
[2023.11.13-23.43.46:322][  0]LogNiagaraDebuggerClient: Niagara Debugger Client Initialized | Session: CA7BD9454D1AFC039334298F57EF7672 | Instance: B1B836F94C1912BCAEB1A294BB1B1F1B (SANGGEUN-22112).
[2023.11.13-23.43.46:440][  0]LogUdpMessaging: Initializing bridge on interface 0.0.0.0:0 to multicast group 230.0.0.1:6666.
[2023.11.13-23.43.46:458][  0]LogTcpMessaging: Initializing TcpMessaging bridge
