Log file open, 11/14/23 07:53:07
LogWindows: Failed to load 'aqProf.dll' (GetLastError=126)
LogWindows: File 'aqProf.dll' does not exist
LogWindows: Failed to load 'VtuneApi.dll' (GetLastError=126)
LogWindows: File 'VtuneApi.dll' does not exist
LogWindows: Failed to load 'VtuneApi32e.dll' (GetLastError=126)
LogWindows: File 'VtuneApi32e.dll' does not exist
LogConsoleResponse: Display: Failed to find resolution value strings in scalability ini. Falling back to default.
LogConsoleResponse: Display: Failed to find resolution value strings in scalability ini. Falling back to default.
LogInit: Display: Running engine for game: Client
LogPlatformFile: Not using cached read wrapper
LogTaskGraph: Started task graph with 5 named threads and 35 total threads with 3 sets of task threads.
LogStats: Stats thread started at 0.433369
LogICUInternationalization: ICU TimeZone Detection - Raw Offset: +9:00, Platform Override: ''
LogInit: Display: Loading text-based GConfig....
LogPluginManager: Mounting plugin MeshPainting
LogPluginManager: Mounting plugin XGEController
LogPluginManager: Mounting plugin AISupport
LogPluginManager: Mounting plugin Paper2D
LogPluginManager: Mounting plugin EnvironmentQueryEditor
LogPluginManager: Mounting plugin LiveLink
LogPluginManager: Mounting plugin CameraShakePreviewer
LogPluginManager: Mounting plugin GameplayCameras
LogPluginManager: Mounting plugin OodleData
LogPluginManager: Mounting plugin LightPropagationVolume
LogPluginManager: Mounting plugin AnimationSharing
LogPluginManager: Mounting plugin OodleNetwork
LogPluginManager: Mounting plugin CLionSourceCodeAccess
LogPluginManager: Mounting plugin CodeLiteSourceCodeAccess
LogPluginManager: Mounting plugin GitSourceControl
LogPluginManager: Mounting plugin KDevelopSourceCodeAccess
LogPluginManager: Mounting plugin NullSourceCodeAccess
LogPluginManager: Mounting plugin PerforceSourceControl
LogPluginManager: Mounting plugin PixWinPlugin
LogPluginManager: Mounting plugin PlasticSourceControl
LogPluginManager: Mounting plugin PluginUtils
LogPluginManager: Mounting plugin PropertyAccessNode
LogPluginManager: Mounting plugin RiderSourceCodeAccess
LogPluginManager: Mounting plugin SubversionSourceControl
LogPluginManager: Mounting plugin TextureFormatOodle
LogPluginManager: Mounting plugin UObjectPlugin
LogPluginManager: Mounting plugin VisualStudioCodeSourceCodeAccess
LogPluginManager: Mounting plugin VisualStudioSourceCodeAccess
LogPluginManager: Mounting plugin XCodeSourceCodeAccess
LogPluginManager: Mounting plugin AssetManagerEditor
LogPluginManager: Mounting plugin Niagara
LogPluginManager: Mounting plugin CryptoKeys
LogPluginManager: Mounting plugin CurveEditorTools
LogPluginManager: Mounting plugin DataValidation
LogPluginManager: Mounting plugin GameplayTagsEditor
LogPluginManager: Mounting plugin FacialAnimation
LogPluginManager: Mounting plugin GeometryMode
LogPluginManager: Mounting plugin MacGraphicsSwitching
LogPluginManager: Mounting plugin MaterialAnalyzer
LogPluginManager: Mounting plugin MobileLauncherProfileWizard
LogPluginManager: Mounting plugin PluginBrowser
LogPluginManager: Mounting plugin SpeedTreeImporter
LogPluginManager: Mounting plugin DatasmithContent
LogPluginManager: Mounting plugin AlembicImporter
LogPluginManager: Mounting plugin AutomationUtils
LogPluginManager: Mounting plugin BackChannel
LogPluginManager: Mounting plugin ChaosCloth
LogPluginManager: Mounting plugin ChaosClothEditor
LogPluginManager: Mounting plugin ChaosEditor
LogPluginManager: Mounting plugin ChaosNiagara
LogPluginManager: Mounting plugin ChaosSolverPlugin
LogPluginManager: Mounting plugin CharacterAI
LogPluginManager: Mounting plugin VariantManagerContent
LogPluginManager: Mounting plugin GeometryCache
LogPluginManager: Mounting plugin GeometryProcessing
LogPluginManager: Mounting plugin GeometryCollectionPlugin
LogPluginManager: Mounting plugin MotoSynth
LogPluginManager: Mounting plugin OpenImageDenoise
LogPluginManager: Mounting plugin PlanarCut
LogPluginManager: Mounting plugin PlatformCrypto
LogPluginManager: Mounting plugin ProxyLODPlugin
LogPluginManager: Mounting plugin PythonScriptPlugin
LogPluginManager: Mounting plugin SkeletalReduction
LogPluginManager: Mounting plugin LuminPlatformFeatures
LogPluginManager: Mounting plugin MagicLeap
LogPluginManager: Mounting plugin MagicLeapLightEstimation
LogPluginManager: Mounting plugin MagicLeapMedia
LogPluginManager: Mounting plugin MagicLeapPassableWorld
LogPluginManager: Mounting plugin MLSDK
LogPluginManager: Mounting plugin AndroidMedia
LogPluginManager: Mounting plugin AvfMedia
LogPluginManager: Mounting plugin ImgMedia
LogPluginManager: Mounting plugin MediaCompositing
LogPluginManager: Mounting plugin MediaPlayerEditor
LogPluginManager: Mounting plugin WebMMedia
LogPluginManager: Mounting plugin WmfMedia
LogPluginManager: Mounting plugin TcpMessaging
LogPluginManager: Mounting plugin UdpMessaging
LogPluginManager: Mounting plugin OnlineSubsystem
LogPluginManager: Mounting plugin OnlineSubsystemNull
LogPluginManager: Mounting plugin OnlineSubsystemUtils
LogPluginManager: Mounting plugin ActorSequence
LogPluginManager: Mounting plugin LevelSequenceEditor
LogPluginManager: Mounting plugin MatineeToLevelSequence
LogPluginManager: Mounting plugin TemplateSequence
LogPluginManager: Mounting plugin LauncherChunkInstaller
LogPluginManager: Mounting plugin ActorLayerUtilities
LogPluginManager: Mounting plugin AndroidDeviceProfileSelector
LogPluginManager: Mounting plugin AndroidMoviePlayer
LogPluginManager: Mounting plugin AndroidPermission
LogPluginManager: Mounting plugin AppleImageUtils
LogPluginManager: Mounting plugin AppleMoviePlayer
LogPluginManager: Mounting plugin ArchVisCharacter
LogPluginManager: Mounting plugin AssetTags
LogPluginManager: Mounting plugin AudioCapture
LogPluginManager: Mounting plugin AudioSynesthesia
LogPluginManager: Mounting plugin CableComponent
LogPluginManager: Mounting plugin ChunkDownloader
LogPluginManager: Mounting plugin CustomMeshComponent
LogPluginManager: Mounting plugin EditableMesh
LogPluginManager: Mounting plugin ExampleDeviceProfileSelector
LogPluginManager: Mounting plugin GoogleCloudMessaging
LogPluginManager: Mounting plugin GooglePAD
LogPluginManager: Mounting plugin IOSDeviceProfileSelector
LogPluginManager: Mounting plugin LinuxDeviceProfileSelector
LogPluginManager: Mounting plugin LocationServicesBPLibrary
LogPluginManager: Mounting plugin MobilePatchingUtils
LogPluginManager: Mounting plugin OpenXR
LogPluginManager: Mounting plugin OpenXRHandTracking
LogPluginManager: Mounting plugin OpenXREyeTracker
LogPluginManager: Mounting plugin PhysXVehicles
LogPluginManager: Mounting plugin PostSplashScreen
LogPluginManager: Mounting plugin ProceduralMeshComponent
LogPluginManager: Mounting plugin PropertyAccessEditor
LogPluginManager: Mounting plugin RuntimePhysXCooking
LogPluginManager: Mounting plugin SignificanceManager
LogPluginManager: Mounting plugin SoundFields
LogPluginManager: Mounting plugin Synthesis
LogPluginManager: Mounting plugin WebMMoviePlayer
LogPluginManager: Mounting plugin WindowsMoviePlayer
LogPluginManager: Mounting plugin ScreenshotTools
LogPluginManager: Mounting plugin Takes
LogPluginManager: Mounting plugin ContentBrowserAssetDataSource
LogPluginManager: Mounting plugin ContentBrowserClassDataSource
LogPluginManager: Mounting plugin ContentBrowserFileDataSource
LogPluginManager: Mounting plugin OnlineSubsystemGooglePlay
LogPluginManager: Mounting plugin OnlineSubsystemIOS
LogPluginManager: Mounting plugin OculusVR
LogPluginManager: Mounting plugin SteamVR
PixWinPlugin: PIX capture plugin failed to initialize! Check that the process is launched from PIX.
LogInit: Using libcurl 7.55.1-DEV
LogInit:  - built for x86_64-pc-win32
LogInit:  - supports SSL with OpenSSL/1.1.1
LogInit:  - supports HTTP deflate (compression) using libz 1.2.8
LogInit:  - other features:
LogInit:      CURL_VERSION_SSL
LogInit:      CURL_VERSION_LIBZ
LogInit:      CURL_VERSION_IPV6
LogInit:      CURL_VERSION_ASYNCHDNS
LogInit:      CURL_VERSION_LARGEFILE
LogInit:      CURL_VERSION_IDN
LogInit:  CurlRequestOptions (configurable via config and command line):
LogInit:  - bVerifyPeer = true  - Libcurl will verify peer certificate
LogInit:  - bUseHttpProxy = false  - Libcurl will NOT use HTTP proxy
LogInit:  - bDontReuseConnections = false  - Libcurl will reuse connections
LogInit:  - MaxHostConnections = 16  - Libcurl will limit the number of connections to a host
LogInit:  - LocalHostAddr = Default
LogInit:  - BufferSize = 65536
LogOnline: OSS: Creating online subsystem instance for: NULL
LogInit: WinSock: version 1.1 (2.2), MaxSocks=32767, MaxUdp=65467
LogOnline: OSS: TryLoadSubsystemAndSetDefault: Loaded subsystem for module [NULL]
LogOculusPluginWrapper: OculusPlugin initialized successfully
LogHMD: Failed initializing OVRPlugin 1.59.0
LogInit: Build: ++UE4+Release-4.27-CL-18319896
LogInit: Engine Version: 4.27.2-18319896+++UE4+Release-4.27
LogInit: Compatible Engine Version: 4.27.0-17155196+++UE4+Release-4.27
LogInit: Net CL: 17155196
LogInit: OS: Windows 10 (Release 2009) (), CPU: AMD Ryzen 5 5600X 6-Core Processor             , GPU: NVIDIA GeForce RTX 3070
LogInit: Compiled (64-bit): Nov 30 2021 07:12:08
LogInit: Compiled with Visual C++: 19.24.28315.00
LogInit: Build Configuration: Development
LogInit: Branch Name: ++UE4+Release-4.27
LogInit: Command Line:  -skipcompile
LogInit: Base Directory: C:/Program Files/Epic Games/UE_4.27/Engine/Binaries/Win64/
LogInit: Allocator: TBB
LogInit: Installed Engine Build: 1
LogDevObjectVersion: Number of dev versions registered: 29
LogDevObjectVersion:   Dev-Blueprints (B0D832E4-1F89-4F0D-ACCF-7EB736FD4AA2): 10
LogDevObjectVersion:   Dev-Build (E1C64328-A22C-4D53-A36C-8E866417BD8C): 0
LogDevObjectVersion:   Dev-Core (375EC13C-06E4-48FB-B500-84F0262A717E): 4
LogDevObjectVersion:   Dev-Editor (E4B068ED-F494-42E9-A231-DA0B2E46BB41): 40
LogDevObjectVersion:   Dev-Framework (CFFC743F-43B0-4480-9391-14DF171D2073): 37
LogDevObjectVersion:   Dev-Mobile (B02B49B5-BB20-44E9-A304-32B752E40360): 3
LogDevObjectVersion:   Dev-Networking (A4E4105C-59A1-49B5-A7C5-40C4547EDFEE): 0
LogDevObjectVersion:   Dev-Online (39C831C9-5AE6-47DC-9A44-9C173E1C8E7C): 0
LogDevObjectVersion:   Dev-Physics (78F01B33-EBEA-4F98-B9B4-84EACCB95AA2): 14
LogDevObjectVersion:   Dev-Platform (6631380F-2D4D-43E0-8009-CF276956A95A): 0
LogDevObjectVersion:   Dev-Rendering (12F88B9F-8875-4AFC-A67C-D90C383ABD29): 45
LogDevObjectVersion:   Dev-Sequencer (7B5AE74C-D270-4C10-A958-57980B212A5A): 13
LogDevObjectVersion:   Dev-VR (D7296918-1DD6-4BDD-9DE2-64A83CC13884): 3
LogDevObjectVersion:   Dev-LoadTimes (C2A15278-BFE7-4AFE-6C17-90FF531DF755): 1
LogDevObjectVersion:   Private-Geometry (6EACA3D4-40EC-4CC1-B786-8BED09428FC5): 3
LogDevObjectVersion:   Dev-AnimPhys (29E575DD-E0A3-4627-9D10-D276232CDCEA): 17
LogDevObjectVersion:   Dev-Anim (AF43A65D-7FD3-4947-9873-3E8ED9C1BB05): 15
LogDevObjectVersion:   Dev-ReflectionCapture (6B266CEC-1EC7-4B8F-A30B-E4D90942FC07): 1
LogDevObjectVersion:   Dev-Automation (0DF73D61-A23F-47EA-B727-89E90C41499A): 1
LogDevObjectVersion:   FortniteMain (601D1886-AC64-4F84-AA16-D3DE0DEAC7D6): 47
LogDevObjectVersion:   FortniteRelease (E7086368-6B23-4C58-8439-1B7016265E91): 1
LogDevObjectVersion:   Dev-Enterprise (9DFFBCD6-494F-0158-E221-12823C92A888): 10
LogDevObjectVersion:   Dev-Niagara (F2AED0AC-9AFE-416F-8664-AA7FFA26D6FC): 1
LogDevObjectVersion:   Dev-Destruction (174F1F0B-B4C6-45A5-B13F-2EE8D0FB917D): 10
LogDevObjectVersion:   Dev-Physics-Ext (35F94A83-E258-406C-A318-09F59610247C): 41
LogDevObjectVersion:   Dev-PhysicsMaterial-Chaos (B68FC16E-8B1B-42E2-B453-215C058844FE): 1
LogDevObjectVersion:   Dev-CineCamera (B2E18506-4273-CFC2-A54E-F4BB758BBA07): 1
LogDevObjectVersion:   Dev-VirtualProduction (64F58936-FD1B-42BA-BA96-7289D5D0FA4E): 1
LogDevObjectVersion:   Dev-MediaFramework (6F0ED827-A609-4895-9C91-998D90180EA4): 2
LogInit: Presizing for max 25165824 objects, including 0 objects not considered by GC, pre-allocating 0 bytes for permanent pool.
LogConfig: Applying CVar settings from Section [/Script/Engine.StreamingSettings] File [C:/Users/godye/Desktop/Project/ProjectYA/Client/Saved/Config/Windows/Engine.ini]
LogConfig: Setting CVar [[s.MinBulkDataSizeForAsyncLoading:131072]]
LogConfig: Setting CVar [[s.AsyncLoadingThreadEnabled:0]]
LogConfig: Setting CVar [[s.EventDrivenLoaderEnabled:1]]
LogConfig: Setting CVar [[s.WarnIfTimeLimitExceeded:0]]
LogConfig: Setting CVar [[s.TimeLimitExceededMultiplier:1.5]]
LogConfig: Setting CVar [[s.TimeLimitExceededMinTime:0.005]]
LogConfig: Setting CVar [[s.UseBackgroundLevelStreaming:1]]
LogConfig: Setting CVar [[s.PriorityAsyncLoadingExtraTime:15.0]]
LogConfig: Setting CVar [[s.LevelStreamingActorsUpdateTimeLimit:5.0]]
LogConfig: Setting CVar [[s.PriorityLevelStreamingActorsUpdateExtraTime:5.0]]
LogConfig: Setting CVar [[s.LevelStreamingComponentsRegistrationGranularity:10]]
LogConfig: Setting CVar [[s.UnregisterComponentsTimeLimit:1.0]]
LogConfig: Setting CVar [[s.LevelStreamingComponentsUnregistrationGranularity:5]]
LogConfig: Setting CVar [[s.FlushStreamingOnExit:1]]
LogInit: Object subsystem initialized
LogConfig: Setting CVar [[con.DebugEarlyDefault:1]]
LogConfig: Setting CVar [[r.setres:1280x720]]
[2023.11.13-22.53.08:811][  0]LogConfig: Setting CVar [[r.VSync:0]]
[2023.11.13-22.53.08:811][  0]LogConfig: Setting CVar [[r.RHICmdBypass:0]]
[2023.11.13-22.53.08:811][  0]LogConfig: Applying CVar settings from Section [/Script/Engine.RendererSettings] File [C:/Users/godye/Desktop/Project/ProjectYA/Client/Saved/Config/Windows/Engine.ini]
[2023.11.13-22.53.08:811][  0]LogConfig: Setting CVar [[r.GPUCrashDebugging:0]]
[2023.11.13-22.53.08:811][  0]LogConfig: Applying CVar settings from Section [/Script/Engine.RendererOverrideSettings] File [C:/Users/godye/Desktop/Project/ProjectYA/Client/Saved/Config/Windows/Engine.ini]
[2023.11.13-22.53.08:811][  0]LogConfig: Applying CVar settings from Section [/Script/Engine.StreamingSettings] File [C:/Users/godye/Desktop/Project/ProjectYA/Client/Saved/Config/Windows/Engine.ini]
[2023.11.13-22.53.08:811][  0]LogConfig: Setting CVar [[s.MinBulkDataSizeForAsyncLoading:131072]]
[2023.11.13-22.53.08:811][  0]LogConfig: Setting CVar [[s.AsyncLoadingThreadEnabled:0]]
[2023.11.13-22.53.08:811][  0]LogConfig: Setting CVar [[s.EventDrivenLoaderEnabled:1]]
[2023.11.13-22.53.08:811][  0]LogConfig: Setting CVar [[s.WarnIfTimeLimitExceeded:0]]
[2023.11.13-22.53.08:811][  0]LogConfig: Setting CVar [[s.TimeLimitExceededMultiplier:1.5]]
[2023.11.13-22.53.08:811][  0]LogConfig: Setting CVar [[s.TimeLimitExceededMinTime:0.005]]
[2023.11.13-22.53.08:811][  0]LogConfig: Setting CVar [[s.UseBackgroundLevelStreaming:1]]
[2023.11.13-22.53.08:811][  0]LogConfig: Setting CVar [[s.PriorityAsyncLoadingExtraTime:15.0]]
[2023.11.13-22.53.08:812][  0]LogConfig: Setting CVar [[s.LevelStreamingActorsUpdateTimeLimit:5.0]]
[2023.11.13-22.53.08:812][  0]LogConfig: Setting CVar [[s.PriorityLevelStreamingActorsUpdateExtraTime:5.0]]
[2023.11.13-22.53.08:812][  0]LogConfig: Setting CVar [[s.LevelStreamingComponentsRegistrationGranularity:10]]
[2023.11.13-22.53.08:812][  0]LogConfig: Setting CVar [[s.UnregisterComponentsTimeLimit:1.0]]
[2023.11.13-22.53.08:812][  0]LogConfig: Setting CVar [[s.LevelStreamingComponentsUnregistrationGranularity:5]]
[2023.11.13-22.53.08:812][  0]LogConfig: Setting CVar [[s.FlushStreamingOnExit:1]]
[2023.11.13-22.53.08:812][  0]LogConfig: Applying CVar settings from Section [/Script/Engine.GarbageCollectionSettings] File [C:/Users/godye/Desktop/Project/ProjectYA/Client/Saved/Config/Windows/Engine.ini]
[2023.11.13-22.53.08:812][  0]LogConfig: Setting CVar [[gc.MaxObjectsNotConsideredByGC:1]]
[2023.11.13-22.53.08:812][  0]LogConfig: Setting CVar [[gc.SizeOfPermanentObjectPool:0]]
[2023.11.13-22.53.08:812][  0]LogConfig: Setting CVar [[gc.FlushStreamingOnGC:0]]
[2023.11.13-22.53.08:812][  0]LogConfig: Setting CVar [[gc.NumRetriesBeforeForcingGC:10]]
[2023.11.13-22.53.08:812][  0]LogConfig: Setting CVar [[gc.AllowParallelGC:1]]
[2023.11.13-22.53.08:812][  0]LogConfig: Setting CVar [[gc.TimeBetweenPurgingPendingKillObjects:61.1]]
[2023.11.13-22.53.08:812][  0]LogConfig: Setting CVar [[gc.MaxObjectsInEditor:25165824]]
[2023.11.13-22.53.08:812][  0]LogConfig: Setting CVar [[gc.IncrementalBeginDestroyEnabled:1]]
[2023.11.13-22.53.08:812][  0]LogConfig: Setting CVar [[gc.CreateGCClusters:1]]
[2023.11.13-22.53.08:812][  0]LogConfig: Setting CVar [[gc.MinGCClusterSize:5]]
[2023.11.13-22.53.08:812][  0]LogConfig: Setting CVar [[gc.ActorClusteringEnabled:0]]
[2023.11.13-22.53.08:812][  0]LogConfig: Setting CVar [[gc.BlueprintClusteringEnabled:0]]
[2023.11.13-22.53.08:812][  0]LogConfig: Setting CVar [[gc.UseDisregardForGCOnDedicatedServers:0]]
[2023.11.13-22.53.08:812][  0]LogConfig: Setting CVar [[gc.MultithreadedDestructionEnabled:1]]
[2023.11.13-22.53.08:812][  0]LogConfig: Applying CVar settings from Section [/Script/Engine.NetworkSettings] File [C:/Users/godye/Desktop/Project/ProjectYA/Client/Saved/Config/Windows/Engine.ini]
[2023.11.13-22.53.08:812][  0]LogConfig: Applying CVar settings from Section [/Script/UnrealEd.CookerSettings] File [C:/Users/godye/Desktop/Project/ProjectYA/Client/Saved/Config/Windows/Engine.ini]
[2023.11.13-22.53.08:908][  0]LogConfig: Applying CVar settings from Section [ViewDistanceQuality@3] File [C:/Users/godye/Desktop/Project/ProjectYA/Client/Saved/Config/Windows/Scalability.ini]
[2023.11.13-22.53.08:908][  0]LogConfig: Setting CVar [[r.SkeletalMeshLODBias:0]]
[2023.11.13-22.53.08:908][  0]LogConfig: Setting CVar [[r.ViewDistanceScale:1.0]]
[2023.11.13-22.53.08:908][  0]LogConfig: Applying CVar settings from Section [AntiAliasingQuality@3] File [C:/Users/godye/Desktop/Project/ProjectYA/Client/Saved/Config/Windows/Scalability.ini]
[2023.11.13-22.53.08:909][  0]LogConfig: Setting CVar [[r.PostProcessAAQuality:4]]
[2023.11.13-22.53.08:909][  0]LogConfig: Applying CVar settings from Section [ShadowQuality@3] File [C:/Users/godye/Desktop/Project/ProjectYA/Client/Saved/Config/Windows/Scalability.ini]
[2023.11.13-22.53.08:909][  0]LogConfig: Setting CVar [[r.LightFunctionQuality:1]]
[2023.11.13-22.53.08:909][  0]LogConfig: Setting CVar [[r.ShadowQuality:5]]
[2023.11.13-22.53.08:909][  0]LogConfig: Setting CVar [[r.Shadow.CSM.MaxCascades:10]]
[2023.11.13-22.53.08:909][  0]LogConfig: Setting CVar [[r.Shadow.MaxResolution:2048]]
[2023.11.13-22.53.08:909][  0]LogConfig: Setting CVar [[r.Shadow.MaxCSMResolution:2048]]
[2023.11.13-22.53.08:909][  0]LogConfig: Setting CVar [[r.Shadow.RadiusThreshold:0.01]]
[2023.11.13-22.53.08:909][  0]LogConfig: Setting CVar [[r.Shadow.DistanceScale:1.0]]
[2023.11.13-22.53.08:909][  0]LogConfig: Setting CVar [[r.Shadow.CSM.TransitionScale:1.0]]
[2023.11.13-22.53.08:909][  0]LogConfig: Setting CVar [[r.Shadow.PreShadowResolutionFactor:1.0]]
[2023.11.13-22.53.08:909][  0]LogConfig: Setting CVar [[r.DistanceFieldShadowing:1]]
[2023.11.13-22.53.08:909][  0]LogConfig: Setting CVar [[r.DistanceFieldAO:1]]
[2023.11.13-22.53.08:909][  0]LogConfig: Setting CVar [[r.AOQuality:2]]
[2023.11.13-22.53.08:909][  0]LogConfig: Setting CVar [[r.VolumetricFog:1]]
[2023.11.13-22.53.08:909][  0]LogConfig: Setting CVar [[r.VolumetricFog.GridPixelSize:8]]
[2023.11.13-22.53.08:909][  0]LogConfig: Setting CVar [[r.VolumetricFog.GridSizeZ:128]]
[2023.11.13-22.53.08:909][  0]LogConfig: Setting CVar [[r.VolumetricFog.HistoryMissSupersampleCount:4]]
[2023.11.13-22.53.08:909][  0]LogConfig: Setting CVar [[r.LightMaxDrawDistanceScale:1]]
[2023.11.13-22.53.08:909][  0]LogConfig: Setting CVar [[r.CapsuleShadows:1]]
[2023.11.13-22.53.08:909][  0]LogConfig: Applying CVar settings from Section [PostProcessQuality@3] File [C:/Users/godye/Desktop/Project/ProjectYA/Client/Saved/Config/Windows/Scalability.ini]
[2023.11.13-22.53.08:909][  0]LogConfig: Setting CVar [[r.MotionBlurQuality:4]]
[2023.11.13-22.53.08:909][  0]LogConfig: Setting CVar [[r.AmbientOcclusionMipLevelFactor:0.4]]
[2023.11.13-22.53.08:909][  0]LogConfig: Setting CVar [[r.AmbientOcclusionMaxQuality:100]]
[2023.11.13-22.53.08:909][  0]LogConfig: Setting CVar [[r.AmbientOcclusionLevels:-1]]
[2023.11.13-22.53.08:909][  0]LogConfig: Setting CVar [[r.AmbientOcclusionRadiusScale:1.0]]
[2023.11.13-22.53.08:910][  0]LogConfig: Setting CVar [[r.DepthOfFieldQuality:2]]
[2023.11.13-22.53.08:910][  0]LogConfig: Setting CVar [[r.RenderTargetPoolMin:400]]
[2023.11.13-22.53.08:910][  0]LogConfig: Setting CVar [[r.LensFlareQuality:2]]
[2023.11.13-22.53.08:910][  0]LogConfig: Setting CVar [[r.SceneColorFringeQuality:1]]
[2023.11.13-22.53.08:910][  0]LogConfig: Setting CVar [[r.EyeAdaptationQuality:2]]
[2023.11.13-22.53.08:910][  0]LogConfig: Setting CVar [[r.BloomQuality:5]]
[2023.11.13-22.53.08:910][  0]LogConfig: Setting CVar [[r.FastBlurThreshold:100]]
[2023.11.13-22.53.08:910][  0]LogConfig: Setting CVar [[r.Upscale.Quality:3]]
[2023.11.13-22.53.08:910][  0]LogConfig: Setting CVar [[r.Tonemapper.GrainQuantization:1]]
[2023.11.13-22.53.08:910][  0]LogConfig: Setting CVar [[r.LightShaftQuality:1]]
[2023.11.13-22.53.08:910][  0]LogConfig: Setting CVar [[r.Filter.SizeScale:1]]
[2023.11.13-22.53.08:910][  0]LogConfig: Setting CVar [[r.Tonemapper.Quality:5]]
[2023.11.13-22.53.08:910][  0]LogConfig: Setting CVar [[r.DOF.Gather.AccumulatorQuality:1        ; higher gathering accumulator quality]]
[2023.11.13-22.53.08:910][  0]LogConfig: Setting CVar [[r.DOF.Gather.PostfilterMethod:1          ; Median3x3 postfilering method]]
[2023.11.13-22.53.08:910][  0]LogConfig: Setting CVar [[r.DOF.Gather.EnableBokehSettings:0       ; no bokeh simulation when gathering]]
[2023.11.13-22.53.08:910][  0]LogConfig: Setting CVar [[r.DOF.Gather.RingCount:4                 ; medium number of samples when gathering]]
[2023.11.13-22.53.08:910][  0]LogConfig: Setting CVar [[r.DOF.Scatter.ForegroundCompositing:1    ; additive foreground scattering]]
[2023.11.13-22.53.08:910][  0]LogConfig: Setting CVar [[r.DOF.Scatter.BackgroundCompositing:2    ; additive background scattering]]
[2023.11.13-22.53.08:910][  0]LogConfig: Setting CVar [[r.DOF.Scatter.EnableBokehSettings:1      ; bokeh simulation when scattering]]
[2023.11.13-22.53.08:910][  0]LogConfig: Setting CVar [[r.DOF.Scatter.MaxSpriteRatio:0.1         ; only a maximum of 10% of scattered bokeh]]
[2023.11.13-22.53.08:910][  0]LogConfig: Setting CVar [[r.DOF.Recombine.Quality:1                ; cheap slight out of focus]]
[2023.11.13-22.53.08:910][  0]LogConfig: Setting CVar [[r.DOF.Recombine.EnableBokehSettings:0    ; no bokeh simulation on slight out of focus]]
[2023.11.13-22.53.08:910][  0]LogConfig: Setting CVar [[r.DOF.TemporalAAQuality:1                ; more stable temporal accumulation]]
[2023.11.13-22.53.08:910][  0]LogConfig: Setting CVar [[r.DOF.Kernel.MaxForegroundRadius:0.025]]
[2023.11.13-22.53.08:910][  0]LogConfig: Setting CVar [[r.DOF.Kernel.MaxBackgroundRadius:0.025]]
[2023.11.13-22.53.08:910][  0]LogConfig: Applying CVar settings from Section [TextureQuality@3] File [C:/Users/godye/Desktop/Project/ProjectYA/Client/Saved/Config/Windows/Scalability.ini]
[2023.11.13-22.53.08:910][  0]LogConfig: Setting CVar [[r.Streaming.MipBias:0]]
[2023.11.13-22.53.08:911][  0]LogConfig: Setting CVar [[r.Streaming.AmortizeCPUToGPUCopy:0]]
[2023.11.13-22.53.08:911][  0]LogConfig: Setting CVar [[r.Streaming.MaxNumTexturesToStreamPerFrame:0]]
[2023.11.13-22.53.08:911][  0]LogConfig: Setting CVar [[r.Streaming.Boost:1]]
[2023.11.13-22.53.08:911][  0]LogConfig: Setting CVar [[r.MaxAnisotropy:8]]
[2023.11.13-22.53.08:911][  0]LogConfig: Setting CVar [[r.VT.MaxAnisotropy:8]]
[2023.11.13-22.53.08:911][  0]LogConfig: Setting CVar [[r.Streaming.LimitPoolSizeToVRAM:0]]
[2023.11.13-22.53.08:911][  0]LogConfig: Setting CVar [[r.Streaming.PoolSize:1000]]
[2023.11.13-22.53.08:911][  0]LogConfig: Setting CVar [[r.Streaming.MaxEffectiveScreenSize:0]]
[2023.11.13-22.53.08:911][  0]LogConfig: Applying CVar settings from Section [EffectsQuality@3] File [C:/Users/godye/Desktop/Project/ProjectYA/Client/Saved/Config/Windows/Scalability.ini]
[2023.11.13-22.53.08:911][  0]LogConfig: Setting CVar [[r.TranslucencyLightingVolumeDim:64]]
[2023.11.13-22.53.08:911][  0]LogConfig: Setting CVar [[r.RefractionQuality:2]]
[2023.11.13-22.53.08:911][  0]LogConfig: Setting CVar [[r.SSR.Quality:3]]
[2023.11.13-22.53.08:911][  0]LogConfig: Setting CVar [[r.SSR.HalfResSceneColor:0]]
[2023.11.13-22.53.08:911][  0]LogConfig: Setting CVar [[r.SceneColorFormat:4]]
[2023.11.13-22.53.08:911][  0]LogConfig: Setting CVar [[r.DetailMode:2]]
[2023.11.13-22.53.08:911][  0]LogConfig: Setting CVar [[r.TranslucencyVolumeBlur:1]]
[2023.11.13-22.53.08:911][  0]LogConfig: Setting CVar [[r.MaterialQualityLevel:1 ; High quality]]
[2023.11.13-22.53.08:911][  0]LogConfig: Setting CVar [[r.AnisotropicMaterials:1]]
[2023.11.13-22.53.08:911][  0]LogConfig: Setting CVar [[r.SSS.Scale:1]]
[2023.11.13-22.53.08:911][  0]LogConfig: Setting CVar [[r.SSS.SampleSet:2]]
[2023.11.13-22.53.08:911][  0]LogConfig: Setting CVar [[r.SSS.Quality:1]]
[2023.11.13-22.53.08:911][  0]LogConfig: Setting CVar [[r.SSS.HalfRes:0]]
[2023.11.13-22.53.08:911][  0]LogConfig: Setting CVar [[r.SSGI.Quality:3]]
[2023.11.13-22.53.08:911][  0]LogConfig: Setting CVar [[r.EmitterSpawnRateScale:1.0]]
[2023.11.13-22.53.08:911][  0]LogConfig: Setting CVar [[r.ParticleLightQuality:2]]
[2023.11.13-22.53.08:911][  0]LogConfig: Setting CVar [[r.SkyAtmosphere.AerialPerspectiveLUT.FastApplyOnOpaque:1 ; Always have FastSkyLUT 1 in this case to avoid wrong sky]]
[2023.11.13-22.53.08:912][  0]LogConfig: Setting CVar [[r.SkyAtmosphere.AerialPerspectiveLUT.SampleCountMaxPerSlice:4]]
[2023.11.13-22.53.08:912][  0]LogConfig: Setting CVar [[r.SkyAtmosphere.AerialPerspectiveLUT.DepthResolution:16.0]]
[2023.11.13-22.53.08:912][  0]LogConfig: Setting CVar [[r.SkyAtmosphere.FastSkyLUT:1]]
[2023.11.13-22.53.08:912][  0]LogConfig: Setting CVar [[r.SkyAtmosphere.FastSkyLUT.SampleCountMin:4.0]]
[2023.11.13-22.53.08:912][  0]LogConfig: Setting CVar [[r.SkyAtmosphere.FastSkyLUT.SampleCountMax:128.0]]
[2023.11.13-22.53.08:912][  0]LogConfig: Setting CVar [[r.SkyAtmosphere.SampleCountMin:4.0]]
[2023.11.13-22.53.08:912][  0]LogConfig: Setting CVar [[r.SkyAtmosphere.SampleCountMax:128.0]]
[2023.11.13-22.53.08:912][  0]LogConfig: Setting CVar [[r.SkyAtmosphere.TransmittanceLUT.UseSmallFormat:0]]
[2023.11.13-22.53.08:912][  0]LogConfig: Setting CVar [[r.SkyAtmosphere.TransmittanceLUT.SampleCount:10.0]]
[2023.11.13-22.53.08:912][  0]LogConfig: Setting CVar [[r.SkyAtmosphere.MultiScatteringLUT.SampleCount:15.0]]
[2023.11.13-22.53.08:912][  0]LogConfig: Setting CVar [[r.SkyLight.RealTimeReflectionCapture:1]]
[2023.11.13-22.53.08:912][  0]LogConfig: Applying CVar settings from Section [FoliageQuality@3] File [C:/Users/godye/Desktop/Project/ProjectYA/Client/Saved/Config/Windows/Scalability.ini]
[2023.11.13-22.53.08:912][  0]LogConfig: Setting CVar [[foliage.DensityScale:1.0]]
[2023.11.13-22.53.08:912][  0]LogConfig: Setting CVar [[grass.DensityScale:1.0]]
[2023.11.13-22.53.08:912][  0]LogConfig: Applying CVar settings from Section [ShadingQuality@3] File [C:/Users/godye/Desktop/Project/ProjectYA/Client/Saved/Config/Windows/Scalability.ini]
[2023.11.13-22.53.08:912][  0]LogConfig: Setting CVar [[r.HairStrands.SkyLighting.IntegrationType:2]]
[2023.11.13-22.53.08:912][  0]LogConfig: Setting CVar [[r.HairStrands.SkyAO.SampleCount:4]]
[2023.11.13-22.53.08:912][  0]LogConfig: Setting CVar [[r.HairStrands.Visibility.MSAA.SamplePerPixel:4]]
[2023.11.13-22.53.08:912][  0]LogInit: Selected Device Profile: [Windows]
[2023.11.13-22.53.08:912][  0]LogInit: Applying CVar settings loaded from the selected device profile: [Windows]
[2023.11.13-22.53.08:912][  0]LogHAL: Display: Platform has ~ 32 GB [34301599744 / 34359738368 / 32], which maps to Largest [LargestMinGB=32, LargerMinGB=12, DefaultMinGB=8, SmallerMinGB=6, SmallestMinGB=0)
[2023.11.13-22.53.08:912][  0]LogInit: Going up to parent DeviceProfile []
[2023.11.13-22.53.08:912][  0]LogConfig: Applying CVar settings from Section [ViewDistanceQuality@3] File [C:/Users/godye/Desktop/Project/ProjectYA/Client/Saved/Config/Windows/Scalability.ini]
[2023.11.13-22.53.08:912][  0]LogConfig: Setting CVar [[r.SkeletalMeshLODBias:0]]
[2023.11.13-22.53.08:912][  0]LogConfig: Setting CVar [[r.ViewDistanceScale:1.0]]
[2023.11.13-22.53.08:912][  0]LogConfig: Applying CVar settings from Section [AntiAliasingQuality@3] File [C:/Users/godye/Desktop/Project/ProjectYA/Client/Saved/Config/Windows/Scalability.ini]
[2023.11.13-22.53.08:912][  0]LogConfig: Setting CVar [[r.PostProcessAAQuality:4]]
[2023.11.13-22.53.08:912][  0]LogConfig: Applying CVar settings from Section [ShadowQuality@3] File [C:/Users/godye/Desktop/Project/ProjectYA/Client/Saved/Config/Windows/Scalability.ini]
[2023.11.13-22.53.08:912][  0]LogConfig: Setting CVar [[r.LightFunctionQuality:1]]
[2023.11.13-22.53.08:912][  0]LogConfig: Setting CVar [[r.ShadowQuality:5]]
[2023.11.13-22.53.08:912][  0]LogConfig: Setting CVar [[r.Shadow.CSM.MaxCascades:10]]
[2023.11.13-22.53.08:912][  0]LogConfig: Setting CVar [[r.Shadow.MaxResolution:2048]]
[2023.11.13-22.53.08:912][  0]LogConfig: Setting CVar [[r.Shadow.MaxCSMResolution:2048]]
[2023.11.13-22.53.08:912][  0]LogConfig: Setting CVar [[r.Shadow.RadiusThreshold:0.01]]
[2023.11.13-22.53.08:912][  0]LogConfig: Setting CVar [[r.Shadow.DistanceScale:1.0]]
[2023.11.13-22.53.08:912][  0]LogConfig: Setting CVar [[r.Shadow.CSM.TransitionScale:1.0]]
[2023.11.13-22.53.08:912][  0]LogConfig: Setting CVar [[r.Shadow.PreShadowResolutionFactor:1.0]]
[2023.11.13-22.53.08:914][  0]LogConfig: Setting CVar [[r.DistanceFieldShadowing:1]]
[2023.11.13-22.53.08:914][  0]LogConfig: Setting CVar [[r.DistanceFieldAO:1]]
[2023.11.13-22.53.08:914][  0]LogConfig: Setting CVar [[r.AOQuality:2]]
[2023.11.13-22.53.08:914][  0]LogConfig: Setting CVar [[r.VolumetricFog:1]]
[2023.11.13-22.53.08:914][  0]LogConfig: Setting CVar [[r.VolumetricFog.GridPixelSize:8]]
[2023.11.13-22.53.08:914][  0]LogConfig: Setting CVar [[r.VolumetricFog.GridSizeZ:128]]
[2023.11.13-22.53.08:914][  0]LogConfig: Setting CVar [[r.VolumetricFog.HistoryMissSupersampleCount:4]]
[2023.11.13-22.53.08:914][  0]LogConfig: Setting CVar [[r.LightMaxDrawDistanceScale:1]]
[2023.11.13-22.53.08:914][  0]LogConfig: Setting CVar [[r.CapsuleShadows:1]]
[2023.11.13-22.53.08:914][  0]LogConfig: Applying CVar settings from Section [PostProcessQuality@3] File [C:/Users/godye/Desktop/Project/ProjectYA/Client/Saved/Config/Windows/Scalability.ini]
[2023.11.13-22.53.08:914][  0]LogConfig: Setting CVar [[r.MotionBlurQuality:4]]
[2023.11.13-22.53.08:914][  0]LogConfig: Setting CVar [[r.AmbientOcclusionMipLevelFactor:0.4]]
[2023.11.13-22.53.08:914][  0]LogConfig: Setting CVar [[r.AmbientOcclusionMaxQuality:100]]
[2023.11.13-22.53.08:914][  0]LogConfig: Setting CVar [[r.AmbientOcclusionLevels:-1]]
[2023.11.13-22.53.08:914][  0]LogConfig: Setting CVar [[r.AmbientOcclusionRadiusScale:1.0]]
[2023.11.13-22.53.08:914][  0]LogConfig: Setting CVar [[r.DepthOfFieldQuality:2]]
[2023.11.13-22.53.08:914][  0]LogConfig: Setting CVar [[r.RenderTargetPoolMin:400]]
[2023.11.13-22.53.08:914][  0]LogConfig: Setting CVar [[r.LensFlareQuality:2]]
[2023.11.13-22.53.08:914][  0]LogConfig: Setting CVar [[r.SceneColorFringeQuality:1]]
[2023.11.13-22.53.08:914][  0]LogConfig: Setting CVar [[r.EyeAdaptationQuality:2]]
[2023.11.13-22.53.08:914][  0]LogConfig: Setting CVar [[r.BloomQuality:5]]
[2023.11.13-22.53.08:914][  0]LogConfig: Setting CVar [[r.FastBlurThreshold:100]]
[2023.11.13-22.53.08:914][  0]LogConfig: Setting CVar [[r.Upscale.Quality:3]]
[2023.11.13-22.53.08:914][  0]LogConfig: Setting CVar [[r.Tonemapper.GrainQuantization:1]]
[2023.11.13-22.53.08:914][  0]LogConfig: Setting CVar [[r.LightShaftQuality:1]]
[2023.11.13-22.53.08:914][  0]LogConfig: Setting CVar [[r.Filter.SizeScale:1]]
[2023.11.13-22.53.08:915][  0]LogConfig: Setting CVar [[r.Tonemapper.Quality:5]]
[2023.11.13-22.53.08:915][  0]LogConfig: Setting CVar [[r.DOF.Gather.AccumulatorQuality:1        ; higher gathering accumulator quality]]
[2023.11.13-22.53.08:915][  0]LogConfig: Setting CVar [[r.DOF.Gather.PostfilterMethod:1          ; Median3x3 postfilering method]]
[2023.11.13-22.53.08:915][  0]LogConfig: Setting CVar [[r.DOF.Gather.EnableBokehSettings:0       ; no bokeh simulation when gathering]]
[2023.11.13-22.53.08:915][  0]LogConfig: Setting CVar [[r.DOF.Gather.RingCount:4                 ; medium number of samples when gathering]]
[2023.11.13-22.53.08:915][  0]LogConfig: Setting CVar [[r.DOF.Scatter.ForegroundCompositing:1    ; additive foreground scattering]]
[2023.11.13-22.53.08:915][  0]LogConfig: Setting CVar [[r.DOF.Scatter.BackgroundCompositing:2    ; additive background scattering]]
[2023.11.13-22.53.08:915][  0]LogConfig: Setting CVar [[r.DOF.Scatter.EnableBokehSettings:1      ; bokeh simulation when scattering]]
[2023.11.13-22.53.08:915][  0]LogConfig: Setting CVar [[r.DOF.Scatter.MaxSpriteRatio:0.1         ; only a maximum of 10% of scattered bokeh]]
[2023.11.13-22.53.08:915][  0]LogConfig: Setting CVar [[r.DOF.Recombine.Quality:1                ; cheap slight out of focus]]
[2023.11.13-22.53.08:915][  0]LogConfig: Setting CVar [[r.DOF.Recombine.EnableBokehSettings:0    ; no bokeh simulation on slight out of focus]]
[2023.11.13-22.53.08:915][  0]LogConfig: Setting CVar [[r.DOF.TemporalAAQuality:1                ; more stable temporal accumulation]]
[2023.11.13-22.53.08:915][  0]LogConfig: Setting CVar [[r.DOF.Kernel.MaxForegroundRadius:0.025]]
[2023.11.13-22.53.08:915][  0]LogConfig: Setting CVar [[r.DOF.Kernel.MaxBackgroundRadius:0.025]]
[2023.11.13-22.53.08:915][  0]LogConfig: Applying CVar settings from Section [TextureQuality@3] File [C:/Users/godye/Desktop/Project/ProjectYA/Client/Saved/Config/Windows/Scalability.ini]
[2023.11.13-22.53.08:915][  0]LogConfig: Setting CVar [[r.Streaming.MipBias:0]]
[2023.11.13-22.53.08:915][  0]LogConfig: Setting CVar [[r.Streaming.AmortizeCPUToGPUCopy:0]]
[2023.11.13-22.53.08:915][  0]LogConfig: Setting CVar [[r.Streaming.MaxNumTexturesToStreamPerFrame:0]]
[2023.11.13-22.53.08:915][  0]LogConfig: Setting CVar [[r.Streaming.Boost:1]]
[2023.11.13-22.53.08:915][  0]LogConfig: Setting CVar [[r.MaxAnisotropy:8]]
[2023.11.13-22.53.08:915][  0]LogConfig: Setting CVar [[r.VT.MaxAnisotropy:8]]
[2023.11.13-22.53.08:915][  0]LogConfig: Setting CVar [[r.Streaming.LimitPoolSizeToVRAM:0]]
[2023.11.13-22.53.08:915][  0]LogConfig: Setting CVar [[r.Streaming.PoolSize:1000]]
[2023.11.13-22.53.08:915][  0]LogConfig: Setting CVar [[r.Streaming.MaxEffectiveScreenSize:0]]
[2023.11.13-22.53.08:915][  0]LogConfig: Applying CVar settings from Section [EffectsQuality@3] File [C:/Users/godye/Desktop/Project/ProjectYA/Client/Saved/Config/Windows/Scalability.ini]
[2023.11.13-22.53.08:916][  0]LogConfig: Setting CVar [[r.TranslucencyLightingVolumeDim:64]]
[2023.11.13-22.53.08:916][  0]LogConfig: Setting CVar [[r.RefractionQuality:2]]
[2023.11.13-22.53.08:916][  0]LogConfig: Setting CVar [[r.SSR.Quality:3]]
[2023.11.13-22.53.08:916][  0]LogConfig: Setting CVar [[r.SSR.HalfResSceneColor:0]]
[2023.11.13-22.53.08:916][  0]LogConfig: Setting CVar [[r.SceneColorFormat:4]]
[2023.11.13-22.53.08:916][  0]LogConfig: Setting CVar [[r.DetailMode:2]]
[2023.11.13-22.53.08:916][  0]LogConfig: Setting CVar [[r.TranslucencyVolumeBlur:1]]
[2023.11.13-22.53.08:916][  0]LogConfig: Setting CVar [[r.MaterialQualityLevel:1 ; High quality]]
[2023.11.13-22.53.08:916][  0]LogConfig: Setting CVar [[r.AnisotropicMaterials:1]]
[2023.11.13-22.53.08:916][  0]LogConfig: Setting CVar [[r.SSS.Scale:1]]
[2023.11.13-22.53.08:916][  0]LogConfig: Setting CVar [[r.SSS.SampleSet:2]]
[2023.11.13-22.53.08:916][  0]LogConfig: Setting CVar [[r.SSS.Quality:1]]
[2023.11.13-22.53.08:916][  0]LogConfig: Setting CVar [[r.SSS.HalfRes:0]]
[2023.11.13-22.53.08:916][  0]LogConfig: Setting CVar [[r.SSGI.Quality:3]]
[2023.11.13-22.53.08:916][  0]LogConfig: Setting CVar [[r.EmitterSpawnRateScale:1.0]]
[2023.11.13-22.53.08:916][  0]LogConfig: Setting CVar [[r.ParticleLightQuality:2]]
[2023.11.13-22.53.08:916][  0]LogConfig: Setting CVar [[r.SkyAtmosphere.AerialPerspectiveLUT.FastApplyOnOpaque:1 ; Always have FastSkyLUT 1 in this case to avoid wrong sky]]
[2023.11.13-22.53.08:916][  0]LogConfig: Setting CVar [[r.SkyAtmosphere.AerialPerspectiveLUT.SampleCountMaxPerSlice:4]]
[2023.11.13-22.53.08:916][  0]LogConfig: Setting CVar [[r.SkyAtmosphere.AerialPerspectiveLUT.DepthResolution:16.0]]
[2023.11.13-22.53.08:916][  0]LogConfig: Setting CVar [[r.SkyAtmosphere.FastSkyLUT:1]]
[2023.11.13-22.53.08:916][  0]LogConfig: Setting CVar [[r.SkyAtmosphere.FastSkyLUT.SampleCountMin:4.0]]
[2023.11.13-22.53.08:916][  0]LogConfig: Setting CVar [[r.SkyAtmosphere.FastSkyLUT.SampleCountMax:128.0]]
[2023.11.13-22.53.08:916][  0]LogConfig: Setting CVar [[r.SkyAtmosphere.SampleCountMin:4.0]]
[2023.11.13-22.53.08:916][  0]LogConfig: Setting CVar [[r.SkyAtmosphere.SampleCountMax:128.0]]
[2023.11.13-22.53.08:917][  0]LogConfig: Setting CVar [[r.SkyAtmosphere.TransmittanceLUT.UseSmallFormat:0]]
[2023.11.13-22.53.08:917][  0]LogConfig: Setting CVar [[r.SkyAtmosphere.TransmittanceLUT.SampleCount:10.0]]
[2023.11.13-22.53.08:917][  0]LogConfig: Setting CVar [[r.SkyAtmosphere.MultiScatteringLUT.SampleCount:15.0]]
[2023.11.13-22.53.08:917][  0]LogConfig: Setting CVar [[r.SkyLight.RealTimeReflectionCapture:1]]
[2023.11.13-22.53.08:917][  0]LogConfig: Applying CVar settings from Section [FoliageQuality@3] File [C:/Users/godye/Desktop/Project/ProjectYA/Client/Saved/Config/Windows/Scalability.ini]
[2023.11.13-22.53.08:917][  0]LogConfig: Setting CVar [[foliage.DensityScale:1.0]]
[2023.11.13-22.53.08:917][  0]LogConfig: Setting CVar [[grass.DensityScale:1.0]]
[2023.11.13-22.53.08:917][  0]LogConfig: Applying CVar settings from Section [ShadingQuality@3] File [C:/Users/godye/Desktop/Project/ProjectYA/Client/Saved/Config/Windows/Scalability.ini]
[2023.11.13-22.53.08:917][  0]LogConfig: Setting CVar [[r.HairStrands.SkyLighting.IntegrationType:2]]
[2023.11.13-22.53.08:917][  0]LogConfig: Setting CVar [[r.HairStrands.SkyAO.SampleCount:4]]
[2023.11.13-22.53.08:917][  0]LogConfig: Setting CVar [[r.HairStrands.Visibility.MSAA.SamplePerPixel:4]]
[2023.11.13-22.53.08:917][  0]LogConfig: Applying CVar settings from Section [Startup] File [../../../Engine/Config/ConsoleVariables.ini]
[2023.11.13-22.53.08:917][  0]LogConfig: Setting CVar [[net.UseAdaptiveNetUpdateFrequency:0]]
[2023.11.13-22.53.08:917][  0]LogConfig: Setting CVar [[p.chaos.AllowCreatePhysxBodies:1]]
[2023.11.13-22.53.08:917][  0]LogConfig: Setting CVar [[fx.SkipVectorVMBackendOptimizations:1]]
[2023.11.13-22.53.08:917][  0]LogConfig: Applying CVar settings from Section [ConsoleVariables] File [C:/Users/godye/Desktop/Project/ProjectYA/Client/Saved/Config/Windows/Engine.ini]
[2023.11.13-22.53.08:917][  0]LogConfig: Applying CVar settings from Section [ConsoleVariables] File [C:/Users/godye/Desktop/Project/ProjectYA/Client/Saved/Config/Windows/Editor.ini]
[2023.11.13-22.53.08:917][  0]LogInit: Computer: SANGGEUN
[2023.11.13-22.53.08:917][  0]LogInit: User: godye
[2023.11.13-22.53.08:917][  0]LogInit: CPU Page size=4096, Cores=6
[2023.11.13-22.53.08:917][  0]LogInit: High frequency timer resolution =10.000000 MHz
[2023.11.13-22.53.08:917][  0]LogMemory: Memory total: Physical=31.9GB (32GB approx)
[2023.11.13-22.53.08:917][  0]LogMemory: Platform Memory Stats for Windows
[2023.11.13-22.53.08:917][  0]LogMemory: Process Physical Memory: 145.96 MB used, 145.96 MB peak
[2023.11.13-22.53.08:917][  0]LogMemory: Process Virtual Memory: 127.70 MB used, 127.70 MB peak
[2023.11.13-22.53.08:917][  0]LogMemory: Physical Memory: 15811.15 MB used,  16901.41 MB free, 32712.55 MB total
[2023.11.13-22.53.08:917][  0]LogMemory: Virtual Memory: 134204680.00 MB used,  13051.69 MB free, 134217728.00 MB total
[2023.11.13-22.53.08:938][  0]LogWindows: WindowsPlatformFeatures enabled
[2023.11.13-22.53.09:225][  0]LogInit: Physics initialised using underlying interface: PhysX
[2023.11.13-22.53.09:226][  0]LogInit: Using OS detected language (ko-KR).
[2023.11.13-22.53.09:226][  0]LogInit: Using OS detected locale (ko-KR).
[2023.11.13-22.53.09:236][  0]LogTextLocalizationManager: No specific localization for 'ko-KR' exists, so the 'ko' localization will be used.
[2023.11.13-22.53.09:353][  0]LogInit: Setting process to per monitor DPI aware
[2023.11.13-22.53.09:388][  0]LogWindowsTextInputMethodSystem: Display: IME system deactivated.
[2023.11.13-22.53.09:428][  0]LogSlate: New Slate User Created.  User Index 0, Is Virtual User: 0
[2023.11.13-22.53.09:428][  0]LogSlate: Slate User Registered.  User Index 0, Is Virtual User: 0
[2023.11.13-22.53.09:636][  0]LogD3D11RHI: Loaded GFSDK_Aftermath_Lib.x64.dll
[2023.11.13-22.53.09:650][  0]LogHMD: Failed to initialize OpenVR with code 110
[2023.11.13-22.53.09:650][  0]LogD3D11RHI: D3D11 min allowed feature level: 11_0
[2023.11.13-22.53.09:651][  0]LogD3D11RHI: D3D11 max allowed feature level: 11_0
[2023.11.13-22.53.09:651][  0]LogD3D11RHI: D3D11 adapters:
[2023.11.13-22.53.09:884][  0]LogD3D11RHI:    0. 'NVIDIA GeForce RTX 3070' (Feature Level 11_0)
[2023.11.13-22.53.09:884][  0]LogD3D11RHI:       8031/0/16356 MB DedicatedVideo/DedicatedSystem/SharedSystem, Outputs:2, VendorId:0x10de
[2023.11.13-22.53.09:891][  0]LogD3D11RHI:    1. 'Microsoft Basic Render Driver' (Feature Level 11_0)
[2023.11.13-22.53.09:891][  0]LogD3D11RHI:       0/0/16356 MB DedicatedVideo/DedicatedSystem/SharedSystem, Outputs:0, VendorId:0x1414
[2023.11.13-22.53.09:891][  0]LogD3D11RHI: Chosen D3D11 Adapter:
[2023.11.13-22.53.09:891][  0]LogD3D11RHI:     Description : NVIDIA GeForce RTX 3070
[2023.11.13-22.53.09:891][  0]LogD3D11RHI:     VendorId    : 10de
[2023.11.13-22.53.09:891][  0]LogD3D11RHI:     DeviceId    : 2484
[2023.11.13-22.53.09:891][  0]LogD3D11RHI:     SubSysId    : 24841569
[2023.11.13-22.53.09:891][  0]LogD3D11RHI:     Revision    : 00a1
[2023.11.13-22.53.09:891][  0]LogD3D11RHI:     DedicatedVideoMemory : 8421113856 bytes
[2023.11.13-22.53.09:891][  0]LogD3D11RHI:     DedicatedSystemMemory : 0 bytes
[2023.11.13-22.53.09:891][  0]LogD3D11RHI:     SharedSystemMemory : 17150799872 bytes
[2023.11.13-22.53.09:891][  0]LogD3D11RHI:     AdapterLuid : 0 51589
[2023.11.13-22.53.09:904][  0]LogD3D11RHI: Creating new Direct3DDevice
[2023.11.13-22.53.09:904][  0]LogD3D11RHI:     GPU DeviceId: 0x2484 (for the marketing name, search the web for "GPU Device Id")
[2023.11.13-22.53.09:904][  0]LogWindows: EnumDisplayDevices:
[2023.11.13-22.53.09:904][  0]LogWindows:    0. 'NVIDIA GeForce RTX 3070' (P:1 D:1)
[2023.11.13-22.53.09:905][  0]LogWindows:    1. 'NVIDIA GeForce RTX 3070' (P:0 D:1)
[2023.11.13-22.53.09:906][  0]LogWindows:    2. 'NVIDIA GeForce RTX 3070' (P:0 D:0)
[2023.11.13-22.53.09:907][  0]LogWindows:    3. 'NVIDIA GeForce RTX 3070' (P:0 D:0)
[2023.11.13-22.53.09:907][  0]LogWindows: DebugString: FoundDriverCount:4 
[2023.11.13-22.53.09:907][  0]LogD3D11RHI:     Adapter Name: NVIDIA GeForce RTX 3070
[2023.11.13-22.53.09:908][  0]LogD3D11RHI:   Driver Version: 536.67 (internal:31.0.15.3667, unified:536.67)
[2023.11.13-22.53.09:908][  0]LogD3D11RHI:      Driver Date: 7-12-2023
[2023.11.13-22.53.09:908][  0]LogRHI: Texture pool is 5621 MB (70% of 8031 MB)
[2023.11.13-22.53.09:908][  0]LogD3D11RHI: Creating D3DDevice using adapter:
[2023.11.13-22.53.09:908][  0]LogD3D11RHI:     Description : NVIDIA GeForce RTX 3070
[2023.11.13-22.53.09:908][  0]LogD3D11RHI:     VendorId    : 10de
[2023.11.13-22.53.09:908][  0]LogD3D11RHI:     DeviceId    : 2484
[2023.11.13-22.53.09:908][  0]LogD3D11RHI:     SubSysId    : 24841569
[2023.11.13-22.53.09:908][  0]LogD3D11RHI:     Revision    : 00a1
[2023.11.13-22.53.09:908][  0]LogD3D11RHI:     DedicatedVideoMemory : 8421113856 bytes
[2023.11.13-22.53.09:908][  0]LogD3D11RHI:     DedicatedSystemMemory : 0 bytes
[2023.11.13-22.53.09:908][  0]LogD3D11RHI:     SharedSystemMemory : 17150799872 bytes
[2023.11.13-22.53.09:908][  0]LogD3D11RHI:     AdapterLuid : 0 51589
[2023.11.13-22.53.10:003][  0]LogD3D11RHI: RHI has support for 64 bit atomics
[2023.11.13-22.53.10:003][  0]LogD3D11RHI: Async texture creation enabled
[2023.11.13-22.53.10:003][  0]LogD3D11RHI: Array index from any shader is supported
[2023.11.13-22.53.10:005][  0]LogD3D11RHI: HDR output is supported on display 0 (NvId: 0x80061081).
[2023.11.13-22.53.10:040][  0]LogD3D11RHI: GPU Timing Frequency: 1000.000000 (Debug: 2 2)
[2023.11.13-22.53.10:140][  0]LogRHI: GeForceNow SDK initialized: 1
[2023.11.13-22.53.10:507][  0]LogTargetPlatformManager: Display: Loaded TargetPlatform 'AllDesktop'
[2023.11.13-22.53.10:537][  0]LogTargetPlatformManager: Display: Loaded TargetPlatform 'Android'
[2023.11.13-22.53.10:538][  0]LogTargetPlatformManager: Display: Loaded TargetPlatform 'Android_ASTC'
[2023.11.13-22.53.10:538][  0]LogTargetPlatformManager: Display: Loaded TargetPlatform 'Android_DXT'
[2023.11.13-22.53.10:538][  0]LogTargetPlatformManager: Display: Loaded TargetPlatform 'Android_ETC2'
[2023.11.13-22.53.10:538][  0]LogTargetPlatformManager: Display: Loaded TargetPlatform 'AndroidClient'
[2023.11.13-22.53.10:538][  0]LogTargetPlatformManager: Display: Loaded TargetPlatform 'Android_ASTCClient'
[2023.11.13-22.53.10:538][  0]LogTargetPlatformManager: Display: Loaded TargetPlatform 'Android_DXTClient'
[2023.11.13-22.53.10:538][  0]LogTargetPlatformManager: Display: Loaded TargetPlatform 'Android_ETC2Client'
[2023.11.13-22.53.10:538][  0]LogTargetPlatformManager: Display: Loaded TargetPlatform 'Android_Multi'
[2023.11.13-22.53.10:538][  0]LogTargetPlatformManager: Display: Loaded TargetPlatform 'Android_MultiClient'
[2023.11.13-22.53.10:592][  0]LogTargetPlatformManager: Display: Loaded TargetPlatform 'IOSClient'
[2023.11.13-22.53.10:592][  0]LogTargetPlatformManager: Display: Loaded TargetPlatform 'IOS'
[2023.11.13-22.53.10:612][  0]LogTargetPlatformManager: Display: Loaded TargetPlatform 'Linux'
[2023.11.13-22.53.10:625][  0]LogTargetPlatformManager: Display: Loaded TargetPlatform 'LinuxNoEditor'
[2023.11.13-22.53.10:640][  0]LogTargetPlatformManager: Display: Loaded TargetPlatform 'LinuxClient'
[2023.11.13-22.53.10:654][  0]LogTargetPlatformManager: Display: Loaded TargetPlatform 'LinuxServer'
[2023.11.13-22.53.10:675][  0]LogTargetPlatformManager: Display: Loaded TargetPlatform 'LinuxAArch64NoEditor'
[2023.11.13-22.53.10:689][  0]LogTargetPlatformManager: Display: Loaded TargetPlatform 'LinuxAArch64Client'
[2023.11.13-22.53.10:705][  0]LogTargetPlatformManager: Display: Loaded TargetPlatform 'LinuxAArch64Server'
[2023.11.13-22.53.10:742][  0]LogTargetPlatformManager: Display: Loaded TargetPlatform 'Lumin'
[2023.11.13-22.53.10:742][  0]LogTargetPlatformManager: Display: Loaded TargetPlatform 'LuminClient'
[2023.11.13-22.53.10:764][  0]LogTargetPlatformManager: Display: Loaded TargetPlatform 'MacNoEditor'
[2023.11.13-22.53.10:782][  0]LogTargetPlatformManager: Display: Loaded TargetPlatform 'Mac'
[2023.11.13-22.53.10:797][  0]LogTargetPlatformManager: Display: Loaded TargetPlatform 'MacClient'
[2023.11.13-22.53.10:813][  0]LogTargetPlatformManager: Display: Loaded TargetPlatform 'MacServer'
[2023.11.13-22.53.10:832][  0]LogTargetPlatformManager: Display: Loaded TargetPlatform 'TVOSClient'
[2023.11.13-22.53.10:832][  0]LogTargetPlatformManager: Display: Loaded TargetPlatform 'TVOS'
[2023.11.13-22.53.10:854][  0]LogTargetPlatformManager: Display: Loaded TargetPlatform 'WindowsNoEditor'
[2023.11.13-22.53.10:870][  0]LogTargetPlatformManager: Display: Loaded TargetPlatform 'Windows'
[2023.11.13-22.53.10:888][  0]LogTargetPlatformManager: Display: Loaded TargetPlatform 'WindowsClient'
[2023.11.13-22.53.10:905][  0]LogTargetPlatformManager: Display: Loaded TargetPlatform 'WindowsServer'
[2023.11.13-22.53.10:905][  0]LogTargetPlatformManager: Display: Building Assets For Windows
[2023.11.13-22.53.10:946][  0]LogAudioDebug: Display: Lib vorbis DLL was dynamically loaded.
[2023.11.13-22.53.11:093][  0]LogTextureFormatOodle: Display: Oodle Texture 2.9.0 init RDO Off
[2023.11.13-22.53.11:251][  0]LogRendererCore: Ray tracing is disabled. Reason: r.RayTracing=0.
[2023.11.13-22.53.11:251][  0]LogShaderCompilers: Guid format shader working directory is -17 characters bigger than the processId version (../../../../../../Users/godye/Desktop/Project/ProjectYA/Client/Intermediate/Shaders/WorkingDirectory/26188/).
[2023.11.13-22.53.11:251][  0]LogShaderCompilers: Cleaned the shader compiler working directory 'C:/Users/godye/AppData/Local/Temp/UnrealShaderWorkingDir/7FA25A8B46981413D6FCC4B8FD2C05F2/'.
[2023.11.13-22.53.11:252][  0]LogXGEController: Cannot use XGE Controller as Incredibuild is not installed on this machine.
[2023.11.13-22.53.11:252][  0]LogShaderCompilers: Cannot use XGE Shader Compiler as Incredibuild is not installed on this machine.
[2023.11.13-22.53.11:252][  0]LogShaderCompilers: Display: Using Local Shader Compiler.
[2023.11.13-22.53.11:895][  0]LogDerivedDataCache: Display: Max Cache Size: 512 MB
[2023.11.13-22.53.11:941][  0]LogDerivedDataCache: Loaded boot cache 0.05s 103MB C:/Users/godye/AppData/Local/UnrealEngine/4.27/DerivedDataCache/Boot.ddc.
[2023.11.13-22.53.11:942][  0]LogDerivedDataCache: Display: Loaded Boot cache: C:/Users/godye/AppData/Local/UnrealEngine/4.27/DerivedDataCache/Boot.ddc
[2023.11.13-22.53.11:942][  0]LogDerivedDataCache: FDerivedDataBackendGraph:  Pak pak cache file ../../../../../../Users/godye/Desktop/Project/ProjectYA/Client/DerivedDataCache/DDC.ddp not found, will not use a pak cache.
[2023.11.13-22.53.11:942][  0]LogDerivedDataCache: Unable to find inner node Pak for hierarchical cache Hierarchy.
[2023.11.13-22.53.11:942][  0]LogDerivedDataCache: FDerivedDataBackendGraph:  CompressedPak pak cache file ../../../../../../Users/godye/Desktop/Project/ProjectYA/Client/DerivedDataCache/Compressed.ddp not found, will not use a pak cache.
[2023.11.13-22.53.11:942][  0]LogDerivedDataCache: Unable to find inner node CompressedPak for hierarchical cache Hierarchy.
[2023.11.13-22.53.11:957][  0]LogDerivedDataCache: Display: Pak cache opened for reading ../../../Engine/DerivedDataCache/Compressed.ddp.
[2023.11.13-22.53.11:957][  0]LogDerivedDataCache: FDerivedDataBackendGraph:  EnterprisePak pak cache file ../../../Enterprise/DerivedDataCache/Compressed.ddp not found, will not use a pak cache.
[2023.11.13-22.53.11:957][  0]LogDerivedDataCache: Unable to find inner node EnterprisePak for hierarchical cache Hierarchy.
[2023.11.13-22.53.11:967][  0]LogDerivedDataCache: Speed tests for C:/Users/godye/AppData/Local/UnrealEngine/Common/DerivedDataCache took 0.01 seconds
[2023.11.13-22.53.11:968][  0]LogDerivedDataCache: Display: Performance to C:/Users/godye/AppData/Local/UnrealEngine/Common/DerivedDataCache: Latency=0.10ms. RandomReadSpeed=719.85MBs, RandomWriteSpeed=120.68MBs. Assigned SpeedClass 'Local'
[2023.11.13-22.53.11:970][  0]LogDerivedDataCache: Using Local data cache path C:/Users/godye/AppData/Local/UnrealEngine/Common/DerivedDataCache: Writable
[2023.11.13-22.53.11:970][  0]LogDerivedDataCache: Shared data cache path not found in *engine.ini, will not use an Shared cache.
[2023.11.13-22.53.11:970][  0]LogDerivedDataCache: Unable to find inner node Shared for hierarchical cache Hierarchy.
[2023.11.13-22.53.12:011][  0]LogSlate: Using FreeType 2.10.0
[2023.11.13-22.53.12:011][  0]LogSlate: SlateFontServices - WITH_FREETYPE: 1, WITH_HARFBUZZ: 1
[2023.11.13-22.53.12:044][  0]LogAssetRegistry: FAssetRegistry took 0.0043 seconds to start up
[2023.11.13-22.53.12:247][  0]LogInit: Selected Device Profile: [Windows]
[2023.11.13-22.53.12:248][  0]LogInit: Active device profile: [0000022A4CE2BF00][0000022A4DC1D200 49] Windows
[2023.11.13-22.53.12:248][  0]LogInit: Profiles: [0000022A4CE2BF00][0000022A4DC1D200 49] Windows, [0000022A4CE3BF00][0000022A4A3EF380 49] WindowsNoEditor, [0000022A4CE28200][0000022A43839500 49] WindowsServer, [0000022A4CE3AC00][0000022A4383D680 49] WindowsClient, [0000022A4CE29600][0000022A43841800 49] IOS, [0000022A4CE39D00][0000022A43845980 49] iPadAir, [0000022A4CE2A200][0000022A43849B00 49] iPadAir2, [0000022A4CD9FE00][0000022A43B86240 49] IPadPro, [0000022A4CD9FF00][0000022A4384C280 49] iPadAir3, [0000022A4CE2BB00][0000022A43B8A400 49] iPadAir4, [0000022A4CD9C700][0000022A43B8E580 49] iPadMini2, [0000022A4CE28400][0000022A43B96700 49] iPadMini3, [0000022A4CD9D100][0000022A4A3EA840 49] iPadMini4, [0000022A4CE29200][0000022A43B9A980 49] iPadMini5, [0000022A4CDE3700][0000022A43BA2BC0 49] iPhone6, [0000022A4CDE3800][0000022A43B9EC00 49] iPodTouch6, [0000022A4CD9E000][0000022A43BAEEC0 49] iPhone7, [0000022A4CD9E100][0000022A43BAAF00 49] iPodTouch7, [0000022A4CDE0600][0000022A43BB3080 49] iPhone5S, [0000022A4CD9CF00][0000022A43BCD200 49] iPhone6Plus, [0000022A4CDE1200][0000022A43BDD380 49] iPhone6S, [0000022A4CD9DA00][0000022A43BE9500 49] iPhone6SPlus, [0000022A4CDE2600][0000022A43BED680 49] iPhone7Plus, [0000022A4CD9EF00][0000022A4D4D1800 49] iPhoneSE, [0000022A4CDE0C00][0000022A4D4D9980 49] iPhone8, [0000022A4CD9FD00][0000022A4D4DDB00 49] iPhone8Plus, [0000022A4CDE2800][0000022A4D4E0100 49] iPhoneX, [0000022A4CD9D700][0000022A4D4E4280 49] iPhoneXS, [0000022A4CDE2B00][0000022A4D4E8400 49] iPhoneXSMax, [0000022A4CD9CB00][0000022A4D4EC580 49] iPhoneXR, [0000022A4CDE1300][0000022A4D4F0700 49] iPhone11, [0000022A4CD9D500][0000022A4D996880 49] iPhone11Pro, [0000022A4CDE0500][0000022A43BA69C0 49] iPhone11ProMax, [0000022A4CD9EA00][0000022A4D99AB00 49] iPhoneSE2, [0000022A4CDE0A00][0000022A4D99EC40 49] iPhone12Mini, [0000022A4CD9F100][0000022A43824D80 49] iPhone12, [0000022A4CDE3B00][0000022A4382CF00 49] iPhone12Pro, [0000022A4CD9CC00][0000022A43831080 49] iPhone12ProMax, [0000022A4CDE0100][0000022A43851200 49] iPadPro105, [0000022A4CD9EC00][0000022A4DBFD380 49] iPadPro129, [0000022A4CDE2D00][0000022A4DC01500 49] iPadPro97, [0000022A4CD9DB00][0000022A31C07680 49] iPadPro2_129, [0000022A4CDE0700][0000022A4D4D5800 49] iPad5, [0000022A4CD9ED00][0000022A43835980 49] iPad6, [0000022A4CDE1D00][0000022A4A3AFB00 49] iPad7, [0000022A4CD9C900][0000022A4A3B2100 49] iPad8, [0000022A4CDE1C00][0000022A4A3B6280 49] iPadPro11, [0000022A4CD9DD00][0000022A4A3BA400 49] iPadPro2_11, [0000022A4CDE3200][0000022A4A3BE580 49] iPadPro3_129, [0000022A4CD9D200][0000022A4A3C2700 49] iPadPro4_129, [0000022A4CDE0300][0000022A4A3C6880 49] AppleTV, [0000022A4CD9E500][0000022A4A3CAA00 49] AppleTV4K, [0000022A4CDE1F00][0000022A43828B40 49] TVOS, [0000022A4CD9F000][0000022A4A3CEC80 49] Mac, [0000022A4CDE1100][0000022A4A3D2DC0 49] MacClient, [0000022A4CD9F700][0000022A4D524F00 49] MacNoEditor, [0000022A4CDE2E00][0000022A4D52D080 49] MacServer, [0000022A4CD9F400][0000022A4D531200 49] Linux, [0000022A4CDE2000][0000022A4D535380 49] LinuxAArch64, [0000022A4CD9C500][0000022A4D539500 49] LinuxNoEditor, [0000022A4CDE3000][0000022A4D53D680 49] LinuxAArch64NoEditor, [0000022A4CD9EB00][0000022A4D541800 49] LinuxClient, [0000022A4CDE0F00][0000022A4D545980 49] LinuxAArch64Client, [0000022A4CD9D400][0000022A4D549B00 49] LinuxServer, [0000022A4CE3B700][0000022A4D54C100 49] LinuxAArch64Server, [0000022A4CEAAF00][0000022A4D550280 49] Android, [0000022A4CE38500][0000022A4D554400 49] Android_Low, [0000022A4CEAB400][0000022A4D558580 49] Android_Mid, [0000022A4CE38200][0000022A4D55C700 49] Android_High, [0000022A4CEA9400][0000022A4D8B4880 49] Android_Default, [0000022A4CE3A700][0000022A4D8B8A00 49] Android_Adreno4xx, [0000022A4CEA8C00][0000022A4D8BCB80 49] Android_Adreno5xx_Low, [0000022A4CE3AD00][0000022A4D8C0D00 49] Android_Adreno5xx, [0000022A4CEA9700][0000022A4D528E40 49] Android_Adreno6xx, [0000022A4CE3A500][0000022A4D8C4F80 49] Android_Adreno6xx_Vulkan, [0000022A4CEAA700][0000022A4D8C90C0 49] Android_Mali_T6xx, [0000022A4CE3A300][0000022A4D8D1240 49] Android_Mali_T7xx, [0000022A4CEA9300][0000022A4D8D53C0 49] Android_Mali_T8xx, [0000022A4CE3B100][0000022A4D8D9540 49] Android_Mali_G71, [0000022A4CEA9600][0000022A4D8DD6C0 49] Android_Mali_G72, [0000022A4CE39000][0000022A4D8E1840 49] Android_Mali_G72_Vulkan, [0000022A4CEAA800][0000022A4D8E59C0 49] Android_Mali_G76, [0000022A4CE38A00][0000022A4D8E9B40 49] Android_Mali_G76_Vulkan, [0000022A4CEAA900][0000022A4D8EC140 49] Android_Mali_G77, [0000022A4CE3BE00][0000022A4D8F02C0 49] Android_Mali_G77_Vulkan, [0000022A4CEABA00][0000022A4D8F4440 49] Android_Mali_G78, [0000022A4CE3B000][0000022A4D8F8600 49] Android_Mali_G78_Vulkan, [0000022A4CEA8B00][0000022A4D8FC780 49] Android_Mali_G710, [0000022A4CE3A600][0000022A4D900900 49] Android_Mali_G710_Vulkan, [0000022A4CEA8A00][0000022A4D904A80 49] Android_Vulkan_SM5, [0000022A4CD9CA00][0000022A4D908C00 49] Android_PowerVR_G6xxx, [0000022A4CEAB000][0000022A4D90CD80 49] Android_PowerVR_GT7xxx, [0000022A4CD9FA00][0000022A4D910F00 49] Android_PowerVR_GE8xxx, [0000022A4CEAAD00][0000022A4D8CD040 49] Android_PowerVR_GM9xxx, [0000022A4CD9F900][0000022A4D915180 49] Android_PowerVR_GM9xxx_Vulkan, [0000022A4CEA9900][0000022A4D9192C0 49] Android_TegraK1, [0000022A4CD9CD00][0000022A4D921440 49] Android_Unknown_Vulkan, [0000022A4CEA8300][0000022A4D9255C0 49] Lumin, [0000022A4CD9D800][0000022A4D929740 49] Lumin_Desktop, [0000022A4CEAB100][0000022A4D92D8C0 49] HoloLens, 
[2023.11.13-22.53.12:474][  0]LogMeshReduction: Using QuadricMeshReduction for automatic static mesh reduction
[2023.11.13-22.53.12:475][  0]LogMeshReduction: Using SimplygonMeshReduction for automatic skeletal mesh reduction
[2023.11.13-22.53.12:475][  0]LogMeshReduction: Using ProxyLODMeshReduction for automatic mesh merging
[2023.11.13-22.53.12:475][  0]LogMeshReduction: No distributed automatic mesh merging module available
[2023.11.13-22.53.12:475][  0]LogMeshMerging: No distributed automatic mesh merging module available
[2023.11.13-22.53.12:504][  0]LogNetVersion: Client 1.0.0, NetCL: 17155196, EngineNetVer: 17, GameNetVer: 0 (Checksum: 356464601)
[2023.11.13-22.53.12:856][  0]LogTexture: Default maximum texture size for cubemaps generated from long-lat sources has been changed from 512 to unlimited. In order to preserve old behaiour for '/Engine/MapTemplates/Sky/DaylightAmbientCubemap.DaylightAmbientCubemap', its maximum texture size has been explicitly set to 512.
[2023.11.13-22.53.12:904][  0]LogHMD: PokeAHoleMaterial loaded successfully
[2023.11.13-22.53.12:909][  0]LogUObjectArray: 17178 objects as part of root set at end of initial load.
[2023.11.13-22.53.12:909][  0]LogUObjectAllocator: 4302048 out of 0 bytes used by permanent object pool.
[2023.11.13-22.53.12:909][  0]LogUObjectArray: CloseDisregardForGC: 0/0 objects in disregard for GC pool
[2023.11.13-22.53.13:755][  0]LogNiagaraDebuggerClient: Niagara Debugger Client Initialized | Session: 110852C7433432A389B3C9AE7B25CBCB | Instance: 433318484998F15D49A8BDA5A901FA40 (SANGGEUN-26188).
[2023.11.13-22.53.13:951][  0]LogPython: Using Python 3.7.7
[2023.11.13-22.53.14:700][  0]LogTcpMessaging: Initializing TcpMessaging bridge
[2023.11.13-22.53.14:716][  0]LogUdpMessaging: Initializing bridge on interface 0.0.0.0:0 to multicast group 230.0.0.1:6666.
[2023.11.13-22.53.28:964][  0]SourceControl: 소스 컨트롤이 꺼졌습니다.
[2023.11.13-22.53.28:964][  0]SourceControl: 소스 컨트롤이 꺼졌습니다.
[2023.11.13-22.53.28:985][  0]SourceControl: 소스 컨트롤이 꺼졌습니다.
[2023.11.13-22.53.29:003][  0]SourceControl: 소스 컨트롤이 꺼졌습니다.
[2023.11.13-22.53.29:058][  0]SourceControl: 소스 컨트롤이 꺼졌습니다.
[2023.11.13-22.53.29:087][  0]LogUProjectInfo: Found projects:
[2023.11.13-22.53.29:932][  0]LogOpenImageDenoise: OIDN starting up
[2023.11.13-22.53.30:139][  0]LogAndroidPermission: UAndroidPermissionCallbackProxy::GetInstance
[2023.11.13-22.53.30:254][  0]LogAudioCaptureCore: Display: No Audio Capture implementations found. Audio input will be silent.
[2023.11.13-22.53.30:254][  0]LogAudioCaptureCore: Display: No Audio Capture implementations found. Audio input will be silent.
[2023.11.13-22.53.30:606][  0]LogCollectionManager: Loaded 0 collections in 0.002787 seconds
[2023.11.13-22.53.30:687][  0]LogFileCache: Scanning file cache for directory 'C:/Users/godye/Desktop/Project/ProjectYA/Client/Saved/Collections/' took 0.00s
[2023.11.13-22.53.30:687][  0]LogFileCache: Scanning file cache for directory 'C:/Users/godye/Desktop/Project/ProjectYA/Client/Content/Developers/godye/Collections/' took 0.00s
[2023.11.13-22.53.30:687][  0]LogFileCache: Scanning file cache for directory 'C:/Users/godye/Desktop/Project/ProjectYA/Client/Content/Collections/' took 0.00s
[2023.11.13-22.53.30:687][  0]LogOcInput: OculusInput pre-init called
[2023.11.13-22.53.31:017][  0]LogEngine: Initializing Engine...
[2023.11.13-22.53.31:024][  0]LogHMD: Failed to enumerate extensions. Please check that you have a valid OpenXR runtime installed.
[2023.11.13-22.53.31:025][  0]LogHMD: Failed to initialize OpenVR with code 110
[2023.11.13-22.53.31:025][  0]LogMagicLeap: Warning: VR disabled because ZI is not enabled.  To enable, in the editor, Edit -> Project Settings -> Plugins -> Magic Leap Plugin -> Enable Zero Iteration
[2023.11.13-22.53.31:026][  0]LogStats: UGameplayTagsManager::InitializeManager -  0.000 s
[2023.11.13-22.53.31:141][  0]LogInit: Initializing FReadOnlyCVARCache
[2023.11.13-22.53.31:166][  0]LogAIModule: Creating AISystem for world Untitled
[2023.11.13-22.53.31:173][  0]LogAudio: Display: Initializing Audio Device Manager...
[2023.11.13-22.53.31:191][  0]LogAudio: Display: Loading Default Audio Settings Objects...
[2023.11.13-22.53.31:192][  0]LogAudio: Display: No default SoundConcurrencyObject specified (or failed to load).
[2023.11.13-22.53.31:192][  0]LogAudio: Display: Audio Device Manager Initialized
[2023.11.13-22.53.31:192][  0]LogAudio: Display: Creating Audio Device:                 Id: 1, Scope: Shared, Realtime: True
[2023.11.13-22.53.31:193][  0]LogAudioMixer: Display: Audio Mixer Platform Settings:
[2023.11.13-22.53.31:193][  0]LogAudioMixer: Display: 	Sample Rate:						  48000
[2023.11.13-22.53.31:193][  0]LogAudioMixer: Display: 	Callback Buffer Frame Size Requested: 1024
[2023.11.13-22.53.31:193][  0]LogAudioMixer: Display: 	Callback Buffer Frame Size To Use:	  1024
[2023.11.13-22.53.31:193][  0]LogAudioMixer: Display: 	Number of buffers to queue:			  2
[2023.11.13-22.53.31:193][  0]LogAudioMixer: Display: 	Max Channels (voices):				  32
[2023.11.13-22.53.31:193][  0]LogAudioMixer: Display: 	Number of Async Source Workers:		  0
[2023.11.13-22.53.31:193][  0]LogAudio: Display: AudioDevice MaxSources: 32
[2023.11.13-22.53.31:193][  0]LogAudio: Display: Audio Spatialization Plugin: None (built-in).
[2023.11.13-22.53.31:193][  0]LogAudio: Display: Audio Reverb Plugin: None (built-in).
[2023.11.13-22.53.31:193][  0]LogAudio: Display: Audio Occlusion Plugin: None (built-in).
[2023.11.13-22.53.31:193][  0]LogAudioMixer: Display: Initializing audio mixer.
[2023.11.13-22.53.31:233][  0]LogAudioMixer: Display: 0: FrontLeft
[2023.11.13-22.53.31:233][  0]LogAudioMixer: Display: 1: FrontRight
[2023.11.13-22.53.31:279][  0]LogAudioMixer: Display: Using Audio Device 스피커(Realtek High Definition Audio)
[2023.11.13-22.53.31:282][  0]LogAudioMixer: Display: Initializing Sound Submixes...
[2023.11.13-22.53.31:285][  0]LogAudioMixer: Display: Creating Master Submix 'MasterSubmixDefault'
[2023.11.13-22.53.31:285][  0]LogAudioMixer: Display: Creating Master Submix 'MasterReverbSubmixDefault'
[2023.11.13-22.53.31:286][  0]LogAudioMixer: Display: Creating Master Submix 'MasterEQSubmixDefault'
[2023.11.13-22.53.31:286][  0]LogAudioMixer: FMixerPlatformXAudio2::StartAudioStream() called
[2023.11.13-22.53.31:286][  0]LogAudioMixer: Display: Output buffers initialized: Frames=1024, Channels=2, Samples=2048
[2023.11.13-22.53.31:287][  0]LogAudioMixer: Display: Starting AudioMixerPlatformInterface::RunInternal()
[2023.11.13-22.53.31:287][  0]LogAudioMixer: Display: FMixerPlatformXAudio2::SubmitBuffer() called for the first time
[2023.11.13-22.53.31:287][  0]LogInit: FAudioDevice initialized.
[2023.11.13-22.53.31:288][  0]LogAudio: Display: Audio Device (ID: 1) registered with world 'Untitled'.
[2023.11.13-22.53.31:288][  0]LogNetVersion: Set ProjectVersion to 1.0.0.0. Version Checksum will be recalculated on next use.
[2023.11.13-22.53.31:375][  0]LogDerivedDataCache: Saved boot cache 0.09s 103MB C:/Users/godye/AppData/Local/UnrealEngine/4.27/DerivedDataCache/Boot.ddc.
[2023.11.13-22.53.31:377][  0]LogInit: Texture streaming: Enabled
[2023.11.13-22.53.31:430][  0]LogAnalytics: Display: [UEEditor.Rocket.Release] APIServer = https://datarouter.ol.epicgames.com/. AppVersion = 4.27.2-18319896+++UE4+Release-4.27
[2023.11.13-22.53.31:450][  0]LogEngineSessionManager: EngineSessionManager initialized
[2023.11.13-22.53.31:450][  0]LogEditorSessionSummary: Verbose: Initializing EditorSessionSummaryWriter for editor session tracking
[2023.11.13-22.53.31:455][  0]LogEditorSessionSummary: EditorSessionSummaryWriter initialized
[2023.11.13-22.53.31:507][  0]LogInit: Transaction tracking system initialized
[2023.11.13-22.53.31:609][  0]BlueprintLog: New page: 에디터 로드
[2023.11.13-22.53.31:881][  0]LocalizationService: 현지화 서비스가 비활성화되었습니다.
[2023.11.13-22.53.31:986][  0]TimingProfiler: Initialize
[2023.11.13-22.53.31:986][  0]TimingProfiler: OnSessionChanged
[2023.11.13-22.53.31:986][  0]LoadingProfiler: Initialize
[2023.11.13-22.53.31:986][  0]LoadingProfiler: OnSessionChanged
[2023.11.13-22.53.31:986][  0]NetworkingProfiler: Initialize
[2023.11.13-22.53.31:986][  0]NetworkingProfiler: OnSessionChanged
[2023.11.13-22.53.31:986][  0]MemoryProfiler: Initialize
[2023.11.13-22.53.31:986][  0]MemoryProfiler: OnSessionChanged
[2023.11.13-22.53.32:304][  0]LogCook: Display: CookSettings for Memory: MemoryMaxUsedVirtual 0MiB, MemoryMaxUsedPhysical 16384MiB, MemoryMinFreeVirtual 0MiB, MemoryMinFreePhysical 1024MiB
[2023.11.13-22.53.32:304][  0]LogCook: Display: Mobile HDR setting 1
[2023.11.13-22.53.33:059][  0]LogFileCache: Scanning file cache for directory 'C:/Users/godye/Desktop/Project/ProjectYA/Client/Content/' took 0.02s
[2023.11.13-22.53.33:281][  0]LogInit: Display: Engine is initialized. Leaving FEngineLoop::Init()
[2023.11.13-22.53.33:287][  0]SourceControl: 소스 컨트롤이 꺼졌습니다.
[2023.11.13-22.53.33:287][  0]LogUnrealEdMisc: Loading editor; pre map load, took 27.103
[2023.11.13-22.53.33:287][  0]Cmd: MAP LOAD FILE="../../../../../../Users/godye/Desktop/Project/ProjectYA/Client/Content/StarterContent/Maps/Minimal_Default.umap" TEMPLATE=0 SHOWPROGRESS=1 FEATURELEVEL=3
[2023.11.13-22.53.33:288][  0]LightingResults: New page: 라이팅 빌드
[2023.11.13-22.53.33:289][  0]LogWorld: UWorld::CleanupWorld for Untitled, bSessionEnded=true, bCleanupResources=true
[2023.11.13-22.53.33:289][  0]LogSlate: InvalidateAllWidgets triggered.  All widgets were invalidated
[2023.11.13-22.53.33:289][  0]MapCheck: New page: 맵 체크
[2023.11.13-22.53.33:289][  0]LightingResults: New page: 라이팅 빌드
[2023.11.13-22.53.33:293][  0]LogAudio: Display: Audio Device unregistered from world 'None'.
[2023.11.13-22.53.33:297][  0]LogUObjectHash: Compacting FUObjectHashTables data took   0.70ms
[2023.11.13-22.53.33:377][  0]LogTexture: Display: 텍스처 빌드: DeprecatedTextureD6C57B644F03DADF4F2699848FAEA3C3 (BGRA8, 128X128)
[2023.11.13-22.53.33:382][  0]LogTexture: Display: 텍스처 빌드: DeprecatedTexture8D91C9AE4C6B8D628CDA3C848426284A (BGRA8, 128X128)
[2023.11.13-22.53.33:421][  0]LogAudio: Display: Audio Device (ID: 1) registered with world 'Minimal_Default'.
[2023.11.13-22.53.33:422][  0]LogAIModule: Creating AISystem for world Minimal_Default
[2023.11.13-22.53.33:432][  0]LogEditorServer: Finished looking for orphan Actors (0.000 secs)
[2023.11.13-22.53.33:437][  0]LogUObjectHash: Compacting FUObjectHashTables data took   0.87ms
[2023.11.13-22.53.33:438][  0]Cmd: MAP CHECKDEP NOCLEARLOG
[2023.11.13-22.53.33:439][  0]MapCheck: 맵 체크 완료: 오류 0 회, 경고 0 회, 소요 시간 0.244ms.
[2023.11.13-22.53.33:439][  0]LogFileHelpers: Loading map 'Minimal_Default' took 0.152
[2023.11.13-22.53.33:442][  0]LogUnrealEdMisc: Total Editor Startup Time, took 27.258
[2023.11.13-22.53.33:549][  0]LogWindowsTextInputMethodSystem: Display: IME system activated using TSF (Microsoft 입력기).
[2023.11.13-22.53.33:628][  0]LogSlate: Updating window title bar state: overlay mode, drag disabled, window buttons hidden, title bar hidden
[2023.11.13-22.53.33:634][  0]LogSlate: Updating window title bar state: overlay mode, drag disabled, window buttons hidden, title bar hidden
[2023.11.13-22.53.33:640][  0]LogSlate: Updating window title bar state: overlay mode, drag disabled, window buttons hidden, title bar hidden
[2023.11.13-22.53.33:645][  0]LogSlate: Updating window title bar state: overlay mode, drag disabled, window buttons hidden, title bar hidden
[2023.11.13-22.53.33:661][  0]LogNativeClassHierarchy: Verbose: Native class hierarchy populated in 0.0092 seconds. Added 3824 classes and 930 folders.
[2023.11.13-22.53.33:664][  0]LogNativeClassHierarchy: Verbose: Native class hierarchy updated for 'WidgetCarousel' in 0.0003 seconds. Added 0 classes and 0 folders.
[2023.11.13-22.53.33:666][  0]LogPakFile: PakFile PrimaryIndexSize=187
[2023.11.13-22.53.33:666][  0]LogPakFile: PakFile PathHashIndexSize=101
[2023.11.13-22.53.33:666][  0]LogPakFile: PakFile FullDirectoryIndexSize=148
[2023.11.13-22.53.33:666][  0]LogShaderLibrary: Display: ShaderCodeLibraryPakFileMountedCallback: PakFile 'C:/Program Files/Epic Games/UE_4.27/FeaturePacks/FP_FirstPerson.upack' (chunk index -1, root 'root:/') mounted
[2023.11.13-22.53.33:666][  0]LogShaderLibrary: Display: ShaderCodeLibraryPakFileMountedCallback: pending pak file info (ChunkID:-1 Root:root:/ File:C:/Program Files/Epic Games/UE_4.27/FeaturePacks/FP_FirstPerson.upack)
[2023.11.13-22.53.33:666][  0]LogPakFile: OnPakFileMounted2Time == 0.000166
[2023.11.13-22.53.33:667][  0]LogPakFile: PakFile PrimaryIndexSize=189
[2023.11.13-22.53.33:667][  0]LogPakFile: PakFile PathHashIndexSize=101
[2023.11.13-22.53.33:667][  0]LogPakFile: PakFile FullDirectoryIndexSize=152
[2023.11.13-22.53.33:667][  0]LogShaderLibrary: Display: ShaderCodeLibraryPakFileMountedCallback: PakFile 'C:/Program Files/Epic Games/UE_4.27/FeaturePacks/FP_FirstPersonBP.upack' (chunk index -1, root 'root:/') mounted
[2023.11.13-22.53.33:667][  0]LogShaderLibrary: Display: ShaderCodeLibraryPakFileMountedCallback: pending pak file info (ChunkID:-1 Root:root:/ File:C:/Program Files/Epic Games/UE_4.27/FeaturePacks/FP_FirstPersonBP.upack)
[2023.11.13-22.53.33:668][  0]LogPakFile: OnPakFileMounted2Time == 0.000118
[2023.11.13-22.53.33:668][  0]LogPakFile: PakFile PrimaryIndexSize=191
[2023.11.13-22.53.33:668][  0]LogPakFile: PakFile PathHashIndexSize=101
[2023.11.13-22.53.33:668][  0]LogPakFile: PakFile FullDirectoryIndexSize=160
[2023.11.13-22.53.33:669][  0]LogShaderLibrary: Display: ShaderCodeLibraryPakFileMountedCallback: PakFile 'C:/Program Files/Epic Games/UE_4.27/FeaturePacks/MobileStarterContent.upack' (chunk index -1, root 'root:/') mounted
[2023.11.13-22.53.33:669][  0]LogShaderLibrary: Display: ShaderCodeLibraryPakFileMountedCallback: pending pak file info (ChunkID:-1 Root:root:/ File:C:/Program Files/Epic Games/UE_4.27/FeaturePacks/MobileStarterContent.upack)
[2023.11.13-22.53.33:669][  0]LogPakFile: OnPakFileMounted2Time == 0.000104
[2023.11.13-22.53.33:669][  0]LogPakFile: PakFile PrimaryIndexSize=185
[2023.11.13-22.53.33:669][  0]LogPakFile: PakFile PathHashIndexSize=101
[2023.11.13-22.53.33:669][  0]LogPakFile: PakFile FullDirectoryIndexSize=148
[2023.11.13-22.53.33:669][  0]LogShaderLibrary: Display: ShaderCodeLibraryPakFileMountedCallback: PakFile 'C:/Program Files/Epic Games/UE_4.27/FeaturePacks/StarterContent.upack' (chunk index -1, root 'root:/') mounted
[2023.11.13-22.53.33:669][  0]LogShaderLibrary: Display: ShaderCodeLibraryPakFileMountedCallback: pending pak file info (ChunkID:-1 Root:root:/ File:C:/Program Files/Epic Games/UE_4.27/FeaturePacks/StarterContent.upack)
[2023.11.13-22.53.33:669][  0]LogPakFile: OnPakFileMounted2Time == 0.000110
[2023.11.13-22.53.33:670][  0]LogPakFile: PakFile PrimaryIndexSize=190
[2023.11.13-22.53.33:670][  0]LogPakFile: PakFile PathHashIndexSize=101
[2023.11.13-22.53.33:670][  0]LogPakFile: PakFile FullDirectoryIndexSize=154
[2023.11.13-22.53.33:670][  0]LogShaderLibrary: Display: ShaderCodeLibraryPakFileMountedCallback: PakFile 'C:/Program Files/Epic Games/UE_4.27/FeaturePacks/TP_2DSideScroller.upack' (chunk index -1, root 'root:/') mounted
[2023.11.13-22.53.33:670][  0]LogShaderLibrary: Display: ShaderCodeLibraryPakFileMountedCallback: pending pak file info (ChunkID:-1 Root:root:/ File:C:/Program Files/Epic Games/UE_4.27/FeaturePacks/TP_2DSideScroller.upack)
[2023.11.13-22.53.33:670][  0]LogPakFile: OnPakFileMounted2Time == 0.000118
[2023.11.13-22.53.33:671][  0]LogPakFile: PakFile PrimaryIndexSize=192
[2023.11.13-22.53.33:671][  0]LogPakFile: PakFile PathHashIndexSize=101
[2023.11.13-22.53.33:671][  0]LogPakFile: PakFile FullDirectoryIndexSize=158
[2023.11.13-22.53.33:671][  0]LogShaderLibrary: Display: ShaderCodeLibraryPakFileMountedCallback: PakFile 'C:/Program Files/Epic Games/UE_4.27/FeaturePacks/TP_2DSideScrollerBP.upack' (chunk index -1, root 'root:/') mounted
[2023.11.13-22.53.33:671][  0]LogShaderLibrary: Display: ShaderCodeLibraryPakFileMountedCallback: pending pak file info (ChunkID:-1 Root:root:/ File:C:/Program Files/Epic Games/UE_4.27/FeaturePacks/TP_2DSideScrollerBP.upack)
[2023.11.13-22.53.33:671][  0]LogPakFile: OnPakFileMounted2Time == 0.000111
[2023.11.13-22.53.33:672][  0]LogPakFile: PakFile PrimaryIndexSize=182
[2023.11.13-22.53.33:672][  0]LogPakFile: PakFile PathHashIndexSize=101
[2023.11.13-22.53.33:672][  0]LogPakFile: PakFile FullDirectoryIndexSize=138
[2023.11.13-22.53.33:672][  0]LogShaderLibrary: Display: ShaderCodeLibraryPakFileMountedCallback: PakFile 'C:/Program Files/Epic Games/UE_4.27/FeaturePacks/TP_Flying.upack' (chunk index -1, root 'root:/') mounted
[2023.11.13-22.53.33:672][  0]LogShaderLibrary: Display: ShaderCodeLibraryPakFileMountedCallback: pending pak file info (ChunkID:-1 Root:root:/ File:C:/Program Files/Epic Games/UE_4.27/FeaturePacks/TP_Flying.upack)
[2023.11.13-22.53.33:672][  0]LogPakFile: OnPakFileMounted2Time == 0.000125
[2023.11.13-22.53.33:673][  0]LogPakFile: PakFile PrimaryIndexSize=184
[2023.11.13-22.53.33:673][  0]LogPakFile: PakFile PathHashIndexSize=101
[2023.11.13-22.53.33:673][  0]LogPakFile: PakFile FullDirectoryIndexSize=142
[2023.11.13-22.53.33:673][  0]LogShaderLibrary: Display: ShaderCodeLibraryPakFileMountedCallback: PakFile 'C:/Program Files/Epic Games/UE_4.27/FeaturePacks/TP_FlyingBP.upack' (chunk index -1, root 'root:/') mounted
[2023.11.13-22.53.33:673][  0]LogShaderLibrary: Display: ShaderCodeLibraryPakFileMountedCallback: pending pak file info (ChunkID:-1 Root:root:/ File:C:/Program Files/Epic Games/UE_4.27/FeaturePacks/TP_FlyingBP.upack)
[2023.11.13-22.53.33:673][  0]LogPakFile: OnPakFileMounted2Time == 0.000107
[2023.11.13-22.53.33:674][  0]LogPakFile: PakFile PrimaryIndexSize=188
[2023.11.13-22.53.33:674][  0]LogPakFile: PakFile PathHashIndexSize=101
[2023.11.13-22.53.33:674][  0]LogPakFile: PakFile FullDirectoryIndexSize=150
[2023.11.13-22.53.33:674][  0]LogShaderLibrary: Display: ShaderCodeLibraryPakFileMountedCallback: PakFile 'C:/Program Files/Epic Games/UE_4.27/FeaturePacks/TP_HandheldARBP.upack' (chunk index -1, root 'root:/') mounted
[2023.11.13-22.53.33:674][  0]LogShaderLibrary: Display: ShaderCodeLibraryPakFileMountedCallback: pending pak file info (ChunkID:-1 Root:root:/ File:C:/Program Files/Epic Games/UE_4.27/FeaturePacks/TP_HandheldARBP.upack)
[2023.11.13-22.53.33:674][  0]LogPakFile: OnPakFileMounted2Time == 0.000114
[2023.11.13-22.53.33:675][  0]LogPakFile: PakFile PrimaryIndexSize=182
[2023.11.13-22.53.33:675][  0]LogPakFile: PakFile PathHashIndexSize=101
[2023.11.13-22.53.33:675][  0]LogPakFile: PakFile FullDirectoryIndexSize=138
[2023.11.13-22.53.33:675][  0]LogShaderLibrary: Display: ShaderCodeLibraryPakFileMountedCallback: PakFile 'C:/Program Files/Epic Games/UE_4.27/FeaturePacks/TP_Puzzle.upack' (chunk index -1, root 'root:/') mounted
[2023.11.13-22.53.33:675][  0]LogShaderLibrary: Display: ShaderCodeLibraryPakFileMountedCallback: pending pak file info (ChunkID:-1 Root:root:/ File:C:/Program Files/Epic Games/UE_4.27/FeaturePacks/TP_Puzzle.upack)
[2023.11.13-22.53.33:675][  0]LogPakFile: OnPakFileMounted2Time == 0.000130
[2023.11.13-22.53.33:676][  0]LogPakFile: PakFile PrimaryIndexSize=184
[2023.11.13-22.53.33:676][  0]LogPakFile: PakFile PathHashIndexSize=101
[2023.11.13-22.53.33:676][  0]LogPakFile: PakFile FullDirectoryIndexSize=142
[2023.11.13-22.53.33:676][  0]LogShaderLibrary: Display: ShaderCodeLibraryPakFileMountedCallback: PakFile 'C:/Program Files/Epic Games/UE_4.27/FeaturePacks/TP_PuzzleBP.upack' (chunk index -1, root 'root:/') mounted
[2023.11.13-22.53.33:676][  0]LogShaderLibrary: Display: ShaderCodeLibraryPakFileMountedCallback: pending pak file info (ChunkID:-1 Root:root:/ File:C:/Program Files/Epic Games/UE_4.27/FeaturePacks/TP_PuzzleBP.upack)
[2023.11.13-22.53.33:676][  0]LogPakFile: OnPakFileMounted2Time == 0.000110
[2023.11.13-22.53.33:677][  0]LogPakFile: PakFile PrimaryIndexSize=183
[2023.11.13-22.53.33:677][  0]LogPakFile: PakFile PathHashIndexSize=101
[2023.11.13-22.53.33:677][  0]LogPakFile: PakFile FullDirectoryIndexSize=140
[2023.11.13-22.53.33:677][  0]LogShaderLibrary: Display: ShaderCodeLibraryPakFileMountedCallback: PakFile 'C:/Program Files/Epic Games/UE_4.27/FeaturePacks/TP_Rolling.upack' (chunk index -1, root 'root:/') mounted
[2023.11.13-22.53.33:677][  0]LogShaderLibrary: Display: ShaderCodeLibraryPakFileMountedCallback: pending pak file info (ChunkID:-1 Root:root:/ File:C:/Program Files/Epic Games/UE_4.27/FeaturePacks/TP_Rolling.upack)
[2023.11.13-22.53.33:677][  0]LogPakFile: OnPakFileMounted2Time == 0.000104
[2023.11.13-22.53.33:679][  0]LogPakFile: PakFile PrimaryIndexSize=185
[2023.11.13-22.53.33:679][  0]LogPakFile: PakFile PathHashIndexSize=101
[2023.11.13-22.53.33:679][  0]LogPakFile: PakFile FullDirectoryIndexSize=144
[2023.11.13-22.53.33:679][  0]LogShaderLibrary: Display: ShaderCodeLibraryPakFileMountedCallback: PakFile 'C:/Program Files/Epic Games/UE_4.27/FeaturePacks/TP_RollingBP.upack' (chunk index -1, root 'root:/') mounted
[2023.11.13-22.53.33:679][  0]LogShaderLibrary: Display: ShaderCodeLibraryPakFileMountedCallback: pending pak file info (ChunkID:-1 Root:root:/ File:C:/Program Files/Epic Games/UE_4.27/FeaturePacks/TP_RollingBP.upack)
[2023.11.13-22.53.33:679][  0]LogPakFile: OnPakFileMounted2Time == 0.000102
[2023.11.13-22.53.33:680][  0]LogPakFile: PakFile PrimaryIndexSize=188
[2023.11.13-22.53.33:680][  0]LogPakFile: PakFile PathHashIndexSize=101
[2023.11.13-22.53.33:680][  0]LogPakFile: PakFile FullDirectoryIndexSize=150
[2023.11.13-22.53.33:680][  0]LogShaderLibrary: Display: ShaderCodeLibraryPakFileMountedCallback: PakFile 'C:/Program Files/Epic Games/UE_4.27/FeaturePacks/TP_SideScroller.upack' (chunk index -1, root 'root:/') mounted
[2023.11.13-22.53.33:680][  0]LogShaderLibrary: Display: ShaderCodeLibraryPakFileMountedCallback: pending pak file info (ChunkID:-1 Root:root:/ File:C:/Program Files/Epic Games/UE_4.27/FeaturePacks/TP_SideScroller.upack)
[2023.11.13-22.53.33:680][  0]LogPakFile: OnPakFileMounted2Time == 0.000241
[2023.11.13-22.53.33:681][  0]LogPakFile: PakFile PrimaryIndexSize=190
[2023.11.13-22.53.33:681][  0]LogPakFile: PakFile PathHashIndexSize=101
[2023.11.13-22.53.33:681][  0]LogPakFile: PakFile FullDirectoryIndexSize=154
[2023.11.13-22.53.33:681][  0]LogShaderLibrary: Display: ShaderCodeLibraryPakFileMountedCallback: PakFile 'C:/Program Files/Epic Games/UE_4.27/FeaturePacks/TP_SideScrollerBP.upack' (chunk index -1, root 'root:/') mounted
[2023.11.13-22.53.33:682][  0]LogShaderLibrary: Display: ShaderCodeLibraryPakFileMountedCallback: pending pak file info (ChunkID:-1 Root:root:/ File:C:/Program Files/Epic Games/UE_4.27/FeaturePacks/TP_SideScrollerBP.upack)
[2023.11.13-22.53.33:682][  0]LogPakFile: OnPakFileMounted2Time == 0.000152
[2023.11.13-22.53.33:683][  0]LogPakFile: PakFile PrimaryIndexSize=187
[2023.11.13-22.53.33:683][  0]LogPakFile: PakFile PathHashIndexSize=101
[2023.11.13-22.53.33:683][  0]LogPakFile: PakFile FullDirectoryIndexSize=148
[2023.11.13-22.53.33:683][  0]LogShaderLibrary: Display: ShaderCodeLibraryPakFileMountedCallback: PakFile 'C:/Program Files/Epic Games/UE_4.27/FeaturePacks/TP_ThirdPerson.upack' (chunk index -1, root 'root:/') mounted
[2023.11.13-22.53.33:683][  0]LogShaderLibrary: Display: ShaderCodeLibraryPakFileMountedCallback: pending pak file info (ChunkID:-1 Root:root:/ File:C:/Program Files/Epic Games/UE_4.27/FeaturePacks/TP_ThirdPerson.upack)
[2023.11.13-22.53.33:683][  0]LogPakFile: OnPakFileMounted2Time == 0.000110
[2023.11.13-22.53.33:684][  0]LogPakFile: PakFile PrimaryIndexSize=189
[2023.11.13-22.53.33:684][  0]LogPakFile: PakFile PathHashIndexSize=101
[2023.11.13-22.53.33:684][  0]LogPakFile: PakFile FullDirectoryIndexSize=152
[2023.11.13-22.53.33:684][  0]LogShaderLibrary: Display: ShaderCodeLibraryPakFileMountedCallback: PakFile 'C:/Program Files/Epic Games/UE_4.27/FeaturePacks/TP_ThirdPersonBP.upack' (chunk index -1, root 'root:/') mounted
[2023.11.13-22.53.33:684][  0]LogShaderLibrary: Display: ShaderCodeLibraryPakFileMountedCallback: pending pak file info (ChunkID:-1 Root:root:/ File:C:/Program Files/Epic Games/UE_4.27/FeaturePacks/TP_ThirdPersonBP.upack)
[2023.11.13-22.53.33:684][  0]LogPakFile: OnPakFileMounted2Time == 0.000108
[2023.11.13-22.53.33:685][  0]LogPakFile: PakFile PrimaryIndexSize=183
[2023.11.13-22.53.33:685][  0]LogPakFile: PakFile PathHashIndexSize=101
[2023.11.13-22.53.33:685][  0]LogPakFile: PakFile FullDirectoryIndexSize=140
[2023.11.13-22.53.33:685][  0]LogShaderLibrary: Display: ShaderCodeLibraryPakFileMountedCallback: PakFile 'C:/Program Files/Epic Games/UE_4.27/FeaturePacks/TP_TopDown.upack' (chunk index -1, root 'root:/') mounted
[2023.11.13-22.53.33:685][  0]LogShaderLibrary: Display: ShaderCodeLibraryPakFileMountedCallback: pending pak file info (ChunkID:-1 Root:root:/ File:C:/Program Files/Epic Games/UE_4.27/FeaturePacks/TP_TopDown.upack)
[2023.11.13-22.53.33:685][  0]LogPakFile: OnPakFileMounted2Time == 0.000138
[2023.11.13-22.53.33:686][  0]LogPakFile: PakFile PrimaryIndexSize=185
[2023.11.13-22.53.33:686][  0]LogPakFile: PakFile PathHashIndexSize=101
[2023.11.13-22.53.33:686][  0]LogPakFile: PakFile FullDirectoryIndexSize=144
[2023.11.13-22.53.33:686][  0]LogShaderLibrary: Display: ShaderCodeLibraryPakFileMountedCallback: PakFile 'C:/Program Files/Epic Games/UE_4.27/FeaturePacks/TP_TopDownBP.upack' (chunk index -1, root 'root:/') mounted
[2023.11.13-22.53.33:686][  0]LogShaderLibrary: Display: ShaderCodeLibraryPakFileMountedCallback: pending pak file info (ChunkID:-1 Root:root:/ File:C:/Program Files/Epic Games/UE_4.27/FeaturePacks/TP_TopDownBP.upack)
[2023.11.13-22.53.33:686][  0]LogPakFile: OnPakFileMounted2Time == 0.000120
[2023.11.13-22.53.33:687][  0]LogPakFile: PakFile PrimaryIndexSize=185
[2023.11.13-22.53.33:687][  0]LogPakFile: PakFile PathHashIndexSize=101
[2023.11.13-22.53.33:687][  0]LogPakFile: PakFile FullDirectoryIndexSize=144
[2023.11.13-22.53.33:687][  0]LogShaderLibrary: Display: ShaderCodeLibraryPakFileMountedCallback: PakFile 'C:/Program Files/Epic Games/UE_4.27/FeaturePacks/TP_TwinStick.upack' (chunk index -1, root 'root:/') mounted
[2023.11.13-22.53.33:687][  0]LogShaderLibrary: Display: ShaderCodeLibraryPakFileMountedCallback: pending pak file info (ChunkID:-1 Root:root:/ File:C:/Program Files/Epic Games/UE_4.27/FeaturePacks/TP_TwinStick.upack)
[2023.11.13-22.53.33:687][  0]LogPakFile: OnPakFileMounted2Time == 0.000100
[2023.11.13-22.53.33:688][  0]LogPakFile: PakFile PrimaryIndexSize=187
[2023.11.13-22.53.33:688][  0]LogPakFile: PakFile PathHashIndexSize=101
[2023.11.13-22.53.33:688][  0]LogPakFile: PakFile FullDirectoryIndexSize=148
[2023.11.13-22.53.33:688][  0]LogShaderLibrary: Display: ShaderCodeLibraryPakFileMountedCallback: PakFile 'C:/Program Files/Epic Games/UE_4.27/FeaturePacks/TP_TwinStickBP.upack' (chunk index -1, root 'root:/') mounted
[2023.11.13-22.53.33:688][  0]LogShaderLibrary: Display: ShaderCodeLibraryPakFileMountedCallback: pending pak file info (ChunkID:-1 Root:root:/ File:C:/Program Files/Epic Games/UE_4.27/FeaturePacks/TP_TwinStickBP.upack)
[2023.11.13-22.53.33:688][  0]LogPakFile: OnPakFileMounted2Time == 0.000106
[2023.11.13-22.53.33:689][  0]LogPakFile: PakFile PrimaryIndexSize=183
[2023.11.13-22.53.33:689][  0]LogPakFile: PakFile PathHashIndexSize=101
[2023.11.13-22.53.33:689][  0]LogPakFile: PakFile FullDirectoryIndexSize=140
[2023.11.13-22.53.33:689][  0]LogShaderLibrary: Display: ShaderCodeLibraryPakFileMountedCallback: PakFile 'C:/Program Files/Epic Games/UE_4.27/FeaturePacks/TP_Vehicle.upack' (chunk index -1, root 'root:/') mounted
[2023.11.13-22.53.33:689][  0]LogShaderLibrary: Display: ShaderCodeLibraryPakFileMountedCallback: pending pak file info (ChunkID:-1 Root:root:/ File:C:/Program Files/Epic Games/UE_4.27/FeaturePacks/TP_Vehicle.upack)
[2023.11.13-22.53.33:689][  0]LogPakFile: OnPakFileMounted2Time == 0.000114
[2023.11.13-22.53.33:690][  0]LogPakFile: PakFile PrimaryIndexSize=186
[2023.11.13-22.53.33:690][  0]LogPakFile: PakFile PathHashIndexSize=101
[2023.11.13-22.53.33:690][  0]LogPakFile: PakFile FullDirectoryIndexSize=146
[2023.11.13-22.53.33:690][  0]LogShaderLibrary: Display: ShaderCodeLibraryPakFileMountedCallback: PakFile 'C:/Program Files/Epic Games/UE_4.27/FeaturePacks/TP_VehicleAdv.upack' (chunk index -1, root 'root:/') mounted
[2023.11.13-22.53.33:690][  0]LogShaderLibrary: Display: ShaderCodeLibraryPakFileMountedCallback: pending pak file info (ChunkID:-1 Root:root:/ File:C:/Program Files/Epic Games/UE_4.27/FeaturePacks/TP_VehicleAdv.upack)
[2023.11.13-22.53.33:690][  0]LogPakFile: OnPakFileMounted2Time == 0.000102
[2023.11.13-22.53.33:690][  0]LogPakFile: PakFile PrimaryIndexSize=188
[2023.11.13-22.53.33:690][  0]LogPakFile: PakFile PathHashIndexSize=101
[2023.11.13-22.53.33:690][  0]LogPakFile: PakFile FullDirectoryIndexSize=150
[2023.11.13-22.53.33:690][  0]LogShaderLibrary: Display: ShaderCodeLibraryPakFileMountedCallback: PakFile 'C:/Program Files/Epic Games/UE_4.27/FeaturePacks/TP_VehicleAdvBP.upack' (chunk index -1, root 'root:/') mounted
[2023.11.13-22.53.33:690][  0]LogShaderLibrary: Display: ShaderCodeLibraryPakFileMountedCallback: pending pak file info (ChunkID:-1 Root:root:/ File:C:/Program Files/Epic Games/UE_4.27/FeaturePacks/TP_VehicleAdvBP.upack)
[2023.11.13-22.53.33:690][  0]LogPakFile: OnPakFileMounted2Time == 0.000110
[2023.11.13-22.53.33:692][  0]LogPakFile: PakFile PrimaryIndexSize=185
[2023.11.13-22.53.33:692][  0]LogPakFile: PakFile PathHashIndexSize=101
[2023.11.13-22.53.33:692][  0]LogPakFile: PakFile FullDirectoryIndexSize=144
[2023.11.13-22.53.33:692][  0]LogShaderLibrary: Display: ShaderCodeLibraryPakFileMountedCallback: PakFile 'C:/Program Files/Epic Games/UE_4.27/FeaturePacks/TP_VehicleBP.upack' (chunk index -1, root 'root:/') mounted
[2023.11.13-22.53.33:692][  0]LogShaderLibrary: Display: ShaderCodeLibraryPakFileMountedCallback: pending pak file info (ChunkID:-1 Root:root:/ File:C:/Program Files/Epic Games/UE_4.27/FeaturePacks/TP_VehicleBP.upack)
[2023.11.13-22.53.33:692][  0]LogPakFile: OnPakFileMounted2Time == 0.000113
[2023.11.13-22.53.33:693][  0]LogPakFile: PakFile PrimaryIndexSize=192
[2023.11.13-22.53.33:693][  0]LogPakFile: PakFile PathHashIndexSize=101
[2023.11.13-22.53.33:693][  0]LogPakFile: PakFile FullDirectoryIndexSize=158
[2023.11.13-22.53.33:693][  0]LogShaderLibrary: Display: ShaderCodeLibraryPakFileMountedCallback: PakFile 'C:/Program Files/Epic Games/UE_4.27/FeaturePacks/TP_VirtualRealityBP.upack' (chunk index -1, root 'root:/') mounted
[2023.11.13-22.53.33:693][  0]LogShaderLibrary: Display: ShaderCodeLibraryPakFileMountedCallback: pending pak file info (ChunkID:-1 Root:root:/ File:C:/Program Files/Epic Games/UE_4.27/FeaturePacks/TP_VirtualRealityBP.upack)
[2023.11.13-22.53.33:693][  0]LogPakFile: OnPakFileMounted2Time == 0.000099
[2023.11.13-22.53.33:771][  0]LogNativeClassHierarchy: Verbose: Native class hierarchy updated for 'AddContentDialog' in 0.0004 seconds. Added 0 classes and 0 folders.
[2023.11.13-22.53.33:772][  0]LogNativeClassHierarchy: Verbose: Native class hierarchy updated for 'SceneOutliner' in 0.0003 seconds. Added 2 classes and 0 folders.
[2023.11.13-22.53.33:881][  0]LogSlate: Took 0.000287 seconds to synchronously load lazily loaded font '../../../Engine/Content/Slate/Fonts/Roboto-Regular.ttf' (155K)
[2023.11.13-22.53.33:882][  0]LogSlate: Took 0.000236 seconds to synchronously load lazily loaded font '../../../Engine/Content/Editor/Slate/Fonts/FontAwesome.ttf' (139K)
[2023.11.13-22.53.33:884][  0]LogSlate: Took 0.001613 seconds to synchronously load lazily loaded font '../../../Engine/Content/Editor/Slate/Fonts/NanumGothic.ttf' (4243K)
[2023.11.13-22.53.33:886][  0]LogSlate: Took 0.001678 seconds to synchronously load lazily loaded font '../../../Engine/Content/Editor/Slate/Fonts/NanumGothicBold.ttf' (4188K)
[2023.11.13-22.53.33:886][  0]LogSlate: Took 0.000219 seconds to synchronously load lazily loaded font '../../../Engine/Content/Slate/Fonts/Roboto-Bold.ttf' (160K)
[2023.11.13-22.53.33:956][  0]LogRenderer: Reallocating scene render targets to support 2172x804 Format 10 NumSamples 1 (Frame:1).
[2023.11.13-22.53.34:151][  0]LogNativeClassHierarchy: Verbose: Native class hierarchy updated for 'HierarchicalLODOutliner' in 0.0003 seconds. Added 0 classes and 0 folders.
[2023.11.13-22.53.34:151][  0]LogLoad: (Engine Initialization) Total time: 27.97 seconds
[2023.11.13-22.53.34:151][  0]LogLoad: (Engine Initialization) Total Blueprint compile time: 0.00 seconds
[2023.11.13-22.53.34:194][  0]LogAssetRegistry: Asset discovery search completed in 22.1533 seconds
[2023.11.13-22.53.34:201][  0]LogCollectionManager: Fixed up redirectors for 0 collections in 0.000003 seconds (updated 0 objects)
[2023.11.13-22.53.34:202][  0]LogContentStreaming: Texture pool size now 1000 MB
[2023.11.13-22.53.36:193][195]LogTemp: Repeating last play command: 선택된 뷰포트
[2023.11.13-22.53.36:198][195]LogPlayLevel: PlayLevel: No blueprints needed recompiling
[2023.11.13-22.53.36:199][195]PIE: New page: PIE 세션: Minimal_Default (2023. 11. 14. 오후 4:53:36)
[2023.11.13-22.53.36:201][195]LogOnline: OSS: Creating online subsystem instance for: NULL
[2023.11.13-22.53.36:204][195]LogOnline: OSS: TryLoadSubsystemAndSetDefault: Loaded subsystem for module [NULL]
[2023.11.13-22.53.36:204][195]LogPlayLevel: Creating play world package: /Game/StarterContent/Maps/UEDPIE_0_Minimal_Default
[2023.11.13-22.53.36:208][195]LogPlayLevel: PIE: StaticDuplicateObject took: (0.003873s)
[2023.11.13-22.53.36:209][195]LogAIModule: Creating AISystem for world Minimal_Default
[2023.11.13-22.53.36:209][195]LogPlayLevel: PIE: World Init took: (0.001040s)
[2023.11.13-22.53.36:209][195]LogPlayLevel: PIE: Created PIE world by copying editor world from /Game/StarterContent/Maps/Minimal_Default.Minimal_Default to /Game/StarterContent/Maps/UEDPIE_0_Minimal_Default.Minimal_Default (0.005138s)
[2023.11.13-22.53.36:219][195]LogUObjectHash: Compacting FUObjectHashTables data took   0.74ms
[2023.11.13-22.53.36:220][195]LogAudio: Display: Creating Audio Device:                 Id: 2, Scope: Unique, Realtime: True
[2023.11.13-22.53.36:221][195]LogAudioMixer: Display: Audio Mixer Platform Settings:
[2023.11.13-22.53.36:221][195]LogAudioMixer: Display: 	Sample Rate:						  48000
[2023.11.13-22.53.36:221][195]LogAudioMixer: Display: 	Callback Buffer Frame Size Requested: 1024
[2023.11.13-22.53.36:221][195]LogAudioMixer: Display: 	Callback Buffer Frame Size To Use:	  1024
[2023.11.13-22.53.36:221][195]LogAudioMixer: Display: 	Number of buffers to queue:			  2
[2023.11.13-22.53.36:221][195]LogAudioMixer: Display: 	Max Channels (voices):				  32
[2023.11.13-22.53.36:221][195]LogAudioMixer: Display: 	Number of Async Source Workers:		  0
[2023.11.13-22.53.36:221][195]LogAudio: Display: AudioDevice MaxSources: 32
[2023.11.13-22.53.36:221][195]LogAudio: Display: Audio Spatialization Plugin: None (built-in).
[2023.11.13-22.53.36:221][195]LogAudio: Display: Audio Reverb Plugin: None (built-in).
[2023.11.13-22.53.36:222][195]LogAudio: Display: Audio Occlusion Plugin: None (built-in).
[2023.11.13-22.53.36:222][195]LogAudioMixer: Display: Initializing audio mixer.
[2023.11.13-22.53.36:232][195]LogAudioMixer: Display: 0: FrontLeft
[2023.11.13-22.53.36:232][195]LogAudioMixer: Display: 1: FrontRight
[2023.11.13-22.53.36:253][195]LogAudioMixer: Display: Using Audio Device 스피커(Realtek High Definition Audio)
[2023.11.13-22.53.36:254][195]LogAudioMixer: Display: Initializing Sound Submixes...
[2023.11.13-22.53.36:254][195]LogAudioMixer: Display: Creating Master Submix 'MasterSubmixDefault'
[2023.11.13-22.53.36:254][195]LogAudioMixer: Display: Creating Master Submix 'MasterReverbSubmixDefault'
[2023.11.13-22.53.36:254][195]LogAudioMixer: Display: Creating Master Submix 'MasterEQSubmixDefault'
[2023.11.13-22.53.36:254][195]LogAudioMixer: FMixerPlatformXAudio2::StartAudioStream() called
[2023.11.13-22.53.36:254][195]LogAudioMixer: Display: Output buffers initialized: Frames=1024, Channels=2, Samples=2048
[2023.11.13-22.53.36:256][195]LogAudioMixer: Display: Starting AudioMixerPlatformInterface::RunInternal()
[2023.11.13-22.53.36:256][195]LogAudioMixer: Display: FMixerPlatformXAudio2::SubmitBuffer() called for the first time
[2023.11.13-22.53.36:256][195]LogInit: FAudioDevice initialized.
[2023.11.13-22.53.36:256][195]LogAudio: Display: Audio Device (ID: 2) registered with world 'Minimal_Default'.
[2023.11.13-22.53.36:265][195]LogLoad: Game class is 'GameModeBase'
[2023.11.13-22.53.36:267][195]LogWorld: Bringing World /Game/StarterContent/Maps/UEDPIE_0_Minimal_Default.Minimal_Default up for play (max tick rate 0) at 2023.11.14-07.53.36
[2023.11.13-22.53.36:267][195]LogWorld: Bringing up level for play took: 0.000655
[2023.11.13-22.53.36:267][195]LogOnline: OSS: Creating online subsystem instance for: :Context_1
[2023.11.13-22.53.36:271][195]LogNativeClassHierarchy: Verbose: Native class hierarchy updated for 'MovieSceneCapture' in 0.0004 seconds. Added 20 classes and 0 folders.
[2023.11.13-22.53.36:272][195]PIE: 서버가 로그인했습니다.
[2023.11.13-22.53.36:273][195]PIE: 에디터에서 플레이 총 시작 시간 0.076초입니다.
