Log file open, 11/14/23 08:28:00
LogWindows: Failed to load 'aqProf.dll' (GetLastError=126)
LogWindows: File 'aqProf.dll' does not exist
LogWindows: Failed to load 'VtuneApi.dll' (GetLastError=126)
LogWindows: File 'VtuneApi.dll' does not exist
LogWindows: Failed to load 'VtuneApi32e.dll' (GetLastError=126)
LogWindows: File 'VtuneApi32e.dll' does not exist
LogConsoleResponse: Display: Failed to find resolution value strings in scalability ini. Falling back to default.
LogConsoleResponse: Display: Failed to find resolution value strings in scalability ini. Falling back to default.
LogInit: Display: Running engine for game: Client
LogPlatformFile: Not using cached read wrapper
LogTaskGraph: Started task graph with 5 named threads and 35 total threads with 3 sets of task threads.
LogStats: Stats thread started at 0.352011
LogICUInternationalization: ICU TimeZone Detection - Raw Offset: +9:00, Platform Override: ''
LogInit: Display: Loading text-based GConfig....
LogPluginManager: Mounting plugin MeshPainting
LogPluginManager: Mounting plugin XGEController
LogPluginManager: Mounting plugin Paper2D
LogPluginManager: Mounting plugin AISupport
LogPluginManager: Mounting plugin EnvironmentQueryEditor
LogPluginManager: Mounting plugin LightPropagationVolume
LogPluginManager: Mounting plugin LiveLink
LogPluginManager: Mounting plugin CameraShakePreviewer
LogPluginManager: Mounting plugin GameplayCameras
LogPluginManager: Mounting plugin OodleData
LogPluginManager: Mounting plugin AnimationSharing
LogPluginManager: Mounting plugin OodleNetwork
LogPluginManager: Mounting plugin CLionSourceCodeAccess
LogPluginManager: Mounting plugin CodeLiteSourceCodeAccess
LogPluginManager: Mounting plugin GitSourceControl
LogPluginManager: Mounting plugin KDevelopSourceCodeAccess
LogPluginManager: Mounting plugin NullSourceCodeAccess
LogPluginManager: Mounting plugin PerforceSourceControl
LogPluginManager: Mounting plugin PixWinPlugin
LogPluginManager: Mounting plugin PlasticSourceControl
LogPluginManager: Mounting plugin PropertyAccessNode
LogPluginManager: Mounting plugin PluginUtils
LogPluginManager: Mounting plugin RiderSourceCodeAccess
LogPluginManager: Mounting plugin SubversionSourceControl
LogPluginManager: Mounting plugin TextureFormatOodle
LogPluginManager: Mounting plugin UObjectPlugin
LogPluginManager: Mounting plugin VisualStudioCodeSourceCodeAccess
LogPluginManager: Mounting plugin VisualStudioSourceCodeAccess
LogPluginManager: Mounting plugin XCodeSourceCodeAccess
LogPluginManager: Mounting plugin DatasmithContent
LogPluginManager: Mounting plugin VariantManagerContent
LogPluginManager: Mounting plugin AssetManagerEditor
LogPluginManager: Mounting plugin CryptoKeys
LogPluginManager: Mounting plugin CurveEditorTools
LogPluginManager: Mounting plugin FacialAnimation
LogPluginManager: Mounting plugin DataValidation
LogPluginManager: Mounting plugin GameplayTagsEditor
LogPluginManager: Mounting plugin GeometryMode
LogPluginManager: Mounting plugin MacGraphicsSwitching
LogPluginManager: Mounting plugin MaterialAnalyzer
LogPluginManager: Mounting plugin MobileLauncherProfileWizard
LogPluginManager: Mounting plugin PluginBrowser
LogPluginManager: Mounting plugin SpeedTreeImporter
LogPluginManager: Mounting plugin AlembicImporter
LogPluginManager: Mounting plugin AutomationUtils
LogPluginManager: Mounting plugin BackChannel
LogPluginManager: Mounting plugin ChaosCloth
LogPluginManager: Mounting plugin ChaosEditor
LogPluginManager: Mounting plugin ChaosClothEditor
LogPluginManager: Mounting plugin ChaosNiagara
LogPluginManager: Mounting plugin ChaosSolverPlugin
LogPluginManager: Mounting plugin CharacterAI
LogPluginManager: Mounting plugin Niagara
LogPluginManager: Mounting plugin GeometryCache
LogPluginManager: Mounting plugin GeometryCollectionPlugin
LogPluginManager: Mounting plugin GeometryProcessing
LogPluginManager: Mounting plugin MotoSynth
LogPluginManager: Mounting plugin OpenImageDenoise
LogPluginManager: Mounting plugin PlanarCut
LogPluginManager: Mounting plugin PlatformCrypto
LogPluginManager: Mounting plugin ProxyLODPlugin
LogPluginManager: Mounting plugin PythonScriptPlugin
LogPluginManager: Mounting plugin SkeletalReduction
LogPluginManager: Mounting plugin LuminPlatformFeatures
LogPluginManager: Mounting plugin MagicLeap
LogPluginManager: Mounting plugin MagicLeapMedia
LogPluginManager: Mounting plugin MagicLeapLightEstimation
LogPluginManager: Mounting plugin MagicLeapPassableWorld
LogPluginManager: Mounting plugin MLSDK
LogPluginManager: Mounting plugin AndroidMedia
LogPluginManager: Mounting plugin AvfMedia
LogPluginManager: Mounting plugin ImgMedia
LogPluginManager: Mounting plugin MediaCompositing
LogPluginManager: Mounting plugin MediaPlayerEditor
LogPluginManager: Mounting plugin WmfMedia
LogPluginManager: Mounting plugin WebMMedia
LogPluginManager: Mounting plugin TcpMessaging
LogPluginManager: Mounting plugin UdpMessaging
LogPluginManager: Mounting plugin ActorSequence
LogPluginManager: Mounting plugin LevelSequenceEditor
LogPluginManager: Mounting plugin MatineeToLevelSequence
LogPluginManager: Mounting plugin TemplateSequence
LogPluginManager: Mounting plugin OnlineSubsystem
LogPluginManager: Mounting plugin OnlineSubsystemNull
LogPluginManager: Mounting plugin OnlineSubsystemUtils
LogPluginManager: Mounting plugin LauncherChunkInstaller
LogPluginManager: Mounting plugin ActorLayerUtilities
LogPluginManager: Mounting plugin AndroidDeviceProfileSelector
LogPluginManager: Mounting plugin AndroidPermission
LogPluginManager: Mounting plugin AndroidMoviePlayer
LogPluginManager: Mounting plugin AppleImageUtils
LogPluginManager: Mounting plugin AppleMoviePlayer
LogPluginManager: Mounting plugin ArchVisCharacter
LogPluginManager: Mounting plugin AssetTags
LogPluginManager: Mounting plugin AudioCapture
LogPluginManager: Mounting plugin ChunkDownloader
LogPluginManager: Mounting plugin AudioSynesthesia
LogPluginManager: Mounting plugin CableComponent
LogPluginManager: Mounting plugin CustomMeshComponent
LogPluginManager: Mounting plugin EditableMesh
LogPluginManager: Mounting plugin ExampleDeviceProfileSelector
LogPluginManager: Mounting plugin GooglePAD
LogPluginManager: Mounting plugin GoogleCloudMessaging
LogPluginManager: Mounting plugin IOSDeviceProfileSelector
LogPluginManager: Mounting plugin LinuxDeviceProfileSelector
LogPluginManager: Mounting plugin LocationServicesBPLibrary
LogPluginManager: Mounting plugin MobilePatchingUtils
LogPluginManager: Mounting plugin OpenXREyeTracker
LogPluginManager: Mounting plugin OpenXR
LogPluginManager: Mounting plugin OpenXRHandTracking
LogPluginManager: Mounting plugin PhysXVehicles
LogPluginManager: Mounting plugin PostSplashScreen
LogPluginManager: Mounting plugin ProceduralMeshComponent
LogPluginManager: Mounting plugin PropertyAccessEditor
LogPluginManager: Mounting plugin RuntimePhysXCooking
LogPluginManager: Mounting plugin SignificanceManager
LogPluginManager: Mounting plugin SoundFields
LogPluginManager: Mounting plugin Synthesis
LogPluginManager: Mounting plugin WebMMoviePlayer
LogPluginManager: Mounting plugin WindowsMoviePlayer
LogPluginManager: Mounting plugin ScreenshotTools
LogPluginManager: Mounting plugin Takes
LogPluginManager: Mounting plugin ContentBrowserClassDataSource
LogPluginManager: Mounting plugin ContentBrowserAssetDataSource
LogPluginManager: Mounting plugin ContentBrowserFileDataSource
LogPluginManager: Mounting plugin OnlineSubsystemGooglePlay
LogPluginManager: Mounting plugin OnlineSubsystemIOS
LogPluginManager: Mounting plugin OculusVR
LogPluginManager: Mounting plugin SteamVR
PixWinPlugin: PIX capture plugin failed to initialize! Check that the process is launched from PIX.
LogInit: Using libcurl 7.55.1-DEV
LogInit:  - built for x86_64-pc-win32
LogInit:  - supports SSL with OpenSSL/1.1.1
LogInit:  - supports HTTP deflate (compression) using libz 1.2.8
LogInit:  - other features:
LogInit:      CURL_VERSION_SSL
LogInit:      CURL_VERSION_LIBZ
LogInit:      CURL_VERSION_IPV6
LogInit:      CURL_VERSION_ASYNCHDNS
LogInit:      CURL_VERSION_LARGEFILE
LogInit:      CURL_VERSION_IDN
LogInit:  CurlRequestOptions (configurable via config and command line):
LogInit:  - bVerifyPeer = true  - Libcurl will verify peer certificate
LogInit:  - bUseHttpProxy = false  - Libcurl will NOT use HTTP proxy
LogInit:  - bDontReuseConnections = false  - Libcurl will reuse connections
LogInit:  - MaxHostConnections = 16  - Libcurl will limit the number of connections to a host
LogInit:  - LocalHostAddr = Default
LogInit:  - BufferSize = 65536
LogOnline: OSS: Creating online subsystem instance for: NULL
LogInit: WinSock: version 1.1 (2.2), MaxSocks=32767, MaxUdp=65467
LogOnline: OSS: TryLoadSubsystemAndSetDefault: Loaded subsystem for module [NULL]
LogOculusPluginWrapper: OculusPlugin initialized successfully
LogHMD: Failed initializing OVRPlugin 1.59.0
LogInit: Build: ++UE4+Release-4.27-CL-18319896
LogInit: Engine Version: 4.27.2-18319896+++UE4+Release-4.27
LogInit: Compatible Engine Version: 4.27.0-17155196+++UE4+Release-4.27
LogInit: Net CL: 17155196
LogInit: OS: Windows 10 (Release 2009) (), CPU: AMD Ryzen 5 5600X 6-Core Processor             , GPU: NVIDIA GeForce RTX 3070
LogInit: Compiled (64-bit): Nov 30 2021 07:12:08
LogInit: Compiled with Visual C++: 19.24.28315.00
LogInit: Build Configuration: Development
LogInit: Branch Name: ++UE4+Release-4.27
LogInit: Command Line:  -skipcompile
LogInit: Base Directory: C:/Program Files/Epic Games/UE_4.27/Engine/Binaries/Win64/
LogInit: Allocator: TBB
LogInit: Installed Engine Build: 1
LogDevObjectVersion: Number of dev versions registered: 29
LogDevObjectVersion:   Dev-Blueprints (B0D832E4-1F89-4F0D-ACCF-7EB736FD4AA2): 10
LogDevObjectVersion:   Dev-Build (E1C64328-A22C-4D53-A36C-8E866417BD8C): 0
LogDevObjectVersion:   Dev-Core (375EC13C-06E4-48FB-B500-84F0262A717E): 4
LogDevObjectVersion:   Dev-Editor (E4B068ED-F494-42E9-A231-DA0B2E46BB41): 40
LogDevObjectVersion:   Dev-Framework (CFFC743F-43B0-4480-9391-14DF171D2073): 37
LogDevObjectVersion:   Dev-Mobile (B02B49B5-BB20-44E9-A304-32B752E40360): 3
LogDevObjectVersion:   Dev-Networking (A4E4105C-59A1-49B5-A7C5-40C4547EDFEE): 0
LogDevObjectVersion:   Dev-Online (39C831C9-5AE6-47DC-9A44-9C173E1C8E7C): 0
LogDevObjectVersion:   Dev-Physics (78F01B33-EBEA-4F98-B9B4-84EACCB95AA2): 14
LogDevObjectVersion:   Dev-Platform (6631380F-2D4D-43E0-8009-CF276956A95A): 0
LogDevObjectVersion:   Dev-Rendering (12F88B9F-8875-4AFC-A67C-D90C383ABD29): 45
LogDevObjectVersion:   Dev-Sequencer (7B5AE74C-D270-4C10-A958-57980B212A5A): 13
LogDevObjectVersion:   Dev-VR (D7296918-1DD6-4BDD-9DE2-64A83CC13884): 3
LogDevObjectVersion:   Dev-LoadTimes (C2A15278-BFE7-4AFE-6C17-90FF531DF755): 1
LogDevObjectVersion:   Private-Geometry (6EACA3D4-40EC-4CC1-B786-8BED09428FC5): 3
LogDevObjectVersion:   Dev-AnimPhys (29E575DD-E0A3-4627-9D10-D276232CDCEA): 17
LogDevObjectVersion:   Dev-Anim (AF43A65D-7FD3-4947-9873-3E8ED9C1BB05): 15
LogDevObjectVersion:   Dev-ReflectionCapture (6B266CEC-1EC7-4B8F-A30B-E4D90942FC07): 1
LogDevObjectVersion:   Dev-Automation (0DF73D61-A23F-47EA-B727-89E90C41499A): 1
LogDevObjectVersion:   FortniteMain (601D1886-AC64-4F84-AA16-D3DE0DEAC7D6): 47
LogDevObjectVersion:   FortniteRelease (E7086368-6B23-4C58-8439-1B7016265E91): 1
LogDevObjectVersion:   Dev-Enterprise (9DFFBCD6-494F-0158-E221-12823C92A888): 10
LogDevObjectVersion:   Dev-Niagara (F2AED0AC-9AFE-416F-8664-AA7FFA26D6FC): 1
LogDevObjectVersion:   Dev-Destruction (174F1F0B-B4C6-45A5-B13F-2EE8D0FB917D): 10
LogDevObjectVersion:   Dev-Physics-Ext (35F94A83-E258-406C-A318-09F59610247C): 41
LogDevObjectVersion:   Dev-PhysicsMaterial-Chaos (B68FC16E-8B1B-42E2-B453-215C058844FE): 1
LogDevObjectVersion:   Dev-CineCamera (B2E18506-4273-CFC2-A54E-F4BB758BBA07): 1
LogDevObjectVersion:   Dev-VirtualProduction (64F58936-FD1B-42BA-BA96-7289D5D0FA4E): 1
LogDevObjectVersion:   Dev-MediaFramework (6F0ED827-A609-4895-9C91-998D90180EA4): 2
LogInit: Presizing for max 25165824 objects, including 0 objects not considered by GC, pre-allocating 0 bytes for permanent pool.
LogConfig: Applying CVar settings from Section [/Script/Engine.StreamingSettings] File [C:/Users/godye/Desktop/Project/ProjectYA/Client/Saved/Config/Windows/Engine.ini]
LogConfig: Setting CVar [[s.MinBulkDataSizeForAsyncLoading:131072]]
LogConfig: Setting CVar [[s.AsyncLoadingThreadEnabled:0]]
LogConfig: Setting CVar [[s.EventDrivenLoaderEnabled:1]]
LogConfig: Setting CVar [[s.WarnIfTimeLimitExceeded:0]]
LogConfig: Setting CVar [[s.TimeLimitExceededMultiplier:1.5]]
LogConfig: Setting CVar [[s.TimeLimitExceededMinTime:0.005]]
LogConfig: Setting CVar [[s.UseBackgroundLevelStreaming:1]]
LogConfig: Setting CVar [[s.PriorityAsyncLoadingExtraTime:15.0]]
LogConfig: Setting CVar [[s.LevelStreamingActorsUpdateTimeLimit:5.0]]
LogConfig: Setting CVar [[s.PriorityLevelStreamingActorsUpdateExtraTime:5.0]]
LogConfig: Setting CVar [[s.LevelStreamingComponentsRegistrationGranularity:10]]
LogConfig: Setting CVar [[s.UnregisterComponentsTimeLimit:1.0]]
LogConfig: Setting CVar [[s.LevelStreamingComponentsUnregistrationGranularity:5]]
LogConfig: Setting CVar [[s.FlushStreamingOnExit:1]]
LogInit: Object subsystem initialized
LogConfig: Setting CVar [[con.DebugEarlyDefault:1]]
LogConfig: Setting CVar [[r.setres:1280x720]]
[2023.11.13-23.28.01:992][  0]LogConfig: Setting CVar [[r.VSync:0]]
[2023.11.13-23.28.01:992][  0]LogConfig: Setting CVar [[r.RHICmdBypass:0]]
[2023.11.13-23.28.01:992][  0]LogConfig: Applying CVar settings from Section [/Script/Engine.RendererSettings] File [C:/Users/godye/Desktop/Project/ProjectYA/Client/Saved/Config/Windows/Engine.ini]
[2023.11.13-23.28.01:992][  0]LogConfig: Setting CVar [[r.GPUCrashDebugging:0]]
[2023.11.13-23.28.01:992][  0]LogConfig: Applying CVar settings from Section [/Script/Engine.RendererOverrideSettings] File [C:/Users/godye/Desktop/Project/ProjectYA/Client/Saved/Config/Windows/Engine.ini]
[2023.11.13-23.28.01:992][  0]LogConfig: Applying CVar settings from Section [/Script/Engine.StreamingSettings] File [C:/Users/godye/Desktop/Project/ProjectYA/Client/Saved/Config/Windows/Engine.ini]
[2023.11.13-23.28.01:992][  0]LogConfig: Setting CVar [[s.MinBulkDataSizeForAsyncLoading:131072]]
[2023.11.13-23.28.01:993][  0]LogConfig: Setting CVar [[s.AsyncLoadingThreadEnabled:0]]
[2023.11.13-23.28.01:993][  0]LogConfig: Setting CVar [[s.EventDrivenLoaderEnabled:1]]
[2023.11.13-23.28.01:993][  0]LogConfig: Setting CVar [[s.WarnIfTimeLimitExceeded:0]]
[2023.11.13-23.28.01:993][  0]LogConfig: Setting CVar [[s.TimeLimitExceededMultiplier:1.5]]
[2023.11.13-23.28.01:993][  0]LogConfig: Setting CVar [[s.TimeLimitExceededMinTime:0.005]]
[2023.11.13-23.28.01:993][  0]LogConfig: Setting CVar [[s.UseBackgroundLevelStreaming:1]]
[2023.11.13-23.28.01:993][  0]LogConfig: Setting CVar [[s.PriorityAsyncLoadingExtraTime:15.0]]
[2023.11.13-23.28.01:993][  0]LogConfig: Setting CVar [[s.LevelStreamingActorsUpdateTimeLimit:5.0]]
[2023.11.13-23.28.01:993][  0]LogConfig: Setting CVar [[s.PriorityLevelStreamingActorsUpdateExtraTime:5.0]]
[2023.11.13-23.28.01:993][  0]LogConfig: Setting CVar [[s.LevelStreamingComponentsRegistrationGranularity:10]]
[2023.11.13-23.28.01:993][  0]LogConfig: Setting CVar [[s.UnregisterComponentsTimeLimit:1.0]]
[2023.11.13-23.28.01:993][  0]LogConfig: Setting CVar [[s.LevelStreamingComponentsUnregistrationGranularity:5]]
[2023.11.13-23.28.01:993][  0]LogConfig: Setting CVar [[s.FlushStreamingOnExit:1]]
[2023.11.13-23.28.01:993][  0]LogConfig: Applying CVar settings from Section [/Script/Engine.GarbageCollectionSettings] File [C:/Users/godye/Desktop/Project/ProjectYA/Client/Saved/Config/Windows/Engine.ini]
[2023.11.13-23.28.01:993][  0]LogConfig: Setting CVar [[gc.MaxObjectsNotConsideredByGC:1]]
[2023.11.13-23.28.01:993][  0]LogConfig: Setting CVar [[gc.SizeOfPermanentObjectPool:0]]
[2023.11.13-23.28.01:993][  0]LogConfig: Setting CVar [[gc.FlushStreamingOnGC:0]]
[2023.11.13-23.28.01:993][  0]LogConfig: Setting CVar [[gc.NumRetriesBeforeForcingGC:10]]
[2023.11.13-23.28.01:993][  0]LogConfig: Setting CVar [[gc.AllowParallelGC:1]]
[2023.11.13-23.28.01:993][  0]LogConfig: Setting CVar [[gc.TimeBetweenPurgingPendingKillObjects:61.1]]
[2023.11.13-23.28.01:993][  0]LogConfig: Setting CVar [[gc.MaxObjectsInEditor:25165824]]
[2023.11.13-23.28.01:993][  0]LogConfig: Setting CVar [[gc.IncrementalBeginDestroyEnabled:1]]
[2023.11.13-23.28.01:993][  0]LogConfig: Setting CVar [[gc.CreateGCClusters:1]]
[2023.11.13-23.28.01:993][  0]LogConfig: Setting CVar [[gc.MinGCClusterSize:5]]
[2023.11.13-23.28.01:993][  0]LogConfig: Setting CVar [[gc.ActorClusteringEnabled:0]]
[2023.11.13-23.28.01:993][  0]LogConfig: Setting CVar [[gc.BlueprintClusteringEnabled:0]]
[2023.11.13-23.28.01:993][  0]LogConfig: Setting CVar [[gc.UseDisregardForGCOnDedicatedServers:0]]
[2023.11.13-23.28.01:993][  0]LogConfig: Setting CVar [[gc.MultithreadedDestructionEnabled:1]]
[2023.11.13-23.28.01:993][  0]LogConfig: Applying CVar settings from Section [/Script/Engine.NetworkSettings] File [C:/Users/godye/Desktop/Project/ProjectYA/Client/Saved/Config/Windows/Engine.ini]
[2023.11.13-23.28.01:993][  0]LogConfig: Applying CVar settings from Section [/Script/UnrealEd.CookerSettings] File [C:/Users/godye/Desktop/Project/ProjectYA/Client/Saved/Config/Windows/Engine.ini]
[2023.11.13-23.28.02:060][  0]LogConfig: Applying CVar settings from Section [ViewDistanceQuality@3] File [C:/Users/godye/Desktop/Project/ProjectYA/Client/Saved/Config/Windows/Scalability.ini]
[2023.11.13-23.28.02:060][  0]LogConfig: Setting CVar [[r.SkeletalMeshLODBias:0]]
[2023.11.13-23.28.02:060][  0]LogConfig: Setting CVar [[r.ViewDistanceScale:1.0]]
[2023.11.13-23.28.02:060][  0]LogConfig: Applying CVar settings from Section [AntiAliasingQuality@3] File [C:/Users/godye/Desktop/Project/ProjectYA/Client/Saved/Config/Windows/Scalability.ini]
[2023.11.13-23.28.02:060][  0]LogConfig: Setting CVar [[r.PostProcessAAQuality:4]]
[2023.11.13-23.28.02:060][  0]LogConfig: Applying CVar settings from Section [ShadowQuality@3] File [C:/Users/godye/Desktop/Project/ProjectYA/Client/Saved/Config/Windows/Scalability.ini]
[2023.11.13-23.28.02:060][  0]LogConfig: Setting CVar [[r.LightFunctionQuality:1]]
[2023.11.13-23.28.02:060][  0]LogConfig: Setting CVar [[r.ShadowQuality:5]]
[2023.11.13-23.28.02:060][  0]LogConfig: Setting CVar [[r.Shadow.CSM.MaxCascades:10]]
[2023.11.13-23.28.02:060][  0]LogConfig: Setting CVar [[r.Shadow.MaxResolution:2048]]
[2023.11.13-23.28.02:060][  0]LogConfig: Setting CVar [[r.Shadow.MaxCSMResolution:2048]]
[2023.11.13-23.28.02:060][  0]LogConfig: Setting CVar [[r.Shadow.RadiusThreshold:0.01]]
[2023.11.13-23.28.02:061][  0]LogConfig: Setting CVar [[r.Shadow.DistanceScale:1.0]]
[2023.11.13-23.28.02:061][  0]LogConfig: Setting CVar [[r.Shadow.CSM.TransitionScale:1.0]]
[2023.11.13-23.28.02:061][  0]LogConfig: Setting CVar [[r.Shadow.PreShadowResolutionFactor:1.0]]
[2023.11.13-23.28.02:061][  0]LogConfig: Setting CVar [[r.DistanceFieldShadowing:1]]
[2023.11.13-23.28.02:061][  0]LogConfig: Setting CVar [[r.DistanceFieldAO:1]]
[2023.11.13-23.28.02:061][  0]LogConfig: Setting CVar [[r.AOQuality:2]]
[2023.11.13-23.28.02:061][  0]LogConfig: Setting CVar [[r.VolumetricFog:1]]
[2023.11.13-23.28.02:061][  0]LogConfig: Setting CVar [[r.VolumetricFog.GridPixelSize:8]]
[2023.11.13-23.28.02:061][  0]LogConfig: Setting CVar [[r.VolumetricFog.GridSizeZ:128]]
[2023.11.13-23.28.02:061][  0]LogConfig: Setting CVar [[r.VolumetricFog.HistoryMissSupersampleCount:4]]
[2023.11.13-23.28.02:061][  0]LogConfig: Setting CVar [[r.LightMaxDrawDistanceScale:1]]
[2023.11.13-23.28.02:061][  0]LogConfig: Setting CVar [[r.CapsuleShadows:1]]
[2023.11.13-23.28.02:061][  0]LogConfig: Applying CVar settings from Section [PostProcessQuality@3] File [C:/Users/godye/Desktop/Project/ProjectYA/Client/Saved/Config/Windows/Scalability.ini]
[2023.11.13-23.28.02:061][  0]LogConfig: Setting CVar [[r.MotionBlurQuality:4]]
[2023.11.13-23.28.02:061][  0]LogConfig: Setting CVar [[r.AmbientOcclusionMipLevelFactor:0.4]]
[2023.11.13-23.28.02:061][  0]LogConfig: Setting CVar [[r.AmbientOcclusionMaxQuality:100]]
[2023.11.13-23.28.02:061][  0]LogConfig: Setting CVar [[r.AmbientOcclusionLevels:-1]]
[2023.11.13-23.28.02:061][  0]LogConfig: Setting CVar [[r.AmbientOcclusionRadiusScale:1.0]]
[2023.11.13-23.28.02:061][  0]LogConfig: Setting CVar [[r.DepthOfFieldQuality:2]]
[2023.11.13-23.28.02:061][  0]LogConfig: Setting CVar [[r.RenderTargetPoolMin:400]]
[2023.11.13-23.28.02:061][  0]LogConfig: Setting CVar [[r.LensFlareQuality:2]]
[2023.11.13-23.28.02:061][  0]LogConfig: Setting CVar [[r.SceneColorFringeQuality:1]]
[2023.11.13-23.28.02:061][  0]LogConfig: Setting CVar [[r.EyeAdaptationQuality:2]]
[2023.11.13-23.28.02:061][  0]LogConfig: Setting CVar [[r.BloomQuality:5]]
[2023.11.13-23.28.02:061][  0]LogConfig: Setting CVar [[r.FastBlurThreshold:100]]
[2023.11.13-23.28.02:061][  0]LogConfig: Setting CVar [[r.Upscale.Quality:3]]
[2023.11.13-23.28.02:061][  0]LogConfig: Setting CVar [[r.Tonemapper.GrainQuantization:1]]
[2023.11.13-23.28.02:062][  0]LogConfig: Setting CVar [[r.LightShaftQuality:1]]
[2023.11.13-23.28.02:062][  0]LogConfig: Setting CVar [[r.Filter.SizeScale:1]]
[2023.11.13-23.28.02:062][  0]LogConfig: Setting CVar [[r.Tonemapper.Quality:5]]
[2023.11.13-23.28.02:062][  0]LogConfig: Setting CVar [[r.DOF.Gather.AccumulatorQuality:1        ; higher gathering accumulator quality]]
[2023.11.13-23.28.02:062][  0]LogConfig: Setting CVar [[r.DOF.Gather.PostfilterMethod:1          ; Median3x3 postfilering method]]
[2023.11.13-23.28.02:062][  0]LogConfig: Setting CVar [[r.DOF.Gather.EnableBokehSettings:0       ; no bokeh simulation when gathering]]
[2023.11.13-23.28.02:062][  0]LogConfig: Setting CVar [[r.DOF.Gather.RingCount:4                 ; medium number of samples when gathering]]
[2023.11.13-23.28.02:062][  0]LogConfig: Setting CVar [[r.DOF.Scatter.ForegroundCompositing:1    ; additive foreground scattering]]
[2023.11.13-23.28.02:062][  0]LogConfig: Setting CVar [[r.DOF.Scatter.BackgroundCompositing:2    ; additive background scattering]]
[2023.11.13-23.28.02:062][  0]LogConfig: Setting CVar [[r.DOF.Scatter.EnableBokehSettings:1      ; bokeh simulation when scattering]]
[2023.11.13-23.28.02:062][  0]LogConfig: Setting CVar [[r.DOF.Scatter.MaxSpriteRatio:0.1         ; only a maximum of 10% of scattered bokeh]]
[2023.11.13-23.28.02:062][  0]LogConfig: Setting CVar [[r.DOF.Recombine.Quality:1                ; cheap slight out of focus]]
[2023.11.13-23.28.02:062][  0]LogConfig: Setting CVar [[r.DOF.Recombine.EnableBokehSettings:0    ; no bokeh simulation on slight out of focus]]
[2023.11.13-23.28.02:062][  0]LogConfig: Setting CVar [[r.DOF.TemporalAAQuality:1                ; more stable temporal accumulation]]
[2023.11.13-23.28.02:062][  0]LogConfig: Setting CVar [[r.DOF.Kernel.MaxForegroundRadius:0.025]]
[2023.11.13-23.28.02:062][  0]LogConfig: Setting CVar [[r.DOF.Kernel.MaxBackgroundRadius:0.025]]
[2023.11.13-23.28.02:062][  0]LogConfig: Applying CVar settings from Section [TextureQuality@3] File [C:/Users/godye/Desktop/Project/ProjectYA/Client/Saved/Config/Windows/Scalability.ini]
[2023.11.13-23.28.02:062][  0]LogConfig: Setting CVar [[r.Streaming.MipBias:0]]
[2023.11.13-23.28.02:062][  0]LogConfig: Setting CVar [[r.Streaming.AmortizeCPUToGPUCopy:0]]
[2023.11.13-23.28.02:062][  0]LogConfig: Setting CVar [[r.Streaming.MaxNumTexturesToStreamPerFrame:0]]
[2023.11.13-23.28.02:062][  0]LogConfig: Setting CVar [[r.Streaming.Boost:1]]
[2023.11.13-23.28.02:062][  0]LogConfig: Setting CVar [[r.MaxAnisotropy:8]]
[2023.11.13-23.28.02:062][  0]LogConfig: Setting CVar [[r.VT.MaxAnisotropy:8]]
[2023.11.13-23.28.02:062][  0]LogConfig: Setting CVar [[r.Streaming.LimitPoolSizeToVRAM:0]]
[2023.11.13-23.28.02:062][  0]LogConfig: Setting CVar [[r.Streaming.PoolSize:1000]]
[2023.11.13-23.28.02:062][  0]LogConfig: Setting CVar [[r.Streaming.MaxEffectiveScreenSize:0]]
[2023.11.13-23.28.02:062][  0]LogConfig: Applying CVar settings from Section [EffectsQuality@3] File [C:/Users/godye/Desktop/Project/ProjectYA/Client/Saved/Config/Windows/Scalability.ini]
[2023.11.13-23.28.02:062][  0]LogConfig: Setting CVar [[r.TranslucencyLightingVolumeDim:64]]
[2023.11.13-23.28.02:062][  0]LogConfig: Setting CVar [[r.RefractionQuality:2]]
[2023.11.13-23.28.02:062][  0]LogConfig: Setting CVar [[r.SSR.Quality:3]]
[2023.11.13-23.28.02:062][  0]LogConfig: Setting CVar [[r.SSR.HalfResSceneColor:0]]
[2023.11.13-23.28.02:063][  0]LogConfig: Setting CVar [[r.SceneColorFormat:4]]
[2023.11.13-23.28.02:063][  0]LogConfig: Setting CVar [[r.DetailMode:2]]
[2023.11.13-23.28.02:063][  0]LogConfig: Setting CVar [[r.TranslucencyVolumeBlur:1]]
[2023.11.13-23.28.02:063][  0]LogConfig: Setting CVar [[r.MaterialQualityLevel:1 ; High quality]]
[2023.11.13-23.28.02:063][  0]LogConfig: Setting CVar [[r.AnisotropicMaterials:1]]
[2023.11.13-23.28.02:063][  0]LogConfig: Setting CVar [[r.SSS.Scale:1]]
[2023.11.13-23.28.02:063][  0]LogConfig: Setting CVar [[r.SSS.SampleSet:2]]
[2023.11.13-23.28.02:063][  0]LogConfig: Setting CVar [[r.SSS.Quality:1]]
[2023.11.13-23.28.02:063][  0]LogConfig: Setting CVar [[r.SSS.HalfRes:0]]
[2023.11.13-23.28.02:063][  0]LogConfig: Setting CVar [[r.SSGI.Quality:3]]
[2023.11.13-23.28.02:063][  0]LogConfig: Setting CVar [[r.EmitterSpawnRateScale:1.0]]
[2023.11.13-23.28.02:063][  0]LogConfig: Setting CVar [[r.ParticleLightQuality:2]]
[2023.11.13-23.28.02:063][  0]LogConfig: Setting CVar [[r.SkyAtmosphere.AerialPerspectiveLUT.FastApplyOnOpaque:1 ; Always have FastSkyLUT 1 in this case to avoid wrong sky]]
[2023.11.13-23.28.02:063][  0]LogConfig: Setting CVar [[r.SkyAtmosphere.AerialPerspectiveLUT.SampleCountMaxPerSlice:4]]
[2023.11.13-23.28.02:063][  0]LogConfig: Setting CVar [[r.SkyAtmosphere.AerialPerspectiveLUT.DepthResolution:16.0]]
[2023.11.13-23.28.02:063][  0]LogConfig: Setting CVar [[r.SkyAtmosphere.FastSkyLUT:1]]
[2023.11.13-23.28.02:063][  0]LogConfig: Setting CVar [[r.SkyAtmosphere.FastSkyLUT.SampleCountMin:4.0]]
[2023.11.13-23.28.02:063][  0]LogConfig: Setting CVar [[r.SkyAtmosphere.FastSkyLUT.SampleCountMax:128.0]]
[2023.11.13-23.28.02:063][  0]LogConfig: Setting CVar [[r.SkyAtmosphere.SampleCountMin:4.0]]
[2023.11.13-23.28.02:063][  0]LogConfig: Setting CVar [[r.SkyAtmosphere.SampleCountMax:128.0]]
[2023.11.13-23.28.02:063][  0]LogConfig: Setting CVar [[r.SkyAtmosphere.TransmittanceLUT.UseSmallFormat:0]]
[2023.11.13-23.28.02:063][  0]LogConfig: Setting CVar [[r.SkyAtmosphere.TransmittanceLUT.SampleCount:10.0]]
[2023.11.13-23.28.02:063][  0]LogConfig: Setting CVar [[r.SkyAtmosphere.MultiScatteringLUT.SampleCount:15.0]]
[2023.11.13-23.28.02:063][  0]LogConfig: Setting CVar [[r.SkyLight.RealTimeReflectionCapture:1]]
[2023.11.13-23.28.02:063][  0]LogConfig: Applying CVar settings from Section [FoliageQuality@3] File [C:/Users/godye/Desktop/Project/ProjectYA/Client/Saved/Config/Windows/Scalability.ini]
[2023.11.13-23.28.02:063][  0]LogConfig: Setting CVar [[foliage.DensityScale:1.0]]
[2023.11.13-23.28.02:063][  0]LogConfig: Setting CVar [[grass.DensityScale:1.0]]
[2023.11.13-23.28.02:063][  0]LogConfig: Applying CVar settings from Section [ShadingQuality@3] File [C:/Users/godye/Desktop/Project/ProjectYA/Client/Saved/Config/Windows/Scalability.ini]
[2023.11.13-23.28.02:063][  0]LogConfig: Setting CVar [[r.HairStrands.SkyLighting.IntegrationType:2]]
[2023.11.13-23.28.02:063][  0]LogConfig: Setting CVar [[r.HairStrands.SkyAO.SampleCount:4]]
[2023.11.13-23.28.02:063][  0]LogConfig: Setting CVar [[r.HairStrands.Visibility.MSAA.SamplePerPixel:4]]
[2023.11.13-23.28.02:064][  0]LogInit: Selected Device Profile: [Windows]
[2023.11.13-23.28.02:064][  0]LogInit: Applying CVar settings loaded from the selected device profile: [Windows]
[2023.11.13-23.28.02:064][  0]LogHAL: Display: Platform has ~ 32 GB [34301599744 / 34359738368 / 32], which maps to Largest [LargestMinGB=32, LargerMinGB=12, DefaultMinGB=8, SmallerMinGB=6, SmallestMinGB=0)
[2023.11.13-23.28.02:064][  0]LogInit: Going up to parent DeviceProfile []
[2023.11.13-23.28.02:064][  0]LogConfig: Applying CVar settings from Section [ViewDistanceQuality@3] File [C:/Users/godye/Desktop/Project/ProjectYA/Client/Saved/Config/Windows/Scalability.ini]
[2023.11.13-23.28.02:064][  0]LogConfig: Setting CVar [[r.SkeletalMeshLODBias:0]]
[2023.11.13-23.28.02:064][  0]LogConfig: Setting CVar [[r.ViewDistanceScale:1.0]]
[2023.11.13-23.28.02:064][  0]LogConfig: Applying CVar settings from Section [AntiAliasingQuality@3] File [C:/Users/godye/Desktop/Project/ProjectYA/Client/Saved/Config/Windows/Scalability.ini]
[2023.11.13-23.28.02:064][  0]LogConfig: Setting CVar [[r.PostProcessAAQuality:4]]
[2023.11.13-23.28.02:064][  0]LogConfig: Applying CVar settings from Section [ShadowQuality@3] File [C:/Users/godye/Desktop/Project/ProjectYA/Client/Saved/Config/Windows/Scalability.ini]
[2023.11.13-23.28.02:064][  0]LogConfig: Setting CVar [[r.LightFunctionQuality:1]]
[2023.11.13-23.28.02:064][  0]LogConfig: Setting CVar [[r.ShadowQuality:5]]
[2023.11.13-23.28.02:064][  0]LogConfig: Setting CVar [[r.Shadow.CSM.MaxCascades:10]]
[2023.11.13-23.28.02:064][  0]LogConfig: Setting CVar [[r.Shadow.MaxResolution:2048]]
[2023.11.13-23.28.02:064][  0]LogConfig: Setting CVar [[r.Shadow.MaxCSMResolution:2048]]
[2023.11.13-23.28.02:064][  0]LogConfig: Setting CVar [[r.Shadow.RadiusThreshold:0.01]]
[2023.11.13-23.28.02:064][  0]LogConfig: Setting CVar [[r.Shadow.DistanceScale:1.0]]
[2023.11.13-23.28.02:064][  0]LogConfig: Setting CVar [[r.Shadow.CSM.TransitionScale:1.0]]
[2023.11.13-23.28.02:064][  0]LogConfig: Setting CVar [[r.Shadow.PreShadowResolutionFactor:1.0]]
[2023.11.13-23.28.02:064][  0]LogConfig: Setting CVar [[r.DistanceFieldShadowing:1]]
[2023.11.13-23.28.02:064][  0]LogConfig: Setting CVar [[r.DistanceFieldAO:1]]
[2023.11.13-23.28.02:064][  0]LogConfig: Setting CVar [[r.AOQuality:2]]
[2023.11.13-23.28.02:064][  0]LogConfig: Setting CVar [[r.VolumetricFog:1]]
[2023.11.13-23.28.02:064][  0]LogConfig: Setting CVar [[r.VolumetricFog.GridPixelSize:8]]
[2023.11.13-23.28.02:064][  0]LogConfig: Setting CVar [[r.VolumetricFog.GridSizeZ:128]]
[2023.11.13-23.28.02:064][  0]LogConfig: Setting CVar [[r.VolumetricFog.HistoryMissSupersampleCount:4]]
[2023.11.13-23.28.02:064][  0]LogConfig: Setting CVar [[r.LightMaxDrawDistanceScale:1]]
[2023.11.13-23.28.02:064][  0]LogConfig: Setting CVar [[r.CapsuleShadows:1]]
[2023.11.13-23.28.02:064][  0]LogConfig: Applying CVar settings from Section [PostProcessQuality@3] File [C:/Users/godye/Desktop/Project/ProjectYA/Client/Saved/Config/Windows/Scalability.ini]
[2023.11.13-23.28.02:065][  0]LogConfig: Setting CVar [[r.MotionBlurQuality:4]]
[2023.11.13-23.28.02:065][  0]LogConfig: Setting CVar [[r.AmbientOcclusionMipLevelFactor:0.4]]
[2023.11.13-23.28.02:065][  0]LogConfig: Setting CVar [[r.AmbientOcclusionMaxQuality:100]]
[2023.11.13-23.28.02:065][  0]LogConfig: Setting CVar [[r.AmbientOcclusionLevels:-1]]
[2023.11.13-23.28.02:065][  0]LogConfig: Setting CVar [[r.AmbientOcclusionRadiusScale:1.0]]
[2023.11.13-23.28.02:065][  0]LogConfig: Setting CVar [[r.DepthOfFieldQuality:2]]
[2023.11.13-23.28.02:065][  0]LogConfig: Setting CVar [[r.RenderTargetPoolMin:400]]
[2023.11.13-23.28.02:065][  0]LogConfig: Setting CVar [[r.LensFlareQuality:2]]
[2023.11.13-23.28.02:065][  0]LogConfig: Setting CVar [[r.SceneColorFringeQuality:1]]
[2023.11.13-23.28.02:065][  0]LogConfig: Setting CVar [[r.EyeAdaptationQuality:2]]
[2023.11.13-23.28.02:065][  0]LogConfig: Setting CVar [[r.BloomQuality:5]]
[2023.11.13-23.28.02:065][  0]LogConfig: Setting CVar [[r.FastBlurThreshold:100]]
[2023.11.13-23.28.02:065][  0]LogConfig: Setting CVar [[r.Upscale.Quality:3]]
[2023.11.13-23.28.02:065][  0]LogConfig: Setting CVar [[r.Tonemapper.GrainQuantization:1]]
[2023.11.13-23.28.02:065][  0]LogConfig: Setting CVar [[r.LightShaftQuality:1]]
[2023.11.13-23.28.02:065][  0]LogConfig: Setting CVar [[r.Filter.SizeScale:1]]
[2023.11.13-23.28.02:065][  0]LogConfig: Setting CVar [[r.Tonemapper.Quality:5]]
[2023.11.13-23.28.02:065][  0]LogConfig: Setting CVar [[r.DOF.Gather.AccumulatorQuality:1        ; higher gathering accumulator quality]]
[2023.11.13-23.28.02:065][  0]LogConfig: Setting CVar [[r.DOF.Gather.PostfilterMethod:1          ; Median3x3 postfilering method]]
[2023.11.13-23.28.02:065][  0]LogConfig: Setting CVar [[r.DOF.Gather.EnableBokehSettings:0       ; no bokeh simulation when gathering]]
[2023.11.13-23.28.02:065][  0]LogConfig: Setting CVar [[r.DOF.Gather.RingCount:4                 ; medium number of samples when gathering]]
[2023.11.13-23.28.02:065][  0]LogConfig: Setting CVar [[r.DOF.Scatter.ForegroundCompositing:1    ; additive foreground scattering]]
[2023.11.13-23.28.02:065][  0]LogConfig: Setting CVar [[r.DOF.Scatter.BackgroundCompositing:2    ; additive background scattering]]
[2023.11.13-23.28.02:065][  0]LogConfig: Setting CVar [[r.DOF.Scatter.EnableBokehSettings:1      ; bokeh simulation when scattering]]
[2023.11.13-23.28.02:065][  0]LogConfig: Setting CVar [[r.DOF.Scatter.MaxSpriteRatio:0.1         ; only a maximum of 10% of scattered bokeh]]
[2023.11.13-23.28.02:065][  0]LogConfig: Setting CVar [[r.DOF.Recombine.Quality:1                ; cheap slight out of focus]]
[2023.11.13-23.28.02:065][  0]LogConfig: Setting CVar [[r.DOF.Recombine.EnableBokehSettings:0    ; no bokeh simulation on slight out of focus]]
[2023.11.13-23.28.02:065][  0]LogConfig: Setting CVar [[r.DOF.TemporalAAQuality:1                ; more stable temporal accumulation]]
[2023.11.13-23.28.02:065][  0]LogConfig: Setting CVar [[r.DOF.Kernel.MaxForegroundRadius:0.025]]
[2023.11.13-23.28.02:065][  0]LogConfig: Setting CVar [[r.DOF.Kernel.MaxBackgroundRadius:0.025]]
[2023.11.13-23.28.02:065][  0]LogConfig: Applying CVar settings from Section [TextureQuality@3] File [C:/Users/godye/Desktop/Project/ProjectYA/Client/Saved/Config/Windows/Scalability.ini]
[2023.11.13-23.28.02:065][  0]LogConfig: Setting CVar [[r.Streaming.MipBias:0]]
[2023.11.13-23.28.02:065][  0]LogConfig: Setting CVar [[r.Streaming.AmortizeCPUToGPUCopy:0]]
[2023.11.13-23.28.02:065][  0]LogConfig: Setting CVar [[r.Streaming.MaxNumTexturesToStreamPerFrame:0]]
[2023.11.13-23.28.02:065][  0]LogConfig: Setting CVar [[r.Streaming.Boost:1]]
[2023.11.13-23.28.02:066][  0]LogConfig: Setting CVar [[r.MaxAnisotropy:8]]
[2023.11.13-23.28.02:066][  0]LogConfig: Setting CVar [[r.VT.MaxAnisotropy:8]]
[2023.11.13-23.28.02:066][  0]LogConfig: Setting CVar [[r.Streaming.LimitPoolSizeToVRAM:0]]
[2023.11.13-23.28.02:066][  0]LogConfig: Setting CVar [[r.Streaming.PoolSize:1000]]
[2023.11.13-23.28.02:066][  0]LogConfig: Setting CVar [[r.Streaming.MaxEffectiveScreenSize:0]]
[2023.11.13-23.28.02:066][  0]LogConfig: Applying CVar settings from Section [EffectsQuality@3] File [C:/Users/godye/Desktop/Project/ProjectYA/Client/Saved/Config/Windows/Scalability.ini]
[2023.11.13-23.28.02:066][  0]LogConfig: Setting CVar [[r.TranslucencyLightingVolumeDim:64]]
[2023.11.13-23.28.02:066][  0]LogConfig: Setting CVar [[r.RefractionQuality:2]]
[2023.11.13-23.28.02:066][  0]LogConfig: Setting CVar [[r.SSR.Quality:3]]
[2023.11.13-23.28.02:066][  0]LogConfig: Setting CVar [[r.SSR.HalfResSceneColor:0]]
[2023.11.13-23.28.02:066][  0]LogConfig: Setting CVar [[r.SceneColorFormat:4]]
[2023.11.13-23.28.02:066][  0]LogConfig: Setting CVar [[r.DetailMode:2]]
[2023.11.13-23.28.02:066][  0]LogConfig: Setting CVar [[r.TranslucencyVolumeBlur:1]]
[2023.11.13-23.28.02:066][  0]LogConfig: Setting CVar [[r.MaterialQualityLevel:1 ; High quality]]
[2023.11.13-23.28.02:066][  0]LogConfig: Setting CVar [[r.AnisotropicMaterials:1]]
[2023.11.13-23.28.02:066][  0]LogConfig: Setting CVar [[r.SSS.Scale:1]]
[2023.11.13-23.28.02:066][  0]LogConfig: Setting CVar [[r.SSS.SampleSet:2]]
[2023.11.13-23.28.02:066][  0]LogConfig: Setting CVar [[r.SSS.Quality:1]]
[2023.11.13-23.28.02:066][  0]LogConfig: Setting CVar [[r.SSS.HalfRes:0]]
[2023.11.13-23.28.02:066][  0]LogConfig: Setting CVar [[r.SSGI.Quality:3]]
[2023.11.13-23.28.02:066][  0]LogConfig: Setting CVar [[r.EmitterSpawnRateScale:1.0]]
[2023.11.13-23.28.02:066][  0]LogConfig: Setting CVar [[r.ParticleLightQuality:2]]
[2023.11.13-23.28.02:066][  0]LogConfig: Setting CVar [[r.SkyAtmosphere.AerialPerspectiveLUT.FastApplyOnOpaque:1 ; Always have FastSkyLUT 1 in this case to avoid wrong sky]]
[2023.11.13-23.28.02:066][  0]LogConfig: Setting CVar [[r.SkyAtmosphere.AerialPerspectiveLUT.SampleCountMaxPerSlice:4]]
[2023.11.13-23.28.02:066][  0]LogConfig: Setting CVar [[r.SkyAtmosphere.AerialPerspectiveLUT.DepthResolution:16.0]]
[2023.11.13-23.28.02:066][  0]LogConfig: Setting CVar [[r.SkyAtmosphere.FastSkyLUT:1]]
[2023.11.13-23.28.02:066][  0]LogConfig: Setting CVar [[r.SkyAtmosphere.FastSkyLUT.SampleCountMin:4.0]]
[2023.11.13-23.28.02:066][  0]LogConfig: Setting CVar [[r.SkyAtmosphere.FastSkyLUT.SampleCountMax:128.0]]
[2023.11.13-23.28.02:066][  0]LogConfig: Setting CVar [[r.SkyAtmosphere.SampleCountMin:4.0]]
[2023.11.13-23.28.02:066][  0]LogConfig: Setting CVar [[r.SkyAtmosphere.SampleCountMax:128.0]]
[2023.11.13-23.28.02:066][  0]LogConfig: Setting CVar [[r.SkyAtmosphere.TransmittanceLUT.UseSmallFormat:0]]
[2023.11.13-23.28.02:066][  0]LogConfig: Setting CVar [[r.SkyAtmosphere.TransmittanceLUT.SampleCount:10.0]]
[2023.11.13-23.28.02:066][  0]LogConfig: Setting CVar [[r.SkyAtmosphere.MultiScatteringLUT.SampleCount:15.0]]
[2023.11.13-23.28.02:066][  0]LogConfig: Setting CVar [[r.SkyLight.RealTimeReflectionCapture:1]]
[2023.11.13-23.28.02:066][  0]LogConfig: Applying CVar settings from Section [FoliageQuality@3] File [C:/Users/godye/Desktop/Project/ProjectYA/Client/Saved/Config/Windows/Scalability.ini]
[2023.11.13-23.28.02:067][  0]LogConfig: Setting CVar [[foliage.DensityScale:1.0]]
[2023.11.13-23.28.02:067][  0]LogConfig: Setting CVar [[grass.DensityScale:1.0]]
[2023.11.13-23.28.02:067][  0]LogConfig: Applying CVar settings from Section [ShadingQuality@3] File [C:/Users/godye/Desktop/Project/ProjectYA/Client/Saved/Config/Windows/Scalability.ini]
[2023.11.13-23.28.02:067][  0]LogConfig: Setting CVar [[r.HairStrands.SkyLighting.IntegrationType:2]]
[2023.11.13-23.28.02:067][  0]LogConfig: Setting CVar [[r.HairStrands.SkyAO.SampleCount:4]]
[2023.11.13-23.28.02:067][  0]LogConfig: Setting CVar [[r.HairStrands.Visibility.MSAA.SamplePerPixel:4]]
[2023.11.13-23.28.02:067][  0]LogConfig: Applying CVar settings from Section [Startup] File [../../../Engine/Config/ConsoleVariables.ini]
[2023.11.13-23.28.02:067][  0]LogConfig: Setting CVar [[net.UseAdaptiveNetUpdateFrequency:0]]
[2023.11.13-23.28.02:067][  0]LogConfig: Setting CVar [[p.chaos.AllowCreatePhysxBodies:1]]
[2023.11.13-23.28.02:067][  0]LogConfig: Setting CVar [[fx.SkipVectorVMBackendOptimizations:1]]
[2023.11.13-23.28.02:067][  0]LogConfig: Applying CVar settings from Section [ConsoleVariables] File [C:/Users/godye/Desktop/Project/ProjectYA/Client/Saved/Config/Windows/Engine.ini]
[2023.11.13-23.28.02:067][  0]LogConfig: Applying CVar settings from Section [ConsoleVariables] File [C:/Users/godye/Desktop/Project/ProjectYA/Client/Saved/Config/Windows/Editor.ini]
[2023.11.13-23.28.02:067][  0]LogInit: Computer: SANGGEUN
[2023.11.13-23.28.02:067][  0]LogInit: User: godye
[2023.11.13-23.28.02:067][  0]LogInit: CPU Page size=4096, Cores=6
[2023.11.13-23.28.02:067][  0]LogInit: High frequency timer resolution =10.000000 MHz
[2023.11.13-23.28.02:067][  0]LogMemory: Memory total: Physical=31.9GB (32GB approx)
[2023.11.13-23.28.02:067][  0]LogMemory: Platform Memory Stats for Windows
[2023.11.13-23.28.02:067][  0]LogMemory: Process Physical Memory: 146.04 MB used, 146.04 MB peak
[2023.11.13-23.28.02:068][  0]LogMemory: Process Virtual Memory: 127.91 MB used, 127.91 MB peak
[2023.11.13-23.28.02:068][  0]LogMemory: Physical Memory: 13756.14 MB used,  18956.41 MB free, 32712.55 MB total
[2023.11.13-23.28.02:068][  0]LogMemory: Virtual Memory: 134198704.00 MB used,  19024.89 MB free, 134217728.00 MB total
[2023.11.13-23.28.02:087][  0]LogWindows: WindowsPlatformFeatures enabled
[2023.11.13-23.28.02:325][  0]LogInit: Physics initialised using underlying interface: PhysX
[2023.11.13-23.28.02:328][  0]LogInit: Using OS detected language (ko-KR).
[2023.11.13-23.28.02:328][  0]LogInit: Using OS detected locale (ko-KR).
[2023.11.13-23.28.02:335][  0]LogTextLocalizationManager: No specific localization for 'ko-KR' exists, so the 'ko' localization will be used.
[2023.11.13-23.28.02:436][  0]LogInit: Setting process to per monitor DPI aware
[2023.11.13-23.28.02:468][  0]LogWindowsTextInputMethodSystem: Display: IME system deactivated.
[2023.11.13-23.28.02:499][  0]LogSlate: New Slate User Created.  User Index 0, Is Virtual User: 0
[2023.11.13-23.28.02:499][  0]LogSlate: Slate User Registered.  User Index 0, Is Virtual User: 0
[2023.11.13-23.28.02:647][  0]LogD3D11RHI: Loaded GFSDK_Aftermath_Lib.x64.dll
[2023.11.13-23.28.02:660][  0]LogHMD: Failed to initialize OpenVR with code 110
[2023.11.13-23.28.02:660][  0]LogD3D11RHI: D3D11 min allowed feature level: 11_0
[2023.11.13-23.28.02:660][  0]LogD3D11RHI: D3D11 max allowed feature level: 11_0
[2023.11.13-23.28.02:660][  0]LogD3D11RHI: D3D11 adapters:
[2023.11.13-23.28.02:862][  0]LogD3D11RHI:    0. 'NVIDIA GeForce RTX 3070' (Feature Level 11_0)
[2023.11.13-23.28.02:862][  0]LogD3D11RHI:       8031/0/16356 MB DedicatedVideo/DedicatedSystem/SharedSystem, Outputs:2, VendorId:0x10de
[2023.11.13-23.28.02:879][  0]LogD3D11RHI:    1. 'Microsoft Basic Render Driver' (Feature Level 11_0)
[2023.11.13-23.28.02:879][  0]LogD3D11RHI:       0/0/16356 MB DedicatedVideo/DedicatedSystem/SharedSystem, Outputs:0, VendorId:0x1414
[2023.11.13-23.28.02:879][  0]LogD3D11RHI: Chosen D3D11 Adapter:
[2023.11.13-23.28.02:879][  0]LogD3D11RHI:     Description : NVIDIA GeForce RTX 3070
[2023.11.13-23.28.02:879][  0]LogD3D11RHI:     VendorId    : 10de
[2023.11.13-23.28.02:879][  0]LogD3D11RHI:     DeviceId    : 2484
[2023.11.13-23.28.02:879][  0]LogD3D11RHI:     SubSysId    : 24841569
[2023.11.13-23.28.02:879][  0]LogD3D11RHI:     Revision    : 00a1
[2023.11.13-23.28.02:879][  0]LogD3D11RHI:     DedicatedVideoMemory : 8421113856 bytes
[2023.11.13-23.28.02:879][  0]LogD3D11RHI:     DedicatedSystemMemory : 0 bytes
[2023.11.13-23.28.02:879][  0]LogD3D11RHI:     SharedSystemMemory : 17150799872 bytes
[2023.11.13-23.28.02:879][  0]LogD3D11RHI:     AdapterLuid : 0 51589
[2023.11.13-23.28.02:888][  0]LogD3D11RHI: Creating new Direct3DDevice
[2023.11.13-23.28.02:888][  0]LogD3D11RHI:     GPU DeviceId: 0x2484 (for the marketing name, search the web for "GPU Device Id")
[2023.11.13-23.28.02:888][  0]LogWindows: EnumDisplayDevices:
[2023.11.13-23.28.02:888][  0]LogWindows:    0. 'NVIDIA GeForce RTX 3070' (P:1 D:1)
[2023.11.13-23.28.02:889][  0]LogWindows:    1. 'NVIDIA GeForce RTX 3070' (P:0 D:1)
[2023.11.13-23.28.02:890][  0]LogWindows:    2. 'NVIDIA GeForce RTX 3070' (P:0 D:0)
[2023.11.13-23.28.02:890][  0]LogWindows:    3. 'NVIDIA GeForce RTX 3070' (P:0 D:0)
[2023.11.13-23.28.02:891][  0]LogWindows: DebugString: FoundDriverCount:4 
[2023.11.13-23.28.02:891][  0]LogD3D11RHI:     Adapter Name: NVIDIA GeForce RTX 3070
[2023.11.13-23.28.02:891][  0]LogD3D11RHI:   Driver Version: 536.67 (internal:31.0.15.3667, unified:536.67)
[2023.11.13-23.28.02:891][  0]LogD3D11RHI:      Driver Date: 7-12-2023
[2023.11.13-23.28.02:891][  0]LogRHI: Texture pool is 5621 MB (70% of 8031 MB)
[2023.11.13-23.28.02:891][  0]LogD3D11RHI: Creating D3DDevice using adapter:
[2023.11.13-23.28.02:891][  0]LogD3D11RHI:     Description : NVIDIA GeForce RTX 3070
[2023.11.13-23.28.02:891][  0]LogD3D11RHI:     VendorId    : 10de
[2023.11.13-23.28.02:891][  0]LogD3D11RHI:     DeviceId    : 2484
[2023.11.13-23.28.02:891][  0]LogD3D11RHI:     SubSysId    : 24841569
[2023.11.13-23.28.02:891][  0]LogD3D11RHI:     Revision    : 00a1
[2023.11.13-23.28.02:891][  0]LogD3D11RHI:     DedicatedVideoMemory : 8421113856 bytes
[2023.11.13-23.28.02:891][  0]LogD3D11RHI:     DedicatedSystemMemory : 0 bytes
[2023.11.13-23.28.02:891][  0]LogD3D11RHI:     SharedSystemMemory : 17150799872 bytes
[2023.11.13-23.28.02:891][  0]LogD3D11RHI:     AdapterLuid : 0 51589
[2023.11.13-23.28.02:968][  0]LogD3D11RHI: RHI has support for 64 bit atomics
[2023.11.13-23.28.02:969][  0]LogD3D11RHI: Async texture creation enabled
[2023.11.13-23.28.02:969][  0]LogD3D11RHI: Array index from any shader is supported
[2023.11.13-23.28.02:971][  0]LogD3D11RHI: HDR output is supported on display 0 (NvId: 0x80061081).
[2023.11.13-23.28.02:997][  0]LogD3D11RHI: GPU Timing Frequency: 1000.000000 (Debug: 2 2)
[2023.11.13-23.28.03:065][  0]LogRHI: GeForceNow SDK initialized: 1
[2023.11.13-23.28.03:422][  0]LogTargetPlatformManager: Display: Loaded TargetPlatform 'AllDesktop'
[2023.11.13-23.28.03:455][  0]LogTargetPlatformManager: Display: Loaded TargetPlatform 'Android'
[2023.11.13-23.28.03:455][  0]LogTargetPlatformManager: Display: Loaded TargetPlatform 'Android_ASTC'
[2023.11.13-23.28.03:455][  0]LogTargetPlatformManager: Display: Loaded TargetPlatform 'Android_DXT'
[2023.11.13-23.28.03:455][  0]LogTargetPlatformManager: Display: Loaded TargetPlatform 'Android_ETC2'
[2023.11.13-23.28.03:455][  0]LogTargetPlatformManager: Display: Loaded TargetPlatform 'AndroidClient'
[2023.11.13-23.28.03:455][  0]LogTargetPlatformManager: Display: Loaded TargetPlatform 'Android_ASTCClient'
[2023.11.13-23.28.03:455][  0]LogTargetPlatformManager: Display: Loaded TargetPlatform 'Android_DXTClient'
[2023.11.13-23.28.03:455][  0]LogTargetPlatformManager: Display: Loaded TargetPlatform 'Android_ETC2Client'
[2023.11.13-23.28.03:455][  0]LogTargetPlatformManager: Display: Loaded TargetPlatform 'Android_Multi'
[2023.11.13-23.28.03:455][  0]LogTargetPlatformManager: Display: Loaded TargetPlatform 'Android_MultiClient'
[2023.11.13-23.28.03:508][  0]LogTargetPlatformManager: Display: Loaded TargetPlatform 'IOSClient'
[2023.11.13-23.28.03:508][  0]LogTargetPlatformManager: Display: Loaded TargetPlatform 'IOS'
[2023.11.13-23.28.03:527][  0]LogTargetPlatformManager: Display: Loaded TargetPlatform 'Linux'
[2023.11.13-23.28.03:541][  0]LogTargetPlatformManager: Display: Loaded TargetPlatform 'LinuxNoEditor'
[2023.11.13-23.28.03:554][  0]LogTargetPlatformManager: Display: Loaded TargetPlatform 'LinuxClient'
[2023.11.13-23.28.03:568][  0]LogTargetPlatformManager: Display: Loaded TargetPlatform 'LinuxServer'
[2023.11.13-23.28.03:586][  0]LogTargetPlatformManager: Display: Loaded TargetPlatform 'LinuxAArch64NoEditor'
[2023.11.13-23.28.03:602][  0]LogTargetPlatformManager: Display: Loaded TargetPlatform 'LinuxAArch64Client'
[2023.11.13-23.28.03:613][  0]LogTargetPlatformManager: Display: Loaded TargetPlatform 'LinuxAArch64Server'
[2023.11.13-23.28.03:643][  0]LogTargetPlatformManager: Display: Loaded TargetPlatform 'Lumin'
[2023.11.13-23.28.03:643][  0]LogTargetPlatformManager: Display: Loaded TargetPlatform 'LuminClient'
[2023.11.13-23.28.03:662][  0]LogTargetPlatformManager: Display: Loaded TargetPlatform 'MacNoEditor'
[2023.11.13-23.28.03:677][  0]LogTargetPlatformManager: Display: Loaded TargetPlatform 'Mac'
[2023.11.13-23.28.03:690][  0]LogTargetPlatformManager: Display: Loaded TargetPlatform 'MacClient'
[2023.11.13-23.28.03:705][  0]LogTargetPlatformManager: Display: Loaded TargetPlatform 'MacServer'
[2023.11.13-23.28.03:725][  0]LogTargetPlatformManager: Display: Loaded TargetPlatform 'TVOSClient'
[2023.11.13-23.28.03:725][  0]LogTargetPlatformManager: Display: Loaded TargetPlatform 'TVOS'
[2023.11.13-23.28.03:744][  0]LogTargetPlatformManager: Display: Loaded TargetPlatform 'WindowsNoEditor'
[2023.11.13-23.28.03:760][  0]LogTargetPlatformManager: Display: Loaded TargetPlatform 'Windows'
[2023.11.13-23.28.03:776][  0]LogTargetPlatformManager: Display: Loaded TargetPlatform 'WindowsClient'
[2023.11.13-23.28.03:792][  0]LogTargetPlatformManager: Display: Loaded TargetPlatform 'WindowsServer'
[2023.11.13-23.28.03:792][  0]LogTargetPlatformManager: Display: Building Assets For Windows
[2023.11.13-23.28.03:825][  0]LogAudioDebug: Display: Lib vorbis DLL was dynamically loaded.
[2023.11.13-23.28.03:956][  0]LogTextureFormatOodle: Display: Oodle Texture 2.9.0 init RDO Off
[2023.11.13-23.28.04:096][  0]LogRendererCore: Ray tracing is disabled. Reason: r.RayTracing=0.
[2023.11.13-23.28.04:096][  0]LogShaderCompilers: Guid format shader working directory is -17 characters bigger than the processId version (../../../../../../Users/godye/Desktop/Project/ProjectYA/Client/Intermediate/Shaders/WorkingDirectory/35624/).
[2023.11.13-23.28.04:096][  0]LogShaderCompilers: Cleaned the shader compiler working directory 'C:/Users/godye/AppData/Local/Temp/UnrealShaderWorkingDir/C192B9F24627BDA1049DB4BB05F0644A/'.
[2023.11.13-23.28.04:096][  0]LogXGEController: Cannot use XGE Controller as Incredibuild is not installed on this machine.
[2023.11.13-23.28.04:097][  0]LogShaderCompilers: Cannot use XGE Shader Compiler as Incredibuild is not installed on this machine.
[2023.11.13-23.28.04:097][  0]LogShaderCompilers: Display: Using Local Shader Compiler.
[2023.11.13-23.28.04:668][  0]LogDerivedDataCache: Display: Max Cache Size: 512 MB
[2023.11.13-23.28.04:730][  0]LogDerivedDataCache: Loaded boot cache 0.06s 103MB C:/Users/godye/AppData/Local/UnrealEngine/4.27/DerivedDataCache/Boot.ddc.
[2023.11.13-23.28.04:730][  0]LogDerivedDataCache: Display: Loaded Boot cache: C:/Users/godye/AppData/Local/UnrealEngine/4.27/DerivedDataCache/Boot.ddc
[2023.11.13-23.28.04:730][  0]LogDerivedDataCache: FDerivedDataBackendGraph:  Pak pak cache file ../../../../../../Users/godye/Desktop/Project/ProjectYA/Client/DerivedDataCache/DDC.ddp not found, will not use a pak cache.
[2023.11.13-23.28.04:730][  0]LogDerivedDataCache: Unable to find inner node Pak for hierarchical cache Hierarchy.
[2023.11.13-23.28.04:730][  0]LogDerivedDataCache: FDerivedDataBackendGraph:  CompressedPak pak cache file ../../../../../../Users/godye/Desktop/Project/ProjectYA/Client/DerivedDataCache/Compressed.ddp not found, will not use a pak cache.
[2023.11.13-23.28.04:730][  0]LogDerivedDataCache: Unable to find inner node CompressedPak for hierarchical cache Hierarchy.
[2023.11.13-23.28.04:744][  0]LogDerivedDataCache: Display: Pak cache opened for reading ../../../Engine/DerivedDataCache/Compressed.ddp.
[2023.11.13-23.28.04:744][  0]LogDerivedDataCache: FDerivedDataBackendGraph:  EnterprisePak pak cache file ../../../Enterprise/DerivedDataCache/Compressed.ddp not found, will not use a pak cache.
[2023.11.13-23.28.04:744][  0]LogDerivedDataCache: Unable to find inner node EnterprisePak for hierarchical cache Hierarchy.
[2023.11.13-23.28.04:753][  0]LogDerivedDataCache: Speed tests for C:/Users/godye/AppData/Local/UnrealEngine/Common/DerivedDataCache took 0.01 seconds
[2023.11.13-23.28.04:753][  0]LogDerivedDataCache: Display: Performance to C:/Users/godye/AppData/Local/UnrealEngine/Common/DerivedDataCache: Latency=0.04ms. RandomReadSpeed=758.31MBs, RandomWriteSpeed=147.88MBs. Assigned SpeedClass 'Local'
[2023.11.13-23.28.04:755][  0]LogDerivedDataCache: Using Local data cache path C:/Users/godye/AppData/Local/UnrealEngine/Common/DerivedDataCache: Writable
[2023.11.13-23.28.04:755][  0]LogDerivedDataCache: Shared data cache path not found in *engine.ini, will not use an Shared cache.
[2023.11.13-23.28.04:755][  0]LogDerivedDataCache: Unable to find inner node Shared for hierarchical cache Hierarchy.
[2023.11.13-23.28.04:792][  0]LogSlate: Using FreeType 2.10.0
[2023.11.13-23.28.04:793][  0]LogSlate: SlateFontServices - WITH_FREETYPE: 1, WITH_HARFBUZZ: 1
[2023.11.13-23.28.04:826][  0]LogAssetRegistry: FAssetRegistry took 0.0039 seconds to start up
[2023.11.13-23.28.05:026][  0]LogInit: Selected Device Profile: [Windows]
[2023.11.13-23.28.05:026][  0]LogInit: Active device profile: [000001900D853E00][0000019003E41380 49] Windows
[2023.11.13-23.28.05:027][  0]LogInit: Profiles: [000001900D853E00][0000019003E41380 49] Windows, [000001900D800300][000001900E1D7500 49] WindowsNoEditor, [000001900D850300][000001900E1DB680 49] WindowsServer, [000001900D801600][000001900E1DF800 49] WindowsClient, [000001900D851500][000001900DF4F980 49] IOS, [000001900D802400][000001900DF5DB00 49] iPadAir, [000001900D852300][000001900DF60100 49] iPadAir2, [000001900D783D00][000001900DF683C0 49] IPadPro, [000001900D783E00][000001900DF64400 49] iPadAir3, [000001900D853900][000001900DF6C580 49] iPadAir4, [000001900D780800][000001900E63A700 49] iPadMini2, [000001900D850600][0000019003E44840 49] iPadMini3, [000001900D782D00][000001900E63E980 49] iPadMini4, [000001900D851100][000001900E678AC0 49] iPadMini5, [000001900D7C7600][000001900DFE4D80 49] iPhone6, [000001900D7C7700][000001900DFE0DC0 49] iPodTouch6, [000001900D782000][000001900DFED080 49] iPhone7, [000001900D782100][000001900DFE90C0 49] iPodTouch7, [000001900D7C4700][000001900DFF5240 49] iPhone5S, [000001900D780D00][0000019072B313C0 49] iPhone6Plus, [000001900D7C5100][0000019072B35540 49] iPhone6S, [000001900D781A00][000001900EAB96C0 49] iPhone6SPlus, [000001900D7C7400][0000019072B39840 49] iPhone7Plus, [000001900D782B00][0000019072B3D9C0 49] iPhoneSE, [000001900D7C4D00][0000019072B41B40 49] iPhone8, [000001900D783F00][0000019072B44140 49] iPhone8Plus, [000001900D7C6700][0000019072B482C0 49] iPhoneX, [000001900D782900][0000019072B4C440 49] iPhoneXS, [000001900D7C4300][0000019072B505C0 49] iPhoneXSMax, [000001900D781700][0000019072B54740 49] iPhoneXR, [000001900D7C5200][0000019072B588C0 49] iPhone11, [000001900D783A00][000001900E684A00 49] iPhone11Pro, [000001900D7C4600][0000019072B5CB40 49] iPhone11ProMax, [000001900D781B00][000001900DF2EC80 49] iPhoneSE2, [000001900D7C7800][000001900DF32DC0 49] iPhone12Mini, [000001900D782A00][000001900DF3AF40 49] iPhone12, [000001900D7C4400][000001900DF3F0C0 49] iPhone12Pro, [000001900D782400][000001900E6AB240 49] iPhone12ProMax, [000001900D7C4800][000001900CE573C0 49] iPadPro105, [000001900D782500][000001900CE5B540 49] iPadPro129, [000001900D7C7300][000001900DFF16C0 49] iPadPro97, [000001900D781D00][000001900EABD840 49] iPadPro2_129, [000001900D7C4B00][000001900DF439C0 49] iPad5, [000001900D783000][000001900DF47B40 49] iPad6, [000001900D7C5C00][0000019003D6E140 49] iPad7, [000001900D780900][0000019003D722C0 49] iPad8, [000001900D7C4900][0000019003D76440 49] iPadPro11, [000001900D783B00][0000019003D7A5C0 49] iPadPro2_11, [000001900D7C5500][0000019003D7E740 49] iPadPro3_129, [000001900D782700][0000019003D828C0 49] iPadPro4_129, [000001900D7C7C00][0000019003D86A40 49] AppleTV, [000001900D782C00][000001900DF36B80 49] AppleTV4K, [000001900D7C5F00][0000019003D8ACC0 49] TVOS, [000001900D780300][0000019003D8EE00 49] Mac, [000001900D7C6F00][0000019003D92F40 49] MacClient, [000001900D781500][000001900DEC70C0 49] MacNoEditor, [000001900D7C7900][000001900DECB240 49] MacServer, [000001900D781300][000001900DECF3C0 49] Linux, [000001900D7C6300][000001900DED3540 49] LinuxAArch64, [000001900D780F00][000001900DED76C0 49] LinuxNoEditor, [000001900D7C4200][000001900DEDB840 49] LinuxAArch64NoEditor, [000001900D780700][000001900DEDF9C0 49] LinuxClient, [000001900D7C5E00][000001900DEE3B40 49] LinuxAArch64Client, [000001900D800900][000001900DEE6140 49] LinuxServer, [000001900D891600][000001900DEEA2C0 49] LinuxAArch64Server, [000001900D801500][000001900DEEE440 49] Android, [000001900D890800][000001900DEF25C0 49] Android_Low, [000001900D801800][000001900DEF6740 49] Android_Mid, [000001900D892D00][000001900DEFA8C0 49] Android_High, [000001900D803D00][000001900DEFEA40 49] Android_Default, [000001900D893300][000001900DF02BC0 49] Android_Adreno4xx, [000001900D802F00][000001900DF06D40 49] Android_Adreno5xx_Low, [000001900D891500][000001900DEC2E80 49] Android_Adreno5xx, [000001900D802B00][000001900DF0AFC0 49] Android_Adreno6xx, [000001900D891200][000001900DF0F100 49] Android_Adreno6xx_Vulkan, [000001900D800700][000001900DF17280 49] Android_Mali_T6xx, [000001900D890400][000001900DF1B400 49] Android_Mali_T7xx, [000001900D801C00][000001900DF1F580 49] Android_Mali_T8xx, [000001900D892E00][000001900DF23700 49] Android_Mali_G71, [000001900D800A00][000001900DF27880 49] Android_Mali_G72, [000001900D891100][000001900DF2BA00 49] Android_Mali_G72_Vulkan, [000001900D800200][000001900DF71B80 49] Android_Mali_G76, [000001900D890B00][000001900DF74180 49] Android_Mali_G76_Vulkan, [000001900D801900][000001900DF78300 49] Android_Mali_G77, [000001900D892800][000001900DF7C480 49] Android_Mali_G77_Vulkan, [000001900D7C6200][000001900DF80600 49] Android_Mali_G78, [000001900D891B00][000001900DF84780 49] Android_Mali_G78_Vulkan, [000001900D7C6500][000001900DF88900 49] Android_Mali_G710, [000001900D890300][000001900DF8CAC0 49] Android_Mali_G710_Vulkan, [000001900D7C6600][000001900DF90C40 49] Android_Vulkan_SM5, [000001900D892F00][000001900DF94DC0 49] Android_PowerVR_G6xxx, [000001900D7C6100][000001900DF98F40 49] Android_PowerVR_GT7xxx, [000001900D892400][000001900DF13080 49] Android_PowerVR_GE8xxx, [000001900D7C6900][000001900DF9D1C0 49] Android_PowerVR_GM9xxx, [000001900D893900][000001900DFA1300 49] Android_PowerVR_GM9xxx_Vulkan, [000001900D7C7A00][000001900DFA9480 49] Android_TegraK1, [000001900D890A00][000001900DFAD600 49] Android_Unknown_Vulkan, [000001900D7C7E00][000001900DFB1780 49] Lumin, [000001900D892300][000001900DFB5900 49] Lumin_Desktop, [000001900D7C5D00][000001900DFB9A80 49] HoloLens, 
[2023.11.13-23.28.05:221][  0]LogMeshReduction: Using QuadricMeshReduction for automatic static mesh reduction
[2023.11.13-23.28.05:221][  0]LogMeshReduction: Using SimplygonMeshReduction for automatic skeletal mesh reduction
[2023.11.13-23.28.05:221][  0]LogMeshReduction: Using ProxyLODMeshReduction for automatic mesh merging
[2023.11.13-23.28.05:221][  0]LogMeshReduction: No distributed automatic mesh merging module available
[2023.11.13-23.28.05:221][  0]LogMeshMerging: No distributed automatic mesh merging module available
[2023.11.13-23.28.05:250][  0]LogNetVersion: Client 1.0.0, NetCL: 17155196, EngineNetVer: 17, GameNetVer: 0 (Checksum: 356464601)
[2023.11.13-23.28.05:563][  0]LogTexture: Default maximum texture size for cubemaps generated from long-lat sources has been changed from 512 to unlimited. In order to preserve old behaiour for '/Engine/MapTemplates/Sky/DaylightAmbientCubemap.DaylightAmbientCubemap', its maximum texture size has been explicitly set to 512.
[2023.11.13-23.28.05:620][  0]LogHMD: PokeAHoleMaterial loaded successfully
[2023.11.13-23.28.05:626][  0]LogUObjectArray: 17178 objects as part of root set at end of initial load.
[2023.11.13-23.28.05:626][  0]LogUObjectAllocator: 4302048 out of 0 bytes used by permanent object pool.
[2023.11.13-23.28.05:626][  0]LogUObjectArray: CloseDisregardForGC: 0/0 objects in disregard for GC pool
[2023.11.13-23.28.06:419][  0]LogNiagaraDebuggerClient: Niagara Debugger Client Initialized | Session: 3FD285BC40F647ADB5C0C68847AB57EB | Instance: 1C26A19D4107E25B592AB2B0917CEB76 (SANGGEUN-35624).
[2023.11.13-23.28.06:515][  0]LogPython: Using Python 3.7.7
[2023.11.13-23.28.07:171][  0]LogTcpMessaging: Initializing TcpMessaging bridge
[2023.11.13-23.28.07:186][  0]LogUdpMessaging: Initializing bridge on interface 0.0.0.0:0 to multicast group 230.0.0.1:6666.
[2023.11.13-23.28.07:737][  0]SourceControl: 소스 컨트롤이 꺼졌습니다.
[2023.11.13-23.28.07:737][  0]SourceControl: 소스 컨트롤이 꺼졌습니다.
[2023.11.13-23.28.07:753][  0]SourceControl: 소스 컨트롤이 꺼졌습니다.
[2023.11.13-23.28.07:767][  0]SourceControl: 소스 컨트롤이 꺼졌습니다.
[2023.11.13-23.28.07:811][  0]SourceControl: 소스 컨트롤이 꺼졌습니다.
[2023.11.13-23.28.07:836][  0]LogUProjectInfo: Found projects:
[2023.11.13-23.28.08:496][  0]LogOpenImageDenoise: OIDN starting up
[2023.11.13-23.28.08:658][  0]LogAndroidPermission: UAndroidPermissionCallbackProxy::GetInstance
[2023.11.13-23.28.08:743][  0]LogAudioCaptureCore: Display: No Audio Capture implementations found. Audio input will be silent.
[2023.11.13-23.28.08:743][  0]LogAudioCaptureCore: Display: No Audio Capture implementations found. Audio input will be silent.
[2023.11.13-23.28.08:999][  0]LogCollectionManager: Loaded 0 collections in 0.002242 seconds
[2023.11.13-23.28.09:063][  0]LogFileCache: Scanning file cache for directory 'C:/Users/godye/Desktop/Project/ProjectYA/Client/Saved/Collections/' took 0.00s
[2023.11.13-23.28.09:063][  0]LogFileCache: Scanning file cache for directory 'C:/Users/godye/Desktop/Project/ProjectYA/Client/Content/Developers/godye/Collections/' took 0.00s
[2023.11.13-23.28.09:063][  0]LogFileCache: Scanning file cache for directory 'C:/Users/godye/Desktop/Project/ProjectYA/Client/Content/Collections/' took 0.00s
[2023.11.13-23.28.09:063][  0]LogOcInput: OculusInput pre-init called
[2023.11.13-23.28.09:329][  0]LogEngine: Initializing Engine...
[2023.11.13-23.28.09:332][  0]LogHMD: Failed to enumerate extensions. Please check that you have a valid OpenXR runtime installed.
[2023.11.13-23.28.09:333][  0]LogHMD: Failed to initialize OpenVR with code 110
[2023.11.13-23.28.09:333][  0]LogMagicLeap: Warning: VR disabled because ZI is not enabled.  To enable, in the editor, Edit -> Project Settings -> Plugins -> Magic Leap Plugin -> Enable Zero Iteration
[2023.11.13-23.28.09:333][  0]LogStats: UGameplayTagsManager::InitializeManager -  0.000 s
[2023.11.13-23.28.09:431][  0]LogInit: Initializing FReadOnlyCVARCache
[2023.11.13-23.28.09:450][  0]LogAIModule: Creating AISystem for world Untitled
[2023.11.13-23.28.09:457][  0]LogAudio: Display: Initializing Audio Device Manager...
[2023.11.13-23.28.09:471][  0]LogAudio: Display: Loading Default Audio Settings Objects...
[2023.11.13-23.28.09:471][  0]LogAudio: Display: No default SoundConcurrencyObject specified (or failed to load).
[2023.11.13-23.28.09:472][  0]LogAudio: Display: Audio Device Manager Initialized
[2023.11.13-23.28.09:472][  0]LogAudio: Display: Creating Audio Device:                 Id: 1, Scope: Shared, Realtime: True
[2023.11.13-23.28.09:472][  0]LogAudioMixer: Display: Audio Mixer Platform Settings:
[2023.11.13-23.28.09:472][  0]LogAudioMixer: Display: 	Sample Rate:						  48000
[2023.11.13-23.28.09:472][  0]LogAudioMixer: Display: 	Callback Buffer Frame Size Requested: 1024
[2023.11.13-23.28.09:472][  0]LogAudioMixer: Display: 	Callback Buffer Frame Size To Use:	  1024
[2023.11.13-23.28.09:472][  0]LogAudioMixer: Display: 	Number of buffers to queue:			  2
[2023.11.13-23.28.09:472][  0]LogAudioMixer: Display: 	Max Channels (voices):				  32
[2023.11.13-23.28.09:472][  0]LogAudioMixer: Display: 	Number of Async Source Workers:		  0
[2023.11.13-23.28.09:472][  0]LogAudio: Display: AudioDevice MaxSources: 32
[2023.11.13-23.28.09:472][  0]LogAudio: Display: Audio Spatialization Plugin: None (built-in).
[2023.11.13-23.28.09:472][  0]LogAudio: Display: Audio Reverb Plugin: None (built-in).
[2023.11.13-23.28.09:472][  0]LogAudio: Display: Audio Occlusion Plugin: None (built-in).
[2023.11.13-23.28.09:473][  0]LogAudioMixer: Display: Initializing audio mixer.
[2023.11.13-23.28.09:499][  0]LogAudioMixer: Display: 0: FrontLeft
[2023.11.13-23.28.09:499][  0]LogAudioMixer: Display: 1: FrontRight
[2023.11.13-23.28.09:543][  0]LogAudioMixer: Display: Using Audio Device 스피커(Realtek High Definition Audio)
[2023.11.13-23.28.09:544][  0]LogAudioMixer: Display: Initializing Sound Submixes...
[2023.11.13-23.28.09:547][  0]LogAudioMixer: Display: Creating Master Submix 'MasterSubmixDefault'
[2023.11.13-23.28.09:547][  0]LogAudioMixer: Display: Creating Master Submix 'MasterReverbSubmixDefault'
[2023.11.13-23.28.09:548][  0]LogAudioMixer: Display: Creating Master Submix 'MasterEQSubmixDefault'
[2023.11.13-23.28.09:548][  0]LogAudioMixer: FMixerPlatformXAudio2::StartAudioStream() called
[2023.11.13-23.28.09:548][  0]LogAudioMixer: Display: Output buffers initialized: Frames=1024, Channels=2, Samples=2048
[2023.11.13-23.28.09:549][  0]LogAudioMixer: Display: Starting AudioMixerPlatformInterface::RunInternal()
[2023.11.13-23.28.09:549][  0]LogAudioMixer: Display: FMixerPlatformXAudio2::SubmitBuffer() called for the first time
[2023.11.13-23.28.09:549][  0]LogInit: FAudioDevice initialized.
[2023.11.13-23.28.09:550][  0]LogAudio: Display: Audio Device (ID: 1) registered with world 'Untitled'.
[2023.11.13-23.28.09:550][  0]LogNetVersion: Set ProjectVersion to 1.0.0.0. Version Checksum will be recalculated on next use.
[2023.11.13-23.28.09:630][  0]LogDerivedDataCache: Saved boot cache 0.08s 103MB C:/Users/godye/AppData/Local/UnrealEngine/4.27/DerivedDataCache/Boot.ddc.
[2023.11.13-23.28.09:633][  0]LogInit: Texture streaming: Enabled
[2023.11.13-23.28.09:674][  0]LogAnalytics: Display: [UEEditor.Rocket.Release] APIServer = https://datarouter.ol.epicgames.com/. AppVersion = 4.27.2-18319896+++UE4+Release-4.27
[2023.11.13-23.28.09:689][  0]LogEngineSessionManager: EngineSessionManager initialized
[2023.11.13-23.28.09:689][  0]LogEditorSessionSummary: Verbose: Initializing EditorSessionSummaryWriter for editor session tracking
[2023.11.13-23.28.09:693][  0]LogEditorSessionSummary: EditorSessionSummaryWriter initialized
[2023.11.13-23.28.09:735][  0]LogInit: Transaction tracking system initialized
[2023.11.13-23.28.09:819][  0]BlueprintLog: New page: 에디터 로드
[2023.11.13-23.28.10:039][  0]LocalizationService: 현지화 서비스가 비활성화되었습니다.
[2023.11.13-23.28.10:126][  0]TimingProfiler: Initialize
[2023.11.13-23.28.10:126][  0]TimingProfiler: OnSessionChanged
[2023.11.13-23.28.10:126][  0]LoadingProfiler: Initialize
[2023.11.13-23.28.10:127][  0]LoadingProfiler: OnSessionChanged
[2023.11.13-23.28.10:127][  0]NetworkingProfiler: Initialize
[2023.11.13-23.28.10:127][  0]NetworkingProfiler: OnSessionChanged
[2023.11.13-23.28.10:127][  0]MemoryProfiler: Initialize
[2023.11.13-23.28.10:127][  0]MemoryProfiler: OnSessionChanged
[2023.11.13-23.28.10:361][  0]LogCook: Display: CookSettings for Memory: MemoryMaxUsedVirtual 0MiB, MemoryMaxUsedPhysical 16384MiB, MemoryMinFreeVirtual 0MiB, MemoryMinFreePhysical 1024MiB
[2023.11.13-23.28.10:361][  0]LogCook: Display: Mobile HDR setting 1
[2023.11.13-23.28.10:896][  0]LogFileCache: Scanning file cache for directory 'C:/Users/godye/Desktop/Project/ProjectYA/Client/Content/' took 0.00s
[2023.11.13-23.28.11:084][  0]LogInit: Display: Engine is initialized. Leaving FEngineLoop::Init()
[2023.11.13-23.28.11:088][  0]SourceControl: 소스 컨트롤이 꺼졌습니다.
[2023.11.13-23.28.11:088][  0]LogUnrealEdMisc: Loading editor; pre map load, took 11.125
[2023.11.13-23.28.11:088][  0]Cmd: MAP LOAD FILE="../../../../../../Users/godye/Desktop/Project/ProjectYA/Client/Content/StarterContent/Maps/Minimal_Default.umap" TEMPLATE=0 SHOWPROGRESS=1 FEATURELEVEL=3
[2023.11.13-23.28.11:088][  0]LightingResults: New page: 라이팅 빌드
[2023.11.13-23.28.11:089][  0]LogWorld: UWorld::CleanupWorld for Untitled, bSessionEnded=true, bCleanupResources=true
[2023.11.13-23.28.11:090][  0]LogSlate: InvalidateAllWidgets triggered.  All widgets were invalidated
[2023.11.13-23.28.11:090][  0]MapCheck: New page: 맵 체크
[2023.11.13-23.28.11:090][  0]LightingResults: New page: 라이팅 빌드
[2023.11.13-23.28.11:102][  0]LogAudio: Display: Audio Device unregistered from world 'None'.
[2023.11.13-23.28.11:105][  0]LogUObjectHash: Compacting FUObjectHashTables data took   0.63ms
[2023.11.13-23.28.11:171][  0]LogTexture: Display: 텍스처 빌드: DeprecatedTextureD6C57B644F03DADF4F2699848FAEA3C3 (BGRA8, 128X128)
[2023.11.13-23.28.11:175][  0]LogTexture: Display: 텍스처 빌드: DeprecatedTexture8D91C9AE4C6B8D628CDA3C848426284A (BGRA8, 128X128)
[2023.11.13-23.28.11:209][  0]LogAudio: Display: Audio Device (ID: 1) registered with world 'Minimal_Default'.
[2023.11.13-23.28.11:210][  0]LogAIModule: Creating AISystem for world Minimal_Default
[2023.11.13-23.28.11:220][  0]LogEditorServer: Finished looking for orphan Actors (0.000 secs)
[2023.11.13-23.28.11:224][  0]LogUObjectHash: Compacting FUObjectHashTables data took   0.64ms
[2023.11.13-23.28.11:224][  0]Cmd: MAP CHECKDEP NOCLEARLOG
[2023.11.13-23.28.11:225][  0]MapCheck: 맵 체크 완료: 오류 0 회, 경고 0 회, 소요 시간 0.147ms.
[2023.11.13-23.28.11:225][  0]LogFileHelpers: Loading map 'Minimal_Default' took 0.137
[2023.11.13-23.28.11:227][  0]LogUnrealEdMisc: Total Editor Startup Time, took 11.264
[2023.11.13-23.28.11:303][  0]LogWindowsTextInputMethodSystem: Display: IME system activated using TSF (Microsoft 입력기).
[2023.11.13-23.28.11:369][  0]LogSlate: Updating window title bar state: overlay mode, drag disabled, window buttons hidden, title bar hidden
[2023.11.13-23.28.11:374][  0]LogSlate: Updating window title bar state: overlay mode, drag disabled, window buttons hidden, title bar hidden
[2023.11.13-23.28.11:381][  0]LogSlate: Updating window title bar state: overlay mode, drag disabled, window buttons hidden, title bar hidden
[2023.11.13-23.28.11:386][  0]LogSlate: Updating window title bar state: overlay mode, drag disabled, window buttons hidden, title bar hidden
[2023.11.13-23.28.11:400][  0]LogNativeClassHierarchy: Verbose: Native class hierarchy populated in 0.0095 seconds. Added 3824 classes and 930 folders.
[2023.11.13-23.28.11:403][  0]LogNativeClassHierarchy: Verbose: Native class hierarchy updated for 'WidgetCarousel' in 0.0003 seconds. Added 0 classes and 0 folders.
[2023.11.13-23.28.11:405][  0]LogPakFile: PakFile PrimaryIndexSize=187
[2023.11.13-23.28.11:405][  0]LogPakFile: PakFile PathHashIndexSize=101
[2023.11.13-23.28.11:405][  0]LogPakFile: PakFile FullDirectoryIndexSize=148
[2023.11.13-23.28.11:405][  0]LogShaderLibrary: Display: ShaderCodeLibraryPakFileMountedCallback: PakFile 'C:/Program Files/Epic Games/UE_4.27/FeaturePacks/FP_FirstPerson.upack' (chunk index -1, root 'root:/') mounted
[2023.11.13-23.28.11:405][  0]LogShaderLibrary: Display: ShaderCodeLibraryPakFileMountedCallback: pending pak file info (ChunkID:-1 Root:root:/ File:C:/Program Files/Epic Games/UE_4.27/FeaturePacks/FP_FirstPerson.upack)
[2023.11.13-23.28.11:405][  0]LogPakFile: OnPakFileMounted2Time == 0.000165
[2023.11.13-23.28.11:406][  0]LogPakFile: PakFile PrimaryIndexSize=189
[2023.11.13-23.28.11:406][  0]LogPakFile: PakFile PathHashIndexSize=101
[2023.11.13-23.28.11:406][  0]LogPakFile: PakFile FullDirectoryIndexSize=152
[2023.11.13-23.28.11:406][  0]LogShaderLibrary: Display: ShaderCodeLibraryPakFileMountedCallback: PakFile 'C:/Program Files/Epic Games/UE_4.27/FeaturePacks/FP_FirstPersonBP.upack' (chunk index -1, root 'root:/') mounted
[2023.11.13-23.28.11:406][  0]LogShaderLibrary: Display: ShaderCodeLibraryPakFileMountedCallback: pending pak file info (ChunkID:-1 Root:root:/ File:C:/Program Files/Epic Games/UE_4.27/FeaturePacks/FP_FirstPersonBP.upack)
[2023.11.13-23.28.11:406][  0]LogPakFile: OnPakFileMounted2Time == 0.000135
[2023.11.13-23.28.11:406][  0]LogPakFile: PakFile PrimaryIndexSize=191
[2023.11.13-23.28.11:406][  0]LogPakFile: PakFile PathHashIndexSize=101
[2023.11.13-23.28.11:406][  0]LogPakFile: PakFile FullDirectoryIndexSize=160
[2023.11.13-23.28.11:406][  0]LogShaderLibrary: Display: ShaderCodeLibraryPakFileMountedCallback: PakFile 'C:/Program Files/Epic Games/UE_4.27/FeaturePacks/MobileStarterContent.upack' (chunk index -1, root 'root:/') mounted
[2023.11.13-23.28.11:406][  0]LogShaderLibrary: Display: ShaderCodeLibraryPakFileMountedCallback: pending pak file info (ChunkID:-1 Root:root:/ File:C:/Program Files/Epic Games/UE_4.27/FeaturePacks/MobileStarterContent.upack)
[2023.11.13-23.28.11:407][  0]LogPakFile: OnPakFileMounted2Time == 0.000110
[2023.11.13-23.28.11:408][  0]LogPakFile: PakFile PrimaryIndexSize=185
[2023.11.13-23.28.11:408][  0]LogPakFile: PakFile PathHashIndexSize=101
[2023.11.13-23.28.11:408][  0]LogPakFile: PakFile FullDirectoryIndexSize=148
[2023.11.13-23.28.11:408][  0]LogShaderLibrary: Display: ShaderCodeLibraryPakFileMountedCallback: PakFile 'C:/Program Files/Epic Games/UE_4.27/FeaturePacks/StarterContent.upack' (chunk index -1, root 'root:/') mounted
[2023.11.13-23.28.11:408][  0]LogShaderLibrary: Display: ShaderCodeLibraryPakFileMountedCallback: pending pak file info (ChunkID:-1 Root:root:/ File:C:/Program Files/Epic Games/UE_4.27/FeaturePacks/StarterContent.upack)
[2023.11.13-23.28.11:408][  0]LogPakFile: OnPakFileMounted2Time == 0.000131
[2023.11.13-23.28.11:409][  0]LogPakFile: PakFile PrimaryIndexSize=190
[2023.11.13-23.28.11:409][  0]LogPakFile: PakFile PathHashIndexSize=101
[2023.11.13-23.28.11:409][  0]LogPakFile: PakFile FullDirectoryIndexSize=154
[2023.11.13-23.28.11:409][  0]LogShaderLibrary: Display: ShaderCodeLibraryPakFileMountedCallback: PakFile 'C:/Program Files/Epic Games/UE_4.27/FeaturePacks/TP_2DSideScroller.upack' (chunk index -1, root 'root:/') mounted
[2023.11.13-23.28.11:409][  0]LogShaderLibrary: Display: ShaderCodeLibraryPakFileMountedCallback: pending pak file info (ChunkID:-1 Root:root:/ File:C:/Program Files/Epic Games/UE_4.27/FeaturePacks/TP_2DSideScroller.upack)
[2023.11.13-23.28.11:409][  0]LogPakFile: OnPakFileMounted2Time == 0.000130
[2023.11.13-23.28.11:410][  0]LogPakFile: PakFile PrimaryIndexSize=192
[2023.11.13-23.28.11:410][  0]LogPakFile: PakFile PathHashIndexSize=101
[2023.11.13-23.28.11:410][  0]LogPakFile: PakFile FullDirectoryIndexSize=158
[2023.11.13-23.28.11:410][  0]LogShaderLibrary: Display: ShaderCodeLibraryPakFileMountedCallback: PakFile 'C:/Program Files/Epic Games/UE_4.27/FeaturePacks/TP_2DSideScrollerBP.upack' (chunk index -1, root 'root:/') mounted
[2023.11.13-23.28.11:410][  0]LogShaderLibrary: Display: ShaderCodeLibraryPakFileMountedCallback: pending pak file info (ChunkID:-1 Root:root:/ File:C:/Program Files/Epic Games/UE_4.27/FeaturePacks/TP_2DSideScrollerBP.upack)
[2023.11.13-23.28.11:410][  0]LogPakFile: OnPakFileMounted2Time == 0.000110
[2023.11.13-23.28.11:411][  0]LogPakFile: PakFile PrimaryIndexSize=182
[2023.11.13-23.28.11:411][  0]LogPakFile: PakFile PathHashIndexSize=101
[2023.11.13-23.28.11:411][  0]LogPakFile: PakFile FullDirectoryIndexSize=138
[2023.11.13-23.28.11:411][  0]LogShaderLibrary: Display: ShaderCodeLibraryPakFileMountedCallback: PakFile 'C:/Program Files/Epic Games/UE_4.27/FeaturePacks/TP_Flying.upack' (chunk index -1, root 'root:/') mounted
[2023.11.13-23.28.11:411][  0]LogShaderLibrary: Display: ShaderCodeLibraryPakFileMountedCallback: pending pak file info (ChunkID:-1 Root:root:/ File:C:/Program Files/Epic Games/UE_4.27/FeaturePacks/TP_Flying.upack)
[2023.11.13-23.28.11:411][  0]LogPakFile: OnPakFileMounted2Time == 0.000116
[2023.11.13-23.28.11:412][  0]LogPakFile: PakFile PrimaryIndexSize=184
[2023.11.13-23.28.11:412][  0]LogPakFile: PakFile PathHashIndexSize=101
[2023.11.13-23.28.11:412][  0]LogPakFile: PakFile FullDirectoryIndexSize=142
[2023.11.13-23.28.11:412][  0]LogShaderLibrary: Display: ShaderCodeLibraryPakFileMountedCallback: PakFile 'C:/Program Files/Epic Games/UE_4.27/FeaturePacks/TP_FlyingBP.upack' (chunk index -1, root 'root:/') mounted
[2023.11.13-23.28.11:412][  0]LogShaderLibrary: Display: ShaderCodeLibraryPakFileMountedCallback: pending pak file info (ChunkID:-1 Root:root:/ File:C:/Program Files/Epic Games/UE_4.27/FeaturePacks/TP_FlyingBP.upack)
[2023.11.13-23.28.11:412][  0]LogPakFile: OnPakFileMounted2Time == 0.000112
[2023.11.13-23.28.11:412][  0]LogPakFile: PakFile PrimaryIndexSize=188
[2023.11.13-23.28.11:413][  0]LogPakFile: PakFile PathHashIndexSize=101
[2023.11.13-23.28.11:413][  0]LogPakFile: PakFile FullDirectoryIndexSize=150
[2023.11.13-23.28.11:413][  0]LogShaderLibrary: Display: ShaderCodeLibraryPakFileMountedCallback: PakFile 'C:/Program Files/Epic Games/UE_4.27/FeaturePacks/TP_HandheldARBP.upack' (chunk index -1, root 'root:/') mounted
[2023.11.13-23.28.11:413][  0]LogShaderLibrary: Display: ShaderCodeLibraryPakFileMountedCallback: pending pak file info (ChunkID:-1 Root:root:/ File:C:/Program Files/Epic Games/UE_4.27/FeaturePacks/TP_HandheldARBP.upack)
[2023.11.13-23.28.11:413][  0]LogPakFile: OnPakFileMounted2Time == 0.000119
[2023.11.13-23.28.11:414][  0]LogPakFile: PakFile PrimaryIndexSize=182
[2023.11.13-23.28.11:414][  0]LogPakFile: PakFile PathHashIndexSize=101
[2023.11.13-23.28.11:414][  0]LogPakFile: PakFile FullDirectoryIndexSize=138
[2023.11.13-23.28.11:414][  0]LogShaderLibrary: Display: ShaderCodeLibraryPakFileMountedCallback: PakFile 'C:/Program Files/Epic Games/UE_4.27/FeaturePacks/TP_Puzzle.upack' (chunk index -1, root 'root:/') mounted
[2023.11.13-23.28.11:414][  0]LogShaderLibrary: Display: ShaderCodeLibraryPakFileMountedCallback: pending pak file info (ChunkID:-1 Root:root:/ File:C:/Program Files/Epic Games/UE_4.27/FeaturePacks/TP_Puzzle.upack)
[2023.11.13-23.28.11:414][  0]LogPakFile: OnPakFileMounted2Time == 0.000117
[2023.11.13-23.28.11:415][  0]LogPakFile: PakFile PrimaryIndexSize=184
[2023.11.13-23.28.11:415][  0]LogPakFile: PakFile PathHashIndexSize=101
[2023.11.13-23.28.11:415][  0]LogPakFile: PakFile FullDirectoryIndexSize=142
[2023.11.13-23.28.11:415][  0]LogShaderLibrary: Display: ShaderCodeLibraryPakFileMountedCallback: PakFile 'C:/Program Files/Epic Games/UE_4.27/FeaturePacks/TP_PuzzleBP.upack' (chunk index -1, root 'root:/') mounted
[2023.11.13-23.28.11:415][  0]LogShaderLibrary: Display: ShaderCodeLibraryPakFileMountedCallback: pending pak file info (ChunkID:-1 Root:root:/ File:C:/Program Files/Epic Games/UE_4.27/FeaturePacks/TP_PuzzleBP.upack)
[2023.11.13-23.28.11:415][  0]LogPakFile: OnPakFileMounted2Time == 0.000119
[2023.11.13-23.28.11:416][  0]LogPakFile: PakFile PrimaryIndexSize=183
[2023.11.13-23.28.11:416][  0]LogPakFile: PakFile PathHashIndexSize=101
[2023.11.13-23.28.11:416][  0]LogPakFile: PakFile FullDirectoryIndexSize=140
[2023.11.13-23.28.11:416][  0]LogShaderLibrary: Display: ShaderCodeLibraryPakFileMountedCallback: PakFile 'C:/Program Files/Epic Games/UE_4.27/FeaturePacks/TP_Rolling.upack' (chunk index -1, root 'root:/') mounted
[2023.11.13-23.28.11:416][  0]LogShaderLibrary: Display: ShaderCodeLibraryPakFileMountedCallback: pending pak file info (ChunkID:-1 Root:root:/ File:C:/Program Files/Epic Games/UE_4.27/FeaturePacks/TP_Rolling.upack)
[2023.11.13-23.28.11:416][  0]LogPakFile: OnPakFileMounted2Time == 0.000124
[2023.11.13-23.28.11:417][  0]LogPakFile: PakFile PrimaryIndexSize=185
[2023.11.13-23.28.11:417][  0]LogPakFile: PakFile PathHashIndexSize=101
[2023.11.13-23.28.11:417][  0]LogPakFile: PakFile FullDirectoryIndexSize=144
[2023.11.13-23.28.11:417][  0]LogShaderLibrary: Display: ShaderCodeLibraryPakFileMountedCallback: PakFile 'C:/Program Files/Epic Games/UE_4.27/FeaturePacks/TP_RollingBP.upack' (chunk index -1, root 'root:/') mounted
[2023.11.13-23.28.11:418][  0]LogShaderLibrary: Display: ShaderCodeLibraryPakFileMountedCallback: pending pak file info (ChunkID:-1 Root:root:/ File:C:/Program Files/Epic Games/UE_4.27/FeaturePacks/TP_RollingBP.upack)
[2023.11.13-23.28.11:418][  0]LogPakFile: OnPakFileMounted2Time == 0.000400
[2023.11.13-23.28.11:419][  0]LogPakFile: PakFile PrimaryIndexSize=188
[2023.11.13-23.28.11:419][  0]LogPakFile: PakFile PathHashIndexSize=101
[2023.11.13-23.28.11:419][  0]LogPakFile: PakFile FullDirectoryIndexSize=150
[2023.11.13-23.28.11:419][  0]LogShaderLibrary: Display: ShaderCodeLibraryPakFileMountedCallback: PakFile 'C:/Program Files/Epic Games/UE_4.27/FeaturePacks/TP_SideScroller.upack' (chunk index -1, root 'root:/') mounted
[2023.11.13-23.28.11:419][  0]LogShaderLibrary: Display: ShaderCodeLibraryPakFileMountedCallback: pending pak file info (ChunkID:-1 Root:root:/ File:C:/Program Files/Epic Games/UE_4.27/FeaturePacks/TP_SideScroller.upack)
[2023.11.13-23.28.11:419][  0]LogPakFile: OnPakFileMounted2Time == 0.000097
[2023.11.13-23.28.11:420][  0]LogPakFile: PakFile PrimaryIndexSize=190
[2023.11.13-23.28.11:420][  0]LogPakFile: PakFile PathHashIndexSize=101
[2023.11.13-23.28.11:420][  0]LogPakFile: PakFile FullDirectoryIndexSize=154
[2023.11.13-23.28.11:420][  0]LogShaderLibrary: Display: ShaderCodeLibraryPakFileMountedCallback: PakFile 'C:/Program Files/Epic Games/UE_4.27/FeaturePacks/TP_SideScrollerBP.upack' (chunk index -1, root 'root:/') mounted
[2023.11.13-23.28.11:420][  0]LogShaderLibrary: Display: ShaderCodeLibraryPakFileMountedCallback: pending pak file info (ChunkID:-1 Root:root:/ File:C:/Program Files/Epic Games/UE_4.27/FeaturePacks/TP_SideScrollerBP.upack)
[2023.11.13-23.28.11:420][  0]LogPakFile: OnPakFileMounted2Time == 0.000125
[2023.11.13-23.28.11:421][  0]LogPakFile: PakFile PrimaryIndexSize=187
[2023.11.13-23.28.11:421][  0]LogPakFile: PakFile PathHashIndexSize=101
[2023.11.13-23.28.11:421][  0]LogPakFile: PakFile FullDirectoryIndexSize=148
[2023.11.13-23.28.11:421][  0]LogShaderLibrary: Display: ShaderCodeLibraryPakFileMountedCallback: PakFile 'C:/Program Files/Epic Games/UE_4.27/FeaturePacks/TP_ThirdPerson.upack' (chunk index -1, root 'root:/') mounted
[2023.11.13-23.28.11:421][  0]LogShaderLibrary: Display: ShaderCodeLibraryPakFileMountedCallback: pending pak file info (ChunkID:-1 Root:root:/ File:C:/Program Files/Epic Games/UE_4.27/FeaturePacks/TP_ThirdPerson.upack)
[2023.11.13-23.28.11:421][  0]LogPakFile: OnPakFileMounted2Time == 0.000116
[2023.11.13-23.28.11:422][  0]LogPakFile: PakFile PrimaryIndexSize=189
[2023.11.13-23.28.11:422][  0]LogPakFile: PakFile PathHashIndexSize=101
[2023.11.13-23.28.11:422][  0]LogPakFile: PakFile FullDirectoryIndexSize=152
[2023.11.13-23.28.11:422][  0]LogShaderLibrary: Display: ShaderCodeLibraryPakFileMountedCallback: PakFile 'C:/Program Files/Epic Games/UE_4.27/FeaturePacks/TP_ThirdPersonBP.upack' (chunk index -1, root 'root:/') mounted
[2023.11.13-23.28.11:422][  0]LogShaderLibrary: Display: ShaderCodeLibraryPakFileMountedCallback: pending pak file info (ChunkID:-1 Root:root:/ File:C:/Program Files/Epic Games/UE_4.27/FeaturePacks/TP_ThirdPersonBP.upack)
[2023.11.13-23.28.11:422][  0]LogPakFile: OnPakFileMounted2Time == 0.000106
[2023.11.13-23.28.11:423][  0]LogPakFile: PakFile PrimaryIndexSize=183
[2023.11.13-23.28.11:423][  0]LogPakFile: PakFile PathHashIndexSize=101
[2023.11.13-23.28.11:423][  0]LogPakFile: PakFile FullDirectoryIndexSize=140
[2023.11.13-23.28.11:423][  0]LogShaderLibrary: Display: ShaderCodeLibraryPakFileMountedCallback: PakFile 'C:/Program Files/Epic Games/UE_4.27/FeaturePacks/TP_TopDown.upack' (chunk index -1, root 'root:/') mounted
[2023.11.13-23.28.11:423][  0]LogShaderLibrary: Display: ShaderCodeLibraryPakFileMountedCallback: pending pak file info (ChunkID:-1 Root:root:/ File:C:/Program Files/Epic Games/UE_4.27/FeaturePacks/TP_TopDown.upack)
[2023.11.13-23.28.11:423][  0]LogPakFile: OnPakFileMounted2Time == 0.000123
[2023.11.13-23.28.11:424][  0]LogPakFile: PakFile PrimaryIndexSize=185
[2023.11.13-23.28.11:424][  0]LogPakFile: PakFile PathHashIndexSize=101
[2023.11.13-23.28.11:424][  0]LogPakFile: PakFile FullDirectoryIndexSize=144
[2023.11.13-23.28.11:424][  0]LogShaderLibrary: Display: ShaderCodeLibraryPakFileMountedCallback: PakFile 'C:/Program Files/Epic Games/UE_4.27/FeaturePacks/TP_TopDownBP.upack' (chunk index -1, root 'root:/') mounted
[2023.11.13-23.28.11:424][  0]LogShaderLibrary: Display: ShaderCodeLibraryPakFileMountedCallback: pending pak file info (ChunkID:-1 Root:root:/ File:C:/Program Files/Epic Games/UE_4.27/FeaturePacks/TP_TopDownBP.upack)
[2023.11.13-23.28.11:424][  0]LogPakFile: OnPakFileMounted2Time == 0.000108
[2023.11.13-23.28.11:425][  0]LogPakFile: PakFile PrimaryIndexSize=185
[2023.11.13-23.28.11:425][  0]LogPakFile: PakFile PathHashIndexSize=101
[2023.11.13-23.28.11:425][  0]LogPakFile: PakFile FullDirectoryIndexSize=144
[2023.11.13-23.28.11:425][  0]LogShaderLibrary: Display: ShaderCodeLibraryPakFileMountedCallback: PakFile 'C:/Program Files/Epic Games/UE_4.27/FeaturePacks/TP_TwinStick.upack' (chunk index -1, root 'root:/') mounted
[2023.11.13-23.28.11:425][  0]LogShaderLibrary: Display: ShaderCodeLibraryPakFileMountedCallback: pending pak file info (ChunkID:-1 Root:root:/ File:C:/Program Files/Epic Games/UE_4.27/FeaturePacks/TP_TwinStick.upack)
[2023.11.13-23.28.11:425][  0]LogPakFile: OnPakFileMounted2Time == 0.000110
[2023.11.13-23.28.11:426][  0]LogPakFile: PakFile PrimaryIndexSize=187
[2023.11.13-23.28.11:426][  0]LogPakFile: PakFile PathHashIndexSize=101
[2023.11.13-23.28.11:426][  0]LogPakFile: PakFile FullDirectoryIndexSize=148
[2023.11.13-23.28.11:426][  0]LogShaderLibrary: Display: ShaderCodeLibraryPakFileMountedCallback: PakFile 'C:/Program Files/Epic Games/UE_4.27/FeaturePacks/TP_TwinStickBP.upack' (chunk index -1, root 'root:/') mounted
[2023.11.13-23.28.11:426][  0]LogShaderLibrary: Display: ShaderCodeLibraryPakFileMountedCallback: pending pak file info (ChunkID:-1 Root:root:/ File:C:/Program Files/Epic Games/UE_4.27/FeaturePacks/TP_TwinStickBP.upack)
[2023.11.13-23.28.11:426][  0]LogPakFile: OnPakFileMounted2Time == 0.000092
[2023.11.13-23.28.11:426][  0]LogPakFile: PakFile PrimaryIndexSize=183
[2023.11.13-23.28.11:426][  0]LogPakFile: PakFile PathHashIndexSize=101
[2023.11.13-23.28.11:426][  0]LogPakFile: PakFile FullDirectoryIndexSize=140
[2023.11.13-23.28.11:426][  0]LogShaderLibrary: Display: ShaderCodeLibraryPakFileMountedCallback: PakFile 'C:/Program Files/Epic Games/UE_4.27/FeaturePacks/TP_Vehicle.upack' (chunk index -1, root 'root:/') mounted
[2023.11.13-23.28.11:426][  0]LogShaderLibrary: Display: ShaderCodeLibraryPakFileMountedCallback: pending pak file info (ChunkID:-1 Root:root:/ File:C:/Program Files/Epic Games/UE_4.27/FeaturePacks/TP_Vehicle.upack)
[2023.11.13-23.28.11:426][  0]LogPakFile: OnPakFileMounted2Time == 0.000094
[2023.11.13-23.28.11:427][  0]LogPakFile: PakFile PrimaryIndexSize=186
[2023.11.13-23.28.11:427][  0]LogPakFile: PakFile PathHashIndexSize=101
[2023.11.13-23.28.11:427][  0]LogPakFile: PakFile FullDirectoryIndexSize=146
[2023.11.13-23.28.11:427][  0]LogShaderLibrary: Display: ShaderCodeLibraryPakFileMountedCallback: PakFile 'C:/Program Files/Epic Games/UE_4.27/FeaturePacks/TP_VehicleAdv.upack' (chunk index -1, root 'root:/') mounted
[2023.11.13-23.28.11:427][  0]LogShaderLibrary: Display: ShaderCodeLibraryPakFileMountedCallback: pending pak file info (ChunkID:-1 Root:root:/ File:C:/Program Files/Epic Games/UE_4.27/FeaturePacks/TP_VehicleAdv.upack)
[2023.11.13-23.28.11:427][  0]LogPakFile: OnPakFileMounted2Time == 0.000093
[2023.11.13-23.28.11:428][  0]LogPakFile: PakFile PrimaryIndexSize=188
[2023.11.13-23.28.11:428][  0]LogPakFile: PakFile PathHashIndexSize=101
[2023.11.13-23.28.11:428][  0]LogPakFile: PakFile FullDirectoryIndexSize=150
[2023.11.13-23.28.11:428][  0]LogShaderLibrary: Display: ShaderCodeLibraryPakFileMountedCallback: PakFile 'C:/Program Files/Epic Games/UE_4.27/FeaturePacks/TP_VehicleAdvBP.upack' (chunk index -1, root 'root:/') mounted
[2023.11.13-23.28.11:428][  0]LogShaderLibrary: Display: ShaderCodeLibraryPakFileMountedCallback: pending pak file info (ChunkID:-1 Root:root:/ File:C:/Program Files/Epic Games/UE_4.27/FeaturePacks/TP_VehicleAdvBP.upack)
[2023.11.13-23.28.11:428][  0]LogPakFile: OnPakFileMounted2Time == 0.000103
[2023.11.13-23.28.11:428][  0]LogPakFile: PakFile PrimaryIndexSize=185
[2023.11.13-23.28.11:428][  0]LogPakFile: PakFile PathHashIndexSize=101
[2023.11.13-23.28.11:429][  0]LogPakFile: PakFile FullDirectoryIndexSize=144
[2023.11.13-23.28.11:429][  0]LogShaderLibrary: Display: ShaderCodeLibraryPakFileMountedCallback: PakFile 'C:/Program Files/Epic Games/UE_4.27/FeaturePacks/TP_VehicleBP.upack' (chunk index -1, root 'root:/') mounted
[2023.11.13-23.28.11:429][  0]LogShaderLibrary: Display: ShaderCodeLibraryPakFileMountedCallback: pending pak file info (ChunkID:-1 Root:root:/ File:C:/Program Files/Epic Games/UE_4.27/FeaturePacks/TP_VehicleBP.upack)
[2023.11.13-23.28.11:429][  0]LogPakFile: OnPakFileMounted2Time == 0.000094
[2023.11.13-23.28.11:429][  0]LogPakFile: PakFile PrimaryIndexSize=192
[2023.11.13-23.28.11:429][  0]LogPakFile: PakFile PathHashIndexSize=101
[2023.11.13-23.28.11:429][  0]LogPakFile: PakFile FullDirectoryIndexSize=158
[2023.11.13-23.28.11:430][  0]LogShaderLibrary: Display: ShaderCodeLibraryPakFileMountedCallback: PakFile 'C:/Program Files/Epic Games/UE_4.27/FeaturePacks/TP_VirtualRealityBP.upack' (chunk index -1, root 'root:/') mounted
[2023.11.13-23.28.11:430][  0]LogShaderLibrary: Display: ShaderCodeLibraryPakFileMountedCallback: pending pak file info (ChunkID:-1 Root:root:/ File:C:/Program Files/Epic Games/UE_4.27/FeaturePacks/TP_VirtualRealityBP.upack)
[2023.11.13-23.28.11:430][  0]LogPakFile: OnPakFileMounted2Time == 0.000099
[2023.11.13-23.28.11:508][  0]LogNativeClassHierarchy: Verbose: Native class hierarchy updated for 'AddContentDialog' in 0.0003 seconds. Added 0 classes and 0 folders.
[2023.11.13-23.28.11:509][  0]LogNativeClassHierarchy: Verbose: Native class hierarchy updated for 'SceneOutliner' in 0.0002 seconds. Added 2 classes and 0 folders.
[2023.11.13-23.28.11:596][  0]LogSlate: Took 0.000210 seconds to synchronously load lazily loaded font '../../../Engine/Content/Slate/Fonts/Roboto-Regular.ttf' (155K)
[2023.11.13-23.28.11:598][  0]LogSlate: Took 0.000213 seconds to synchronously load lazily loaded font '../../../Engine/Content/Editor/Slate/Fonts/FontAwesome.ttf' (139K)
[2023.11.13-23.28.11:600][  0]LogSlate: Took 0.001494 seconds to synchronously load lazily loaded font '../../../Engine/Content/Editor/Slate/Fonts/NanumGothic.ttf' (4243K)
[2023.11.13-23.28.11:602][  0]LogSlate: Took 0.001502 seconds to synchronously load lazily loaded font '../../../Engine/Content/Editor/Slate/Fonts/NanumGothicBold.ttf' (4188K)
[2023.11.13-23.28.11:602][  0]LogSlate: Took 0.000154 seconds to synchronously load lazily loaded font '../../../Engine/Content/Slate/Fonts/Roboto-Bold.ttf' (160K)
[2023.11.13-23.28.11:670][  0]LogRenderer: Reallocating scene render targets to support 2172x804 Format 10 NumSamples 1 (Frame:1).
[2023.11.13-23.28.11:863][  0]LogNativeClassHierarchy: Verbose: Native class hierarchy updated for 'HierarchicalLODOutliner' in 0.0003 seconds. Added 0 classes and 0 folders.
[2023.11.13-23.28.11:863][  0]LogLoad: (Engine Initialization) Total time: 11.90 seconds
[2023.11.13-23.28.11:863][  0]LogLoad: (Engine Initialization) Total Blueprint compile time: 0.00 seconds
[2023.11.13-23.28.11:899][  0]LogAssetRegistry: Asset discovery search completed in 7.0745 seconds
[2023.11.13-23.28.11:904][  0]LogCollectionManager: Fixed up redirectors for 0 collections in 0.000003 seconds (updated 0 objects)
[2023.11.13-23.28.11:904][  0]LogContentStreaming: Texture pool size now 1000 MB
[2023.11.13-23.28.14:902][324]LogUObjectHash: Compacting FUObjectHashTables data took   0.70ms
[2023.11.13-23.28.14:931][324]LogSlate: Window 'Client - 언리얼 에디터' being destroyed
[2023.11.13-23.28.15:031][325]Cmd: QUIT_EDITOR
[2023.11.13-23.28.15:031][325]LogCore: Engine exit requested (reason: UUnrealEdEngine::CloseEditor())
[2023.11.13-23.28.15:034][325]LogCore: Engine exit requested (reason: EngineExit() was called; note: exit was already requested)
[2023.11.13-23.28.15:038][325]LogAudio: Display: Beginning Audio Device Manager Shutdown (Module: AudioMixerXAudio2)...
[2023.11.13-23.28.15:039][325]LogAudio: Display: Destroying 1 Remaining Audio Device(s)...
[2023.11.13-23.28.15:039][325]LogAudio: Display: Audio Device unregistered from world 'Minimal_Default'.
[2023.11.13-23.28.15:039][325]LogAudioMixer: FMixerPlatformXAudio2::StopAudioStream() called
[2023.11.13-23.28.15:041][325]LogAudioMixer: FMixerPlatformXAudio2::StopAudioStream() called
[2023.11.13-23.28.15:044][325]LogAudio: Display: Audio Device Manager Shutdown
[2023.11.13-23.28.15:046][325]LogWindowsTextInputMethodSystem: Display: IME system activated using TSF (Microsoft 입력기).
[2023.11.13-23.28.15:049][325]LogExit: Preparing to exit.
[2023.11.13-23.28.16:048][325]LogUObjectHash: Compacting FUObjectHashTables data took   0.60ms
[2023.11.13-23.28.16:264][325]LogDemo: Cleaned up 0 splitscreen connections with owner deletion
[2023.11.13-23.28.16:270][325]LogWorld: UWorld::CleanupWorld for None, bSessionEnded=true, bCleanupResources=true
[2023.11.13-23.28.16:270][325]LogExit: Editor shut down
[2023.11.13-23.28.16:271][325]LogExit: Transaction tracking system shut down
[2023.11.13-23.28.16:480][325]LogExit: Object subsystem successfully closed.
[2023.11.13-23.28.16:509][325]LogShaderCompilers: Display: === FShaderJobCache stats ===
[2023.11.13-23.28.16:509][325]LogShaderCompilers: Display: Total job queries 0, among them cache hits 0 (0.00%)
[2023.11.13-23.28.16:509][325]LogShaderCompilers: Display: Tracking 0 distinct input hashes that result in 0 distinct outputs (0.00%)
[2023.11.13-23.28.16:509][325]LogShaderCompilers: Display: RAM used: 0.00 MB (0.00 GB) of 1638.40 MB (1.60 GB) budget. Usage: 0.00%
[2023.11.13-23.28.16:509][325]LogShaderCompilers: Display: ================================================
[2023.11.13-23.28.16:519][325]LogShaderCompilers: Display: Shaders left to compile 0
[2023.11.13-23.28.16:549][325]LogModuleManager: Shutting down and abandoning module HierarchicalLODOutliner (872)
[2023.11.13-23.28.16:549][325]LogModuleManager: Shutting down and abandoning module SceneOutliner (870)
[2023.11.13-23.28.16:549][325]LogModuleManager: Shutting down and abandoning module AddContentDialog (868)
[2023.11.13-23.28.16:550][325]LogModuleManager: Shutting down and abandoning module WidgetCarousel (867)
[2023.11.13-23.28.16:550][325]LogModuleManager: Shutting down and abandoning module EditorWidgets (864)
[2023.11.13-23.28.16:550][325]LogModuleManager: Shutting down and abandoning module StatsViewer (862)
[2023.11.13-23.28.16:550][325]LogModuleManager: Shutting down and abandoning module PIEPreviewDeviceProfileSelector (860)
[2023.11.13-23.28.16:550][325]LogModuleManager: Shutting down and abandoning module SequenceRecorderSections (858)
[2023.11.13-23.28.16:550][325]LogModuleManager: Shutting down and abandoning module AutomationWorker (856)
[2023.11.13-23.28.16:550][325]LogModuleManager: Shutting down and abandoning module SteamVREditor (854)
[2023.11.13-23.28.16:550][325]LogModuleManager: Shutting down and abandoning module OculusMR (852)
[2023.11.13-23.28.16:550][325]LogModuleManager: Shutting down and abandoning module TakeRecorderSources (850)
[2023.11.13-23.28.16:550][325]LogModuleManager: Shutting down and abandoning module TakeRecorder (849)
[2023.11.13-23.28.16:550][325]LogModuleManager: Shutting down and abandoning module TakeTrackRecorders (846)
[2023.11.13-23.28.16:550][325]LogModuleManager: Shutting down and abandoning module TakesCore (844)
[2023.11.13-23.28.16:550][325]LogModuleManager: Shutting down and abandoning module OpenXRInput (842)
[2023.11.13-23.28.16:550][325]LogModuleManager: Shutting down and abandoning module GooglePADEditor (840)
[2023.11.13-23.28.16:550][325]LogModuleManager: Shutting down and abandoning module AudioCaptureEditor (838)
[2023.11.13-23.28.16:551][325]LogModuleManager: Shutting down and abandoning module TemplateSequenceEditor (836)
[2023.11.13-23.28.16:551][325]LogModuleManager: Shutting down and abandoning module MatineeToLevelSequence (834)
[2023.11.13-23.28.16:551][325]LogModuleManager: Shutting down and abandoning module LevelSequenceEditor (832)
[2023.11.13-23.28.16:551][325]LogModuleManager: Shutting down and abandoning module ActorSequenceEditor (830)
[2023.11.13-23.28.16:551][325]LogModuleManager: Shutting down and abandoning module WebMMediaFactory (828)
[2023.11.13-23.28.16:551][325]LogModuleManager: Shutting down and abandoning module WebMMediaEditor (826)
[2023.11.13-23.28.16:551][325]LogModuleManager: Shutting down and abandoning module WebMMedia (824)
[2023.11.13-23.28.16:551][325]LogModuleManager: Shutting down and abandoning module WmfMediaFactory (822)
[2023.11.13-23.28.16:551][325]LogModuleManager: Shutting down and abandoning module WmfMediaEditor (820)
[2023.11.13-23.28.16:551][325]LogModuleManager: Shutting down and abandoning module MediaPlayerEditor (818)
[2023.11.13-23.28.16:551][325]LogModuleManager: Shutting down and abandoning module MediaCompositingEditor (816)
[2023.11.13-23.28.16:551][325]LogModuleManager: Shutting down and abandoning module SequenceRecorder (815)
[2023.11.13-23.28.16:551][325]LogModuleManager: Shutting down and abandoning module OpenExrWrapper (812)
[2023.11.13-23.28.16:551][325]LogModuleManager: Shutting down and abandoning module ImgMediaFactory (810)
[2023.11.13-23.28.16:551][325]LogModuleManager: Shutting down and abandoning module ImgMediaEditor (808)
[2023.11.13-23.28.16:551][325]LogModuleManager: Shutting down and abandoning module AvfMediaFactory (806)
[2023.11.13-23.28.16:551][325]LogModuleManager: Shutting down and abandoning module AvfMediaEditor (804)
[2023.11.13-23.28.16:552][325]LogModuleManager: Shutting down and abandoning module AndroidMediaFactory (802)
[2023.11.13-23.28.16:552][325]LogModuleManager: Shutting down and abandoning module AndroidMediaEditor (800)
[2023.11.13-23.28.16:552][325]LogModuleManager: Shutting down and abandoning module MagicLeapMediaCodecFactory (798)
[2023.11.13-23.28.16:552][325]LogModuleManager: Shutting down and abandoning module MagicLeapMediaFactory (796)
[2023.11.13-23.28.16:552][325]LogModuleManager: Shutting down and abandoning module MagicLeapMediaEditor (794)
[2023.11.13-23.28.16:552][325]LogModuleManager: Shutting down and abandoning module PlanarCut (792)
[2023.11.13-23.28.16:552][325]LogModuleManager: Shutting down and abandoning module CharacterAI (790)
[2023.11.13-23.28.16:552][325]LogModuleManager: Shutting down and abandoning module TextureAlignMode (788)
[2023.11.13-23.28.16:552][325]LogModuleManager: Shutting down and abandoning module BspMode (786)
[2023.11.13-23.28.16:552][325]LogModuleManager: Shutting down and abandoning module GeometryMode (784)
[2023.11.13-23.28.16:552][325]LogModuleManager: Shutting down and abandoning module CameraShakePreviewer (782)
[2023.11.13-23.28.16:552][325]LogModuleManager: Shutting down and abandoning module SmartSnapping (780)
[2023.11.13-23.28.16:552][325]LogModuleManager: Shutting down and abandoning module SessionServices (778)
[2023.11.13-23.28.16:552][325]LogModuleManager: Shutting down and abandoning module MeshPaint (776)
[2023.11.13-23.28.16:552][325]LogModuleManager: Shutting down and abandoning module VirtualTexturingEditor (774)
[2023.11.13-23.28.16:552][325]LogModuleManager: Shutting down and abandoning module FoliageEdit (772)
[2023.11.13-23.28.16:552][325]LogModuleManager: Shutting down and abandoning module LandscapeEditor (770)
[2023.11.13-23.28.16:552][325]LogModuleManager: Shutting down and abandoning module MeshPaintMode (768)
[2023.11.13-23.28.16:552][325]LogModuleManager: Shutting down and abandoning module SceneDepthPickerMode (766)
[2023.11.13-23.28.16:553][325]LogModuleManager: Shutting down and abandoning module ActorPickerMode (764)
[2023.11.13-23.28.16:553][325]LogModuleManager: Shutting down and abandoning module PlacementMode (762)
[2023.11.13-23.28.16:553][325]LogModuleManager: Shutting down and abandoning module ViewportSnapping (760)
[2023.11.13-23.28.16:553][325]LogModuleManager: Shutting down and abandoning module ViewportInteraction (758)
[2023.11.13-23.28.16:553][325]LogModuleManager: Shutting down and abandoning module ClothPainter (756)
[2023.11.13-23.28.16:553][325]LogModuleManager: Shutting down and abandoning module SkeletalMeshEditor (755)
[2023.11.13-23.28.16:553][325]LogModuleManager: Shutting down and abandoning module LogVisualizer (752)
[2023.11.13-23.28.16:553][325]LogModuleManager: Shutting down and abandoning module IntroTutorials (750)
[2023.11.13-23.28.16:553][325]LogModuleManager: Shutting down and abandoning module GameProjectGeneration (749)
[2023.11.13-23.28.16:553][325]LogModuleManager: Shutting down and abandoning module LuminPlatformEditor (746)
[2023.11.13-23.28.16:553][325]LogModuleManager: Shutting down and abandoning module IOSPlatformEditor (744)
[2023.11.13-23.28.16:553][325]LogModuleManager: Shutting down and abandoning module AndroidPlatformEditor (742)
[2023.11.13-23.28.16:553][325]LogModuleManager: Shutting down and abandoning module AndroidDeviceDetection (741)
