Log file open, 11/14/23 07:57:49
LogWindows: Failed to load 'aqProf.dll' (GetLastError=126)
LogWindows: File 'aqProf.dll' does not exist
LogWindows: Failed to load 'VtuneApi.dll' (GetLastError=126)
LogWindows: File 'VtuneApi.dll' does not exist
LogWindows: Failed to load 'VtuneApi32e.dll' (GetLastError=126)
LogWindows: File 'VtuneApi32e.dll' does not exist
LogConsoleResponse: Display: Failed to find resolution value strings in scalability ini. Falling back to default.
LogConsoleResponse: Display: Failed to find resolution value strings in scalability ini. Falling back to default.
LogInit: Display: Running engine for game: Client
LogPlatformFile: Not using cached read wrapper
LogTaskGraph: Started task graph with 5 named threads and 35 total threads with 3 sets of task threads.
LogStats: Stats thread started at 0.301221
LogICUInternationalization: ICU TimeZone Detection - Raw Offset: +9:00, Platform Override: ''
LogInit: Display: Loading text-based GConfig....
LogPluginManager: Mounting plugin MeshPainting
LogPluginManager: Mounting plugin XGEController
LogPluginManager: Mounting plugin Paper2D
LogPluginManager: Mounting plugin AISupport
LogPluginManager: Mounting plugin LiveLink
LogPluginManager: Mounting plugin LightPropagationVolume
LogPluginManager: Mounting plugin AnimationSharing
LogPluginManager: Mounting plugin EnvironmentQueryEditor
LogPluginManager: Mounting plugin CodeLiteSourceCodeAccess
LogPluginManager: Mounting plugin CLionSourceCodeAccess
LogPluginManager: Mounting plugin GitSourceControl
LogPluginManager: Mounting plugin KDevelopSourceCodeAccess
LogPluginManager: Mounting plugin NullSourceCodeAccess
LogPluginManager: Mounting plugin PerforceSourceControl
LogPluginManager: Mounting plugin AssetManagerEditor
LogPluginManager: Mounting plugin PixWinPlugin
LogPluginManager: Mounting plugin PropertyAccessNode
LogPluginManager: Mounting plugin PlasticSourceControl
LogPluginManager: Mounting plugin RiderSourceCodeAccess
LogPluginManager: Mounting plugin SubversionSourceControl
LogPluginManager: Mounting plugin TextureFormatOodle
LogPluginManager: Mounting plugin PluginUtils
LogPluginManager: Mounting plugin CryptoKeys
LogPluginManager: Mounting plugin CurveEditorTools
LogPluginManager: Mounting plugin FacialAnimation
LogPluginManager: Mounting plugin DataValidation
LogPluginManager: Mounting plugin GameplayTagsEditor
LogPluginManager: Mounting plugin GeometryMode
LogPluginManager: Mounting plugin MaterialAnalyzer
LogPluginManager: Mounting plugin MacGraphicsSwitching
LogPluginManager: Mounting plugin MobileLauncherProfileWizard
LogPluginManager: Mounting plugin PluginBrowser
LogPluginManager: Mounting plugin SpeedTreeImporter
LogPluginManager: Mounting plugin UObjectPlugin
LogPluginManager: Mounting plugin VisualStudioSourceCodeAccess
LogPluginManager: Mounting plugin XCodeSourceCodeAccess
LogPluginManager: Mounting plugin OodleData
LogPluginManager: Mounting plugin OodleNetwork
LogPluginManager: Mounting plugin AlembicImporter
LogPluginManager: Mounting plugin AutomationUtils
LogPluginManager: Mounting plugin VisualStudioCodeSourceCodeAccess
LogPluginManager: Mounting plugin ChaosCloth
LogPluginManager: Mounting plugin ChaosClothEditor
LogPluginManager: Mounting plugin ChaosEditor
LogPluginManager: Mounting plugin ChaosNiagara
LogPluginManager: Mounting plugin ChaosSolverPlugin
LogPluginManager: Mounting plugin CharacterAI
LogPluginManager: Mounting plugin BackChannel
LogPluginManager: Mounting plugin Niagara
LogPluginManager: Mounting plugin DatasmithContent
LogPluginManager: Mounting plugin VariantManagerContent
LogPluginManager: Mounting plugin GeometryCache
LogPluginManager: Mounting plugin GeometryCollectionPlugin
LogPluginManager: Mounting plugin GeometryProcessing
LogPluginManager: Mounting plugin OpenImageDenoise
LogPluginManager: Mounting plugin PlanarCut
LogPluginManager: Mounting plugin ProxyLODPlugin
LogPluginManager: Mounting plugin PlatformCrypto
LogPluginManager: Mounting plugin PythonScriptPlugin
LogPluginManager: Mounting plugin AndroidMedia
LogPluginManager: Mounting plugin AvfMedia
LogPluginManager: Mounting plugin ImgMedia
LogPluginManager: Mounting plugin MotoSynth
LogPluginManager: Mounting plugin SkeletalReduction
LogPluginManager: Mounting plugin MediaCompositing
LogPluginManager: Mounting plugin MediaPlayerEditor
LogPluginManager: Mounting plugin WebMMedia
LogPluginManager: Mounting plugin WmfMedia
LogPluginManager: Mounting plugin LuminPlatformFeatures
LogPluginManager: Mounting plugin MagicLeap
LogPluginManager: Mounting plugin MagicLeapMedia
LogPluginManager: Mounting plugin MagicLeapLightEstimation
LogPluginManager: Mounting plugin MagicLeapPassableWorld
LogPluginManager: Mounting plugin MLSDK
LogPluginManager: Mounting plugin LevelSequenceEditor
LogPluginManager: Mounting plugin MatineeToLevelSequence
LogPluginManager: Mounting plugin ActorSequence
LogPluginManager: Mounting plugin TemplateSequence
LogPluginManager: Mounting plugin TcpMessaging
LogPluginManager: Mounting plugin UdpMessaging
LogPluginManager: Mounting plugin LauncherChunkInstaller
LogPluginManager: Mounting plugin OnlineSubsystem
LogPluginManager: Mounting plugin OnlineSubsystemNull
LogPluginManager: Mounting plugin ActorLayerUtilities
LogPluginManager: Mounting plugin OnlineSubsystemUtils
LogPluginManager: Mounting plugin AndroidDeviceProfileSelector
LogPluginManager: Mounting plugin AndroidMoviePlayer
LogPluginManager: Mounting plugin AndroidPermission
LogPluginManager: Mounting plugin AppleImageUtils
LogPluginManager: Mounting plugin AppleMoviePlayer
LogPluginManager: Mounting plugin ArchVisCharacter
LogPluginManager: Mounting plugin AudioCapture
LogPluginManager: Mounting plugin AudioSynesthesia
LogPluginManager: Mounting plugin AssetTags
LogPluginManager: Mounting plugin CableComponent
LogPluginManager: Mounting plugin CustomMeshComponent
LogPluginManager: Mounting plugin EditableMesh
LogPluginManager: Mounting plugin ExampleDeviceProfileSelector
LogPluginManager: Mounting plugin ChunkDownloader
LogPluginManager: Mounting plugin ScreenshotTools
LogPluginManager: Mounting plugin GooglePAD
LogPluginManager: Mounting plugin GoogleCloudMessaging
LogPluginManager: Mounting plugin IOSDeviceProfileSelector
LogPluginManager: Mounting plugin LinuxDeviceProfileSelector
LogPluginManager: Mounting plugin LocationServicesBPLibrary
LogPluginManager: Mounting plugin MobilePatchingUtils
LogPluginManager: Mounting plugin OpenXR
LogPluginManager: Mounting plugin OpenXREyeTracker
LogPluginManager: Mounting plugin Takes
LogPluginManager: Mounting plugin OpenXRHandTracking
LogPluginManager: Mounting plugin PhysXVehicles
LogPluginManager: Mounting plugin ProceduralMeshComponent
LogPluginManager: Mounting plugin PropertyAccessEditor
LogPluginManager: Mounting plugin RuntimePhysXCooking
LogPluginManager: Mounting plugin SignificanceManager
LogPluginManager: Mounting plugin PostSplashScreen
LogPluginManager: Mounting plugin SoundFields
LogPluginManager: Mounting plugin Synthesis
LogPluginManager: Mounting plugin WebMMoviePlayer
LogPluginManager: Mounting plugin WindowsMoviePlayer
LogPluginManager: Mounting plugin GameplayCameras
LogPluginManager: Mounting plugin CameraShakePreviewer
LogPluginManager: Mounting plugin ContentBrowserAssetDataSource
LogPluginManager: Mounting plugin ContentBrowserClassDataSource
LogPluginManager: Mounting plugin ContentBrowserFileDataSource
LogPluginManager: Mounting plugin OnlineSubsystemGooglePlay
LogPluginManager: Mounting plugin OnlineSubsystemIOS
LogPluginManager: Mounting plugin OculusVR
LogPluginManager: Mounting plugin SteamVR
PixWinPlugin: PIX capture plugin failed to initialize! Check that the process is launched from PIX.
LogInit: Using libcurl 7.55.1-DEV
LogInit:  - built for x86_64-pc-win32
LogInit:  - supports SSL with OpenSSL/1.1.1
LogInit:  - supports HTTP deflate (compression) using libz 1.2.8
LogInit:  - other features:
LogInit:      CURL_VERSION_SSL
LogInit:      CURL_VERSION_LIBZ
LogInit:      CURL_VERSION_IPV6
LogInit:      CURL_VERSION_ASYNCHDNS
LogInit:      CURL_VERSION_LARGEFILE
LogInit:      CURL_VERSION_IDN
LogInit:  CurlRequestOptions (configurable via config and command line):
LogInit:  - bVerifyPeer = true  - Libcurl will verify peer certificate
LogInit:  - bUseHttpProxy = false  - Libcurl will NOT use HTTP proxy
LogInit:  - bDontReuseConnections = false  - Libcurl will reuse connections
LogInit:  - MaxHostConnections = 16  - Libcurl will limit the number of connections to a host
LogInit:  - LocalHostAddr = Default
LogInit:  - BufferSize = 65536
LogOnline: OSS: Creating online subsystem instance for: NULL
LogInit: WinSock: version 1.1 (2.2), MaxSocks=32767, MaxUdp=65467
LogOnline: OSS: TryLoadSubsystemAndSetDefault: Loaded subsystem for module [NULL]
LogOculusPluginWrapper: OculusPlugin initialized successfully
LogHMD: Failed initializing OVRPlugin 1.59.0
LogInit: Build: ++UE4+Release-4.27-CL-18319896
LogInit: Engine Version: 4.27.2-18319896+++UE4+Release-4.27
LogInit: Compatible Engine Version: 4.27.0-17155196+++UE4+Release-4.27
LogInit: Net CL: 17155196
LogInit: OS: Windows 10 (Release 2009) (), CPU: AMD Ryzen 5 5600X 6-Core Processor             , GPU: NVIDIA GeForce RTX 3070
LogInit: Compiled (64-bit): Nov 30 2021 07:12:08
LogInit: Compiled with Visual C++: 19.24.28315.00
LogInit: Build Configuration: Development
LogInit: Branch Name: ++UE4+Release-4.27
LogInit: Command Line:  -skipcompile
LogInit: Base Directory: C:/Program Files/Epic Games/UE_4.27/Engine/Binaries/Win64/
LogInit: Allocator: TBB
LogInit: Installed Engine Build: 1
LogDevObjectVersion: Number of dev versions registered: 29
LogDevObjectVersion:   Dev-Blueprints (B0D832E4-1F89-4F0D-ACCF-7EB736FD4AA2): 10
LogDevObjectVersion:   Dev-Build (E1C64328-A22C-4D53-A36C-8E866417BD8C): 0
LogDevObjectVersion:   Dev-Core (375EC13C-06E4-48FB-B500-84F0262A717E): 4
LogDevObjectVersion:   Dev-Editor (E4B068ED-F494-42E9-A231-DA0B2E46BB41): 40
LogDevObjectVersion:   Dev-Framework (CFFC743F-43B0-4480-9391-14DF171D2073): 37
LogDevObjectVersion:   Dev-Mobile (B02B49B5-BB20-44E9-A304-32B752E40360): 3
LogDevObjectVersion:   Dev-Networking (A4E4105C-59A1-49B5-A7C5-40C4547EDFEE): 0
LogDevObjectVersion:   Dev-Online (39C831C9-5AE6-47DC-9A44-9C173E1C8E7C): 0
LogDevObjectVersion:   Dev-Physics (78F01B33-EBEA-4F98-B9B4-84EACCB95AA2): 14
LogDevObjectVersion:   Dev-Platform (6631380F-2D4D-43E0-8009-CF276956A95A): 0
LogDevObjectVersion:   Dev-Rendering (12F88B9F-8875-4AFC-A67C-D90C383ABD29): 45
LogDevObjectVersion:   Dev-Sequencer (7B5AE74C-D270-4C10-A958-57980B212A5A): 13
LogDevObjectVersion:   Dev-VR (D7296918-1DD6-4BDD-9DE2-64A83CC13884): 3
LogDevObjectVersion:   Dev-LoadTimes (C2A15278-BFE7-4AFE-6C17-90FF531DF755): 1
LogDevObjectVersion:   Private-Geometry (6EACA3D4-40EC-4CC1-B786-8BED09428FC5): 3
LogDevObjectVersion:   Dev-AnimPhys (29E575DD-E0A3-4627-9D10-D276232CDCEA): 17
LogDevObjectVersion:   Dev-Anim (AF43A65D-7FD3-4947-9873-3E8ED9C1BB05): 15
LogDevObjectVersion:   Dev-ReflectionCapture (6B266CEC-1EC7-4B8F-A30B-E4D90942FC07): 1
LogDevObjectVersion:   Dev-Automation (0DF73D61-A23F-47EA-B727-89E90C41499A): 1
LogDevObjectVersion:   FortniteMain (601D1886-AC64-4F84-AA16-D3DE0DEAC7D6): 47
LogDevObjectVersion:   FortniteRelease (E7086368-6B23-4C58-8439-1B7016265E91): 1
LogDevObjectVersion:   Dev-Enterprise (9DFFBCD6-494F-0158-E221-12823C92A888): 10
LogDevObjectVersion:   Dev-Niagara (F2AED0AC-9AFE-416F-8664-AA7FFA26D6FC): 1
LogDevObjectVersion:   Dev-Destruction (174F1F0B-B4C6-45A5-B13F-2EE8D0FB917D): 10
LogDevObjectVersion:   Dev-Physics-Ext (35F94A83-E258-406C-A318-09F59610247C): 41
LogDevObjectVersion:   Dev-PhysicsMaterial-Chaos (B68FC16E-8B1B-42E2-B453-215C058844FE): 1
LogDevObjectVersion:   Dev-CineCamera (B2E18506-4273-CFC2-A54E-F4BB758BBA07): 1
LogDevObjectVersion:   Dev-VirtualProduction (64F58936-FD1B-42BA-BA96-7289D5D0FA4E): 1
LogDevObjectVersion:   Dev-MediaFramework (6F0ED827-A609-4895-9C91-998D90180EA4): 2
LogInit: Presizing for max 25165824 objects, including 0 objects not considered by GC, pre-allocating 0 bytes for permanent pool.
LogConfig: Applying CVar settings from Section [/Script/Engine.StreamingSettings] File [C:/Users/godye/Desktop/Project/ProjectYA/Client/Saved/Config/Windows/Engine.ini]
LogConfig: Setting CVar [[s.MinBulkDataSizeForAsyncLoading:131072]]
LogConfig: Setting CVar [[s.AsyncLoadingThreadEnabled:0]]
LogConfig: Setting CVar [[s.EventDrivenLoaderEnabled:1]]
LogConfig: Setting CVar [[s.WarnIfTimeLimitExceeded:0]]
LogConfig: Setting CVar [[s.TimeLimitExceededMultiplier:1.5]]
LogConfig: Setting CVar [[s.TimeLimitExceededMinTime:0.005]]
LogConfig: Setting CVar [[s.UseBackgroundLevelStreaming:1]]
LogConfig: Setting CVar [[s.PriorityAsyncLoadingExtraTime:15.0]]
LogConfig: Setting CVar [[s.LevelStreamingActorsUpdateTimeLimit:5.0]]
LogConfig: Setting CVar [[s.PriorityLevelStreamingActorsUpdateExtraTime:5.0]]
LogConfig: Setting CVar [[s.LevelStreamingComponentsRegistrationGranularity:10]]
LogConfig: Setting CVar [[s.UnregisterComponentsTimeLimit:1.0]]
LogConfig: Setting CVar [[s.LevelStreamingComponentsUnregistrationGranularity:5]]
LogConfig: Setting CVar [[s.FlushStreamingOnExit:1]]
LogInit: Object subsystem initialized
LogConfig: Setting CVar [[con.DebugEarlyDefault:1]]
LogConfig: Setting CVar [[r.setres:1280x720]]
[2023.11.13-22.57.50:766][  0]LogConfig: Setting CVar [[r.VSync:0]]
[2023.11.13-22.57.50:766][  0]LogConfig: Setting CVar [[r.RHICmdBypass:0]]
[2023.11.13-22.57.50:766][  0]LogConfig: Applying CVar settings from Section [/Script/Engine.RendererSettings] File [C:/Users/godye/Desktop/Project/ProjectYA/Client/Saved/Config/Windows/Engine.ini]
[2023.11.13-22.57.50:766][  0]LogConfig: Setting CVar [[r.GPUCrashDebugging:0]]
[2023.11.13-22.57.50:766][  0]LogConfig: Applying CVar settings from Section [/Script/Engine.RendererOverrideSettings] File [C:/Users/godye/Desktop/Project/ProjectYA/Client/Saved/Config/Windows/Engine.ini]
[2023.11.13-22.57.50:766][  0]LogConfig: Applying CVar settings from Section [/Script/Engine.StreamingSettings] File [C:/Users/godye/Desktop/Project/ProjectYA/Client/Saved/Config/Windows/Engine.ini]
[2023.11.13-22.57.50:766][  0]LogConfig: Setting CVar [[s.MinBulkDataSizeForAsyncLoading:131072]]
[2023.11.13-22.57.50:766][  0]LogConfig: Setting CVar [[s.AsyncLoadingThreadEnabled:0]]
[2023.11.13-22.57.50:766][  0]LogConfig: Setting CVar [[s.EventDrivenLoaderEnabled:1]]
[2023.11.13-22.57.50:766][  0]LogConfig: Setting CVar [[s.WarnIfTimeLimitExceeded:0]]
[2023.11.13-22.57.50:766][  0]LogConfig: Setting CVar [[s.TimeLimitExceededMultiplier:1.5]]
[2023.11.13-22.57.50:767][  0]LogConfig: Setting CVar [[s.TimeLimitExceededMinTime:0.005]]
[2023.11.13-22.57.50:767][  0]LogConfig: Setting CVar [[s.UseBackgroundLevelStreaming:1]]
[2023.11.13-22.57.50:767][  0]LogConfig: Setting CVar [[s.PriorityAsyncLoadingExtraTime:15.0]]
[2023.11.13-22.57.50:767][  0]LogConfig: Setting CVar [[s.LevelStreamingActorsUpdateTimeLimit:5.0]]
[2023.11.13-22.57.50:767][  0]LogConfig: Setting CVar [[s.PriorityLevelStreamingActorsUpdateExtraTime:5.0]]
[2023.11.13-22.57.50:767][  0]LogConfig: Setting CVar [[s.LevelStreamingComponentsRegistrationGranularity:10]]
[2023.11.13-22.57.50:767][  0]LogConfig: Setting CVar [[s.UnregisterComponentsTimeLimit:1.0]]
[2023.11.13-22.57.50:767][  0]LogConfig: Setting CVar [[s.LevelStreamingComponentsUnregistrationGranularity:5]]
[2023.11.13-22.57.50:767][  0]LogConfig: Setting CVar [[s.FlushStreamingOnExit:1]]
[2023.11.13-22.57.50:767][  0]LogConfig: Applying CVar settings from Section [/Script/Engine.GarbageCollectionSettings] File [C:/Users/godye/Desktop/Project/ProjectYA/Client/Saved/Config/Windows/Engine.ini]
[2023.11.13-22.57.50:767][  0]LogConfig: Setting CVar [[gc.MaxObjectsNotConsideredByGC:1]]
[2023.11.13-22.57.50:767][  0]LogConfig: Setting CVar [[gc.SizeOfPermanentObjectPool:0]]
[2023.11.13-22.57.50:767][  0]LogConfig: Setting CVar [[gc.FlushStreamingOnGC:0]]
[2023.11.13-22.57.50:767][  0]LogConfig: Setting CVar [[gc.NumRetriesBeforeForcingGC:10]]
[2023.11.13-22.57.50:767][  0]LogConfig: Setting CVar [[gc.AllowParallelGC:1]]
[2023.11.13-22.57.50:767][  0]LogConfig: Setting CVar [[gc.TimeBetweenPurgingPendingKillObjects:61.1]]
[2023.11.13-22.57.50:767][  0]LogConfig: Setting CVar [[gc.MaxObjectsInEditor:25165824]]
[2023.11.13-22.57.50:767][  0]LogConfig: Setting CVar [[gc.IncrementalBeginDestroyEnabled:1]]
[2023.11.13-22.57.50:767][  0]LogConfig: Setting CVar [[gc.CreateGCClusters:1]]
[2023.11.13-22.57.50:767][  0]LogConfig: Setting CVar [[gc.MinGCClusterSize:5]]
[2023.11.13-22.57.50:767][  0]LogConfig: Setting CVar [[gc.ActorClusteringEnabled:0]]
[2023.11.13-22.57.50:767][  0]LogConfig: Setting CVar [[gc.BlueprintClusteringEnabled:0]]
[2023.11.13-22.57.50:767][  0]LogConfig: Setting CVar [[gc.UseDisregardForGCOnDedicatedServers:0]]
[2023.11.13-22.57.50:767][  0]LogConfig: Setting CVar [[gc.MultithreadedDestructionEnabled:1]]
[2023.11.13-22.57.50:767][  0]LogConfig: Applying CVar settings from Section [/Script/Engine.NetworkSettings] File [C:/Users/godye/Desktop/Project/ProjectYA/Client/Saved/Config/Windows/Engine.ini]
[2023.11.13-22.57.50:767][  0]LogConfig: Applying CVar settings from Section [/Script/UnrealEd.CookerSettings] File [C:/Users/godye/Desktop/Project/ProjectYA/Client/Saved/Config/Windows/Engine.ini]
[2023.11.13-22.57.50:836][  0]LogConfig: Applying CVar settings from Section [ViewDistanceQuality@3] File [C:/Users/godye/Desktop/Project/ProjectYA/Client/Saved/Config/Windows/Scalability.ini]
[2023.11.13-22.57.50:836][  0]LogConfig: Setting CVar [[r.SkeletalMeshLODBias:0]]
[2023.11.13-22.57.50:836][  0]LogConfig: Setting CVar [[r.ViewDistanceScale:1.0]]
[2023.11.13-22.57.50:836][  0]LogConfig: Applying CVar settings from Section [AntiAliasingQuality@3] File [C:/Users/godye/Desktop/Project/ProjectYA/Client/Saved/Config/Windows/Scalability.ini]
[2023.11.13-22.57.50:836][  0]LogConfig: Setting CVar [[r.PostProcessAAQuality:4]]
[2023.11.13-22.57.50:836][  0]LogConfig: Applying CVar settings from Section [ShadowQuality@3] File [C:/Users/godye/Desktop/Project/ProjectYA/Client/Saved/Config/Windows/Scalability.ini]
[2023.11.13-22.57.50:836][  0]LogConfig: Setting CVar [[r.LightFunctionQuality:1]]
[2023.11.13-22.57.50:836][  0]LogConfig: Setting CVar [[r.ShadowQuality:5]]
[2023.11.13-22.57.50:836][  0]LogConfig: Setting CVar [[r.Shadow.CSM.MaxCascades:10]]
[2023.11.13-22.57.50:836][  0]LogConfig: Setting CVar [[r.Shadow.MaxResolution:2048]]
[2023.11.13-22.57.50:837][  0]LogConfig: Setting CVar [[r.Shadow.MaxCSMResolution:2048]]
[2023.11.13-22.57.50:837][  0]LogConfig: Setting CVar [[r.Shadow.RadiusThreshold:0.01]]
[2023.11.13-22.57.50:837][  0]LogConfig: Setting CVar [[r.Shadow.DistanceScale:1.0]]
[2023.11.13-22.57.50:837][  0]LogConfig: Setting CVar [[r.Shadow.CSM.TransitionScale:1.0]]
[2023.11.13-22.57.50:837][  0]LogConfig: Setting CVar [[r.Shadow.PreShadowResolutionFactor:1.0]]
[2023.11.13-22.57.50:837][  0]LogConfig: Setting CVar [[r.DistanceFieldShadowing:1]]
[2023.11.13-22.57.50:837][  0]LogConfig: Setting CVar [[r.DistanceFieldAO:1]]
[2023.11.13-22.57.50:837][  0]LogConfig: Setting CVar [[r.AOQuality:2]]
[2023.11.13-22.57.50:837][  0]LogConfig: Setting CVar [[r.VolumetricFog:1]]
[2023.11.13-22.57.50:837][  0]LogConfig: Setting CVar [[r.VolumetricFog.GridPixelSize:8]]
[2023.11.13-22.57.50:837][  0]LogConfig: Setting CVar [[r.VolumetricFog.GridSizeZ:128]]
[2023.11.13-22.57.50:837][  0]LogConfig: Setting CVar [[r.VolumetricFog.HistoryMissSupersampleCount:4]]
[2023.11.13-22.57.50:837][  0]LogConfig: Setting CVar [[r.LightMaxDrawDistanceScale:1]]
[2023.11.13-22.57.50:837][  0]LogConfig: Setting CVar [[r.CapsuleShadows:1]]
[2023.11.13-22.57.50:837][  0]LogConfig: Applying CVar settings from Section [PostProcessQuality@3] File [C:/Users/godye/Desktop/Project/ProjectYA/Client/Saved/Config/Windows/Scalability.ini]
[2023.11.13-22.57.50:837][  0]LogConfig: Setting CVar [[r.MotionBlurQuality:4]]
[2023.11.13-22.57.50:837][  0]LogConfig: Setting CVar [[r.AmbientOcclusionMipLevelFactor:0.4]]
[2023.11.13-22.57.50:837][  0]LogConfig: Setting CVar [[r.AmbientOcclusionMaxQuality:100]]
[2023.11.13-22.57.50:837][  0]LogConfig: Setting CVar [[r.AmbientOcclusionLevels:-1]]
[2023.11.13-22.57.50:837][  0]LogConfig: Setting CVar [[r.AmbientOcclusionRadiusScale:1.0]]
[2023.11.13-22.57.50:838][  0]LogConfig: Setting CVar [[r.DepthOfFieldQuality:2]]
[2023.11.13-22.57.50:838][  0]LogConfig: Setting CVar [[r.RenderTargetPoolMin:400]]
[2023.11.13-22.57.50:838][  0]LogConfig: Setting CVar [[r.LensFlareQuality:2]]
[2023.11.13-22.57.50:838][  0]LogConfig: Setting CVar [[r.SceneColorFringeQuality:1]]
[2023.11.13-22.57.50:838][  0]LogConfig: Setting CVar [[r.EyeAdaptationQuality:2]]
[2023.11.13-22.57.50:838][  0]LogConfig: Setting CVar [[r.BloomQuality:5]]
[2023.11.13-22.57.50:838][  0]LogConfig: Setting CVar [[r.FastBlurThreshold:100]]
[2023.11.13-22.57.50:838][  0]LogConfig: Setting CVar [[r.Upscale.Quality:3]]
[2023.11.13-22.57.50:838][  0]LogConfig: Setting CVar [[r.Tonemapper.GrainQuantization:1]]
[2023.11.13-22.57.50:838][  0]LogConfig: Setting CVar [[r.LightShaftQuality:1]]
[2023.11.13-22.57.50:838][  0]LogConfig: Setting CVar [[r.Filter.SizeScale:1]]
[2023.11.13-22.57.50:838][  0]LogConfig: Setting CVar [[r.Tonemapper.Quality:5]]
[2023.11.13-22.57.50:838][  0]LogConfig: Setting CVar [[r.DOF.Gather.AccumulatorQuality:1        ; higher gathering accumulator quality]]
[2023.11.13-22.57.50:838][  0]LogConfig: Setting CVar [[r.DOF.Gather.PostfilterMethod:1          ; Median3x3 postfilering method]]
[2023.11.13-22.57.50:838][  0]LogConfig: Setting CVar [[r.DOF.Gather.EnableBokehSettings:0       ; no bokeh simulation when gathering]]
[2023.11.13-22.57.50:838][  0]LogConfig: Setting CVar [[r.DOF.Gather.RingCount:4                 ; medium number of samples when gathering]]
[2023.11.13-22.57.50:838][  0]LogConfig: Setting CVar [[r.DOF.Scatter.ForegroundCompositing:1    ; additive foreground scattering]]
[2023.11.13-22.57.50:838][  0]LogConfig: Setting CVar [[r.DOF.Scatter.BackgroundCompositing:2    ; additive background scattering]]
[2023.11.13-22.57.50:838][  0]LogConfig: Setting CVar [[r.DOF.Scatter.EnableBokehSettings:1      ; bokeh simulation when scattering]]
[2023.11.13-22.57.50:838][  0]LogConfig: Setting CVar [[r.DOF.Scatter.MaxSpriteRatio:0.1         ; only a maximum of 10% of scattered bokeh]]
[2023.11.13-22.57.50:838][  0]LogConfig: Setting CVar [[r.DOF.Recombine.Quality:1                ; cheap slight out of focus]]
[2023.11.13-22.57.50:838][  0]LogConfig: Setting CVar [[r.DOF.Recombine.EnableBokehSettings:0    ; no bokeh simulation on slight out of focus]]
[2023.11.13-22.57.50:838][  0]LogConfig: Setting CVar [[r.DOF.TemporalAAQuality:1                ; more stable temporal accumulation]]
[2023.11.13-22.57.50:838][  0]LogConfig: Setting CVar [[r.DOF.Kernel.MaxForegroundRadius:0.025]]
[2023.11.13-22.57.50:838][  0]LogConfig: Setting CVar [[r.DOF.Kernel.MaxBackgroundRadius:0.025]]
[2023.11.13-22.57.50:838][  0]LogConfig: Applying CVar settings from Section [TextureQuality@3] File [C:/Users/godye/Desktop/Project/ProjectYA/Client/Saved/Config/Windows/Scalability.ini]
[2023.11.13-22.57.50:838][  0]LogConfig: Setting CVar [[r.Streaming.MipBias:0]]
[2023.11.13-22.57.50:838][  0]LogConfig: Setting CVar [[r.Streaming.AmortizeCPUToGPUCopy:0]]
[2023.11.13-22.57.50:838][  0]LogConfig: Setting CVar [[r.Streaming.MaxNumTexturesToStreamPerFrame:0]]
[2023.11.13-22.57.50:839][  0]LogConfig: Setting CVar [[r.Streaming.Boost:1]]
[2023.11.13-22.57.50:839][  0]LogConfig: Setting CVar [[r.MaxAnisotropy:8]]
[2023.11.13-22.57.50:839][  0]LogConfig: Setting CVar [[r.VT.MaxAnisotropy:8]]
[2023.11.13-22.57.50:839][  0]LogConfig: Setting CVar [[r.Streaming.LimitPoolSizeToVRAM:0]]
[2023.11.13-22.57.50:839][  0]LogConfig: Setting CVar [[r.Streaming.PoolSize:1000]]
[2023.11.13-22.57.50:839][  0]LogConfig: Setting CVar [[r.Streaming.MaxEffectiveScreenSize:0]]
[2023.11.13-22.57.50:839][  0]LogConfig: Applying CVar settings from Section [EffectsQuality@3] File [C:/Users/godye/Desktop/Project/ProjectYA/Client/Saved/Config/Windows/Scalability.ini]
[2023.11.13-22.57.50:839][  0]LogConfig: Setting CVar [[r.TranslucencyLightingVolumeDim:64]]
[2023.11.13-22.57.50:839][  0]LogConfig: Setting CVar [[r.RefractionQuality:2]]
[2023.11.13-22.57.50:839][  0]LogConfig: Setting CVar [[r.SSR.Quality:3]]
[2023.11.13-22.57.50:839][  0]LogConfig: Setting CVar [[r.SSR.HalfResSceneColor:0]]
[2023.11.13-22.57.50:839][  0]LogConfig: Setting CVar [[r.SceneColorFormat:4]]
[2023.11.13-22.57.50:839][  0]LogConfig: Setting CVar [[r.DetailMode:2]]
[2023.11.13-22.57.50:839][  0]LogConfig: Setting CVar [[r.TranslucencyVolumeBlur:1]]
[2023.11.13-22.57.50:839][  0]LogConfig: Setting CVar [[r.MaterialQualityLevel:1 ; High quality]]
[2023.11.13-22.57.50:839][  0]LogConfig: Setting CVar [[r.AnisotropicMaterials:1]]
[2023.11.13-22.57.50:839][  0]LogConfig: Setting CVar [[r.SSS.Scale:1]]
[2023.11.13-22.57.50:839][  0]LogConfig: Setting CVar [[r.SSS.SampleSet:2]]
[2023.11.13-22.57.50:839][  0]LogConfig: Setting CVar [[r.SSS.Quality:1]]
[2023.11.13-22.57.50:839][  0]LogConfig: Setting CVar [[r.SSS.HalfRes:0]]
[2023.11.13-22.57.50:839][  0]LogConfig: Setting CVar [[r.SSGI.Quality:3]]
[2023.11.13-22.57.50:839][  0]LogConfig: Setting CVar [[r.EmitterSpawnRateScale:1.0]]
[2023.11.13-22.57.50:839][  0]LogConfig: Setting CVar [[r.ParticleLightQuality:2]]
[2023.11.13-22.57.50:839][  0]LogConfig: Setting CVar [[r.SkyAtmosphere.AerialPerspectiveLUT.FastApplyOnOpaque:1 ; Always have FastSkyLUT 1 in this case to avoid wrong sky]]
[2023.11.13-22.57.50:839][  0]LogConfig: Setting CVar [[r.SkyAtmosphere.AerialPerspectiveLUT.SampleCountMaxPerSlice:4]]
[2023.11.13-22.57.50:839][  0]LogConfig: Setting CVar [[r.SkyAtmosphere.AerialPerspectiveLUT.DepthResolution:16.0]]
[2023.11.13-22.57.50:839][  0]LogConfig: Setting CVar [[r.SkyAtmosphere.FastSkyLUT:1]]
[2023.11.13-22.57.50:839][  0]LogConfig: Setting CVar [[r.SkyAtmosphere.FastSkyLUT.SampleCountMin:4.0]]
[2023.11.13-22.57.50:839][  0]LogConfig: Setting CVar [[r.SkyAtmosphere.FastSkyLUT.SampleCountMax:128.0]]
[2023.11.13-22.57.50:839][  0]LogConfig: Setting CVar [[r.SkyAtmosphere.SampleCountMin:4.0]]
[2023.11.13-22.57.50:839][  0]LogConfig: Setting CVar [[r.SkyAtmosphere.SampleCountMax:128.0]]
[2023.11.13-22.57.50:839][  0]LogConfig: Setting CVar [[r.SkyAtmosphere.TransmittanceLUT.UseSmallFormat:0]]
[2023.11.13-22.57.50:839][  0]LogConfig: Setting CVar [[r.SkyAtmosphere.TransmittanceLUT.SampleCount:10.0]]
[2023.11.13-22.57.50:839][  0]LogConfig: Setting CVar [[r.SkyAtmosphere.MultiScatteringLUT.SampleCount:15.0]]
[2023.11.13-22.57.50:839][  0]LogConfig: Setting CVar [[r.SkyLight.RealTimeReflectionCapture:1]]
[2023.11.13-22.57.50:839][  0]LogConfig: Applying CVar settings from Section [FoliageQuality@3] File [C:/Users/godye/Desktop/Project/ProjectYA/Client/Saved/Config/Windows/Scalability.ini]
[2023.11.13-22.57.50:839][  0]LogConfig: Setting CVar [[foliage.DensityScale:1.0]]
[2023.11.13-22.57.50:839][  0]LogConfig: Setting CVar [[grass.DensityScale:1.0]]
[2023.11.13-22.57.50:839][  0]LogConfig: Applying CVar settings from Section [ShadingQuality@3] File [C:/Users/godye/Desktop/Project/ProjectYA/Client/Saved/Config/Windows/Scalability.ini]
[2023.11.13-22.57.50:839][  0]LogConfig: Setting CVar [[r.HairStrands.SkyLighting.IntegrationType:2]]
[2023.11.13-22.57.50:839][  0]LogConfig: Setting CVar [[r.HairStrands.SkyAO.SampleCount:4]]
[2023.11.13-22.57.50:839][  0]LogConfig: Setting CVar [[r.HairStrands.Visibility.MSAA.SamplePerPixel:4]]
[2023.11.13-22.57.50:839][  0]LogInit: Selected Device Profile: [Windows]
[2023.11.13-22.57.50:839][  0]LogInit: Applying CVar settings loaded from the selected device profile: [Windows]
[2023.11.13-22.57.50:840][  0]LogHAL: Display: Platform has ~ 32 GB [34301599744 / 34359738368 / 32], which maps to Largest [LargestMinGB=32, LargerMinGB=12, DefaultMinGB=8, SmallerMinGB=6, SmallestMinGB=0)
[2023.11.13-22.57.50:840][  0]LogInit: Going up to parent DeviceProfile []
[2023.11.13-22.57.50:840][  0]LogConfig: Applying CVar settings from Section [ViewDistanceQuality@3] File [C:/Users/godye/Desktop/Project/ProjectYA/Client/Saved/Config/Windows/Scalability.ini]
[2023.11.13-22.57.50:840][  0]LogConfig: Setting CVar [[r.SkeletalMeshLODBias:0]]
[2023.11.13-22.57.50:840][  0]LogConfig: Setting CVar [[r.ViewDistanceScale:1.0]]
[2023.11.13-22.57.50:840][  0]LogConfig: Applying CVar settings from Section [AntiAliasingQuality@3] File [C:/Users/godye/Desktop/Project/ProjectYA/Client/Saved/Config/Windows/Scalability.ini]
[2023.11.13-22.57.50:840][  0]LogConfig: Setting CVar [[r.PostProcessAAQuality:4]]
[2023.11.13-22.57.50:840][  0]LogConfig: Applying CVar settings from Section [ShadowQuality@3] File [C:/Users/godye/Desktop/Project/ProjectYA/Client/Saved/Config/Windows/Scalability.ini]
[2023.11.13-22.57.50:840][  0]LogConfig: Setting CVar [[r.LightFunctionQuality:1]]
[2023.11.13-22.57.50:840][  0]LogConfig: Setting CVar [[r.ShadowQuality:5]]
[2023.11.13-22.57.50:840][  0]LogConfig: Setting CVar [[r.Shadow.CSM.MaxCascades:10]]
[2023.11.13-22.57.50:840][  0]LogConfig: Setting CVar [[r.Shadow.MaxResolution:2048]]
[2023.11.13-22.57.50:840][  0]LogConfig: Setting CVar [[r.Shadow.MaxCSMResolution:2048]]
[2023.11.13-22.57.50:840][  0]LogConfig: Setting CVar [[r.Shadow.RadiusThreshold:0.01]]
[2023.11.13-22.57.50:840][  0]LogConfig: Setting CVar [[r.Shadow.DistanceScale:1.0]]
[2023.11.13-22.57.50:840][  0]LogConfig: Setting CVar [[r.Shadow.CSM.TransitionScale:1.0]]
[2023.11.13-22.57.50:840][  0]LogConfig: Setting CVar [[r.Shadow.PreShadowResolutionFactor:1.0]]
[2023.11.13-22.57.50:840][  0]LogConfig: Setting CVar [[r.DistanceFieldShadowing:1]]
[2023.11.13-22.57.50:840][  0]LogConfig: Setting CVar [[r.DistanceFieldAO:1]]
[2023.11.13-22.57.50:840][  0]LogConfig: Setting CVar [[r.AOQuality:2]]
[2023.11.13-22.57.50:840][  0]LogConfig: Setting CVar [[r.VolumetricFog:1]]
[2023.11.13-22.57.50:840][  0]LogConfig: Setting CVar [[r.VolumetricFog.GridPixelSize:8]]
[2023.11.13-22.57.50:840][  0]LogConfig: Setting CVar [[r.VolumetricFog.GridSizeZ:128]]
[2023.11.13-22.57.50:840][  0]LogConfig: Setting CVar [[r.VolumetricFog.HistoryMissSupersampleCount:4]]
[2023.11.13-22.57.50:840][  0]LogConfig: Setting CVar [[r.LightMaxDrawDistanceScale:1]]
[2023.11.13-22.57.50:840][  0]LogConfig: Setting CVar [[r.CapsuleShadows:1]]
[2023.11.13-22.57.50:841][  0]LogConfig: Applying CVar settings from Section [PostProcessQuality@3] File [C:/Users/godye/Desktop/Project/ProjectYA/Client/Saved/Config/Windows/Scalability.ini]
[2023.11.13-22.57.50:841][  0]LogConfig: Setting CVar [[r.MotionBlurQuality:4]]
[2023.11.13-22.57.50:841][  0]LogConfig: Setting CVar [[r.AmbientOcclusionMipLevelFactor:0.4]]
[2023.11.13-22.57.50:841][  0]LogConfig: Setting CVar [[r.AmbientOcclusionMaxQuality:100]]
[2023.11.13-22.57.50:841][  0]LogConfig: Setting CVar [[r.AmbientOcclusionLevels:-1]]
[2023.11.13-22.57.50:841][  0]LogConfig: Setting CVar [[r.AmbientOcclusionRadiusScale:1.0]]
[2023.11.13-22.57.50:841][  0]LogConfig: Setting CVar [[r.DepthOfFieldQuality:2]]
[2023.11.13-22.57.50:841][  0]LogConfig: Setting CVar [[r.RenderTargetPoolMin:400]]
[2023.11.13-22.57.50:841][  0]LogConfig: Setting CVar [[r.LensFlareQuality:2]]
[2023.11.13-22.57.50:841][  0]LogConfig: Setting CVar [[r.SceneColorFringeQuality:1]]
[2023.11.13-22.57.50:841][  0]LogConfig: Setting CVar [[r.EyeAdaptationQuality:2]]
[2023.11.13-22.57.50:841][  0]LogConfig: Setting CVar [[r.BloomQuality:5]]
[2023.11.13-22.57.50:841][  0]LogConfig: Setting CVar [[r.FastBlurThreshold:100]]
[2023.11.13-22.57.50:841][  0]LogConfig: Setting CVar [[r.Upscale.Quality:3]]
[2023.11.13-22.57.50:841][  0]LogConfig: Setting CVar [[r.Tonemapper.GrainQuantization:1]]
[2023.11.13-22.57.50:841][  0]LogConfig: Setting CVar [[r.LightShaftQuality:1]]
[2023.11.13-22.57.50:841][  0]LogConfig: Setting CVar [[r.Filter.SizeScale:1]]
[2023.11.13-22.57.50:841][  0]LogConfig: Setting CVar [[r.Tonemapper.Quality:5]]
[2023.11.13-22.57.50:841][  0]LogConfig: Setting CVar [[r.DOF.Gather.AccumulatorQuality:1        ; higher gathering accumulator quality]]
[2023.11.13-22.57.50:841][  0]LogConfig: Setting CVar [[r.DOF.Gather.PostfilterMethod:1          ; Median3x3 postfilering method]]
[2023.11.13-22.57.50:841][  0]LogConfig: Setting CVar [[r.DOF.Gather.EnableBokehSettings:0       ; no bokeh simulation when gathering]]
[2023.11.13-22.57.50:841][  0]LogConfig: Setting CVar [[r.DOF.Gather.RingCount:4                 ; medium number of samples when gathering]]
[2023.11.13-22.57.50:841][  0]LogConfig: Setting CVar [[r.DOF.Scatter.ForegroundCompositing:1    ; additive foreground scattering]]
[2023.11.13-22.57.50:841][  0]LogConfig: Setting CVar [[r.DOF.Scatter.BackgroundCompositing:2    ; additive background scattering]]
[2023.11.13-22.57.50:841][  0]LogConfig: Setting CVar [[r.DOF.Scatter.EnableBokehSettings:1      ; bokeh simulation when scattering]]
[2023.11.13-22.57.50:841][  0]LogConfig: Setting CVar [[r.DOF.Scatter.MaxSpriteRatio:0.1         ; only a maximum of 10% of scattered bokeh]]
[2023.11.13-22.57.50:841][  0]LogConfig: Setting CVar [[r.DOF.Recombine.Quality:1                ; cheap slight out of focus]]
[2023.11.13-22.57.50:841][  0]LogConfig: Setting CVar [[r.DOF.Recombine.EnableBokehSettings:0    ; no bokeh simulation on slight out of focus]]
[2023.11.13-22.57.50:841][  0]LogConfig: Setting CVar [[r.DOF.TemporalAAQuality:1                ; more stable temporal accumulation]]
[2023.11.13-22.57.50:841][  0]LogConfig: Setting CVar [[r.DOF.Kernel.MaxForegroundRadius:0.025]]
[2023.11.13-22.57.50:842][  0]LogConfig: Setting CVar [[r.DOF.Kernel.MaxBackgroundRadius:0.025]]
[2023.11.13-22.57.50:842][  0]LogConfig: Applying CVar settings from Section [TextureQuality@3] File [C:/Users/godye/Desktop/Project/ProjectYA/Client/Saved/Config/Windows/Scalability.ini]
[2023.11.13-22.57.50:842][  0]LogConfig: Setting CVar [[r.Streaming.MipBias:0]]
[2023.11.13-22.57.50:842][  0]LogConfig: Setting CVar [[r.Streaming.AmortizeCPUToGPUCopy:0]]
[2023.11.13-22.57.50:842][  0]LogConfig: Setting CVar [[r.Streaming.MaxNumTexturesToStreamPerFrame:0]]
[2023.11.13-22.57.50:842][  0]LogConfig: Setting CVar [[r.Streaming.Boost:1]]
[2023.11.13-22.57.50:842][  0]LogConfig: Setting CVar [[r.MaxAnisotropy:8]]
[2023.11.13-22.57.50:842][  0]LogConfig: Setting CVar [[r.VT.MaxAnisotropy:8]]
[2023.11.13-22.57.50:842][  0]LogConfig: Setting CVar [[r.Streaming.LimitPoolSizeToVRAM:0]]
[2023.11.13-22.57.50:842][  0]LogConfig: Setting CVar [[r.Streaming.PoolSize:1000]]
[2023.11.13-22.57.50:842][  0]LogConfig: Setting CVar [[r.Streaming.MaxEffectiveScreenSize:0]]
[2023.11.13-22.57.50:842][  0]LogConfig: Applying CVar settings from Section [EffectsQuality@3] File [C:/Users/godye/Desktop/Project/ProjectYA/Client/Saved/Config/Windows/Scalability.ini]
[2023.11.13-22.57.50:842][  0]LogConfig: Setting CVar [[r.TranslucencyLightingVolumeDim:64]]
[2023.11.13-22.57.50:842][  0]LogConfig: Setting CVar [[r.RefractionQuality:2]]
[2023.11.13-22.57.50:842][  0]LogConfig: Setting CVar [[r.SSR.Quality:3]]
[2023.11.13-22.57.50:842][  0]LogConfig: Setting CVar [[r.SSR.HalfResSceneColor:0]]
[2023.11.13-22.57.50:842][  0]LogConfig: Setting CVar [[r.SceneColorFormat:4]]
[2023.11.13-22.57.50:842][  0]LogConfig: Setting CVar [[r.DetailMode:2]]
[2023.11.13-22.57.50:842][  0]LogConfig: Setting CVar [[r.TranslucencyVolumeBlur:1]]
[2023.11.13-22.57.50:842][  0]LogConfig: Setting CVar [[r.MaterialQualityLevel:1 ; High quality]]
[2023.11.13-22.57.50:842][  0]LogConfig: Setting CVar [[r.AnisotropicMaterials:1]]
[2023.11.13-22.57.50:842][  0]LogConfig: Setting CVar [[r.SSS.Scale:1]]
[2023.11.13-22.57.50:842][  0]LogConfig: Setting CVar [[r.SSS.SampleSet:2]]
[2023.11.13-22.57.50:842][  0]LogConfig: Setting CVar [[r.SSS.Quality:1]]
[2023.11.13-22.57.50:842][  0]LogConfig: Setting CVar [[r.SSS.HalfRes:0]]
[2023.11.13-22.57.50:842][  0]LogConfig: Setting CVar [[r.SSGI.Quality:3]]
[2023.11.13-22.57.50:842][  0]LogConfig: Setting CVar [[r.EmitterSpawnRateScale:1.0]]
[2023.11.13-22.57.50:842][  0]LogConfig: Setting CVar [[r.ParticleLightQuality:2]]
[2023.11.13-22.57.50:842][  0]LogConfig: Setting CVar [[r.SkyAtmosphere.AerialPerspectiveLUT.FastApplyOnOpaque:1 ; Always have FastSkyLUT 1 in this case to avoid wrong sky]]
[2023.11.13-22.57.50:842][  0]LogConfig: Setting CVar [[r.SkyAtmosphere.AerialPerspectiveLUT.SampleCountMaxPerSlice:4]]
[2023.11.13-22.57.50:842][  0]LogConfig: Setting CVar [[r.SkyAtmosphere.AerialPerspectiveLUT.DepthResolution:16.0]]
[2023.11.13-22.57.50:842][  0]LogConfig: Setting CVar [[r.SkyAtmosphere.FastSkyLUT:1]]
[2023.11.13-22.57.50:842][  0]LogConfig: Setting CVar [[r.SkyAtmosphere.FastSkyLUT.SampleCountMin:4.0]]
[2023.11.13-22.57.50:843][  0]LogConfig: Setting CVar [[r.SkyAtmosphere.FastSkyLUT.SampleCountMax:128.0]]
[2023.11.13-22.57.50:843][  0]LogConfig: Setting CVar [[r.SkyAtmosphere.SampleCountMin:4.0]]
[2023.11.13-22.57.50:843][  0]LogConfig: Setting CVar [[r.SkyAtmosphere.SampleCountMax:128.0]]
[2023.11.13-22.57.50:843][  0]LogConfig: Setting CVar [[r.SkyAtmosphere.TransmittanceLUT.UseSmallFormat:0]]
[2023.11.13-22.57.50:843][  0]LogConfig: Setting CVar [[r.SkyAtmosphere.TransmittanceLUT.SampleCount:10.0]]
[2023.11.13-22.57.50:843][  0]LogConfig: Setting CVar [[r.SkyAtmosphere.MultiScatteringLUT.SampleCount:15.0]]
[2023.11.13-22.57.50:843][  0]LogConfig: Setting CVar [[r.SkyLight.RealTimeReflectionCapture:1]]
[2023.11.13-22.57.50:843][  0]LogConfig: Applying CVar settings from Section [FoliageQuality@3] File [C:/Users/godye/Desktop/Project/ProjectYA/Client/Saved/Config/Windows/Scalability.ini]
[2023.11.13-22.57.50:843][  0]LogConfig: Setting CVar [[foliage.DensityScale:1.0]]
[2023.11.13-22.57.50:843][  0]LogConfig: Setting CVar [[grass.DensityScale:1.0]]
[2023.11.13-22.57.50:843][  0]LogConfig: Applying CVar settings from Section [ShadingQuality@3] File [C:/Users/godye/Desktop/Project/ProjectYA/Client/Saved/Config/Windows/Scalability.ini]
[2023.11.13-22.57.50:843][  0]LogConfig: Setting CVar [[r.HairStrands.SkyLighting.IntegrationType:2]]
[2023.11.13-22.57.50:843][  0]LogConfig: Setting CVar [[r.HairStrands.SkyAO.SampleCount:4]]
[2023.11.13-22.57.50:843][  0]LogConfig: Setting CVar [[r.HairStrands.Visibility.MSAA.SamplePerPixel:4]]
[2023.11.13-22.57.50:843][  0]LogConfig: Applying CVar settings from Section [Startup] File [../../../Engine/Config/ConsoleVariables.ini]
[2023.11.13-22.57.50:843][  0]LogConfig: Setting CVar [[net.UseAdaptiveNetUpdateFrequency:0]]
[2023.11.13-22.57.50:843][  0]LogConfig: Setting CVar [[p.chaos.AllowCreatePhysxBodies:1]]
[2023.11.13-22.57.50:843][  0]LogConfig: Setting CVar [[fx.SkipVectorVMBackendOptimizations:1]]
[2023.11.13-22.57.50:843][  0]LogConfig: Applying CVar settings from Section [ConsoleVariables] File [C:/Users/godye/Desktop/Project/ProjectYA/Client/Saved/Config/Windows/Engine.ini]
[2023.11.13-22.57.50:843][  0]LogConfig: Applying CVar settings from Section [ConsoleVariables] File [C:/Users/godye/Desktop/Project/ProjectYA/Client/Saved/Config/Windows/Editor.ini]
[2023.11.13-22.57.50:843][  0]LogInit: Computer: SANGGEUN
[2023.11.13-22.57.50:844][  0]LogInit: User: godye
[2023.11.13-22.57.50:844][  0]LogInit: CPU Page size=4096, Cores=6
[2023.11.13-22.57.50:844][  0]LogInit: High frequency timer resolution =10.000000 MHz
[2023.11.13-22.57.50:844][  0]LogMemory: Memory total: Physical=31.9GB (32GB approx)
[2023.11.13-22.57.50:844][  0]LogMemory: Platform Memory Stats for Windows
[2023.11.13-22.57.50:844][  0]LogMemory: Process Physical Memory: 145.91 MB used, 145.91 MB peak
[2023.11.13-22.57.50:844][  0]LogMemory: Process Virtual Memory: 127.65 MB used, 127.65 MB peak
[2023.11.13-22.57.50:844][  0]LogMemory: Physical Memory: 15616.26 MB used,  17096.30 MB free, 32712.55 MB total
[2023.11.13-22.57.50:844][  0]LogMemory: Virtual Memory: 134205768.00 MB used,  11957.32 MB free, 134217728.00 MB total
[2023.11.13-22.57.50:860][  0]LogWindows: WindowsPlatformFeatures enabled
[2023.11.13-22.57.51:058][  0]LogInit: Physics initialised using underlying interface: PhysX
[2023.11.13-22.57.51:059][  0]LogInit: Using OS detected language (ko-KR).
[2023.11.13-22.57.51:059][  0]LogInit: Using OS detected locale (ko-KR).
[2023.11.13-22.57.51:062][  0]LogTextLocalizationManager: No specific localization for 'ko-KR' exists, so the 'ko' localization will be used.
[2023.11.13-22.57.51:143][  0]LogInit: Setting process to per monitor DPI aware
[2023.11.13-22.57.51:167][  0]LogWindowsTextInputMethodSystem: Display: IME system deactivated.
[2023.11.13-22.57.51:193][  0]LogSlate: New Slate User Created.  User Index 0, Is Virtual User: 0
[2023.11.13-22.57.51:193][  0]LogSlate: Slate User Registered.  User Index 0, Is Virtual User: 0
[2023.11.13-22.57.51:313][  0]LogD3D11RHI: Loaded GFSDK_Aftermath_Lib.x64.dll
[2023.11.13-22.57.51:324][  0]LogHMD: Failed to initialize OpenVR with code 110
[2023.11.13-22.57.51:324][  0]LogD3D11RHI: D3D11 min allowed feature level: 11_0
[2023.11.13-22.57.51:324][  0]LogD3D11RHI: D3D11 max allowed feature level: 11_0
[2023.11.13-22.57.51:324][  0]LogD3D11RHI: D3D11 adapters:
[2023.11.13-22.57.51:491][  0]LogD3D11RHI:    0. 'NVIDIA GeForce RTX 3070' (Feature Level 11_0)
[2023.11.13-22.57.51:491][  0]LogD3D11RHI:       8031/0/16356 MB DedicatedVideo/DedicatedSystem/SharedSystem, Outputs:2, VendorId:0x10de
[2023.11.13-22.57.51:497][  0]LogD3D11RHI:    1. 'Microsoft Basic Render Driver' (Feature Level 11_0)
[2023.11.13-22.57.51:497][  0]LogD3D11RHI:       0/0/16356 MB DedicatedVideo/DedicatedSystem/SharedSystem, Outputs:0, VendorId:0x1414
[2023.11.13-22.57.51:497][  0]LogD3D11RHI: Chosen D3D11 Adapter:
[2023.11.13-22.57.51:497][  0]LogD3D11RHI:     Description : NVIDIA GeForce RTX 3070
[2023.11.13-22.57.51:497][  0]LogD3D11RHI:     VendorId    : 10de
[2023.11.13-22.57.51:497][  0]LogD3D11RHI:     DeviceId    : 2484
[2023.11.13-22.57.51:497][  0]LogD3D11RHI:     SubSysId    : 24841569
[2023.11.13-22.57.51:497][  0]LogD3D11RHI:     Revision    : 00a1
[2023.11.13-22.57.51:497][  0]LogD3D11RHI:     DedicatedVideoMemory : 8421113856 bytes
[2023.11.13-22.57.51:497][  0]LogD3D11RHI:     DedicatedSystemMemory : 0 bytes
[2023.11.13-22.57.51:497][  0]LogD3D11RHI:     SharedSystemMemory : 17150799872 bytes
[2023.11.13-22.57.51:497][  0]LogD3D11RHI:     AdapterLuid : 0 51589
[2023.11.13-22.57.51:505][  0]LogD3D11RHI: Creating new Direct3DDevice
[2023.11.13-22.57.51:505][  0]LogD3D11RHI:     GPU DeviceId: 0x2484 (for the marketing name, search the web for "GPU Device Id")
[2023.11.13-22.57.51:505][  0]LogWindows: EnumDisplayDevices:
[2023.11.13-22.57.51:505][  0]LogWindows:    0. 'NVIDIA GeForce RTX 3070' (P:1 D:1)
[2023.11.13-22.57.51:506][  0]LogWindows:    1. 'NVIDIA GeForce RTX 3070' (P:0 D:1)
[2023.11.13-22.57.51:506][  0]LogWindows:    2. 'NVIDIA GeForce RTX 3070' (P:0 D:0)
[2023.11.13-22.57.51:507][  0]LogWindows:    3. 'NVIDIA GeForce RTX 3070' (P:0 D:0)
[2023.11.13-22.57.51:507][  0]LogWindows: DebugString: FoundDriverCount:4 
[2023.11.13-22.57.51:507][  0]LogD3D11RHI:     Adapter Name: NVIDIA GeForce RTX 3070
[2023.11.13-22.57.51:507][  0]LogD3D11RHI:   Driver Version: 536.67 (internal:31.0.15.3667, unified:536.67)
[2023.11.13-22.57.51:507][  0]LogD3D11RHI:      Driver Date: 7-12-2023
[2023.11.13-22.57.51:507][  0]LogRHI: Texture pool is 5621 MB (70% of 8031 MB)
[2023.11.13-22.57.51:507][  0]LogD3D11RHI: Creating D3DDevice using adapter:
[2023.11.13-22.57.51:507][  0]LogD3D11RHI:     Description : NVIDIA GeForce RTX 3070
[2023.11.13-22.57.51:507][  0]LogD3D11RHI:     VendorId    : 10de
[2023.11.13-22.57.51:508][  0]LogD3D11RHI:     DeviceId    : 2484
[2023.11.13-22.57.51:508][  0]LogD3D11RHI:     SubSysId    : 24841569
[2023.11.13-22.57.51:508][  0]LogD3D11RHI:     Revision    : 00a1
[2023.11.13-22.57.51:508][  0]LogD3D11RHI:     DedicatedVideoMemory : 8421113856 bytes
[2023.11.13-22.57.51:508][  0]LogD3D11RHI:     DedicatedSystemMemory : 0 bytes
[2023.11.13-22.57.51:508][  0]LogD3D11RHI:     SharedSystemMemory : 17150799872 bytes
[2023.11.13-22.57.51:508][  0]LogD3D11RHI:     AdapterLuid : 0 51589
[2023.11.13-22.57.51:580][  0]LogD3D11RHI: RHI has support for 64 bit atomics
[2023.11.13-22.57.51:580][  0]LogD3D11RHI: Async texture creation enabled
[2023.11.13-22.57.51:580][  0]LogD3D11RHI: Array index from any shader is supported
[2023.11.13-22.57.51:583][  0]LogD3D11RHI: HDR output is supported on display 0 (NvId: 0x80061081).
[2023.11.13-22.57.51:604][  0]LogD3D11RHI: GPU Timing Frequency: 1000.000000 (Debug: 2 2)
[2023.11.13-22.57.51:667][  0]LogRHI: GeForceNow SDK initialized: 1
[2023.11.13-22.57.51:984][  0]LogTargetPlatformManager: Display: Loaded TargetPlatform 'AllDesktop'
[2023.11.13-22.57.52:009][  0]LogTargetPlatformManager: Display: Loaded TargetPlatform 'Android'
[2023.11.13-22.57.52:009][  0]LogTargetPlatformManager: Display: Loaded TargetPlatform 'Android_ASTC'
[2023.11.13-22.57.52:009][  0]LogTargetPlatformManager: Display: Loaded TargetPlatform 'Android_DXT'
[2023.11.13-22.57.52:009][  0]LogTargetPlatformManager: Display: Loaded TargetPlatform 'Android_ETC2'
[2023.11.13-22.57.52:009][  0]LogTargetPlatformManager: Display: Loaded TargetPlatform 'AndroidClient'
[2023.11.13-22.57.52:009][  0]LogTargetPlatformManager: Display: Loaded TargetPlatform 'Android_ASTCClient'
[2023.11.13-22.57.52:009][  0]LogTargetPlatformManager: Display: Loaded TargetPlatform 'Android_DXTClient'
[2023.11.13-22.57.52:009][  0]LogTargetPlatformManager: Display: Loaded TargetPlatform 'Android_ETC2Client'
[2023.11.13-22.57.52:009][  0]LogTargetPlatformManager: Display: Loaded TargetPlatform 'Android_Multi'
[2023.11.13-22.57.52:009][  0]LogTargetPlatformManager: Display: Loaded TargetPlatform 'Android_MultiClient'
[2023.11.13-22.57.52:045][  0]LogTargetPlatformManager: Display: Loaded TargetPlatform 'IOSClient'
[2023.11.13-22.57.52:045][  0]LogTargetPlatformManager: Display: Loaded TargetPlatform 'IOS'
[2023.11.13-22.57.52:059][  0]LogTargetPlatformManager: Display: Loaded TargetPlatform 'Linux'
[2023.11.13-22.57.52:069][  0]LogTargetPlatformManager: Display: Loaded TargetPlatform 'LinuxNoEditor'
[2023.11.13-22.57.52:082][  0]LogTargetPlatformManager: Display: Loaded TargetPlatform 'LinuxClient'
[2023.11.13-22.57.52:095][  0]LogTargetPlatformManager: Display: Loaded TargetPlatform 'LinuxServer'
[2023.11.13-22.57.52:112][  0]LogTargetPlatformManager: Display: Loaded TargetPlatform 'LinuxAArch64NoEditor'
[2023.11.13-22.57.52:124][  0]LogTargetPlatformManager: Display: Loaded TargetPlatform 'LinuxAArch64Client'
[2023.11.13-22.57.52:134][  0]LogTargetPlatformManager: Display: Loaded TargetPlatform 'LinuxAArch64Server'
[2023.11.13-22.57.52:160][  0]LogTargetPlatformManager: Display: Loaded TargetPlatform 'Lumin'
[2023.11.13-22.57.52:160][  0]LogTargetPlatformManager: Display: Loaded TargetPlatform 'LuminClient'
[2023.11.13-22.57.52:176][  0]LogTargetPlatformManager: Display: Loaded TargetPlatform 'MacNoEditor'
[2023.11.13-22.57.52:189][  0]LogTargetPlatformManager: Display: Loaded TargetPlatform 'Mac'
[2023.11.13-22.57.52:203][  0]LogTargetPlatformManager: Display: Loaded TargetPlatform 'MacClient'
[2023.11.13-22.57.52:216][  0]LogTargetPlatformManager: Display: Loaded TargetPlatform 'MacServer'
[2023.11.13-22.57.52:232][  0]LogTargetPlatformManager: Display: Loaded TargetPlatform 'TVOSClient'
[2023.11.13-22.57.52:232][  0]LogTargetPlatformManager: Display: Loaded TargetPlatform 'TVOS'
[2023.11.13-22.57.52:250][  0]LogTargetPlatformManager: Display: Loaded TargetPlatform 'WindowsNoEditor'
[2023.11.13-22.57.52:263][  0]LogTargetPlatformManager: Display: Loaded TargetPlatform 'Windows'
[2023.11.13-22.57.52:278][  0]LogTargetPlatformManager: Display: Loaded TargetPlatform 'WindowsClient'
[2023.11.13-22.57.52:292][  0]LogTargetPlatformManager: Display: Loaded TargetPlatform 'WindowsServer'
[2023.11.13-22.57.52:292][  0]LogTargetPlatformManager: Display: Building Assets For Windows
[2023.11.13-22.57.52:323][  0]LogAudioDebug: Display: Lib vorbis DLL was dynamically loaded.
[2023.11.13-22.57.52:426][  0]LogTextureFormatOodle: Display: Oodle Texture 2.9.0 init RDO Off
[2023.11.13-22.57.52:544][  0]LogRendererCore: Ray tracing is disabled. Reason: r.RayTracing=0.
[2023.11.13-22.57.52:544][  0]LogShaderCompilers: Guid format shader working directory is -17 characters bigger than the processId version (../../../../../../Users/godye/Desktop/Project/ProjectYA/Client/Intermediate/Shaders/WorkingDirectory/23300/).
[2023.11.13-22.57.52:544][  0]LogShaderCompilers: Cleaned the shader compiler working directory 'C:/Users/godye/AppData/Local/Temp/UnrealShaderWorkingDir/9B699BC143CA2846D8958697FD2F35B4/'.
[2023.11.13-22.57.52:545][  0]LogXGEController: Cannot use XGE Controller as Incredibuild is not installed on this machine.
[2023.11.13-22.57.52:545][  0]LogShaderCompilers: Cannot use XGE Shader Compiler as Incredibuild is not installed on this machine.
[2023.11.13-22.57.52:545][  0]LogShaderCompilers: Display: Using Local Shader Compiler.
[2023.11.13-22.57.53:092][  0]LogDerivedDataCache: Display: Max Cache Size: 512 MB
[2023.11.13-22.57.53:134][  0]LogDerivedDataCache: Loaded boot cache 0.04s 103MB C:/Users/godye/AppData/Local/UnrealEngine/4.27/DerivedDataCache/Boot.ddc.
[2023.11.13-22.57.53:134][  0]LogDerivedDataCache: Display: Loaded Boot cache: C:/Users/godye/AppData/Local/UnrealEngine/4.27/DerivedDataCache/Boot.ddc
[2023.11.13-22.57.53:134][  0]LogDerivedDataCache: FDerivedDataBackendGraph:  Pak pak cache file ../../../../../../Users/godye/Desktop/Project/ProjectYA/Client/DerivedDataCache/DDC.ddp not found, will not use a pak cache.
[2023.11.13-22.57.53:134][  0]LogDerivedDataCache: Unable to find inner node Pak for hierarchical cache Hierarchy.
[2023.11.13-22.57.53:134][  0]LogDerivedDataCache: FDerivedDataBackendGraph:  CompressedPak pak cache file ../../../../../../Users/godye/Desktop/Project/ProjectYA/Client/DerivedDataCache/Compressed.ddp not found, will not use a pak cache.
[2023.11.13-22.57.53:135][  0]LogDerivedDataCache: Unable to find inner node CompressedPak for hierarchical cache Hierarchy.
[2023.11.13-22.57.53:147][  0]LogDerivedDataCache: Display: Pak cache opened for reading ../../../Engine/DerivedDataCache/Compressed.ddp.
[2023.11.13-22.57.53:149][  0]LogDerivedDataCache: FDerivedDataBackendGraph:  EnterprisePak pak cache file ../../../Enterprise/DerivedDataCache/Compressed.ddp not found, will not use a pak cache.
[2023.11.13-22.57.53:149][  0]LogDerivedDataCache: Unable to find inner node EnterprisePak for hierarchical cache Hierarchy.
[2023.11.13-22.57.53:157][  0]LogDerivedDataCache: Speed tests for C:/Users/godye/AppData/Local/UnrealEngine/Common/DerivedDataCache took 0.01 seconds
[2023.11.13-22.57.53:157][  0]LogDerivedDataCache: Display: Performance to C:/Users/godye/AppData/Local/UnrealEngine/Common/DerivedDataCache: Latency=0.04ms. RandomReadSpeed=1087.61MBs, RandomWriteSpeed=139.70MBs. Assigned SpeedClass 'Local'
[2023.11.13-22.57.53:159][  0]LogDerivedDataCache: Using Local data cache path C:/Users/godye/AppData/Local/UnrealEngine/Common/DerivedDataCache: Writable
[2023.11.13-22.57.53:159][  0]LogDerivedDataCache: Shared data cache path not found in *engine.ini, will not use an Shared cache.
[2023.11.13-22.57.53:159][  0]LogDerivedDataCache: Unable to find inner node Shared for hierarchical cache Hierarchy.
[2023.11.13-22.57.53:195][  0]LogSlate: Using FreeType 2.10.0
[2023.11.13-22.57.53:195][  0]LogSlate: SlateFontServices - WITH_FREETYPE: 1, WITH_HARFBUZZ: 1
[2023.11.13-22.57.53:222][  0]LogAssetRegistry: FAssetRegistry took 0.0037 seconds to start up
[2023.11.13-22.57.53:407][  0]LogInit: Selected Device Profile: [Windows]
[2023.11.13-22.57.53:408][  0]LogInit: Active device profile: [000001F282E5FF00][000001F2823E4EC0 49] Windows
[2023.11.13-22.57.53:408][  0]LogInit: Profiles: [000001F282E5FF00][000001F2823E4EC0 49] Windows, [000001F282E9FF00][000001F2823F1040 49] WindowsNoEditor, [000001F282E5C200][000001F28380D1C0 49] WindowsServer, [000001F282E9EC00][000001F2822D7340 49] WindowsClient, [000001F282E5D600][000001F28381D4C0 49] IOS, [000001F282E9DD00][000001F2F8EA1640 49] iPadAir, [000001F282E5E200][000001F2F8EA57C0 49] iPadAir2, [000001F282E0BE00][000001F2F8EE7A80 49] IPadPro, [000001F282E0BF00][000001F2F8EE3AC0 49] iPadAir3, [000001F282E5FB00][000001F2FEDA40C0 49] iPadAir4, [000001F282E08700][000001F2FEDA8240 49] iPadMini2, [000001F282E5C400][000001F2FEDAC3C0 49] iPadMini3, [000001F282E09100][000001F2FEDB0540 49] iPadMini4, [000001F282E5D200][000001F2F90AC6C0 49] iPadMini5, [000001F282E47700][000001F2FEDC4900 49] iPhone6, [000001F282E47800][000001F2823E8940 49] iPodTouch6, [000001F282E0A000][000001F283788B80 49] iPhone7, [000001F282E0A100][000001F2F90B0BC0 49] iPodTouch7, [000001F282E44600][000001F2837CCD40 49] iPhone5S, [000001F282E08F00][000001F2837D4EC0 49] iPhone6Plus, [000001F282E45200][000001F2837D9040 49] iPhone6S, [000001F282E09A00][000001F2837DD1C0 49] iPhone6SPlus, [000001F282E46600][000001F2837E1340 49] iPhone7Plus, [000001F282E0AF00][000001F283B5B4C0 49] iPhoneSE, [000001F282E44C00][000001F283B5F640 49] iPhone8, [000001F282E0BD00][000001F283B637C0 49] iPhone8Plus, [000001F282E46800][000001F283B67940 49] iPhoneX, [000001F282E09700][000001F283B6BAC0 49] iPhoneXS, [000001F282E46B00][000001F283B6E0C0 49] iPhoneXSMax, [000001F282E08B00][000001F283B72240 49] iPhoneXR, [000001F282E45300][000001F283B763C0 49] iPhone11, [000001F282E09500][000001F2F8EA8540 49] iPhone11Pro, [000001F282E44500][000001F2F8EDA6C0 49] iPhone11ProMax, [000001F282E0AA00][000001F2F8EDE840 49] iPhoneSE2, [000001F282E44A00][000001F2837C8980 49] iPhone12Mini, [000001F282E0B100][000001F283C1EAC0 49] iPhone12, [000001F282E47B00][000001F283C22C00 49] iPhone12Pro, [000001F282E08C00][000001F283C26D40 49] iPhone12ProMax, [000001F282E44100][000001F283574EC0 49] iPadPro105, [000001F282E0AC00][000001F2835B7040 49] iPadPro129, [000001F282E46D00][000001F2835E71C0 49] iPadPro97, [000001F282E09B00][000001F2835EF340 49] iPadPro2_129, [000001F282E44700][000001F2835F34C0 49] iPad5, [000001F282E0AD00][000001F2835F7640 49] iPad6, [000001F282E45D00][000001F2835FB7C0 49] iPad7, [000001F282E08900][000001F2FED99940 49] iPad8, [000001F282E45C00][000001F2FED9DAC0 49] iPadPro11, [000001F282E09D00][000001F2FEDA00C0 49] iPadPro2_11, [000001F282E47200][000001F28360A240 49] iPadPro3_129, [000001F282E09200][000001F28360E3C0 49] iPadPro4_129, [000001F282E44300][000001F283612540 49] AppleTV, [000001F282E0A500][000001F2836166C0 49] AppleTV4K, [000001F282E45F00][000001F2837D0840 49] TVOS, [000001F282E0B000][000001F2822D29C0 49] Mac, [000001F282E45100][000001F283810B40 49] MacClient, [000001F282E0B700][000001F283C2AC80 49] MacNoEditor, [000001F282E46E00][000001F283578DC0 49] MacServer, [000001F282E0B400][000001F2835EAF00 49] Linux, [000001F282E46000][000001F2F8E5D080 49] LinuxAArch64, [000001F282E08500][000001F2F8E61200 49] LinuxNoEditor, [000001F282E47000][000001F2F8E65380 49] LinuxAArch64NoEditor, [000001F282E0AB00][000001F2F8E69500 49] LinuxClient, [000001F282E44F00][000001F2F8E6D680 49] LinuxAArch64Client, [000001F282E09400][000001F2F8E71800 49] LinuxServer, [000001F282E9F700][000001F2F8E75980 49] LinuxAArch64Server, [000001F2830FEF00][000001F2F8E79B00 49] Android, [000001F282E9C500][000001F2F8E7C100 49] Android_Low, [000001F2830FF400][000001F283B1C280 49] Android_Mid, [000001F282E9C200][000001F283B20400 49] Android_High, [000001F2830FD400][000001F283B24580 49] Android_Default, [000001F282E9E700][000001F283B28700 49] Android_Adreno4xx, [000001F2830FCC00][000001F283B2C880 49] Android_Adreno5xx_Low, [000001F282E9ED00][000001F283B30A00 49] Android_Adreno5xx, [000001F2830FD700][000001F283B34B80 49] Android_Adreno6xx, [000001F282E9E500][000001F283B38D00 49] Android_Adreno6xx_Vulkan, [000001F2830FE700][000001F2F8E58E40 49] Android_Mali_T6xx, [000001F282E9E300][000001F283B3CF80 49] Android_Mali_T7xx, [000001F2830FD300][000001F283B410C0 49] Android_Mali_T8xx, [000001F282E9F100][000001F283B49240 49] Android_Mali_G71, [000001F2830FD600][000001F283B4D3C0 49] Android_Mali_G72, [000001F282E9D000][000001F283B51540 49] Android_Mali_G72_Vulkan, [000001F2830FE800][000001F28374D6C0 49] Android_Mali_G76, [000001F282E9CA00][000001F283751840 49] Android_Mali_G76_Vulkan, [000001F2830FE900][000001F2837559C0 49] Android_Mali_G77, [000001F282E9FE00][000001F283759B40 49] Android_Mali_G77_Vulkan, [000001F2830FFA00][000001F28375C140 49] Android_Mali_G78, [000001F282E9F000][000001F283760300 49] Android_Mali_G78_Vulkan, [000001F2830FCB00][000001F283764480 49] Android_Mali_G710, [000001F282E9E600][000001F283768600 49] Android_Mali_G710_Vulkan, [000001F2830FCA00][000001F28376C780 49] Android_Vulkan_SM5, [000001F282E08A00][000001F283770900 49] Android_PowerVR_G6xxx, [000001F2830FF000][000001F283774A80 49] Android_PowerVR_GT7xxx, [000001F282E0BA00][000001F283778C00 49] Android_PowerVR_GE8xxx, [000001F2830FED00][000001F28377CD80 49] Android_PowerVR_GM9xxx, [000001F282E0B900][000001F283780F00 49] Android_PowerVR_GM9xxx_Vulkan, [000001F2830FD900][000001F283B45040 49] Android_TegraK1, [000001F282E08D00][000001F283785180 49] Android_Unknown_Vulkan, [000001F2830FC300][000001F2F8FA92C0 49] Lumin, [000001F282E09800][000001F2F8FB1440 49] Lumin_Desktop, [000001F2830FF100][000001F2F8FB55C0 49] HoloLens, 
[2023.11.13-22.57.53:590][  0]LogMeshReduction: Using QuadricMeshReduction for automatic static mesh reduction
[2023.11.13-22.57.53:590][  0]LogMeshReduction: Using SimplygonMeshReduction for automatic skeletal mesh reduction
[2023.11.13-22.57.53:590][  0]LogMeshReduction: Using ProxyLODMeshReduction for automatic mesh merging
[2023.11.13-22.57.53:590][  0]LogMeshReduction: No distributed automatic mesh merging module available
[2023.11.13-22.57.53:590][  0]LogMeshMerging: No distributed automatic mesh merging module available
[2023.11.13-22.57.53:612][  0]LogNetVersion: Client 1.0.0, NetCL: 17155196, EngineNetVer: 17, GameNetVer: 0 (Checksum: 356464601)
[2023.11.13-22.57.53:909][  0]LogTexture: Default maximum texture size for cubemaps generated from long-lat sources has been changed from 512 to unlimited. In order to preserve old behaiour for '/Engine/MapTemplates/Sky/DaylightAmbientCubemap.DaylightAmbientCubemap', its maximum texture size has been explicitly set to 512.
[2023.11.13-22.57.53:954][  0]LogHMD: PokeAHoleMaterial loaded successfully
[2023.11.13-22.57.53:959][  0]LogUObjectArray: 17178 objects as part of root set at end of initial load.
[2023.11.13-22.57.53:959][  0]LogUObjectAllocator: 4302048 out of 0 bytes used by permanent object pool.
[2023.11.13-22.57.53:960][  0]LogUObjectArray: CloseDisregardForGC: 0/0 objects in disregard for GC pool
[2023.11.13-22.57.54:651][  0]LogNiagaraDebuggerClient: Niagara Debugger Client Initialized | Session: 750323244D2FD6E52CFF64A55A401DDF | Instance: 3CDEA0824D58259208C0BAA882A8D28D (SANGGEUN-23300).
[2023.11.13-22.57.54:732][  0]LogPython: Using Python 3.7.7
[2023.11.13-22.57.55:375][  0]LogTcpMessaging: Initializing TcpMessaging bridge
[2023.11.13-22.57.55:389][  0]LogUdpMessaging: Initializing bridge on interface 0.0.0.0:0 to multicast group 230.0.0.1:6666.
[2023.11.13-22.57.55:883][  0]SourceControl: 소스 컨트롤이 꺼졌습니다.
[2023.11.13-22.57.55:883][  0]SourceControl: 소스 컨트롤이 꺼졌습니다.
[2023.11.13-22.57.55:897][  0]SourceControl: 소스 컨트롤이 꺼졌습니다.
[2023.11.13-22.57.55:908][  0]SourceControl: 소스 컨트롤이 꺼졌습니다.
[2023.11.13-22.57.55:936][  0]SourceControl: 소스 컨트롤이 꺼졌습니다.
[2023.11.13-22.57.56:074][  0]LogUProjectInfo: Found projects:
[2023.11.13-22.57.56:506][  0]LogOpenImageDenoise: OIDN starting up
[2023.11.13-22.57.56:666][  0]LogAndroidPermission: UAndroidPermissionCallbackProxy::GetInstance
[2023.11.13-22.57.56:726][  0]LogAudioCaptureCore: Display: No Audio Capture implementations found. Audio input will be silent.
[2023.11.13-22.57.56:726][  0]LogAudioCaptureCore: Display: No Audio Capture implementations found. Audio input will be silent.
[2023.11.13-22.57.56:956][  0]LogCollectionManager: Loaded 0 collections in 0.002051 seconds
[2023.11.13-22.57.57:009][  0]LogFileCache: Scanning file cache for directory 'C:/Users/godye/Desktop/Project/ProjectYA/Client/Saved/Collections/' took 0.00s
[2023.11.13-22.57.57:009][  0]LogFileCache: Scanning file cache for directory 'C:/Users/godye/Desktop/Project/ProjectYA/Client/Content/Developers/godye/Collections/' took 0.00s
[2023.11.13-22.57.57:009][  0]LogFileCache: Scanning file cache for directory 'C:/Users/godye/Desktop/Project/ProjectYA/Client/Content/Collections/' took 0.00s
[2023.11.13-22.57.57:009][  0]LogOcInput: OculusInput pre-init called
[2023.11.13-22.57.57:249][  0]LogEngine: Initializing Engine...
[2023.11.13-22.57.57:252][  0]LogHMD: Failed to enumerate extensions. Please check that you have a valid OpenXR runtime installed.
[2023.11.13-22.57.57:253][  0]LogHMD: Failed to initialize OpenVR with code 110
[2023.11.13-22.57.57:253][  0]LogMagicLeap: Warning: VR disabled because ZI is not enabled.  To enable, in the editor, Edit -> Project Settings -> Plugins -> Magic Leap Plugin -> Enable Zero Iteration
[2023.11.13-22.57.57:254][  0]LogStats: UGameplayTagsManager::InitializeManager -  0.000 s
[2023.11.13-22.57.57:340][  0]LogInit: Initializing FReadOnlyCVARCache
[2023.11.13-22.57.57:357][  0]LogAIModule: Creating AISystem for world Untitled
[2023.11.13-22.57.57:361][  0]LogAudio: Display: Initializing Audio Device Manager...
[2023.11.13-22.57.57:375][  0]LogAudio: Display: Loading Default Audio Settings Objects...
[2023.11.13-22.57.57:375][  0]LogAudio: Display: No default SoundConcurrencyObject specified (or failed to load).
[2023.11.13-22.57.57:375][  0]LogAudio: Display: Audio Device Manager Initialized
[2023.11.13-22.57.57:376][  0]LogAudio: Display: Creating Audio Device:                 Id: 1, Scope: Shared, Realtime: True
[2023.11.13-22.57.57:376][  0]LogAudioMixer: Display: Audio Mixer Platform Settings:
[2023.11.13-22.57.57:376][  0]LogAudioMixer: Display: 	Sample Rate:						  48000
[2023.11.13-22.57.57:376][  0]LogAudioMixer: Display: 	Callback Buffer Frame Size Requested: 1024
[2023.11.13-22.57.57:376][  0]LogAudioMixer: Display: 	Callback Buffer Frame Size To Use:	  1024
[2023.11.13-22.57.57:376][  0]LogAudioMixer: Display: 	Number of buffers to queue:			  2
[2023.11.13-22.57.57:376][  0]LogAudioMixer: Display: 	Max Channels (voices):				  32
[2023.11.13-22.57.57:376][  0]LogAudioMixer: Display: 	Number of Async Source Workers:		  0
[2023.11.13-22.57.57:376][  0]LogAudio: Display: AudioDevice MaxSources: 32
[2023.11.13-22.57.57:376][  0]LogAudio: Display: Audio Spatialization Plugin: None (built-in).
[2023.11.13-22.57.57:376][  0]LogAudio: Display: Audio Reverb Plugin: None (built-in).
[2023.11.13-22.57.57:376][  0]LogAudio: Display: Audio Occlusion Plugin: None (built-in).
[2023.11.13-22.57.57:376][  0]LogAudioMixer: Display: Initializing audio mixer.
[2023.11.13-22.57.57:400][  0]LogAudioMixer: Display: 0: FrontLeft
[2023.11.13-22.57.57:401][  0]LogAudioMixer: Display: 1: FrontRight
[2023.11.13-22.57.57:439][  0]LogAudioMixer: Display: Using Audio Device 스피커(Realtek High Definition Audio)
[2023.11.13-22.57.57:441][  0]LogAudioMixer: Display: Initializing Sound Submixes...
[2023.11.13-22.57.57:443][  0]LogAudioMixer: Display: Creating Master Submix 'MasterSubmixDefault'
[2023.11.13-22.57.57:443][  0]LogAudioMixer: Display: Creating Master Submix 'MasterReverbSubmixDefault'
[2023.11.13-22.57.57:444][  0]LogAudioMixer: Display: Creating Master Submix 'MasterEQSubmixDefault'
[2023.11.13-22.57.57:444][  0]LogAudioMixer: FMixerPlatformXAudio2::StartAudioStream() called
[2023.11.13-22.57.57:444][  0]LogAudioMixer: Display: Output buffers initialized: Frames=1024, Channels=2, Samples=2048
[2023.11.13-22.57.57:446][  0]LogAudioMixer: Display: Starting AudioMixerPlatformInterface::RunInternal()
[2023.11.13-22.57.57:446][  0]LogAudioMixer: Display: FMixerPlatformXAudio2::SubmitBuffer() called for the first time
[2023.11.13-22.57.57:446][  0]LogInit: FAudioDevice initialized.
[2023.11.13-22.57.57:446][  0]LogAudio: Display: Audio Device (ID: 1) registered with world 'Untitled'.
[2023.11.13-22.57.57:446][  0]LogNetVersion: Set ProjectVersion to 1.0.0.0. Version Checksum will be recalculated on next use.
[2023.11.13-22.57.57:719][  0]LogDerivedDataCache: Saved boot cache 0.27s 103MB C:/Users/godye/AppData/Local/UnrealEngine/4.27/DerivedDataCache/Boot.ddc.
[2023.11.13-22.57.57:720][  0]LogInit: Texture streaming: Enabled
[2023.11.13-22.57.57:755][  0]LogAnalytics: Display: [UEEditor.Rocket.Release] APIServer = https://datarouter.ol.epicgames.com/. AppVersion = 4.27.2-18319896+++UE4+Release-4.27
[2023.11.13-22.57.57:767][  0]LogEngineSessionManager: EngineSessionManager initialized
[2023.11.13-22.57.57:767][  0]LogEngineSessionManager: EngineSessionManager sent abnormal shutdown report. Type=Debugger, SessionId={29C73C44-47C4-58CA-1297-4989A9030018}
[2023.11.13-22.57.57:767][  0]LogEditorSessionSummary: Verbose: Initializing EditorSessionSummaryWriter for editor session tracking
[2023.11.13-22.57.57:773][  0]LogEditorSessionSummary: EditorSessionSummaryWriter initialized
[2023.11.13-22.57.57:810][  0]LogInit: Transaction tracking system initialized
[2023.11.13-22.57.57:884][  0]BlueprintLog: New page: 에디터 로드
[2023.11.13-22.57.58:069][  0]LocalizationService: 현지화 서비스가 비활성화되었습니다.
[2023.11.13-22.57.58:145][  0]TimingProfiler: Initialize
[2023.11.13-22.57.58:145][  0]TimingProfiler: OnSessionChanged
[2023.11.13-22.57.58:145][  0]LoadingProfiler: Initialize
[2023.11.13-22.57.58:146][  0]LoadingProfiler: OnSessionChanged
[2023.11.13-22.57.58:146][  0]NetworkingProfiler: Initialize
[2023.11.13-22.57.58:146][  0]NetworkingProfiler: OnSessionChanged
[2023.11.13-22.57.58:146][  0]MemoryProfiler: Initialize
[2023.11.13-22.57.58:146][  0]MemoryProfiler: OnSessionChanged
[2023.11.13-22.57.58:355][  0]LogCook: Display: CookSettings for Memory: MemoryMaxUsedVirtual 0MiB, MemoryMaxUsedPhysical 16384MiB, MemoryMinFreeVirtual 0MiB, MemoryMinFreePhysical 1024MiB
[2023.11.13-22.57.58:355][  0]LogCook: Display: Mobile HDR setting 1
[2023.11.13-22.57.58:842][  0]LogFileCache: Scanning file cache for directory 'C:/Users/godye/Desktop/Project/ProjectYA/Client/Content/' took 0.01s
[2023.11.13-22.57.59:001][  0]LogInit: Display: Engine is initialized. Leaving FEngineLoop::Init()
[2023.11.13-22.57.59:006][  0]SourceControl: 소스 컨트롤이 꺼졌습니다.
[2023.11.13-22.57.59:006][  0]LogUnrealEdMisc: Loading editor; pre map load, took 9.860
[2023.11.13-22.57.59:006][  0]Cmd: MAP LOAD FILE="../../../../../../Users/godye/Desktop/Project/ProjectYA/Client/Content/StarterContent/Maps/Minimal_Default.umap" TEMPLATE=0 SHOWPROGRESS=1 FEATURELEVEL=3
[2023.11.13-22.57.59:006][  0]LightingResults: New page: 라이팅 빌드
[2023.11.13-22.57.59:007][  0]LogWorld: UWorld::CleanupWorld for Untitled, bSessionEnded=true, bCleanupResources=true
[2023.11.13-22.57.59:007][  0]LogSlate: InvalidateAllWidgets triggered.  All widgets were invalidated
[2023.11.13-22.57.59:007][  0]MapCheck: New page: 맵 체크
[2023.11.13-22.57.59:007][  0]LightingResults: New page: 라이팅 빌드
[2023.11.13-22.57.59:018][  0]LogAudio: Display: Audio Device unregistered from world 'None'.
[2023.11.13-22.57.59:021][  0]LogUObjectHash: Compacting FUObjectHashTables data took   0.63ms
[2023.11.13-22.57.59:080][  0]LogTexture: Display: 텍스처 빌드: DeprecatedTextureD6C57B644F03DADF4F2699848FAEA3C3 (BGRA8, 128X128)
[2023.11.13-22.57.59:085][  0]LogTexture: Display: 텍스처 빌드: DeprecatedTexture8D91C9AE4C6B8D628CDA3C848426284A (BGRA8, 128X128)
[2023.11.13-22.57.59:117][  0]LogAudio: Display: Audio Device (ID: 1) registered with world 'Minimal_Default'.
[2023.11.13-22.57.59:119][  0]LogAIModule: Creating AISystem for world Minimal_Default
[2023.11.13-22.57.59:127][  0]LogEditorServer: Finished looking for orphan Actors (0.000 secs)
[2023.11.13-22.57.59:131][  0]LogUObjectHash: Compacting FUObjectHashTables data took   0.64ms
[2023.11.13-22.57.59:131][  0]Cmd: MAP CHECKDEP NOCLEARLOG
[2023.11.13-22.57.59:131][  0]MapCheck: 맵 체크 완료: 오류 0 회, 경고 0 회, 소요 시간 0.14ms.
[2023.11.13-22.57.59:131][  0]LogFileHelpers: Loading map 'Minimal_Default' took 0.125
[2023.11.13-22.57.59:134][  0]LogUnrealEdMisc: Total Editor Startup Time, took 9.988
[2023.11.13-22.57.59:202][  0]LogWindowsTextInputMethodSystem: Display: IME system activated using TSF (Microsoft 입력기).
[2023.11.13-22.57.59:266][  0]LogSlate: Updating window title bar state: overlay mode, drag disabled, window buttons hidden, title bar hidden
[2023.11.13-22.57.59:270][  0]LogSlate: Updating window title bar state: overlay mode, drag disabled, window buttons hidden, title bar hidden
[2023.11.13-22.57.59:274][  0]LogSlate: Updating window title bar state: overlay mode, drag disabled, window buttons hidden, title bar hidden
[2023.11.13-22.57.59:279][  0]LogSlate: Updating window title bar state: overlay mode, drag disabled, window buttons hidden, title bar hidden
[2023.11.13-22.57.59:291][  0]LogNativeClassHierarchy: Verbose: Native class hierarchy populated in 0.0082 seconds. Added 3824 classes and 930 folders.
[2023.11.13-22.57.59:293][  0]LogNativeClassHierarchy: Verbose: Native class hierarchy updated for 'WidgetCarousel' in 0.0002 seconds. Added 0 classes and 0 folders.
[2023.11.13-22.57.59:294][  0]LogPakFile: PakFile PrimaryIndexSize=187
[2023.11.13-22.57.59:294][  0]LogPakFile: PakFile PathHashIndexSize=101
[2023.11.13-22.57.59:294][  0]LogPakFile: PakFile FullDirectoryIndexSize=148
[2023.11.13-22.57.59:294][  0]LogShaderLibrary: Display: ShaderCodeLibraryPakFileMountedCallback: PakFile 'C:/Program Files/Epic Games/UE_4.27/FeaturePacks/FP_FirstPerson.upack' (chunk index -1, root 'root:/') mounted
[2023.11.13-22.57.59:294][  0]LogShaderLibrary: Display: ShaderCodeLibraryPakFileMountedCallback: pending pak file info (ChunkID:-1 Root:root:/ File:C:/Program Files/Epic Games/UE_4.27/FeaturePacks/FP_FirstPerson.upack)
[2023.11.13-22.57.59:294][  0]LogPakFile: OnPakFileMounted2Time == 0.000119
[2023.11.13-22.57.59:295][  0]LogPakFile: PakFile PrimaryIndexSize=189
[2023.11.13-22.57.59:295][  0]LogPakFile: PakFile PathHashIndexSize=101
[2023.11.13-22.57.59:295][  0]LogPakFile: PakFile FullDirectoryIndexSize=152
[2023.11.13-22.57.59:295][  0]LogShaderLibrary: Display: ShaderCodeLibraryPakFileMountedCallback: PakFile 'C:/Program Files/Epic Games/UE_4.27/FeaturePacks/FP_FirstPersonBP.upack' (chunk index -1, root 'root:/') mounted
[2023.11.13-22.57.59:295][  0]LogShaderLibrary: Display: ShaderCodeLibraryPakFileMountedCallback: pending pak file info (ChunkID:-1 Root:root:/ File:C:/Program Files/Epic Games/UE_4.27/FeaturePacks/FP_FirstPersonBP.upack)
[2023.11.13-22.57.59:295][  0]LogPakFile: OnPakFileMounted2Time == 0.000119
[2023.11.13-22.57.59:296][  0]LogPakFile: PakFile PrimaryIndexSize=191
[2023.11.13-22.57.59:296][  0]LogPakFile: PakFile PathHashIndexSize=101
[2023.11.13-22.57.59:296][  0]LogPakFile: PakFile FullDirectoryIndexSize=160
[2023.11.13-22.57.59:296][  0]LogShaderLibrary: Display: ShaderCodeLibraryPakFileMountedCallback: PakFile 'C:/Program Files/Epic Games/UE_4.27/FeaturePacks/MobileStarterContent.upack' (chunk index -1, root 'root:/') mounted
[2023.11.13-22.57.59:296][  0]LogShaderLibrary: Display: ShaderCodeLibraryPakFileMountedCallback: pending pak file info (ChunkID:-1 Root:root:/ File:C:/Program Files/Epic Games/UE_4.27/FeaturePacks/MobileStarterContent.upack)
[2023.11.13-22.57.59:296][  0]LogPakFile: OnPakFileMounted2Time == 0.000114
[2023.11.13-22.57.59:297][  0]LogPakFile: PakFile PrimaryIndexSize=185
[2023.11.13-22.57.59:297][  0]LogPakFile: PakFile PathHashIndexSize=101
[2023.11.13-22.57.59:297][  0]LogPakFile: PakFile FullDirectoryIndexSize=148
[2023.11.13-22.57.59:297][  0]LogShaderLibrary: Display: ShaderCodeLibraryPakFileMountedCallback: PakFile 'C:/Program Files/Epic Games/UE_4.27/FeaturePacks/StarterContent.upack' (chunk index -1, root 'root:/') mounted
[2023.11.13-22.57.59:297][  0]LogShaderLibrary: Display: ShaderCodeLibraryPakFileMountedCallback: pending pak file info (ChunkID:-1 Root:root:/ File:C:/Program Files/Epic Games/UE_4.27/FeaturePacks/StarterContent.upack)
[2023.11.13-22.57.59:297][  0]LogPakFile: OnPakFileMounted2Time == 0.000104
[2023.11.13-22.57.59:297][  0]LogPakFile: PakFile PrimaryIndexSize=190
[2023.11.13-22.57.59:298][  0]LogPakFile: PakFile PathHashIndexSize=101
[2023.11.13-22.57.59:298][  0]LogPakFile: PakFile FullDirectoryIndexSize=154
[2023.11.13-22.57.59:298][  0]LogShaderLibrary: Display: ShaderCodeLibraryPakFileMountedCallback: PakFile 'C:/Program Files/Epic Games/UE_4.27/FeaturePacks/TP_2DSideScroller.upack' (chunk index -1, root 'root:/') mounted
[2023.11.13-22.57.59:298][  0]LogShaderLibrary: Display: ShaderCodeLibraryPakFileMountedCallback: pending pak file info (ChunkID:-1 Root:root:/ File:C:/Program Files/Epic Games/UE_4.27/FeaturePacks/TP_2DSideScroller.upack)
[2023.11.13-22.57.59:298][  0]LogPakFile: OnPakFileMounted2Time == 0.000097
[2023.11.13-22.57.59:299][  0]LogPakFile: PakFile PrimaryIndexSize=192
[2023.11.13-22.57.59:299][  0]LogPakFile: PakFile PathHashIndexSize=101
[2023.11.13-22.57.59:299][  0]LogPakFile: PakFile FullDirectoryIndexSize=158
[2023.11.13-22.57.59:299][  0]LogShaderLibrary: Display: ShaderCodeLibraryPakFileMountedCallback: PakFile 'C:/Program Files/Epic Games/UE_4.27/FeaturePacks/TP_2DSideScrollerBP.upack' (chunk index -1, root 'root:/') mounted
[2023.11.13-22.57.59:299][  0]LogShaderLibrary: Display: ShaderCodeLibraryPakFileMountedCallback: pending pak file info (ChunkID:-1 Root:root:/ File:C:/Program Files/Epic Games/UE_4.27/FeaturePacks/TP_2DSideScrollerBP.upack)
[2023.11.13-22.57.59:299][  0]LogPakFile: OnPakFileMounted2Time == 0.000103
[2023.11.13-22.57.59:299][  0]LogPakFile: PakFile PrimaryIndexSize=182
[2023.11.13-22.57.59:299][  0]LogPakFile: PakFile PathHashIndexSize=101
[2023.11.13-22.57.59:299][  0]LogPakFile: PakFile FullDirectoryIndexSize=138
[2023.11.13-22.57.59:300][  0]LogShaderLibrary: Display: ShaderCodeLibraryPakFileMountedCallback: PakFile 'C:/Program Files/Epic Games/UE_4.27/FeaturePacks/TP_Flying.upack' (chunk index -1, root 'root:/') mounted
[2023.11.13-22.57.59:300][  0]LogShaderLibrary: Display: ShaderCodeLibraryPakFileMountedCallback: pending pak file info (ChunkID:-1 Root:root:/ File:C:/Program Files/Epic Games/UE_4.27/FeaturePacks/TP_Flying.upack)
[2023.11.13-22.57.59:300][  0]LogPakFile: OnPakFileMounted2Time == 0.000099
[2023.11.13-22.57.59:300][  0]LogPakFile: PakFile PrimaryIndexSize=184
[2023.11.13-22.57.59:300][  0]LogPakFile: PakFile PathHashIndexSize=101
[2023.11.13-22.57.59:300][  0]LogPakFile: PakFile FullDirectoryIndexSize=142
[2023.11.13-22.57.59:300][  0]LogShaderLibrary: Display: ShaderCodeLibraryPakFileMountedCallback: PakFile 'C:/Program Files/Epic Games/UE_4.27/FeaturePacks/TP_FlyingBP.upack' (chunk index -1, root 'root:/') mounted
[2023.11.13-22.57.59:300][  0]LogShaderLibrary: Display: ShaderCodeLibraryPakFileMountedCallback: pending pak file info (ChunkID:-1 Root:root:/ File:C:/Program Files/Epic Games/UE_4.27/FeaturePacks/TP_FlyingBP.upack)
[2023.11.13-22.57.59:300][  0]LogPakFile: OnPakFileMounted2Time == 0.000090
[2023.11.13-22.57.59:301][  0]LogPakFile: PakFile PrimaryIndexSize=188
[2023.11.13-22.57.59:301][  0]LogPakFile: PakFile PathHashIndexSize=101
[2023.11.13-22.57.59:301][  0]LogPakFile: PakFile FullDirectoryIndexSize=150
[2023.11.13-22.57.59:301][  0]LogShaderLibrary: Display: ShaderCodeLibraryPakFileMountedCallback: PakFile 'C:/Program Files/Epic Games/UE_4.27/FeaturePacks/TP_HandheldARBP.upack' (chunk index -1, root 'root:/') mounted
[2023.11.13-22.57.59:301][  0]LogShaderLibrary: Display: ShaderCodeLibraryPakFileMountedCallback: pending pak file info (ChunkID:-1 Root:root:/ File:C:/Program Files/Epic Games/UE_4.27/FeaturePacks/TP_HandheldARBP.upack)
[2023.11.13-22.57.59:301][  0]LogPakFile: OnPakFileMounted2Time == 0.000093
[2023.11.13-22.57.59:301][  0]LogPakFile: PakFile PrimaryIndexSize=182
[2023.11.13-22.57.59:301][  0]LogPakFile: PakFile PathHashIndexSize=101
[2023.11.13-22.57.59:302][  0]LogPakFile: PakFile FullDirectoryIndexSize=138
[2023.11.13-22.57.59:302][  0]LogShaderLibrary: Display: ShaderCodeLibraryPakFileMountedCallback: PakFile 'C:/Program Files/Epic Games/UE_4.27/FeaturePacks/TP_Puzzle.upack' (chunk index -1, root 'root:/') mounted
[2023.11.13-22.57.59:302][  0]LogShaderLibrary: Display: ShaderCodeLibraryPakFileMountedCallback: pending pak file info (ChunkID:-1 Root:root:/ File:C:/Program Files/Epic Games/UE_4.27/FeaturePacks/TP_Puzzle.upack)
[2023.11.13-22.57.59:302][  0]LogPakFile: OnPakFileMounted2Time == 0.000091
[2023.11.13-22.57.59:302][  0]LogPakFile: PakFile PrimaryIndexSize=184
[2023.11.13-22.57.59:302][  0]LogPakFile: PakFile PathHashIndexSize=101
[2023.11.13-22.57.59:302][  0]LogPakFile: PakFile FullDirectoryIndexSize=142
[2023.11.13-22.57.59:302][  0]LogShaderLibrary: Display: ShaderCodeLibraryPakFileMountedCallback: PakFile 'C:/Program Files/Epic Games/UE_4.27/FeaturePacks/TP_PuzzleBP.upack' (chunk index -1, root 'root:/') mounted
[2023.11.13-22.57.59:302][  0]LogShaderLibrary: Display: ShaderCodeLibraryPakFileMountedCallback: pending pak file info (ChunkID:-1 Root:root:/ File:C:/Program Files/Epic Games/UE_4.27/FeaturePacks/TP_PuzzleBP.upack)
[2023.11.13-22.57.59:302][  0]LogPakFile: OnPakFileMounted2Time == 0.000098
[2023.11.13-22.57.59:303][  0]LogPakFile: PakFile PrimaryIndexSize=183
[2023.11.13-22.57.59:303][  0]LogPakFile: PakFile PathHashIndexSize=101
[2023.11.13-22.57.59:303][  0]LogPakFile: PakFile FullDirectoryIndexSize=140
[2023.11.13-22.57.59:303][  0]LogShaderLibrary: Display: ShaderCodeLibraryPakFileMountedCallback: PakFile 'C:/Program Files/Epic Games/UE_4.27/FeaturePacks/TP_Rolling.upack' (chunk index -1, root 'root:/') mounted
[2023.11.13-22.57.59:303][  0]LogShaderLibrary: Display: ShaderCodeLibraryPakFileMountedCallback: pending pak file info (ChunkID:-1 Root:root:/ File:C:/Program Files/Epic Games/UE_4.27/FeaturePacks/TP_Rolling.upack)
[2023.11.13-22.57.59:303][  0]LogPakFile: OnPakFileMounted2Time == 0.000098
[2023.11.13-22.57.59:303][  0]LogPakFile: PakFile PrimaryIndexSize=185
[2023.11.13-22.57.59:303][  0]LogPakFile: PakFile PathHashIndexSize=101
[2023.11.13-22.57.59:303][  0]LogPakFile: PakFile FullDirectoryIndexSize=144
[2023.11.13-22.57.59:303][  0]LogShaderLibrary: Display: ShaderCodeLibraryPakFileMountedCallback: PakFile 'C:/Program Files/Epic Games/UE_4.27/FeaturePacks/TP_RollingBP.upack' (chunk index -1, root 'root:/') mounted
[2023.11.13-22.57.59:304][  0]LogShaderLibrary: Display: ShaderCodeLibraryPakFileMountedCallback: pending pak file info (ChunkID:-1 Root:root:/ File:C:/Program Files/Epic Games/UE_4.27/FeaturePacks/TP_RollingBP.upack)
[2023.11.13-22.57.59:304][  0]LogPakFile: OnPakFileMounted2Time == 0.000090
[2023.11.13-22.57.59:304][  0]LogPakFile: PakFile PrimaryIndexSize=188
[2023.11.13-22.57.59:304][  0]LogPakFile: PakFile PathHashIndexSize=101
[2023.11.13-22.57.59:304][  0]LogPakFile: PakFile FullDirectoryIndexSize=150
[2023.11.13-22.57.59:304][  0]LogShaderLibrary: Display: ShaderCodeLibraryPakFileMountedCallback: PakFile 'C:/Program Files/Epic Games/UE_4.27/FeaturePacks/TP_SideScroller.upack' (chunk index -1, root 'root:/') mounted
[2023.11.13-22.57.59:304][  0]LogShaderLibrary: Display: ShaderCodeLibraryPakFileMountedCallback: pending pak file info (ChunkID:-1 Root:root:/ File:C:/Program Files/Epic Games/UE_4.27/FeaturePacks/TP_SideScroller.upack)
[2023.11.13-22.57.59:304][  0]LogPakFile: OnPakFileMounted2Time == 0.000089
[2023.11.13-22.57.59:305][  0]LogPakFile: PakFile PrimaryIndexSize=190
[2023.11.13-22.57.59:305][  0]LogPakFile: PakFile PathHashIndexSize=101
[2023.11.13-22.57.59:305][  0]LogPakFile: PakFile FullDirectoryIndexSize=154
[2023.11.13-22.57.59:305][  0]LogShaderLibrary: Display: ShaderCodeLibraryPakFileMountedCallback: PakFile 'C:/Program Files/Epic Games/UE_4.27/FeaturePacks/TP_SideScrollerBP.upack' (chunk index -1, root 'root:/') mounted
[2023.11.13-22.57.59:305][  0]LogShaderLibrary: Display: ShaderCodeLibraryPakFileMountedCallback: pending pak file info (ChunkID:-1 Root:root:/ File:C:/Program Files/Epic Games/UE_4.27/FeaturePacks/TP_SideScrollerBP.upack)
[2023.11.13-22.57.59:305][  0]LogPakFile: OnPakFileMounted2Time == 0.000111
[2023.11.13-22.57.59:305][  0]LogPakFile: PakFile PrimaryIndexSize=187
[2023.11.13-22.57.59:305][  0]LogPakFile: PakFile PathHashIndexSize=101
[2023.11.13-22.57.59:305][  0]LogPakFile: PakFile FullDirectoryIndexSize=148
[2023.11.13-22.57.59:305][  0]LogShaderLibrary: Display: ShaderCodeLibraryPakFileMountedCallback: PakFile 'C:/Program Files/Epic Games/UE_4.27/FeaturePacks/TP_ThirdPerson.upack' (chunk index -1, root 'root:/') mounted
[2023.11.13-22.57.59:305][  0]LogShaderLibrary: Display: ShaderCodeLibraryPakFileMountedCallback: pending pak file info (ChunkID:-1 Root:root:/ File:C:/Program Files/Epic Games/UE_4.27/FeaturePacks/TP_ThirdPerson.upack)
[2023.11.13-22.57.59:306][  0]LogPakFile: OnPakFileMounted2Time == 0.000092
[2023.11.13-22.57.59:306][  0]LogPakFile: PakFile PrimaryIndexSize=189
[2023.11.13-22.57.59:306][  0]LogPakFile: PakFile PathHashIndexSize=101
[2023.11.13-22.57.59:306][  0]LogPakFile: PakFile FullDirectoryIndexSize=152
[2023.11.13-22.57.59:306][  0]LogShaderLibrary: Display: ShaderCodeLibraryPakFileMountedCallback: PakFile 'C:/Program Files/Epic Games/UE_4.27/FeaturePacks/TP_ThirdPersonBP.upack' (chunk index -1, root 'root:/') mounted
[2023.11.13-22.57.59:306][  0]LogShaderLibrary: Display: ShaderCodeLibraryPakFileMountedCallback: pending pak file info (ChunkID:-1 Root:root:/ File:C:/Program Files/Epic Games/UE_4.27/FeaturePacks/TP_ThirdPersonBP.upack)
[2023.11.13-22.57.59:306][  0]LogPakFile: OnPakFileMounted2Time == 0.000091
[2023.11.13-22.57.59:307][  0]LogPakFile: PakFile PrimaryIndexSize=183
[2023.11.13-22.57.59:307][  0]LogPakFile: PakFile PathHashIndexSize=101
[2023.11.13-22.57.59:307][  0]LogPakFile: PakFile FullDirectoryIndexSize=140
[2023.11.13-22.57.59:307][  0]LogShaderLibrary: Display: ShaderCodeLibraryPakFileMountedCallback: PakFile 'C:/Program Files/Epic Games/UE_4.27/FeaturePacks/TP_TopDown.upack' (chunk index -1, root 'root:/') mounted
[2023.11.13-22.57.59:307][  0]LogShaderLibrary: Display: ShaderCodeLibraryPakFileMountedCallback: pending pak file info (ChunkID:-1 Root:root:/ File:C:/Program Files/Epic Games/UE_4.27/FeaturePacks/TP_TopDown.upack)
[2023.11.13-22.57.59:307][  0]LogPakFile: OnPakFileMounted2Time == 0.000096
[2023.11.13-22.57.59:307][  0]LogPakFile: PakFile PrimaryIndexSize=185
[2023.11.13-22.57.59:307][  0]LogPakFile: PakFile PathHashIndexSize=101
[2023.11.13-22.57.59:307][  0]LogPakFile: PakFile FullDirectoryIndexSize=144
[2023.11.13-22.57.59:307][  0]LogShaderLibrary: Display: ShaderCodeLibraryPakFileMountedCallback: PakFile 'C:/Program Files/Epic Games/UE_4.27/FeaturePacks/TP_TopDownBP.upack' (chunk index -1, root 'root:/') mounted
[2023.11.13-22.57.59:307][  0]LogShaderLibrary: Display: ShaderCodeLibraryPakFileMountedCallback: pending pak file info (ChunkID:-1 Root:root:/ File:C:/Program Files/Epic Games/UE_4.27/FeaturePacks/TP_TopDownBP.upack)
[2023.11.13-22.57.59:307][  0]LogPakFile: OnPakFileMounted2Time == 0.000087
[2023.11.13-22.57.59:307][  0]LogPakFile: PakFile PrimaryIndexSize=185
[2023.11.13-22.57.59:307][  0]LogPakFile: PakFile PathHashIndexSize=101
[2023.11.13-22.57.59:307][  0]LogPakFile: PakFile FullDirectoryIndexSize=144
[2023.11.13-22.57.59:307][  0]LogShaderLibrary: Display: ShaderCodeLibraryPakFileMountedCallback: PakFile 'C:/Program Files/Epic Games/UE_4.27/FeaturePacks/TP_TwinStick.upack' (chunk index -1, root 'root:/') mounted
[2023.11.13-22.57.59:308][  0]LogShaderLibrary: Display: ShaderCodeLibraryPakFileMountedCallback: pending pak file info (ChunkID:-1 Root:root:/ File:C:/Program Files/Epic Games/UE_4.27/FeaturePacks/TP_TwinStick.upack)
[2023.11.13-22.57.59:308][  0]LogPakFile: OnPakFileMounted2Time == 0.000096
[2023.11.13-22.57.59:308][  0]LogPakFile: PakFile PrimaryIndexSize=187
[2023.11.13-22.57.59:308][  0]LogPakFile: PakFile PathHashIndexSize=101
[2023.11.13-22.57.59:308][  0]LogPakFile: PakFile FullDirectoryIndexSize=148
[2023.11.13-22.57.59:308][  0]LogShaderLibrary: Display: ShaderCodeLibraryPakFileMountedCallback: PakFile 'C:/Program Files/Epic Games/UE_4.27/FeaturePacks/TP_TwinStickBP.upack' (chunk index -1, root 'root:/') mounted
[2023.11.13-22.57.59:308][  0]LogShaderLibrary: Display: ShaderCodeLibraryPakFileMountedCallback: pending pak file info (ChunkID:-1 Root:root:/ File:C:/Program Files/Epic Games/UE_4.27/FeaturePacks/TP_TwinStickBP.upack)
[2023.11.13-22.57.59:308][  0]LogPakFile: OnPakFileMounted2Time == 0.000091
[2023.11.13-22.57.59:309][  0]LogPakFile: PakFile PrimaryIndexSize=183
[2023.11.13-22.57.59:309][  0]LogPakFile: PakFile PathHashIndexSize=101
[2023.11.13-22.57.59:309][  0]LogPakFile: PakFile FullDirectoryIndexSize=140
[2023.11.13-22.57.59:309][  0]LogShaderLibrary: Display: ShaderCodeLibraryPakFileMountedCallback: PakFile 'C:/Program Files/Epic Games/UE_4.27/FeaturePacks/TP_Vehicle.upack' (chunk index -1, root 'root:/') mounted
[2023.11.13-22.57.59:309][  0]LogShaderLibrary: Display: ShaderCodeLibraryPakFileMountedCallback: pending pak file info (ChunkID:-1 Root:root:/ File:C:/Program Files/Epic Games/UE_4.27/FeaturePacks/TP_Vehicle.upack)
[2023.11.13-22.57.59:309][  0]LogPakFile: OnPakFileMounted2Time == 0.000103
[2023.11.13-22.57.59:309][  0]LogPakFile: PakFile PrimaryIndexSize=186
[2023.11.13-22.57.59:309][  0]LogPakFile: PakFile PathHashIndexSize=101
[2023.11.13-22.57.59:309][  0]LogPakFile: PakFile FullDirectoryIndexSize=146
[2023.11.13-22.57.59:310][  0]LogShaderLibrary: Display: ShaderCodeLibraryPakFileMountedCallback: PakFile 'C:/Program Files/Epic Games/UE_4.27/FeaturePacks/TP_VehicleAdv.upack' (chunk index -1, root 'root:/') mounted
[2023.11.13-22.57.59:310][  0]LogShaderLibrary: Display: ShaderCodeLibraryPakFileMountedCallback: pending pak file info (ChunkID:-1 Root:root:/ File:C:/Program Files/Epic Games/UE_4.27/FeaturePacks/TP_VehicleAdv.upack)
[2023.11.13-22.57.59:310][  0]LogPakFile: OnPakFileMounted2Time == 0.000108
[2023.11.13-22.57.59:310][  0]LogPakFile: PakFile PrimaryIndexSize=188
[2023.11.13-22.57.59:310][  0]LogPakFile: PakFile PathHashIndexSize=101
[2023.11.13-22.57.59:310][  0]LogPakFile: PakFile FullDirectoryIndexSize=150
[2023.11.13-22.57.59:310][  0]LogShaderLibrary: Display: ShaderCodeLibraryPakFileMountedCallback: PakFile 'C:/Program Files/Epic Games/UE_4.27/FeaturePacks/TP_VehicleAdvBP.upack' (chunk index -1, root 'root:/') mounted
[2023.11.13-22.57.59:310][  0]LogShaderLibrary: Display: ShaderCodeLibraryPakFileMountedCallback: pending pak file info (ChunkID:-1 Root:root:/ File:C:/Program Files/Epic Games/UE_4.27/FeaturePacks/TP_VehicleAdvBP.upack)
[2023.11.13-22.57.59:310][  0]LogPakFile: OnPakFileMounted2Time == 0.000106
[2023.11.13-22.57.59:311][  0]LogPakFile: PakFile PrimaryIndexSize=185
[2023.11.13-22.57.59:311][  0]LogPakFile: PakFile PathHashIndexSize=101
[2023.11.13-22.57.59:311][  0]LogPakFile: PakFile FullDirectoryIndexSize=144
[2023.11.13-22.57.59:311][  0]LogShaderLibrary: Display: ShaderCodeLibraryPakFileMountedCallback: PakFile 'C:/Program Files/Epic Games/UE_4.27/FeaturePacks/TP_VehicleBP.upack' (chunk index -1, root 'root:/') mounted
[2023.11.13-22.57.59:311][  0]LogShaderLibrary: Display: ShaderCodeLibraryPakFileMountedCallback: pending pak file info (ChunkID:-1 Root:root:/ File:C:/Program Files/Epic Games/UE_4.27/FeaturePacks/TP_VehicleBP.upack)
[2023.11.13-22.57.59:311][  0]LogPakFile: OnPakFileMounted2Time == 0.000094
[2023.11.13-22.57.59:311][  0]LogPakFile: PakFile PrimaryIndexSize=192
[2023.11.13-22.57.59:312][  0]LogPakFile: PakFile PathHashIndexSize=101
[2023.11.13-22.57.59:312][  0]LogPakFile: PakFile FullDirectoryIndexSize=158
[2023.11.13-22.57.59:312][  0]LogShaderLibrary: Display: ShaderCodeLibraryPakFileMountedCallback: PakFile 'C:/Program Files/Epic Games/UE_4.27/FeaturePacks/TP_VirtualRealityBP.upack' (chunk index -1, root 'root:/') mounted
[2023.11.13-22.57.59:312][  0]LogShaderLibrary: Display: ShaderCodeLibraryPakFileMountedCallback: pending pak file info (ChunkID:-1 Root:root:/ File:C:/Program Files/Epic Games/UE_4.27/FeaturePacks/TP_VirtualRealityBP.upack)
[2023.11.13-22.57.59:312][  0]LogPakFile: OnPakFileMounted2Time == 0.000096
[2023.11.13-22.57.59:357][  0]LogNativeClassHierarchy: Verbose: Native class hierarchy updated for 'AddContentDialog' in 0.0004 seconds. Added 0 classes and 0 folders.
[2023.11.13-22.57.59:359][  0]LogNativeClassHierarchy: Verbose: Native class hierarchy updated for 'SceneOutliner' in 0.0004 seconds. Added 2 classes and 0 folders.
[2023.11.13-22.57.59:437][  0]LogSlate: Took 0.000145 seconds to synchronously load lazily loaded font '../../../Engine/Content/Slate/Fonts/Roboto-Regular.ttf' (155K)
[2023.11.13-22.57.59:438][  0]LogSlate: Took 0.000137 seconds to synchronously load lazily loaded font '../../../Engine/Content/Editor/Slate/Fonts/FontAwesome.ttf' (139K)
[2023.11.13-22.57.59:439][  0]LogSlate: Took 0.001084 seconds to synchronously load lazily loaded font '../../../Engine/Content/Editor/Slate/Fonts/NanumGothic.ttf' (4243K)
[2023.11.13-22.57.59:442][  0]LogSlate: Took 0.000966 seconds to synchronously load lazily loaded font '../../../Engine/Content/Editor/Slate/Fonts/NanumGothicBold.ttf' (4188K)
[2023.11.13-22.57.59:442][  0]LogSlate: Took 0.000139 seconds to synchronously load lazily loaded font '../../../Engine/Content/Slate/Fonts/Roboto-Bold.ttf' (160K)
[2023.11.13-22.57.59:507][  0]LogRenderer: Reallocating scene render targets to support 2172x804 Format 10 NumSamples 1 (Frame:1).
[2023.11.13-22.57.59:682][  0]LogNativeClassHierarchy: Verbose: Native class hierarchy updated for 'HierarchicalLODOutliner' in 0.0003 seconds. Added 0 classes and 0 folders.
[2023.11.13-22.57.59:683][  0]LogLoad: (Engine Initialization) Total time: 10.54 seconds
[2023.11.13-22.57.59:683][  0]LogLoad: (Engine Initialization) Total Blueprint compile time: 0.00 seconds
[2023.11.13-22.57.59:717][  0]LogAssetRegistry: Asset discovery search completed in 6.4977 seconds
[2023.11.13-22.57.59:723][  0]LogCollectionManager: Fixed up redirectors for 0 collections in 0.000003 seconds (updated 0 objects)
[2023.11.13-22.57.59:724][  0]LogContentStreaming: Texture pool size now 1000 MB
[2023.11.13-22.58.01:071][132]LogTemp: Repeating last play command: 선택된 뷰포트
[2023.11.13-22.58.01:076][132]LogPlayLevel: PlayLevel: No blueprints needed recompiling
[2023.11.13-22.58.01:076][132]PIE: New page: PIE 세션: Minimal_Default (2023. 11. 14. 오후 4:58:01)
[2023.11.13-22.58.01:078][132]LogOnline: OSS: Creating online subsystem instance for: NULL
[2023.11.13-22.58.01:080][132]LogOnline: OSS: TryLoadSubsystemAndSetDefault: Loaded subsystem for module [NULL]
[2023.11.13-22.58.01:080][132]LogPlayLevel: Creating play world package: /Game/StarterContent/Maps/UEDPIE_0_Minimal_Default
[2023.11.13-22.58.01:082][132]LogPlayLevel: PIE: StaticDuplicateObject took: (0.002454s)
[2023.11.13-22.58.01:083][132]LogAIModule: Creating AISystem for world Minimal_Default
[2023.11.13-22.58.01:084][132]LogPlayLevel: PIE: World Init took: (0.000982s)
[2023.11.13-22.58.01:084][132]LogPlayLevel: PIE: Created PIE world by copying editor world from /Game/StarterContent/Maps/Minimal_Default.Minimal_Default to /Game/StarterContent/Maps/UEDPIE_0_Minimal_Default.Minimal_Default (0.003649s)
[2023.11.13-22.58.01:090][132]LogUObjectHash: Compacting FUObjectHashTables data took   0.51ms
[2023.11.13-22.58.01:092][132]LogAudio: Display: Creating Audio Device:                 Id: 2, Scope: Unique, Realtime: True
[2023.11.13-22.58.01:093][132]LogAudioMixer: Display: Audio Mixer Platform Settings:
[2023.11.13-22.58.01:093][132]LogAudioMixer: Display: 	Sample Rate:						  48000
[2023.11.13-22.58.01:093][132]LogAudioMixer: Display: 	Callback Buffer Frame Size Requested: 1024
[2023.11.13-22.58.01:093][132]LogAudioMixer: Display: 	Callback Buffer Frame Size To Use:	  1024
[2023.11.13-22.58.01:093][132]LogAudioMixer: Display: 	Number of buffers to queue:			  2
[2023.11.13-22.58.01:093][132]LogAudioMixer: Display: 	Max Channels (voices):				  32
[2023.11.13-22.58.01:093][132]LogAudioMixer: Display: 	Number of Async Source Workers:		  0
[2023.11.13-22.58.01:093][132]LogAudio: Display: AudioDevice MaxSources: 32
[2023.11.13-22.58.01:093][132]LogAudio: Display: Audio Spatialization Plugin: None (built-in).
[2023.11.13-22.58.01:093][132]LogAudio: Display: Audio Reverb Plugin: None (built-in).
[2023.11.13-22.58.01:093][132]LogAudio: Display: Audio Occlusion Plugin: None (built-in).
[2023.11.13-22.58.01:093][132]LogAudioMixer: Display: Initializing audio mixer.
[2023.11.13-22.58.01:103][132]LogAudioMixer: Display: 0: FrontLeft
[2023.11.13-22.58.01:103][132]LogAudioMixer: Display: 1: FrontRight
[2023.11.13-22.58.01:123][132]LogAudioMixer: Display: Using Audio Device 스피커(Realtek High Definition Audio)
[2023.11.13-22.58.01:124][132]LogAudioMixer: Display: Initializing Sound Submixes...
[2023.11.13-22.58.01:124][132]LogAudioMixer: Display: Creating Master Submix 'MasterSubmixDefault'
[2023.11.13-22.58.01:124][132]LogAudioMixer: Display: Creating Master Submix 'MasterReverbSubmixDefault'
[2023.11.13-22.58.01:124][132]LogAudioMixer: Display: Creating Master Submix 'MasterEQSubmixDefault'
[2023.11.13-22.58.01:124][132]LogAudioMixer: FMixerPlatformXAudio2::StartAudioStream() called
[2023.11.13-22.58.01:124][132]LogAudioMixer: Display: Output buffers initialized: Frames=1024, Channels=2, Samples=2048
[2023.11.13-22.58.01:126][132]LogAudioMixer: Display: Starting AudioMixerPlatformInterface::RunInternal()
[2023.11.13-22.58.01:126][132]LogAudioMixer: Display: FMixerPlatformXAudio2::SubmitBuffer() called for the first time
[2023.11.13-22.58.01:126][132]LogInit: FAudioDevice initialized.
[2023.11.13-22.58.01:126][132]LogAudio: Display: Audio Device (ID: 2) registered with world 'Minimal_Default'.
[2023.11.13-22.58.01:137][132]LogLoad: Game class is 'GameModeBase'
[2023.11.13-22.58.01:138][132]LogWorld: Bringing World /Game/StarterContent/Maps/UEDPIE_0_Minimal_Default.Minimal_Default up for play (max tick rate 0) at 2023.11.14-07.58.01
[2023.11.13-22.58.01:139][132]LogWorld: Bringing up level for play took: 0.000761
[2023.11.13-22.58.01:139][132]LogOnline: OSS: Creating online subsystem instance for: :Context_1
[2023.11.13-22.58.01:142][132]LogNativeClassHierarchy: Verbose: Native class hierarchy updated for 'MovieSceneCapture' in 0.0003 seconds. Added 20 classes and 0 folders.
[2023.11.13-22.58.01:143][132]PIE: 서버가 로그인했습니다.
[2023.11.13-22.58.01:144][132]PIE: 에디터에서 플레이 총 시작 시간 0.071초입니다.
